INFO:root:
########## Robust Query Optimization ############ 

INFO:root:Sobol: Sample size N = 256, b = 0.5
INFO:root:Recentered plan cost = 7347.32, plan is: /*+
SeqScan(k)
IndexScan(mk)
IndexScan(t)
IndexScan(mc)
IndexScan(cn)
IndexScan(ci)
IndexOnlyScan(n)
IndexScan(an)
NestLoop ( k mk )
NestLoop ( k mk t )
NestLoop ( k mk t mc )
NestLoop ( k mk t mc cn )
NestLoop ( k mk t mc cn ci )
NestLoop ( k mk t mc cn ci n )
NestLoop ( k mk t mc cn ci n an )
Leading ( ( ( ( ( ( ( ( k mk ) t ) mc ) cn ) ci ) n ) an ) ) */
INFO:root:Sobols samples size: 7680
INFO:root:[((3, 'k.txt'), 0.23702391398370098), ((15, 'mk_k_r.txt'), 0.23050509074976186), ((2, 'cn.txt'), 0.018174509439722743), ((14, 'mc_cn_r.txt'), 0.0004390385226140884), ((16, 'mk_mc__q2.txt'), 0.00018004794242802147), ((18, 't_mk_l.txt'), -9.61669302665755e-06), ((11, 'mk_ci_pure.txt'), 7.96810690350136e-06), ((10, 'mc_ci_pure.txt'), 6.982123411244046e-06), ((13, 't_ci_l.txt'), -6.0381126817677934e-06), ((17, 't_mc_l.txt'), -5.6902157903655846e-06), ((12, 'n_ci_pure.txt'), 4.503368233229059e-06), ((7, 't.txt'), 1.5432425900319465e-06), ((9, 'n_an_pure.txt'), -2.7170708629179365e-07), ((8, 'ci_an_pure.txt'), -2.6755340148622543e-07)]
INFO:root:Max absolute value 1: (10, 11) - Value: 0.3876807986103799
Max absolute value 2: (10, 12) - Value: 0.38130664598459435
Max absolute value 3: (10, 13) - Value: 0.381297149223366
Max absolute value 4: (1, 11) - Value: -0.175712131980762
Max absolute value 5: (1, 6) - Value: -0.175139629220902

INFO:root:Sobols samples size: 3840
INFO:root:[((3, 'k.txt'), 0.45097691241674914), ((15, 'mk_k_r.txt'), 0.059960452962506364), ((16, 'mk_mc__q2.txt'), 0.0008579200428399532), ((2, 'cn.txt'), -0.0004208610239784184), ((14, 'mc_cn_r.txt'), 0.00022767093765304177), ((13, 't_ci_l.txt'), -2.273517131752602e-05), ((10, 'mc_ci_pure.txt'), 1.6238688922271684e-05), ((11, 'mk_ci_pure.txt'), 1.3712833106969393e-05), ((17, 't_mc_l.txt'), 1.3535985916135296e-05), ((7, 't.txt'), 1.2036834127867085e-05), ((12, 'n_ci_pure.txt'), 9.34309588088445e-06), ((18, 't_mk_l.txt'), -5.1248490768120905e-06), ((8, 'ci_an_pure.txt'), -4.703731783091895e-07), ((9, 'n_an_pure.txt'), -3.1269903505830486e-07)]
INFO:root:Max absolute value 1: (1, 11) - Value: -0.4046602064114367
Max absolute value 2: (1, 12) - Value: -0.402895260700379
Max absolute value 3: (1, 13) - Value: -0.4028829402959348
Max absolute value 4: (1, 4) - Value: -0.4028708040556476
Max absolute value 5: (1, 8) - Value: -0.4028702675458701

INFO:root:Sobols samples size: 1920
INFO:root:[((3, 'k.txt'), 0.4112858944536308), ((15, 'mk_k_r.txt'), 0.03694167625151357), ((2, 'cn.txt'), -0.0014468550283567015), ((14, 'mc_cn_r.txt'), -0.0008717333710948008), ((16, 'mk_mc__q2.txt'), 0.0001808447812277943), ((7, 't.txt'), 5.241050581380166e-05), ((13, 't_ci_l.txt'), -4.3358474157430476e-05), ((10, 'mc_ci_pure.txt'), 2.6988741466234663e-05), ((11, 'mk_ci_pure.txt'), 2.2176895003381255e-05), ((18, 't_mk_l.txt'), -1.5848751926624536e-05), ((12, 'n_ci_pure.txt'), 1.0889911496937925e-05), ((17, 't_mc_l.txt'), -2.0633338333499987e-06), ((8, 'ci_an_pure.txt'), -1.638272152123639e-06), ((9, 'n_an_pure.txt'), -1.4647464032202828e-07)]
INFO:root:Max absolute value 1: (1, 11) - Value: -0.3360210570152936
Max absolute value 2: (1, 2) - Value: -0.33496997913536425
Max absolute value 3: (1, 13) - Value: -0.33496644740995357
Max absolute value 4: (1, 12) - Value: -0.3349616476010432
Max absolute value 5: (1, 4) - Value: -0.3349568078783688

INFO:root:Sobols samples size: 960
INFO:root:[((3, 'k.txt'), 0.05415002846062387), ((15, 'mk_k_r.txt'), 0.048463029704574175), ((14, 'mc_cn_r.txt'), -0.0035038572850068415), ((2, 'cn.txt'), -0.0023430683445371516), ((16, 'mk_mc__q2.txt'), 0.0003038160441870548), ((7, 't.txt'), 7.689155958656661e-05), ((13, 't_ci_l.txt'), -6.728032016300611e-05), ((10, 'mc_ci_pure.txt'), 4.90345235797611e-05), ((11, 'mk_ci_pure.txt'), 4.183688968184419e-05), ((18, 't_mk_l.txt'), -2.7632419644483123e-05), ((12, 'n_ci_pure.txt'), 2.590882511063729e-05), ((17, 't_mc_l.txt'), -2.3595997879522785e-06), ((8, 'ci_an_pure.txt'), -1.2542451017390308e-06), ((9, 'n_an_pure.txt'), -2.024725372501886e-07)]
INFO:root:Max absolute value 1: (10, 11) - Value: 0.30003690210854816
Max absolute value 2: (10, 12) - Value: 0.3000352096356403
Max absolute value 3: (10, 13) - Value: 0.30003186230033363
Max absolute value 4: (1, 10) - Value: 0.03311042691283463
Max absolute value 5: (1, 9) - Value: 0.029996056434967357

INFO:root:Sobols samples size: 480
INFO:root:[((3, 'k.txt'), 0.30879031771724397), ((15, 'mk_k_r.txt'), -0.0029651708396660264), ((14, 'mc_cn_r.txt'), -0.00023069032482349224), ((2, 'cn.txt'), -0.00014860944859172186), ((7, 't.txt'), 8.543688355289368e-05), ((13, 't_ci_l.txt'), 4.040577413009954e-05), ((11, 'mk_ci_pure.txt'), 2.8196467952523426e-05), ((10, 'mc_ci_pure.txt'), 1.804287932380617e-05), ((18, 't_mk_l.txt'), -1.5778581390178175e-05), ((12, 'n_ci_pure.txt'), 9.27170417035624e-06), ((16, 'mk_mc__q2.txt'), -4.242579286193942e-06), ((17, 't_mc_l.txt'), 3.1938518221715762e-06), ((8, 'ci_an_pure.txt'), -4.766943019151336e-08), ((9, 'n_an_pure.txt'), 4.766943017396865e-08)]
INFO:root:Max absolute value 1: (1, 9) - Value: -0.2636182413132493
Max absolute value 2: (1, 12) - Value: -0.2636182413132493
Max absolute value 3: (1, 11) - Value: -0.2636182413132493
Max absolute value 4: (1, 8) - Value: -0.2636182413132493
Max absolute value 5: (1, 7) - Value: -0.2636182413132493

INFO:root:Sobols samples size: 240
INFO:root:[((15, 'mk_k_r.txt'), -9593167.157083355), ((7, 't.txt'), 177.13188405792044), ((11, 'mk_ci_pure.txt'), 118.08792270886366), ((13, 't_ci_l.txt'), 59.04396134905681), ((2, 'cn.txt'), 0.0), ((3, 'k.txt'), 0.0), ((8, 'ci_an_pure.txt'), 0.0), ((9, 'n_an_pure.txt'), 0.0), ((10, 'mc_ci_pure.txt'), 0.0), ((12, 'n_ci_pure.txt'), 0.0), ((14, 'mc_cn_r.txt'), 0.0), ((16, 'mk_mc__q2.txt'), 0.0), ((17, 't_mc_l.txt'), 0.0), ((18, 't_mk_l.txt'), 0.0)]
INFO:root:Max absolute value 1: (0, 10) - Value: 1267773243.145161
Max absolute value 2: (0, 12) - Value: -12033808.807344865
Max absolute value 3: (0, 13) - Value: -12033808.807344865
Max absolute value 4: (0, 1) - Value: -12033808.807344865
Max absolute value 5: (0, 3) - Value: -12033808.807344865

INFO:root:Sobols samples size: 120
INFO:root:[((15, 'mk_k_r.txt'), -34371363.521265686), ((13, 't_ci_l.txt'), 846.1945165829032), ((11, 'mk_ci_pure.txt'), 634.645887465962), ((7, 't.txt'), 634.645887446703), ((2, 'cn.txt'), 0.0), ((3, 'k.txt'), 0.0), ((8, 'ci_an_pure.txt'), 0.0), ((9, 'n_an_pure.txt'), 0.0), ((10, 'mc_ci_pure.txt'), 0.0), ((12, 'n_ci_pure.txt'), 0.0), ((14, 'mc_cn_r.txt'), 0.0), ((16, 'mk_mc__q2.txt'), 0.0), ((17, 't_mc_l.txt'), 0.0), ((18, 't_mk_l.txt'), 0.0)]
INFO:root:Max absolute value 1: (0, 10) - Value: 2250564233.3799806
Max absolute value 2: (0, 2) - Value: -43115937.65584044
Max absolute value 3: (0, 8) - Value: -43115937.65584044
Max absolute value 4: (0, 1) - Value: -43115937.655840434
Max absolute value 5: (0, 3) - Value: -43115937.655840434

INFO:root:Sobol's solving time: 515.2007627487183(s)
INFO:root:
########## Robust Query Optimization ############ 

INFO:root:Original optimal plan id is 4
INFO:root:Instance id = None, Error div = 2, bandwidth = 0.5, tolerance = 0.2, have 50 samples.
INFO:root:Cost of 5 plan: 	[(0, 53355.95), (1, 53355.96), (2, 56040.64), (3, 49553.09), (4, 9857.01)]
INFO:root:Sensitive predicates: [3, 15]
INFO:root:The number of samples to calculate expected penalty = 50.
INFO:root:### Best plan by exp penalty: [3], overhead 17.087188720703125s
INFO:root:exp_penalty_w_tol: 	[(0, 35800), (1, 35800), (2, 38484), (3, 32385), (4, 36101)]
INFO:root:### Best plan by std penalty: [3], overhead 17.087188720703125s
INFO:root:std_penalty: 	[(0, 13070.782529918797), (1, 13070.781501381929), (2, 13070.777414813343), (3, 10728.497737066313), (4, 68686.6960739573)]
INFO:root:### Best plan by prob of penalized: [0, 1, 2, 3, 4], overhead 17.087188720703125s
INFO:root:std_penalty: 	[(0, 1.0), (1, 1.0), (2, 1.0), (3, 1.0), (4, 1.0)]
