INFO:root:
########## Robust Query Optimization ############ 

INFO:root:Sobol: Sample size N = 256, b = 0.5
INFO:root:Recentered plan cost = 49041.11, plan is: /*+
SeqScan(k)
IndexScan(mk)
IndexScan(t)
IndexScan(mc)
IndexScan(cn)
IndexScan(ci)
IndexOnlyScan(n)
IndexScan(an)
NestLoop ( k mk )
NestLoop ( k mk t )
NestLoop ( k mk t mc )
NestLoop ( k mk t mc cn )
NestLoop ( k mk t mc cn ci )
NestLoop ( k mk t mc cn ci n )
NestLoop ( k mk t mc cn ci n an )
Leading ( ( ( ( ( ( ( ( k mk ) t ) mc ) cn ) ci ) n ) an ) ) */
INFO:root:Sobols samples size: 7680
INFO:root:[((14, 'mc_cn_r.txt'), 1.0346158120995375), ((15, 'mk_k_r.txt'), 0.03269634006710281), ((7, 't.txt'), 0.020252433470019517), ((3, 'k.txt'), 0.016583239596606427), ((13, 't_ci_l.txt'), -0.011573814552442663), ((11, 'mk_ci_pure.txt'), 0.0055135311080258985), ((10, 'mc_ci_pure.txt'), 0.002713557251925937), ((12, 'n_ci_pure.txt'), 0.00249190253594157), ((2, 'cn.txt'), -0.002461369010170542), ((17, 't_mc_l.txt'), -0.0007438691450541667), ((16, 'mk_mc__q2.txt'), -0.0002063438706294372), ((9, 'n_an_pure.txt'), 0.0002038226230581654), ((8, 'ci_an_pure.txt'), -8.496487899085486e-05), ((18, 't_mk_l.txt'), 5.112902121919876e-05)]
INFO:root:Max absolute value 1: (8, 9) - Value: 6.45963763730637
Max absolute value 2: (9, 12) - Value: -1.0226730760931266
Max absolute value 3: (9, 13) - Value: -1.0226708412020742
Max absolute value 4: (9, 11) - Value: -1.0218609065082984
Max absolute value 5: (9, 10) - Value: -1.0163265159036972

INFO:root:Sobols samples size: 3840
INFO:root:[((15, 'mk_k_r.txt'), 0.15216354591700668), ((7, 't.txt'), 0.053638924834259104), ((3, 'k.txt'), 0.034458909168981144), ((13, 't_ci_l.txt'), -0.02009502890434724), ((12, 'n_ci_pure.txt'), -0.012655483158187205), ((11, 'mk_ci_pure.txt'), -0.008807045350902706), ((2, 'cn.txt'), 0.007478530675998046), ((14, 'mc_cn_r.txt'), 0.006392405842116813), ((17, 't_mc_l.txt'), -0.0038830189126255413), ((16, 'mk_mc__q2.txt'), 0.0014756330170340494), ((10, 'mc_ci_pure.txt'), -0.0006923829882085048), ((18, 't_mk_l.txt'), 0.0003202294011086723), ((8, 'ci_an_pure.txt'), -0.00013662765990500163), ((9, 'n_an_pure.txt'), -2.952047299287808e-05)]
INFO:root:Max absolute value 1: (9, 10) - Value: 0.1965740423293941
Max absolute value 2: (10, 12) - Value: 0.1887741113814189
Max absolute value 3: (10, 13) - Value: 0.14519125684184425
Max absolute value 4: (10, 11) - Value: 0.1357586028992504
Max absolute value 5: (1, 10) - Value: 0.114832633164943

INFO:root:Sobols samples size: 1920
INFO:root:[((15, 'mk_k_r.txt'), 0.36569779203322234), ((3, 'k.txt'), 0.08780806871638479), ((7, 't.txt'), 0.08631279098103568), ((13, 't_ci_l.txt'), -0.019549261361034145), ((11, 'mk_ci_pure.txt'), -0.007519610957373016), ((12, 'n_ci_pure.txt'), -0.005957187494440471), ((10, 'mc_ci_pure.txt'), -0.0030305366915095344), ((14, 'mc_cn_r.txt'), 0.0017641516067295356), ((17, 't_mc_l.txt'), -0.0013256528539688053), ((16, 'mk_mc__q2.txt'), 0.0011991825095147765), ((2, 'cn.txt'), -0.0011561044950556996), ((18, 't_mk_l.txt'), 0.0009265818450923983), ((9, 'n_an_pure.txt'), -5.9260896786336046e-05), ((8, 'ci_an_pure.txt'), -1.6092519971347427e-05)]
INFO:root:Max absolute value 1: (9, 10) - Value: 0.6078587619490616
Max absolute value 2: (1, 10) - Value: 0.37442686411826315
Max absolute value 3: (10, 13) - Value: -0.363632595330879
Max absolute value 4: (10, 11) - Value: -0.3635658252910394
Max absolute value 5: (10, 12) - Value: -0.3615712123529898

INFO:root:Sobols samples size: 960
INFO:root:[((15, 'mk_k_r.txt'), 0.3584931352858752), ((7, 't.txt'), 0.07869107922066093), ((3, 'k.txt'), 0.07647434514291916), ((13, 't_ci_l.txt'), -0.0192570561717018), ((11, 'mk_ci_pure.txt'), -0.007308028850502921), ((12, 'n_ci_pure.txt'), -0.00559458136738271), ((10, 'mc_ci_pure.txt'), -0.0021806008933942258), ((17, 't_mc_l.txt'), -0.001367525415893524), ((16, 'mk_mc__q2.txt'), 0.0011360891373181255), ((18, 't_mk_l.txt'), 0.000943053186145796), ((2, 'cn.txt'), -0.0007545862498136926), ((14, 'mc_cn_r.txt'), 0.0001369641525427526), ((9, 'n_an_pure.txt'), -3.2962572699078936e-05), ((8, 'ci_an_pure.txt'), -5.974050556848899e-06)]
INFO:root:Max absolute value 1: (9, 10) - Value: 0.6331116421992786
Max absolute value 2: (1, 10) - Value: 0.31306120532344356
Max absolute value 3: (10, 11) - Value: -0.3095156568553856
Max absolute value 4: (10, 13) - Value: -0.3093579280591009
Max absolute value 5: (10, 12) - Value: -0.3071237483206051

INFO:root:Sobols samples size: 480
INFO:root:[((15, 'mk_k_r.txt'), 0.2707474629513536), ((14, 'mc_cn_r.txt'), 0.02258109147070456), ((10, 'mc_ci_pure.txt'), 0.010731978025727106), ((3, 'k.txt'), -0.008947050022155801), ((13, 't_ci_l.txt'), 0.007266030102983194), ((2, 'cn.txt'), 0.004043476840864418), ((7, 't.txt'), 0.0019768822066095356), ((17, 't_mc_l.txt'), -0.0014659536241059888), ((18, 't_mk_l.txt'), 0.0010148815524974684), ((12, 'n_ci_pure.txt'), 0.0009113785567811504), ((16, 'mk_mc__q2.txt'), 0.0008695945848830643), ((11, 'mk_ci_pure.txt'), -0.0007460422659130361), ((8, 'ci_an_pure.txt'), 0.00010612413411430845), ((9, 'n_an_pure.txt'), -6.883320187380963e-05)]
INFO:root:Max absolute value 1: (1, 10) - Value: 0.5193422952540763
Max absolute value 2: (10, 13) - Value: -0.200841915875351
Max absolute value 3: (10, 11) - Value: -0.20072889686794354
Max absolute value 4: (9, 10) - Value: -0.19934024936030992
Max absolute value 5: (10, 12) - Value: -0.19842468450306405

INFO:root:Sobols samples size: 240
INFO:root:[((15, 'mk_k_r.txt'), 2.048516991237934), ((7, 't.txt'), -0.4624162139213237), ((3, 'k.txt'), 0.18367287252450742), ((11, 'mk_ci_pure.txt'), -0.08963028894982811), ((14, 'mc_cn_r.txt'), 0.037510004907394215), ((10, 'mc_ci_pure.txt'), -0.029391829253761804), ((2, 'cn.txt'), -0.0257379824482614), ((13, 't_ci_l.txt'), 0.021345236819221323), ((8, 'ci_an_pure.txt'), 0.009681508506294904), ((9, 'n_an_pure.txt'), -0.004260821124502846), ((12, 'n_ci_pure.txt'), -0.0018020274384079238), ((16, 'mk_mc__q2.txt'), 0.0013063721066021799), ((18, 't_mk_l.txt'), 0.0008265405601859401), ((17, 't_mc_l.txt'), -0.00023900793359730006)]
INFO:root:Max absolute value 1: (1, 10) - Value: 12.955256777722633
Max absolute value 2: (2, 10) - Value: 3.8279027678653255
Max absolute value 3: (9, 10) - Value: 3.007121101288194
Max absolute value 4: (10, 13) - Value: -2.5490533953047194
Max absolute value 5: (10, 11) - Value: -2.536596693277037

INFO:root:Sobols samples size: 120
INFO:root:[((15, 'mk_k_r.txt'), 2.6440984436702566), ((14, 'mc_cn_r.txt'), -0.5914170375397226), ((3, 'k.txt'), 0.541478633860239), ((11, 'mk_ci_pure.txt'), -0.03172400710129505), ((2, 'cn.txt'), -0.025498586132354006), ((7, 't.txt'), -0.0188295770859593), ((13, 't_ci_l.txt'), -0.007463058387253599), ((10, 'mc_ci_pure.txt'), 0.0034545587570329736), ((17, 't_mc_l.txt'), -0.00340280677471886), ((12, 'n_ci_pure.txt'), 0.003126593323818103), ((18, 't_mk_l.txt'), 0.0025672151959739847), ((16, 'mk_mc__q2.txt'), 0.0008290531604096241), ((9, 'n_an_pure.txt'), 0.00041716306709911946), ((8, 'ci_an_pure.txt'), -0.00030625122691922577)]
INFO:root:Max absolute value 1: (1, 10) - Value: 18.46786248872776
Max absolute value 2: (2, 10) - Value: 4.81011589541452
Max absolute value 3: (10, 13) - Value: -4.117040865449957
Max absolute value 4: (10, 11) - Value: -4.098961096086287
Max absolute value 5: (10, 12) - Value: -4.049447544323951

INFO:root:Sobol's solving time: 519.0568096637726(s)
INFO:root:
########## Robust Query Optimization ############ 

INFO:root:Original optimal plan id is 5
INFO:root:Instance id = None, Error div = 2, bandwidth = 0.5, tolerance = 0.2, have 50 samples.
INFO:root:Cost of 6 plan: 	[(0, 17845.76), (1, 24882.79), (2, 17848.19), (3, 17839.46), (4, 17847.65), (5, 17836.25)]
INFO:root:Sensitive predicates: [7, 14, 15]
INFO:root:The number of samples to calculate expected penalty = 50.
INFO:root:### Best plan by exp penalty: [5], overhead 20.524368286132812s
INFO:root:exp_penalty_w_tol: 	[(0, 50000), (1, 51220), (2, 55869), (3, 50832), (4, 53643), (5, 43004)]
INFO:root:### Best plan by std penalty: [5], overhead 20.524368286132812s
INFO:root:std_penalty: 	[(0, 69527.2128613289), (1, 57443.32748998503), (2, 83371.20805988183), (3, 65305.66115402182), (4, 78017.58116563183), (5, 50970.84066222834)]
INFO:root:### Best plan by prob of penalized: [0, 2, 3, 4, 5], overhead 20.524368286132812s
INFO:root:std_penalty: 	[(0, 0.6), (1, 0.94), (2, 0.6), (3, 0.6), (4, 0.6), (5, 0.6)]
