INFO:root:
########## Robust Query Optimization ############ 

INFO:root:Sobol: Sample size N = 256, b = 0.5
INFO:root:Recentered plan cost = 11780.1, plan is: /*+
SeqScan(k)
IndexScan(mk)
IndexScan(t)
IndexScan(mi)
NestLoop ( k mk )
NestLoop ( k mk t )
NestLoop ( k mk t mi )
Leading ( ( ( ( k mk ) t ) mi ) ) */
INFO:root:Sobols samples size: 4096
INFO:root:[((7, 't_mk_l.txt'), 0.3244502901428588), ((4, 'mk_k_r.txt'), 0.044279857762783384), ((3, 't.txt'), 0.024870695686343165), ((0, 'k.txt'), 0.004221000000683062), ((1, 'mi.txt'), 0.00040908103532974694), ((5, 'mk_mi_r.txt'), -0.00010572752792160064), ((6, 't_mi_both.txt'), -8.129360431924215e-07)]
INFO:root:Max absolute value 1: (3, 6) - Value: 1.1774628505715787
Max absolute value 2: (2, 6) - Value: 0.23467121506482197
Max absolute value 3: (2, 3) - Value: 0.043913934708810665
Max absolute value 4: (2, 5) - Value: -0.02725834207617574
Max absolute value 5: (2, 4) - Value: -0.027201925981757226

INFO:root:Sobols samples size: 2048
INFO:root:[((7, 't_mk_l.txt'), 0.104666232348802), ((3, 't.txt'), 0.033946789387752654), ((4, 'mk_k_r.txt'), 0.026120603545402545), ((0, 'k.txt'), 0.008990237469091236), ((1, 'mi.txt'), 0.000541583283983955), ((5, 'mk_mi_r.txt'), -0.0005391377709449498), ((6, 't_mi_both.txt'), -1.1367275181643555e-06)]
INFO:root:Max absolute value 1: (0, 6) - Value: -0.04590051065758624
Max absolute value 2: (2, 3) - Value: -0.043545472973643626
Max absolute value 3: (3, 6) - Value: -0.03305507124326065
Max absolute value 4: (2, 4) - Value: -0.028519907588151875
Max absolute value 5: (2, 5) - Value: -0.02825039123957807

INFO:root:Sobols samples size: 1024
INFO:root:[((7, 't_mk_l.txt'), 0.15761583072551597), ((3, 't.txt'), 0.05567809739429908), ((4, 'mk_k_r.txt'), 0.034239252286428504), ((0, 'k.txt'), 0.017130724583970566), ((1, 'mi.txt'), 0.0009559878100649153), ((5, 'mk_mi_r.txt'), -0.0009532343789983276), ((6, 't_mi_both.txt'), -3.521061661031601e-07)]
INFO:root:Max absolute value 1: (3, 6) - Value: -0.10427739949976818
Max absolute value 2: (2, 3) - Value: -0.08026637283143755
Max absolute value 3: (0, 6) - Value: -0.07045454278565008
Max absolute value 4: (2, 4) - Value: -0.05880762652069883
Max absolute value 5: (2, 5) - Value: -0.058240313248511914

INFO:root:Sobols samples size: 512
INFO:root:[((7, 't_mk_l.txt'), 0.1525165186463597), ((3, 't.txt'), 0.0618972322074733), ((4, 'mk_k_r.txt'), 0.040256111776533085), ((0, 'k.txt'), 0.018167675189124356), ((1, 'mi.txt'), 0.0007834298186182476), ((5, 'mk_mi_r.txt'), -0.0007638490175760643), ((6, 't_mi_both.txt'), 2.754349245695018e-09)]
INFO:root:Max absolute value 1: (3, 6) - Value: -0.09531146451543443
Max absolute value 2: (2, 3) - Value: -0.07743156949206899
Max absolute value 3: (2, 6) - Value: -0.06033785480960242
Max absolute value 4: (0, 6) - Value: -0.06000375718451895
Max absolute value 5: (2, 5) - Value: -0.05493276773993026

INFO:root:Sobols samples size: 256
INFO:root:[((7, 't_mk_l.txt'), 0.32255106499614977), ((3, 't.txt'), 0.09132830842457657), ((4, 'mk_k_r.txt'), 0.08332884806093405), ((1, 'mi.txt'), -0.002193292127407569), ((5, 'mk_mi_r.txt'), -0.0009208475514697158), ((0, 'k.txt'), -1.7674044087038887e-05), ((6, 't_mi_both.txt'), 2.0388396397088105e-09)]
INFO:root:Max absolute value 1: (3, 6) - Value: 0.21114164746151648
Max absolute value 2: (3, 5) - Value: 0.1244633323526259
Max absolute value 3: (3, 4) - Value: 0.12161543937059886
Max absolute value 4: (2, 3) - Value: -0.11604801005211782
Max absolute value 5: (2, 5) - Value: -0.10986463854173632

INFO:root:Sobols samples size: 128
INFO:root:[((4, 'mk_k_r.txt'), 0.2636176949694112), ((7, 't_mk_l.txt'), -0.22825225003690222), ((3, 't.txt'), 0.07725479795191897), ((5, 'mk_mi_r.txt'), 0.03843643832427321), ((1, 'mi.txt'), 0.014606272328180469), ((0, 'k.txt'), 0.0), ((6, 't_mi_both.txt'), 0.0)]
INFO:root:Max absolute value 1: (3, 6) - Value: 0.6015530454548877
Max absolute value 2: (3, 4) - Value: -0.18633384719338233
Max absolute value 3: (0, 6) - Value: 0.15963870616528975
Max absolute value 4: (0, 5) - Value: 0.15413121806095254
Max absolute value 5: (3, 5) - Value: -0.14489936675905923

INFO:root:Sobol's solving time: 185.30388951301575(s)
INFO:root:
########## Robust Query Optimization ############ 

INFO:root:Original optimal plan id is 2
INFO:root:Instance id = None, Error div = 2, bandwidth = 0.5, tolerance = 0.2, have 50 samples.
INFO:root:Cost of 5 plan: 	[(0, 98455.88), (1, 4007.81), (2, 3960.52), (3, 49790.68), (4, 72924.96)]
INFO:root:Sensitive predicates: [4, 7]
INFO:root:The number of samples to calculate expected penalty = 50.
INFO:root:### Best plan by exp penalty: [2], overhead 11.604743957519531s
INFO:root:exp_penalty_w_tol: 	[(0, 69289), (1, 22424), (2, 15300), (3, 27583), (4, 48164)]
INFO:root:### Best plan by std penalty: [3], overhead 11.604743957519531s
INFO:root:std_penalty: 	[(0, 31387.260502394376), (1, 29926.912636862085), (2, 84089.89054470419), (3, 27557.430200901683), (4, 32091.83638529607)]
INFO:root:### Best plan by prob of penalized: [2], overhead 11.604743957519531s
INFO:root:std_penalty: 	[(0, 0.98), (1, 0.66), (2, 0.1), (3, 0.72), (4, 0.84)]
