INFO:root:
########## Robust Query Optimization ############ 

INFO:root:Sobol: Sample size N = 256, b = 0.5
INFO:root:Recentered plan cost = 52695.8, plan is: /*+
SeqScan(k)
IndexScan(mk)
IndexScan(t)
IndexScan(mi)
NestLoop ( k mk )
NestLoop ( k mk t )
NestLoop ( k mk t mi )
Leading ( ( ( ( k mk ) t ) mi ) ) */
INFO:root:Sobols samples size: 4096
INFO:root:[((7, 't_mk_l.txt'), 2.0875717472800184), ((0, 'k.txt'), 0.19505750054611887), ((4, 'mk_k_r.txt'), 0.11364418569516947), ((3, 't.txt'), -0.038225399669445576), ((1, 'mi.txt'), -3.4903413567363184e-05), ((5, 'mk_mi_r.txt'), -6.804630040797574e-07), ((6, 't_mi_both.txt'), 3.393201452344973e-07)]
INFO:root:Max absolute value 1: (3, 6) - Value: 3.4513149835883365
Max absolute value 2: (0, 6) - Value: 2.1616580950845683
Max absolute value 3: (0, 3) - Value: -0.3073678730793363
Max absolute value 4: (0, 4) - Value: -0.23750274230752985
Max absolute value 5: (0, 5) - Value: -0.23750140228043234

INFO:root:Sobols samples size: 2048
INFO:root:[((7, 't_mk_l.txt'), 0.4734792079035992), ((0, 'k.txt'), 0.22447222605746445), ((4, 'mk_k_r.txt'), 0.19783070438247555), ((3, 't.txt'), -0.022205130984966247), ((1, 'mi.txt'), -2.344837058029014e-06), ((5, 'mk_mi_r.txt'), -8.986454161898912e-07), ((6, 't_mi_both.txt'), -3.8557772652914635e-08)]
INFO:root:Max absolute value 1: (3, 6) - Value: 1.3392235189786048
Max absolute value 2: (0, 6) - Value: -0.5079197537387463
Max absolute value 3: (0, 3) - Value: -0.385350633453612
Max absolute value 4: (0, 1) - Value: -0.26656777613895194
Max absolute value 5: (0, 5) - Value: -0.2665665559087645

INFO:root:Sobols samples size: 1024
INFO:root:[((7, 't_mk_l.txt'), 0.6705390512874221), ((0, 'k.txt'), 0.4951289970231174), ((4, 'mk_k_r.txt'), 0.3469115610690077), ((3, 't.txt'), -0.024608754929494252), ((1, 'mi.txt'), -6.025519613098551e-08), ((5, 'mk_mi_r.txt'), -2.5196745182630867e-08), ((6, 't_mi_both.txt'), -2.3596499646494014e-08)]
INFO:root:Max absolute value 1: (3, 6) - Value: 2.6301289816328564
Max absolute value 2: (0, 6) - Value: -1.0651498398368846
Max absolute value 3: (0, 3) - Value: -0.8305143844210632
Max absolute value 4: (0, 5) - Value: -0.5753793425735938
Max absolute value 5: (0, 4) - Value: -0.5753793384631839

INFO:root:Sobols samples size: 512
INFO:root:[((7, 't_mk_l.txt'), 0.8079721457030257), ((0, 'k.txt'), 0.3058900329821658), ((4, 'mk_k_r.txt'), 0.17122828173751092), ((3, 't.txt'), 0.025437123210591706), ((1, 'mi.txt'), -2.968726771658709e-07), ((5, 'mk_mi_r.txt'), -1.3876954085470684e-08), ((6, 't_mi_both.txt'), 3.6393392861361826e-09)]
INFO:root:Max absolute value 1: (3, 6) - Value: 3.4199929293904208
Max absolute value 2: (0, 6) - Value: -0.9715724793669135
Max absolute value 3: (0, 3) - Value: -0.418041767934655
Max absolute value 4: (3, 4) - Value: -0.40606518975081635
Max absolute value 5: (3, 5) - Value: -0.40606487398462576

INFO:root:Sobols samples size: 256
INFO:root:[((7, 't_mk_l.txt'), 2.877681657318894), ((0, 'k.txt'), 0.3920050643691226), ((4, 'mk_k_r.txt'), -0.07012545342704166), ((3, 't.txt'), 0.009252455886255504), ((5, 'mk_mi_r.txt'), 5.425527213016708e-06), ((1, 'mi.txt'), -3.0158930073377065e-06), ((6, 't_mi_both.txt'), 1.1939969375144422e-07)]
INFO:root:Max absolute value 1: (3, 6) - Value: 17.12255833971571
Max absolute value 2: (0, 6) - Value: -2.691177156395669
Max absolute value 3: (2, 6) - Value: 0.6481497529844464
Max absolute value 4: (0, 5) - Value: -0.4091777908377918
Max absolute value 5: (0, 4) - Value: -0.40917682265662175

INFO:root:Sobols samples size: 128
INFO:root:[((0, 'k.txt'), -2.1135978631110124), ((7, 't_mk_l.txt'), 0.7905012917058039), ((4, 'mk_k_r.txt'), -0.761542155501204), ((3, 't.txt'), -0.17298920622670627), ((1, 'mi.txt'), -5.1782530867138063e-05), ((5, 'mk_mi_r.txt'), -5.1301893147924274e-05), ((6, 't_mi_both.txt'), -2.8246148920142145e-05)]
INFO:root:Max absolute value 1: (0, 6) - Value: 8.281361817237793
Max absolute value 2: (0, 3) - Value: 8.014042292979282
Max absolute value 3: (0, 5) - Value: 4.83267120447902
Max absolute value 4: (0, 4) - Value: 4.832606135921424
Max absolute value 5: (0, 1) - Value: 4.832588116936241

INFO:root:Sobol's solving time: 186.19420266151428(s)
INFO:root:
########## Robust Query Optimization ############ 

INFO:root:Original optimal plan id is 1
INFO:root:Instance id = None, Error div = 2, bandwidth = 0.5, tolerance = 0.2, have 50 samples.
INFO:root:Cost of 9 plan: 	[(0, 12210.6), (1, 12161.95), (2, 207459.93), (3, 49187.5), (4, 49172.2), (5, 97355.25), (6, 102331.61), (7, 60258.39), (8, 90263.33)]
INFO:root:Sensitive predicates: [0, 7]
INFO:root:The number of samples to calculate expected penalty = 50.
INFO:root:### Best plan by exp penalty: [3], overhead 20.686038970947266s
INFO:root:exp_penalty_w_tol: 	[(0, 18914), (1, 140451), (2, 148919), (3, 14794), (4, 52902), (5, 90230), (6, 101266), (7, 52294), (8, 76510)]
INFO:root:### Best plan by std penalty: [3], overhead 20.686038970947266s
INFO:root:std_penalty: 	[(0, 45337.40260169853), (1, 487527.08382635296), (2, 36110.277999909275), (3, 14692.086017924787), (4, 143269.85566378655), (5, 143245.35760444542), (6, 167796.52166874567), (7, 110796.83290670312), (8, 112248.50810751629)]
INFO:root:### Best plan by prob of penalized: [1], overhead 20.686038970947266s
INFO:root:std_penalty: 	[(0, 0.5), (1, 0.22), (2, 1.0), (3, 0.54), (4, 0.66), (5, 0.9), (6, 0.92), (7, 0.76), (8, 0.92)]
