INFO:root:
########## Robust Query Optimization ############ 

INFO:root:Sobol: Sample size N = 256, b = 0.5
INFO:root:Recentered plan cost = 6508.03, plan is: /*+
SeqScan(cn)
IndexScan(mc)
IndexScan(t)
IndexScan(mk)
IndexScan(k)
IndexScan(ci)
IndexOnlyScan(n)
IndexScan(an)
NestLoop ( cn mc )
NestLoop ( cn mc t )
NestLoop ( cn mc t mk )
NestLoop ( cn mc t mk k )
NestLoop ( cn mc t mk k ci )
NestLoop ( cn mc t mk k ci n )
NestLoop ( cn mc t mk k ci n an )
Leading ( ( ( ( ( ( ( ( cn mc ) t ) mk ) k ) ci ) n ) an ) ) */
INFO:root:Sobols samples size: 7680
INFO:root:[((14, 'mc_cn_r.txt'), 0.18027288094479388), ((7, 't.txt'), 0.0041528410263051395), ((2, 'cn.txt'), 0.00398274073188287), ((16, 'mk_mc__q2.txt'), -0.002958879239167621), ((13, 't_ci_l.txt'), -0.0021798413138089333), ((17, 't_mc_l.txt'), 0.0007783941194615226), ((3, 'k.txt'), -0.0005443895334036332), ((11, 'mk_ci_pure.txt'), 0.0004777745254482511), ((15, 'mk_k_r.txt'), 0.00032636181552371497), ((10, 'mc_ci_pure.txt'), 0.00023127321383571096), ((12, 'n_ci_pure.txt'), -0.0002039307876743611), ((8, 'ci_an_pure.txt'), 7.055343296984833e-05), ((9, 'n_an_pure.txt'), 4.785538024225328e-05), ((18, 't_mk_l.txt'), 0.0)]
INFO:root:Max absolute value 1: (8, 9) - Value: 3.896825260671492
Max absolute value 2: (0, 9) - Value: 0.42900249763635145
Max absolute value 3: (7, 9) - Value: -0.18165660359352603
Max absolute value 4: (6, 9) - Value: -0.12973208895435062
Max absolute value 5: (9, 12) - Value: -0.10662139295442474

INFO:root:Sobols samples size: 3840
INFO:root:[((14, 'mc_cn_r.txt'), 0.5608047520953148), ((3, 'k.txt'), -0.040325635741159584), ((12, 'n_ci_pure.txt'), -0.03557561205689069), ((7, 't.txt'), -0.03426191454215188), ((17, 't_mc_l.txt'), -0.03376705853286792), ((13, 't_ci_l.txt'), -0.027437203751282255), ((16, 'mk_mc__q2.txt'), -0.027178279710406397), ((15, 'mk_k_r.txt'), -0.025808957702381754), ((11, 'mk_ci_pure.txt'), -0.014441900111822217), ((10, 'mc_ci_pure.txt'), -0.004439439396938617), ((2, 'cn.txt'), 0.004341121470742155), ((9, 'n_an_pure.txt'), -0.00040760884065414477), ((8, 'ci_an_pure.txt'), 0.00029822928441171695), ((18, 't_mk_l.txt'), 0.0)]
INFO:root:Max absolute value 1: (9, 10) - Value: 4.4687215550615464
Max absolute value 2: (1, 9) - Value: 3.699802831744079
Max absolute value 3: (9, 11) - Value: 3.2754274497003215
Max absolute value 4: (2, 7) - Value: 1.7139598591345808
Max absolute value 5: (2, 8) - Value: 1.5234316519203037

INFO:root:Sobols samples size: 1920
INFO:root:[((14, 'mc_cn_r.txt'), 0.6005169476085033), ((7, 't.txt'), -0.07599565144365351), ((15, 'mk_k_r.txt'), -0.0512284605971854), ((3, 'k.txt'), -0.049564997547346924), ((16, 'mk_mc__q2.txt'), -0.042985653732563106), ((17, 't_mc_l.txt'), 0.011682068664544595), ((12, 'n_ci_pure.txt'), 0.009806335731263017), ((10, 'mc_ci_pure.txt'), 0.00711662442451653), ((13, 't_ci_l.txt'), 0.004248236418492766), ((11, 'mk_ci_pure.txt'), 0.004069211373629228), ((8, 'ci_an_pure.txt'), 0.0013034913348271499), ((2, 'cn.txt'), -0.0006353001449314296), ((9, 'n_an_pure.txt'), -8.34226373520677e-05), ((18, 't_mk_l.txt'), 0.0)]
INFO:root:Max absolute value 1: (9, 10) - Value: 5.040769622034297
Max absolute value 2: (1, 9) - Value: 4.118895672797283
Max absolute value 3: (9, 11) - Value: 3.4857191009335455
Max absolute value 4: (2, 9) - Value: 1.599567051857522
Max absolute value 5: (9, 13) - Value: 0.5657982514513189

INFO:root:Sobols samples size: 960
INFO:root:[((14, 'mc_cn_r.txt'), 0.7372405571903011), ((7, 't.txt'), -0.1481897171159344), ((15, 'mk_k_r.txt'), -0.09276577161796831), ((3, 'k.txt'), -0.08836496139738852), ((16, 'mk_mc__q2.txt'), -0.07641079728526683), ((17, 't_mc_l.txt'), 0.018633508153532694), ((12, 'n_ci_pure.txt'), 0.016965496650625356), ((10, 'mc_ci_pure.txt'), 0.012362061056306438), ((13, 't_ci_l.txt'), 0.007463575729644926), ((11, 'mk_ci_pure.txt'), 0.007109546868663216), ((8, 'ci_an_pure.txt'), 0.002483338442732), ((9, 'n_an_pure.txt'), -2.7491732781585734e-05), ((2, 'cn.txt'), -2.4067732009830638e-05), ((18, 't_mk_l.txt'), 0.0)]
INFO:root:Max absolute value 1: (9, 10) - Value: 5.519860979773878
Max absolute value 2: (1, 9) - Value: 4.480028053591914
Max absolute value 3: (9, 11) - Value: 3.783390288744084
Max absolute value 4: (9, 13) - Value: 0.5228213705876865
Max absolute value 5: (9, 12) - Value: 0.5213967029195119

INFO:root:Sobols samples size: 480
INFO:root:[((14, 'mc_cn_r.txt'), 0.7856895772139866), ((7, 't.txt'), -0.05126285741350438), ((17, 't_mc_l.txt'), 0.02330899085023248), ((16, 'mk_mc__q2.txt'), 0.012232176408109236), ((15, 'mk_k_r.txt'), -0.0007376831265197069), ((13, 't_ci_l.txt'), 0.0004011707671465779), ((8, 'ci_an_pure.txt'), -8.983551170398142e-05), ((12, 'n_ci_pure.txt'), -8.63392090078e-05), ((10, 'mc_ci_pure.txt'), -4.978471889923229e-05), ((3, 'k.txt'), 3.672604460764363e-05), ((11, 'mk_ci_pure.txt'), 3.240978485382777e-05), ((2, 'cn.txt'), 5.57793248067672e-06), ((9, 'n_an_pure.txt'), -1.0465824070080311e-17), ((18, 't_mk_l.txt'), 0.0)]
INFO:root:Max absolute value 1: (1, 9) - Value: 4.792168816043408
Max absolute value 2: (9, 12) - Value: -0.6351166430798922
Max absolute value 3: (9, 11) - Value: -0.6347190429479374
Max absolute value 4: (9, 13) - Value: -0.634717947451177
Max absolute value 5: (9, 10) - Value: -0.6347136032074274

INFO:root:Sobols samples size: 240
INFO:root:[((7, 't.txt'), -0.12159183355591476), ((17, 't_mc_l.txt'), 0.05747440785093253), ((14, 'mc_cn_r.txt'), -0.03817935886800696), ((16, 'mk_mc__q2.txt'), 0.029991988405157443), ((13, 't_ci_l.txt'), 0.001378079020302826), ((12, 'n_ci_pure.txt'), -0.00021702722056648113), ((10, 'mc_ci_pure.txt'), -0.00017592649588861928), ((3, 'k.txt'), 0.00016400130809687542), ((8, 'ci_an_pure.txt'), -0.00013718591063571726), ((15, 'mk_k_r.txt'), 9.406059572974561e-05), ((11, 'mk_ci_pure.txt'), 5.2835663145628354e-05), ((9, 'n_an_pure.txt'), -2.4469771949775593e-17), ((2, 'cn.txt'), 0.0), ((18, 't_mk_l.txt'), 0.0)]
INFO:root:Max absolute value 1: (0, 9) - Value: 0.49396517355359953
Max absolute value 2: (2, 9) - Value: 0.4155774016087125
Max absolute value 3: (9, 13) - Value: 0.18943929692437958
Max absolute value 4: (9, 10) - Value: 0.18943929692437955
Max absolute value 5: (9, 11) - Value: 0.18943573527996305

INFO:root:Sobols samples size: 120
INFO:root:[((14, 'mc_cn_r.txt'), -0.15698030222624565), ((13, 't_ci_l.txt'), 0.0015029371812520314), ((7, 't.txt'), -0.0014695203514752439), ((17, 't_mc_l.txt'), 0.0005349897543586667), ((15, 'mk_k_r.txt'), -0.0002706245062767215), ((3, 'k.txt'), 0.00022974870283971974), ((10, 'mc_ci_pure.txt'), -0.00021180222856625775), ((8, 'ci_an_pure.txt'), -0.00014661079646212402), ((12, 'n_ci_pure.txt'), -0.00014566455692970965), ((11, 'mk_ci_pure.txt'), 4.589261732316903e-05), ((16, 'mk_mc__q2.txt'), 1.3865661795872306e-06), ((9, 'n_an_pure.txt'), 4.731197662305445e-07), ((2, 'cn.txt'), 0.0), ((18, 't_mk_l.txt'), 0.0)]
INFO:root:Max absolute value 1: (0, 9) - Value: 0.5328267626859367
Max absolute value 2: (9, 13) - Value: 0.40781416170381457
Max absolute value 3: (9, 10) - Value: 0.40781416170381457
Max absolute value 4: (9, 11) - Value: 0.40781001823345514
Max absolute value 5: (9, 12) - Value: 0.4063059384930143

INFO:root:Sobol's solving time: 514.7561724185944(s)
INFO:root:
########## Robust Query Optimization ############ 

INFO:root:Original optimal plan id is 0
INFO:root:Instance id = None, Error div = 2, bandwidth = 0.5, tolerance = 0.2, have 50 samples.
INFO:root:Cost of 5 plan: 	[(0, 6482.02), (1, 6482.03), (2, 40995.21), (3, 23987.19), (4, 15258.78)]
INFO:root:Sensitive predicates: [7, 14]
INFO:root:The number of samples to calculate expected penalty = 50.
INFO:root:### Best plan by exp penalty: [0, 1], overhead 17.21971368789673s
INFO:root:exp_penalty_w_tol: 	[(0, 0), (1, 0), (2, 3660658), (3, 2193685), (4, 108556)]
INFO:root:### Best plan by std penalty: [0, 1], overhead 17.21971368789673s
INFO:root:std_penalty: 	[(0, 0.0), (1, 0.0), (2, 2182192.4231014806), (3, 1300719.0667180074), (4, 47849.80206443128)]
INFO:root:### Best plan by prob of penalized: [0, 1], overhead 17.21971368789673s
INFO:root:std_penalty: 	[(0, 0.0), (1, 0.0), (2, 1.0), (3, 1.0), (4, 1.0)]
