INFO:root:
########## Robust Query Optimization ############ 

INFO:root:Sobol: Sample size N = 256, b = 0.5
INFO:root:Recentered plan cost = 17551.47, plan is: /*+
SeqScan(k)
IndexScan(mk)
IndexScan(mc)
SeqScan(cn)
IndexScan(ci)
IndexScan(n)
IndexOnlyScan(t)
NestLoop ( k mk )
NestLoop ( k mk mc )
HashJoin ( k mk mc cn )
NestLoop ( k mk mc cn ci )
NestLoop ( k mk mc cn ci n )
NestLoop ( k mk mc cn ci n t )
Leading ( ( ( ( ( ( ( k mk ) mc ) cn ) ci ) n ) t ) ) */
INFO:root:Sobols samples size: 6656
INFO:root:[((11, 'mc_cn_r.txt'), 0.39931596324990315), ((8, 'mk_ci__q17.txt'), -0.033629686266398166), ((2, 'k.txt'), -0.01524889773923209), ((12, 'mk_k_r.txt'), 0.010871959651898761), ((1, 'cn.txt'), 0.005354061672954759), ((7, 'ci_mc__q17.txt'), 0.0045149433452232575), ((5, 'n.txt'), 0.0014904201875802993), ((9, 'n_ci_l.txt'), -0.00043478872288252383), ((13, 'mk_mc__q2.txt'), -0.000187027123467962), ((14, 't_mc__cn.txt'), 2.3760247156619406e-05), ((15, 't_mk__k.txt'), -8.326498702647864e-06), ((10, 't_ci__n.txt'), 3.605609163027834e-06)]
INFO:root:Max absolute value 1: (1, 7) - Value: 0.8134472377066083
Max absolute value 2: (7, 10) - Value: -0.389382279469027
Max absolute value 3: (7, 11) - Value: -0.38936092214505336
Max absolute value 4: (7, 9) - Value: -0.38824761233949795
Max absolute value 5: (7, 8) - Value: -0.37501431826327897

INFO:root:Sobols samples size: 3328
INFO:root:[((11, 'mc_cn_r.txt'), 0.42149506110606055), ((2, 'k.txt'), -0.015103502756808475), ((12, 'mk_k_r.txt'), 0.011508897790725304), ((7, 'ci_mc__q17.txt'), 0.0042723391169864995), ((13, 'mk_mc__q2.txt'), -0.0022074691839651657), ((8, 'mk_ci__q17.txt'), 0.0019728193304836958), ((1, 'cn.txt'), 0.0014434974014726817), ((14, 't_mc__cn.txt'), 0.000246097235810251), ((10, 't_ci__n.txt'), -0.00011004768889045859), ((5, 'n.txt'), -0.00010205555547863318), ((9, 'n_ci_l.txt'), 5.10983170018223e-05), ((15, 't_mk__k.txt'), 3.4324957237499003e-06)]
INFO:root:Max absolute value 1: (1, 7) - Value: 0.44422570258040645
Max absolute value 2: (7, 8) - Value: -0.38585933802542594
Max absolute value 3: (7, 10) - Value: -0.382394303871084
Max absolute value 4: (7, 11) - Value: -0.38222073489675407
Max absolute value 5: (7, 9) - Value: -0.3686582530561262

INFO:root:Sobols samples size: 1664
INFO:root:[((11, 'mc_cn_r.txt'), 1.449200990717153), ((12, 'mk_k_r.txt'), 0.07682869364965328), ((2, 'k.txt'), -0.02706185125332651), ((1, 'cn.txt'), -0.017555663101706014), ((8, 'mk_ci__q17.txt'), 0.016511620506302085), ((7, 'ci_mc__q17.txt'), 0.010853704853550796), ((13, 'mk_mc__q2.txt'), -0.00677995352806871), ((14, 't_mc__cn.txt'), 0.0014007487143936062), ((5, 'n.txt'), 0.0008682353429014249), ((9, 'n_ci_l.txt'), -0.0002432976937574562), ((10, 't_ci__n.txt'), -8.636838392501912e-05), ((15, 't_mk__k.txt'), -2.0916562571998492e-06)]
INFO:root:Max absolute value 1: (1, 7) - Value: 1.492793496177292
Max absolute value 2: (7, 8) - Value: -1.404873287509521
Max absolute value 3: (7, 10) - Value: -1.285783030529543
Max absolute value 4: (7, 11) - Value: -1.28464353432003
Max absolute value 5: (7, 9) - Value: -1.2130322404413985

INFO:root:Sobols samples size: 832
INFO:root:[((11, 'mc_cn_r.txt'), 1.5028874303782667), ((2, 'k.txt'), -0.027675672839025545), ((1, 'cn.txt'), -0.024504432505800994), ((8, 'mk_ci__q17.txt'), 0.02259383819983666), ((13, 'mk_mc__q2.txt'), -0.00864170590857023), ((7, 'ci_mc__q17.txt'), 0.0058154861562431295), ((12, 'mk_k_r.txt'), 0.0031765252523083157), ((14, 't_mc__cn.txt'), 0.0012331440611011515), ((5, 'n.txt'), 0.0010527318195459208), ((9, 'n_ci_l.txt'), -0.0001855101614654957), ((10, 't_ci__n.txt'), -9.438990640284324e-05), ((15, 't_mk__k.txt'), 0.0)]
INFO:root:Max absolute value 1: (1, 7) - Value: 1.6126735851866165
Max absolute value 2: (7, 8) - Value: -1.4075218739338444
Max absolute value 3: (7, 10) - Value: -1.33152374829277
Max absolute value 4: (7, 11) - Value: -1.3302918438812796
Max absolute value 5: (7, 9) - Value: -1.2524317762309662

INFO:root:Sobols samples size: 416
INFO:root:[((11, 'mc_cn_r.txt'), 0.1929751476801677), ((1, 'cn.txt'), -0.16593371708384982), ((12, 'mk_k_r.txt'), 0.06492178991769418), ((13, 'mk_mc__q2.txt'), -0.05268748877350331), ((7, 'ci_mc__q17.txt'), -0.04054978321726024), ((5, 'n.txt'), 0.03324390375402657), ((2, 'k.txt'), -0.008431184940333042), ((10, 't_ci__n.txt'), -0.002235371698551004), ((9, 'n_ci_l.txt'), 0.0021425259460878076), ((8, 'mk_ci__q17.txt'), -0.0005807002613052815), ((14, 't_mc__cn.txt'), 0.00048730578606241324), ((15, 't_mk__k.txt'), 0.0)]
INFO:root:Max absolute value 1: (7, 9) - Value: 2.886036726349125
Max absolute value 2: (7, 10) - Value: 1.9075392737644394
Max absolute value 3: (7, 11) - Value: 1.9074468927658939
Max absolute value 4: (7, 8) - Value: 0.7804703722959185
Max absolute value 5: (4, 7) - Value: 0.4308619802714087

INFO:root:Sobols samples size: 208
INFO:root:[((11, 'mc_cn_r.txt'), 0.930312652032467), ((7, 'ci_mc__q17.txt'), -0.46417629985950143), ((8, 'mk_ci__q17.txt'), -0.44874780638927164), ((5, 'n.txt'), 0.2273255727102333), ((1, 'cn.txt'), -0.17156018221806105), ((12, 'mk_k_r.txt'), 0.14310575291398325), ((10, 't_ci__n.txt'), -0.029107564073338418), ((13, 'mk_mc__q2.txt'), -0.028514080786042527), ((9, 'n_ci_l.txt'), 0.019382117406012162), ((14, 't_mc__cn.txt'), 0.0044754917613280465), ((2, 'k.txt'), 0.0006487630898197557), ((15, 't_mk__k.txt'), 0.0)]
INFO:root:Max absolute value 1: (4, 7) - Value: 4.233548703288809
Max absolute value 2: (3, 7) - Value: 2.653899681982689
Max absolute value 3: (4, 8) - Value: 2.115718991305244
Max absolute value 4: (4, 5) - Value: 2.029352063735279
Max absolute value 5: (4, 10) - Value: 1.9918138428789578

INFO:root:Sobols samples size: 104
INFO:root:[((1, 'cn.txt'), -1.784851970246634), ((13, 'mk_mc__q2.txt'), 0.7066670427885611), ((8, 'mk_ci__q17.txt'), 0.6602182588242334), ((11, 'mc_cn_r.txt'), 0.5911260841352465), ((7, 'ci_mc__q17.txt'), 0.43843899620964843), ((12, 'mk_k_r.txt'), -0.13401379595005566), ((2, 'k.txt'), -0.10971843479675189), ((10, 't_ci__n.txt'), -0.04477806779831593), ((14, 't_mc__cn.txt'), -0.0192496693748907), ((5, 'n.txt'), -0.005136225733786154), ((9, 'n_ci_l.txt'), -0.0010561054607576398), ((15, 't_mk__k.txt'), 0.0)]
INFO:root:Max absolute value 1: (0, 7) - Value: 5.145465700739982
Max absolute value 2: (0, 4) - Value: 3.762769899359008
Max absolute value 3: (3, 6) - Value: -2.630393973370284
Max absolute value 4: (3, 7) - Value: 2.5837738321253827
Max absolute value 5: (0, 8) - Value: 2.2868595657898743

INFO:root:Sobol's solving time: 374.7507755756378(s)
INFO:root:
########## Robust Query Optimization ############ 

INFO:root:Original optimal plan id is 3
INFO:root:Instance id = None, Error div = 2, bandwidth = 0.5, tolerance = 0.2, have 50 samples.
INFO:root:Cost of 4 plan: 	[(0, 91600.77), (1, 91600.64), (2, 60277.16), (3, 45202.75)]
INFO:root:Sensitive predicates: [8, 11]
INFO:root:The number of samples to calculate expected penalty = 50.
INFO:root:### Best plan by exp penalty: [3], overhead 11.578642129898071s
INFO:root:exp_penalty_w_tol: 	[(0, 362379), (1, 362711), (2, 125617), (3, 40687)]
INFO:root:### Best plan by std penalty: [3], overhead 11.578642129898071s
INFO:root:std_penalty: 	[(0, 1165489.2370160467), (1, 1167765.3368007538), (2, 361458.1160070432), (3, 74550.95379212147)]
INFO:root:### Best plan by prob of penalized: [0, 1, 2, 3], overhead 11.578642129898071s
INFO:root:std_penalty: 	[(0, 1.0), (1, 1.0), (2, 1.0), (3, 1.0)]
