INFO:root:
########## Robust Query Optimization ############ 

INFO:root:Sobol: Sample size N = 256, b = 0.5
INFO:root:Recentered plan cost = 14925.8, plan is: /*+
SeqScan(k)
IndexScan(mk)
IndexScan(mi)
IndexScan(t)
NestLoop ( k mk )
NestLoop ( k mk mi )
NestLoop ( k mk mi t )
Leading ( ( ( ( k mk ) mi ) t ) ) */
INFO:root:Sobols samples size: 4096
INFO:root:[((4, 'mk_k_r.txt'), 0.6575604907647694), ((7, 't_mk_l.txt'), 0.10883272987660005), ((5, 'mk_mi_r.txt'), 0.04142197929516258), ((3, 't.txt'), 0.019211592086034908), ((1, 'mi.txt'), 0.00870493018062456), ((0, 'k.txt'), -0.0066542023047794436), ((6, 't_mi_both.txt'), 7.714463033808584e-05)]
INFO:root:Max absolute value 1: (0, 3) - Value: 1.1606911169527983
Max absolute value 2: (3, 6) - Value: -0.26047665492495503
Max absolute value 3: (3, 5) - Value: -0.2133128246311597
Max absolute value 4: (0, 4) - Value: 0.1775258112883642
Max absolute value 5: (0, 6) - Value: 0.14729967778949626

INFO:root:Sobols samples size: 2048
INFO:root:[((4, 'mk_k_r.txt'), 0.9359622299954409), ((7, 't_mk_l.txt'), 0.06352325619846168), ((1, 'mi.txt'), 0.017730792568479817), ((3, 't.txt'), 0.009369135709060807), ((0, 'k.txt'), -0.008190955925594953), ((5, 'mk_mi_r.txt'), -0.0004726965356730675), ((6, 't_mi_both.txt'), 5.123933823871882e-05)]
INFO:root:Max absolute value 1: (0, 3) - Value: 1.3606604587286406
Max absolute value 2: (3, 6) - Value: -0.43938372287204785
Max absolute value 3: (3, 5) - Value: -0.4028388249321906
Max absolute value 4: (3, 4) - Value: -0.19276394928956953
Max absolute value 5: (0, 4) - Value: 0.17228157693304796

INFO:root:Sobols samples size: 1024
INFO:root:[((4, 'mk_k_r.txt'), 0.3970653303963147), ((1, 'mi.txt'), 0.035762679684485564), ((7, 't_mk_l.txt'), 0.026962485664150687), ((3, 't.txt'), 0.010064861318899165), ((0, 'k.txt'), 0.0029332908608255665), ((5, 'mk_mi_r.txt'), 0.0003034347779087703), ((6, 't_mi_both.txt'), 6.126480879834712e-06)]
INFO:root:Max absolute value 1: (3, 4) - Value: 0.5798328777536885
Max absolute value 2: (0, 3) - Value: 0.3889909949034817
Max absolute value 3: (0, 4) - Value: 0.3607274029101563
Max absolute value 4: (0, 1) - Value: 0.29463977833232186
Max absolute value 5: (0, 5) - Value: 0.2850373502900529

INFO:root:Sobols samples size: 512
INFO:root:[((4, 'mk_k_r.txt'), 0.6216479778619178), ((7, 't_mk_l.txt'), 0.03889882902359235), ((0, 'k.txt'), -0.0329154827316569), ((5, 'mk_mi_r.txt'), 0.027037917212638988), ((1, 'mi.txt'), -0.011112641746439913), ((3, 't.txt'), 0.008556979824187459), ((6, 't_mi_both.txt'), 2.7754488843800673e-05)]
INFO:root:Max absolute value 1: (0, 3) - Value: 0.9561190426995857
Max absolute value 2: (0, 4) - Value: 0.8430315036421813
Max absolute value 3: (0, 1) - Value: 0.6917918937835408
Max absolute value 4: (0, 5) - Value: 0.6658526782593646
Max absolute value 5: (0, 2) - Value: 0.645680862639318

INFO:root:Sobols samples size: 256
INFO:root:[((4, 'mk_k_r.txt'), 0.17772997619436215), ((0, 'k.txt'), 0.058782714544179875), ((7, 't_mk_l.txt'), 0.054610543595789755), ((5, 'mk_mi_r.txt'), 0.035533748887010004), ((1, 'mi.txt'), -0.01348034931968305), ((3, 't.txt'), 0.0008182936148998506), ((6, 't_mi_both.txt'), 5.120211519894127e-05)]
INFO:root:Max absolute value 1: (3, 6) - Value: -0.09896037582197942
Max absolute value 2: (4, 5) - Value: -0.07130075988518698
Max absolute value 3: (4, 6) - Value: -0.05621081542075536
Max absolute value 4: (3, 5) - Value: -0.04369156407964062
Max absolute value 5: (2, 3) - Value: 0.0373494775442163

INFO:root:Sobols samples size: 128
INFO:root:[((4, 'mk_k_r.txt'), 0.25988670350752197), ((0, 'k.txt'), 0.11244019204532565), ((5, 'mk_mi_r.txt'), 0.055758291389830725), ((1, 'mi.txt'), -0.040052585045233416), ((7, 't_mk_l.txt'), 0.034193871493243), ((3, 't.txt'), 0.02282030797606402), ((6, 't_mi_both.txt'), 8.7756006947002e-05)]
INFO:root:Max absolute value 1: (3, 6) - Value: -0.16954867357908865
Max absolute value 2: (3, 5) - Value: -0.12839694816965588
Max absolute value 3: (3, 4) - Value: -0.07518922358849366
Max absolute value 4: (4, 6) - Value: -0.05752408696651589
Max absolute value 5: (4, 5) - Value: -0.056859688490667915

INFO:root:Sobol's solving time: 184.62901139259338(s)
INFO:root:
########## Robust Query Optimization ############ 

INFO:root:Original optimal plan id is 1
INFO:root:Instance id = None, Error div = 2, bandwidth = 0.5, tolerance = 0.2, have 50 samples.
INFO:root:Cost of 4 plan: 	[(0, 3990.05), (1, 3986.11), (2, 50988.46), (3, 106395.34)]
INFO:root:Sensitive predicates: [4, 5, 7]
INFO:root:The number of samples to calculate expected penalty = 50.
INFO:root:### Best plan by exp penalty: [0], overhead 9.32194995880127s
INFO:root:exp_penalty_w_tol: 	[(0, 12098), (1, 31584), (2, 31645), (3, 76100)]
INFO:root:### Best plan by std penalty: [0], overhead 9.32194995880127s
INFO:root:std_penalty: 	[(0, 16040.975451211838), (1, 133763.36216486216), (2, 33708.889101094894), (3, 34683.42832858668)]
INFO:root:### Best plan by prob of penalized: [1], overhead 9.32194995880127s
INFO:root:std_penalty: 	[(0, 0.48), (1, 0.2), (2, 0.72), (3, 0.98)]
