INFO:root:
########## Robust Query Optimization ############ 

INFO:root:Sobol: Sample size N = 256, b = 0.5
INFO:root:Recentered plan cost = 13969.84, plan is: /*+
SeqScan(k)
IndexScan(mk)
IndexScan(t)
IndexScan(mi)
NestLoop ( k mk )
NestLoop ( k mk t )
NestLoop ( k mk t mi )
Leading ( ( ( ( k mk ) t ) mi ) ) */
INFO:root:Sobols samples size: 4096
INFO:root:[((7, 't_mk_l.txt'), 0.5889030227316383), ((4, 'mk_k_r.txt'), 0.12167954528090408), ((0, 'k.txt'), 0.031881673455847255), ((3, 't.txt'), 0.00563769864038739), ((5, 'mk_mi_r.txt'), -7.81548924999495e-07), ((1, 'mi.txt'), -3.7697542399245966e-07), ((6, 't_mi_both.txt'), -4.938445200663387e-08)]
INFO:root:Max absolute value 1: (3, 6) - Value: 3.4023378721575375
Max absolute value 2: (2, 6) - Value: 0.20902691967180498
Max absolute value 3: (3, 5) - Value: -0.11559533141708335
Max absolute value 4: (3, 4) - Value: -0.11559488926592687
Max absolute value 5: (2, 3) - Value: 0.10598700662111057

INFO:root:Sobols samples size: 2048
INFO:root:[((7, 't_mk_l.txt'), 0.12188770256825164), ((4, 'mk_k_r.txt'), 0.08787411070191377), ((0, 'k.txt'), 0.043525781360125734), ((3, 't.txt'), 0.0017326423288616336), ((5, 'mk_mi_r.txt'), -8.29218788179455e-07), ((1, 'mi.txt'), 6.69277637617605e-07), ((6, 't_mi_both.txt'), 2.3890246987082313e-09)]
INFO:root:Max absolute value 1: (3, 6) - Value: -0.10398119094558932
Max absolute value 2: (0, 6) - Value: -0.10287001611702776
Max absolute value 3: (0, 3) - Value: -0.08716913753883297
Max absolute value 4: (3, 5) - Value: -0.08601375404016719
Max absolute value 5: (3, 4) - Value: -0.08601323655126976

INFO:root:Sobols samples size: 1024
INFO:root:[((7, 't_mk_l.txt'), 0.1357583692181474), ((4, 'mk_k_r.txt'), 0.09895474430614339), ((0, 'k.txt'), 0.057427314202344), ((3, 't.txt'), 0.0012077172220729146), ((5, 'mk_mi_r.txt'), -1.3467511632702261e-06), ((1, 'mi.txt'), 6.671858728163439e-07), ((6, 't_mi_both.txt'), 4.001640220911579e-09)]
INFO:root:Max absolute value 1: (3, 6) - Value: -0.18375890024785768
Max absolute value 2: (0, 6) - Value: -0.12002553866314197
Max absolute value 3: (0, 3) - Value: -0.11801584650490277
Max absolute value 4: (3, 5) - Value: -0.09909013885192017
Max absolute value 5: (3, 4) - Value: -0.0990895526314844

INFO:root:Sobols samples size: 512
INFO:root:[((7, 't_mk_l.txt'), 0.13022288750239888), ((4, 'mk_k_r.txt'), 0.10233171695149457), ((0, 'k.txt'), 0.05867658545577709), ((3, 't.txt'), 0.003067535800146093), ((5, 'mk_mi_r.txt'), -1.0843954945339894e-06), ((1, 'mi.txt'), 7.432515302217589e-07), ((6, 't_mi_both.txt'), 7.257089984157436e-09)]
INFO:root:Max absolute value 1: (3, 6) - Value: -0.17169800463973245
Max absolute value 2: (0, 3) - Value: -0.1125465166530543
Max absolute value 3: (0, 6) - Value: -0.11117805171774978
Max absolute value 4: (3, 5) - Value: -0.08463864641942336
Max absolute value 5: (3, 4) - Value: -0.08463781883249281

INFO:root:Sobols samples size: 256
INFO:root:[((7, 't_mk_l.txt'), 1.8151226904173992), ((4, 'mk_k_r.txt'), 0.027480139859465704), ((3, 't.txt'), 0.01263819782398668), ((0, 'k.txt'), -0.00016562378567460377), ((1, 'mi.txt'), 1.8806782434600638e-06), ((5, 'mk_mi_r.txt'), -6.600523765184629e-07), ((6, 't_mi_both.txt'), 1.426615051417488e-07)]
INFO:root:Max absolute value 1: (3, 6) - Value: 0.37102641302039063
Max absolute value 2: (2, 6) - Value: 0.3016853398309134
Max absolute value 3: (3, 5) - Value: 0.24159851330575272
Max absolute value 4: (3, 4) - Value: 0.2415967674862145
Max absolute value 5: (0, 6) - Value: 0.18403920946150976

INFO:root:Sobols samples size: 128
INFO:root:[((4, 'mk_k_r.txt'), 2.4783912084894184), ((7, 't_mk_l.txt'), -0.4971402192050155), ((0, 'k.txt'), 0.4076295242731877), ((3, 't.txt'), -0.3808676725069636), ((5, 'mk_mi_r.txt'), 4.936460282817381e-05), ((1, 'mi.txt'), 2.997478763418362e-05), ((6, 't_mi_both.txt'), 6.288892167024558e-06)]
INFO:root:Max absolute value 1: (0, 3) - Value: -3.345663136597151
Max absolute value 2: (3, 4) - Value: -2.674556346694396
Max absolute value 3: (3, 5) - Value: -2.674493828902955
Max absolute value 4: (2, 3) - Value: 2.328435000238516
Max absolute value 5: (3, 6) - Value: -1.4912299448757844

INFO:root:Sobol's solving time: 186.62452030181885(s)
INFO:root:
########## Robust Query Optimization ############ 

INFO:root:Original optimal plan id is 0
INFO:root:Instance id = None, Error div = 2, bandwidth = 0.5, tolerance = 0.2, have 50 samples.
INFO:root:Cost of 3 plan: 	[(0, 3977.75), (1, 1188923.32), (2, 2124969.04)]
INFO:root:Sensitive predicates: [4, 7]
INFO:root:The number of samples to calculate expected penalty = 50.
INFO:root:### Best plan by exp penalty: [0], overhead 7.085472106933594s
INFO:root:exp_penalty_w_tol: 	[(0, 28153), (1, 1833949), (2, 4627941)]
INFO:root:### Best plan by std penalty: [0], overhead 7.085472106933594s
INFO:root:std_penalty: 	[(0, 125595.8953830884), (1, 3030057.6816253923), (2, 11153571.730614206)]
INFO:root:### Best plan by prob of penalized: [0], overhead 7.085472106933594s
INFO:root:std_penalty: 	[(0, 0.24), (1, 1.0), (2, 1.0)]
