INFO:root:
########## Robust Query Optimization ############ 

INFO:root:Sobol: Sample size N = 256, b = 0.5
INFO:root:Recentered plan cost = 6496.61, plan is: /*+
SeqScan(cn)
IndexScan(mc)
IndexScan(t)
IndexScan(mk)
IndexScan(k)
IndexScan(ci)
IndexOnlyScan(n)
IndexScan(an)
NestLoop ( cn mc )
NestLoop ( cn mc t )
NestLoop ( cn mc t mk )
NestLoop ( cn mc t mk k )
NestLoop ( cn mc t mk k ci )
NestLoop ( cn mc t mk k ci n )
NestLoop ( cn mc t mk k ci n an )
Leading ( ( ( ( ( ( ( ( cn mc ) t ) mk ) k ) ci ) n ) an ) ) */
INFO:root:Sobols samples size: 7680
INFO:root:[((15, 'mk_k_r.txt'), 0.04073439345085142), ((14, 'mc_cn_r.txt'), 0.027294085770458963), ((3, 'k.txt'), 0.017275327979524344), ((17, 't_mc_l.txt'), 0.016600335992656014), ((2, 'cn.txt'), 0.010639087638553714), ((16, 'mk_mc__q2.txt'), -0.006325960776910878), ((7, 't.txt'), -0.0018101462711121563), ((13, 't_ci_l.txt'), 0.0008773926515991909), ((11, 'mk_ci_pure.txt'), 0.000840071417931104), ((12, 'n_ci_pure.txt'), -0.0005762273576909218), ((10, 'mc_ci_pure.txt'), -0.0004489524881101284), ((18, 't_mk_l.txt'), -0.0004074767876445394), ((8, 'ci_an_pure.txt'), -0.00016791235659400347), ((9, 'n_an_pure.txt'), 6.858000334271949e-05)]
INFO:root:Max absolute value 1: (9, 11) - Value: 0.6449551918218447
Max absolute value 2: (9, 12) - Value: 0.5041343533336545
Max absolute value 3: (9, 10) - Value: 0.49604951611167303
Max absolute value 4: (9, 13) - Value: 0.41713966675447517
Max absolute value 5: (2, 9) - Value: 0.11438372927505888

INFO:root:Sobols samples size: 3840
INFO:root:[((14, 'mc_cn_r.txt'), -0.24015101489602833), ((17, 't_mc_l.txt'), 0.18097522094995783), ((15, 'mk_k_r.txt'), 0.16451835798438633), ((3, 'k.txt'), 0.1179813925646486), ((7, 't.txt'), -0.029548373967813454), ((11, 'mk_ci_pure.txt'), 0.008661762710171822), ((13, 't_ci_l.txt'), 0.0077066916266637295), ((12, 'n_ci_pure.txt'), -0.005218950148829974), ((10, 'mc_ci_pure.txt'), -0.004064705822512244), ((16, 'mk_mc__q2.txt'), 0.0022163225812415685), ((8, 'ci_an_pure.txt'), -0.0014932404789284343), ((2, 'cn.txt'), -0.001267118288556609), ((9, 'n_an_pure.txt'), 0.000701072418262804), ((18, 't_mk_l.txt'), -0.0003025996205467201)]
INFO:root:Max absolute value 1: (9, 12) - Value: 3.3428011486008864
Max absolute value 2: (9, 11) - Value: 2.9147505696013623
Max absolute value 3: (9, 10) - Value: 2.8581407477824916
Max absolute value 4: (9, 13) - Value: 1.9359674641963518
Max absolute value 5: (2, 9) - Value: 0.7511019396013969

INFO:root:Sobols samples size: 1920
INFO:root:[((15, 'mk_k_r.txt'), -0.06892088419982444), ((16, 'mk_mc__q2.txt'), -0.06389253771043314), ((14, 'mc_cn_r.txt'), -0.05565979255695593), ((17, 't_mc_l.txt'), 0.022193892582888966), ((3, 'k.txt'), 0.014490185738905053), ((7, 't.txt'), -0.0034768142536760827), ((12, 'n_ci_pure.txt'), 0.00265728197872719), ((13, 't_ci_l.txt'), 0.001964955339852024), ((10, 'mc_ci_pure.txt'), 0.0015777449620279168), ((18, 't_mk_l.txt'), -0.0009207753774928399), ((11, 'mk_ci_pure.txt'), 0.0007822715491671386), ((8, 'ci_an_pure.txt'), 0.00011697454189125673), ((2, 'cn.txt'), 0.00010153694926178923), ((9, 'n_an_pure.txt'), -6.371069586450132e-06)]
INFO:root:Max absolute value 1: (9, 11) - Value: 2.1658570096747063
Max absolute value 2: (2, 9) - Value: 1.7926728657615978
Max absolute value 3: (1, 10) - Value: 0.8312265562433325
Max absolute value 4: (9, 10) - Value: 0.7673701070941864
Max absolute value 5: (9, 13) - Value: 0.35815262826570493

INFO:root:Sobols samples size: 960
INFO:root:[((16, 'mk_mc__q2.txt'), -0.10773302572550028), ((15, 'mk_k_r.txt'), -0.0961802420553142), ((17, 't_mc_l.txt'), 0.03431665491410147), ((14, 'mc_cn_r.txt'), 0.0319549855016754), ((7, 't.txt'), -0.00577463535521563), ((12, 'n_ci_pure.txt'), 0.0044150480764236924), ((13, 't_ci_l.txt'), 0.0038034762835033125), ((10, 'mc_ci_pure.txt'), 0.0031565011993480523), ((11, 'mk_ci_pure.txt'), 0.0018095858596506396), ((18, 't_mk_l.txt'), -0.0014778224073813285), ((3, 'k.txt'), -0.000606287954873495), ((8, 'ci_an_pure.txt'), 0.0005790656822998886), ((2, 'cn.txt'), 7.785935771475257e-05), ((9, 'n_an_pure.txt'), -7.325570051489297e-17)]
INFO:root:Max absolute value 1: (9, 11) - Value: 2.7807678546127783
Max absolute value 2: (9, 10) - Value: 0.9160014269724752
Max absolute value 3: (1, 10) - Value: 0.7548509970344071
Max absolute value 4: (9, 13) - Value: 0.3714370279069382
Max absolute value 5: (10, 13) - Value: 0.17515453461054178

INFO:root:Sobols samples size: 480
INFO:root:[((14, 'mc_cn_r.txt'), 0.03317696502330564), ((17, 't_mc_l.txt'), 0.031218590626981305), ((16, 'mk_mc__q2.txt'), 0.017929022917495315), ((15, 'mk_k_r.txt'), -0.0153103257273669), ((3, 'k.txt'), 0.005342733523185198), ((7, 't.txt'), -0.0037071470185021595), ((18, 't_mk_l.txt'), -0.0023398400484815995), ((13, 't_ci_l.txt'), 0.00012682424860338258), ((2, 'cn.txt'), 0.000119398198824926), ((8, 'ci_an_pure.txt'), -2.296516382337063e-05), ((10, 'mc_ci_pure.txt'), -9.209114593325471e-06), ((12, 'n_ci_pure.txt'), -8.359660776817193e-06), ((11, 'mk_ci_pure.txt'), -1.125074574587588e-06), ((9, 'n_an_pure.txt'), -1.6989076337256814e-07)]
INFO:root:Max absolute value 1: (1, 10) - Value: 0.18961553000973644
Max absolute value 2: (9, 11) - Value: 0.09847757475506927
Max absolute value 3: (9, 13) - Value: 0.09837250856513184
Max absolute value 4: (9, 10) - Value: 0.09831342193543897
Max absolute value 5: (9, 12) - Value: 0.09702451749441814

INFO:root:Sobols samples size: 240
INFO:root:[((17, 't_mc_l.txt'), 0.06067736843597946), ((14, 'mc_cn_r.txt'), 0.057407192912320236), ((16, 'mk_mc__q2.txt'), 0.030720287697084608), ((7, 't.txt'), -0.00025344797815010417), ((13, 't_ci_l.txt'), 0.0001315236289807482), ((15, 'mk_k_r.txt'), 7.371542282375403e-05), ((10, 'mc_ci_pure.txt'), -1.571473997686504e-05), ((12, 'n_ci_pure.txt'), -1.3185415793946313e-06), ((11, 'mk_ci_pure.txt'), -1.3185415793680186e-06), ((2, 'cn.txt'), -1.0186207794671522e-06), ((3, 'k.txt'), -1.0186207794671522e-06), ((9, 'n_an_pure.txt'), -2.9992080002539605e-07), ((8, 'ci_an_pure.txt'), 2.6612704851701267e-17), ((18, 't_mk_l.txt'), 0.0)]
INFO:root:Max absolute value 1: (9, 10) - Value: 0.17004734319392484
Max absolute value 2: (9, 11) - Value: 0.17004602465234553
Max absolute value 3: (9, 13) - Value: 0.1700460246523454
Max absolute value 4: (9, 12) - Value: 0.16856333238203797
Max absolute value 5: (12, 13) - Value: 0.15401563035535645

INFO:root:Sobols samples size: 120
INFO:root:[((17, 't_mc_l.txt'), 0.0015521388835909283), ((14, 'mc_cn_r.txt'), -0.0015106878889414319), ((13, 't_ci_l.txt'), 0.00014875860495935575), ((15, 'mk_k_r.txt'), -2.8895987250406687e-05), ((10, 'mc_ci_pure.txt'), -2.832686877699932e-05), ((2, 'cn.txt'), -1.0091820539626384e-06), ((3, 'k.txt'), -1.0091820539626384e-06), ((7, 't.txt'), -1.0091820539626384e-06), ((11, 'mk_ci_pure.txt'), -1.0091820539626384e-06), ((12, 'n_ci_pure.txt'), -1.0091820539626384e-06), ((9, 'n_an_pure.txt'), -8.773595078583804e-17), ((16, 'mk_mc__q2.txt'), -8.773595078583804e-17), ((8, 'ci_an_pure.txt'), 0.0), ((18, 't_mk_l.txt'), 0.0)]
INFO:root:Max absolute value 1: (9, 10) - Value: 0.43321778235820146
Max absolute value 2: (9, 11) - Value: 0.4332162040576742
Max absolute value 3: (9, 13) - Value: 0.4332162040576741
Max absolute value 4: (9, 12) - Value: 0.4314414143743646
Max absolute value 5: (12, 13) - Value: 0.40305977829363826

INFO:root:Sobol's solving time: 515.9697239398956(s)
INFO:root:
########## Robust Query Optimization ############ 

INFO:root:Original optimal plan id is 0
INFO:root:Instance id = None, Error div = 2, bandwidth = 0.5, tolerance = 0.2, have 50 samples.
INFO:root:Cost of 4 plan: 	[(0, 5252.35), (1, 5252.36), (2, 36524.78), (3, 36524.79)]
INFO:root:Sensitive predicates: [14, 15]
INFO:root:The number of samples to calculate expected penalty = 50.
INFO:root:### Best plan by exp penalty: [0, 1], overhead 13.686283349990845s
INFO:root:exp_penalty_w_tol: 	[(0, 28111), (1, 28111), (2, 30085), (3, 30085)]
INFO:root:### Best plan by std penalty: [3], overhead 13.686283349990845s
INFO:root:std_penalty: 	[(0, 31811.403754977127), (1, 31811.4342941972), (2, 460.25644113689543), (3, 460.18637184553853)]
INFO:root:### Best plan by prob of penalized: [0, 1], overhead 13.686283349990845s
INFO:root:std_penalty: 	[(0, 0.78), (1, 0.78), (2, 1.0), (3, 1.0)]
