INFO:root:
########## Robust Query Optimization ############ 

INFO:root:Sobol: Sample size N = 256, b = 1.0
INFO:root:Recentered plan cost = 86975.06, plan is: /*+
SeqScan(k)
IndexScan(mk)
SeqScan(cct1)
IndexScan(cc)
SeqScan(cct2)
IndexScan(t)
SeqScan(kt)
IndexScan(ci)
SeqScan(chn)
IndexOnlyScan(n)
NestLoop ( k mk )
NestLoop ( cct1 cc )
HashJoin ( cct1 cc cct2 )
HashJoin ( k mk cct1 cc cct2 )
NestLoop ( k mk cct1 cc cct2 t )
HashJoin ( k mk cct1 cc cct2 t kt )
NestLoop ( k mk cct1 cc cct2 t kt ci )
HashJoin ( k mk cct1 cc cct2 t kt ci chn )
NestLoop ( k mk cct1 cc cct2 t kt ci chn n )
Leading ( ( ( ( ( ( ( ( k mk ) ( ( cct1 cc ) cct2 ) ) t ) kt ) ci ) chn ) n ) ) */
INFO:root:Sobols samples size: 9216
INFO:root:[((20, 't_kt_both.txt'), 0.01984522508249606), ((10, 'cct_cc_1_l.txt'), 0.013275888951720966), ((2, 'cct.txt'), 0.010507501466637122), ((14, 't_cc_l.txt'), 0.009534855724751368), ((13, 'mk_cc__cct.txt'), 0.006837697019305314), ((12, 'ci_cc__cct.txt'), -0.00665659797021216), ((19, 'mk_k_r.txt'), 0.006530490634924855), ((15, 'ci_chn_r.txt'), -0.0023910464563263205), ((1, 'cct.txt'), -0.0022267323718749062), ((3, 'chn.txt'), -0.0015181330261120132), ((11, 'cct_cc_2_l.txt'), -0.001278511646897896), ((5, 'k.txt'), -0.0010811624749686652), ((9, 't.txt'), 0.001045966585816999), ((18, 't_ci_l.txt'), 7.865048961586452e-06), ((21, 't_mk_l.txt'), 3.404296122769986e-06), ((16, 'mk_ci__chn.txt'), 1.4082503551087497e-06), ((17, 'n_ci__chn.txt'), 7.872080240537753e-07)]
INFO:root:Max absolute value 1: (14, 15) - Value: 2.9427904930053943
Max absolute value 2: (14, 16) - Value: 0.9790494612356976
Max absolute value 3: (3, 15) - Value: 0.38989095899778103
Max absolute value 4: (3, 5) - Value: 0.2723714582750173
Max absolute value 5: (3, 9) - Value: 0.232608479357568

INFO:root:Sobols samples size: 4608
INFO:root:[((20, 't_kt_both.txt'), 0.0171279687816441), ((10, 'cct_cc_1_l.txt'), 0.011027240734764176), ((14, 't_cc_l.txt'), 0.00930825764528949), ((19, 'mk_k_r.txt'), 0.00827920712823078), ((12, 'ci_cc__cct.txt'), -0.007537712748513056), ((13, 'mk_cc__cct.txt'), 0.003948679654724165), ((9, 't.txt'), 0.003328184323330535), ((11, 'cct_cc_2_l.txt'), -0.002218813137106289), ((5, 'k.txt'), 0.0018289506246438752), ((1, 'cct.txt'), -0.00174553789852702), ((2, 'cct.txt'), -0.0013540606780338763), ((15, 'ci_chn_r.txt'), -0.0011641879095688112), ((3, 'chn.txt'), -0.0007135157634557224), ((16, 'mk_ci__chn.txt'), -1.492330991488624e-05), ((18, 't_ci_l.txt'), 9.146643697692933e-06), ((17, 'n_ci__chn.txt'), -6.522500822336978e-06), ((21, 't_mk_l.txt'), 6.40035646688769e-07)]
INFO:root:Max absolute value 1: (14, 15) - Value: 3.311477562998367
Max absolute value 2: (14, 16) - Value: 1.0884697782165802
Max absolute value 3: (3, 15) - Value: 0.4363772199131063
Max absolute value 4: (3, 5) - Value: 0.3026835108100165
Max absolute value 5: (3, 9) - Value: 0.2565320886797686

INFO:root:Sobols samples size: 2304
INFO:root:[((11, 'cct_cc_2_l.txt'), -0.14786098842151102), ((19, 'mk_k_r.txt'), 0.05660014181444226), ((13, 'mk_cc__cct.txt'), -0.03852563730181162), ((1, 'cct.txt'), -0.026136756498106966), ((20, 't_kt_both.txt'), 0.023719682025963557), ((2, 'cct.txt'), 0.015897391943997193), ((14, 't_cc_l.txt'), 0.015673237930524442), ((9, 't.txt'), 0.014119839729812685), ((5, 'k.txt'), 0.014075898211213307), ((10, 'cct_cc_1_l.txt'), -0.012035703840846637), ((15, 'ci_chn_r.txt'), -0.007802576371864751), ((12, 'ci_cc__cct.txt'), 0.003376424256629797), ((3, 'chn.txt'), 0.00011097568299826964), ((16, 'mk_ci__chn.txt'), -6.612650463193006e-05), ((21, 't_mk_l.txt'), -2.1080524863929657e-05), ((18, 't_ci_l.txt'), 2.034826044333712e-05), ((17, 'n_ci__chn.txt'), -1.5938956280107017e-05)]
INFO:root:Max absolute value 1: (8, 14) - Value: 0.4702657681020299
Max absolute value 2: (3, 14) - Value: 0.44074614841689713
Max absolute value 3: (3, 5) - Value: 0.3156944716961758
Max absolute value 4: (6, 9) - Value: 0.2260614589630258
Max absolute value 5: (6, 7) - Value: 0.22132518141532567

INFO:root:Sobols samples size: 1152
INFO:root:[((11, 'cct_cc_2_l.txt'), -0.3192583120869672), ((19, 'mk_k_r.txt'), 0.09964621540631013), ((13, 'mk_cc__cct.txt'), -0.08020204077638603), ((20, 't_kt_both.txt'), 0.05426877882008187), ((1, 'cct.txt'), -0.04652468960241362), ((14, 't_cc_l.txt'), 0.027227764858258587), ((2, 'cct.txt'), 0.024985188120487455), ((10, 'cct_cc_1_l.txt'), -0.01708918123267817), ((15, 'ci_chn_r.txt'), -0.015369082746900386), ((5, 'k.txt'), 0.0018015103589257863), ((9, 't.txt'), -0.0009129203056206196), ((12, 'ci_cc__cct.txt'), 0.0007044164587173216), ((3, 'chn.txt'), -0.0001624936835439589), ((16, 'mk_ci__chn.txt'), -0.0001604306423746368), ((18, 't_ci_l.txt'), 4.287609704376683e-05), ((21, 't_mk_l.txt'), -3.7079477101329854e-05), ((17, 'n_ci__chn.txt'), -1.964375943587349e-05)]
INFO:root:Max absolute value 1: (8, 14) - Value: 0.8901148008994266
Max absolute value 2: (6, 8) - Value: 0.441685176933604
Max absolute value 3: (6, 14) - Value: 0.4318491264349428
Max absolute value 4: (6, 12) - Value: 0.4128943286883529
Max absolute value 5: (6, 11) - Value: 0.41284745623649327

INFO:root:Sobols samples size: 576
INFO:root:[((1, 'cct.txt'), -0.10345476352343799), ((19, 'mk_k_r.txt'), 0.10171636773784014), ((20, 't_kt_both.txt'), 0.09191323404054473), ((11, 'cct_cc_2_l.txt'), 0.0537516888459602), ((9, 't.txt'), -0.04478170708571682), ((10, 'cct_cc_1_l.txt'), -0.0340232646894421), ((14, 't_cc_l.txt'), 0.03208363608443624), ((2, 'cct.txt'), 0.03046219112525243), ((5, 'k.txt'), -0.022240273427094132), ((13, 'mk_cc__cct.txt'), 0.013067309511382331), ((3, 'chn.txt'), 0.0006348510358277468), ((15, 'ci_chn_r.txt'), 0.0005182785889181764), ((12, 'ci_cc__cct.txt'), 0.0002803223841818758), ((17, 'n_ci__chn.txt'), -9.707090458450759e-05), ((16, 'mk_ci__chn.txt'), -8.921497033673069e-05), ((21, 't_mk_l.txt'), -8.525171270226752e-05), ((18, 't_ci_l.txt'), 5.489980465818632e-05)]
INFO:root:Max absolute value 1: (8, 14) - Value: 0.8666448412403358
Max absolute value 2: (3, 5) - Value: 0.45420694921284055
Max absolute value 3: (3, 4) - Value: 0.2832730436334889
Max absolute value 4: (3, 9) - Value: 0.2508384738976578
Max absolute value 5: (3, 7) - Value: 0.18652056186031277

INFO:root:Sobols samples size: 288
INFO:root:[((5, 'k.txt'), -0.7303062674044358), ((1, 'cct.txt'), -0.41558546904713844), ((19, 'mk_k_r.txt'), 0.20308601364274217), ((11, 'cct_cc_2_l.txt'), -0.1693942892258341), ((10, 'cct_cc_1_l.txt'), 0.13733448736647474), ((14, 't_cc_l.txt'), 0.08123184696501869), ((9, 't.txt'), -0.03242487165234057), ((13, 'mk_cc__cct.txt'), 0.02378654730583783), ((20, 't_kt_both.txt'), 0.01565395322704021), ((2, 'cct.txt'), -0.011112920424298496), ((3, 'chn.txt'), 0.008604983209394457), ((12, 'ci_cc__cct.txt'), 0.001793789689211776), ((15, 'ci_chn_r.txt'), 0.0006832445135920599), ((21, 't_mk_l.txt'), 2.3145020790803598e-05), ((17, 'n_ci__chn.txt'), -5.638301355106094e-07), ((16, 'mk_ci__chn.txt'), -1.765460788196553e-07), ((18, 't_ci_l.txt'), 1.4955456639424284e-07)]
INFO:root:Max absolute value 1: (3, 8) - Value: 0.8704738143385289
Max absolute value 2: (3, 14) - Value: 0.7381753974144197
Max absolute value 3: (3, 6) - Value: 0.7272985887743505
Max absolute value 4: (3, 9) - Value: 0.7041079282999356
Max absolute value 5: (3, 5) - Value: 0.6981049389758334

INFO:root:Sobols samples size: 144
INFO:root:[((13, 'mk_cc__cct.txt'), -0.4453475967081013), ((11, 'cct_cc_2_l.txt'), -0.30105812859439085), ((19, 'mk_k_r.txt'), 0.12262552707248078), ((5, 'k.txt'), -0.08239927457432272), ((1, 'cct.txt'), 0.07206216247946645), ((14, 't_cc_l.txt'), 0.04980663439934404), ((2, 'cct.txt'), -0.034860861953289794), ((12, 'ci_cc__cct.txt'), 0.03205684039567027), ((9, 't.txt'), 0.02573190585801386), ((20, 't_kt_both.txt'), 0.014919944683653687), ((10, 'cct_cc_1_l.txt'), -0.0021640630943743277), ((21, 't_mk_l.txt'), 0.00023136484565969455), ((3, 'chn.txt'), 8.429932631776023e-05), ((15, 'ci_chn_r.txt'), -1.964148123115366e-05), ((17, 'n_ci__chn.txt'), -1.0325871227347305e-17), ((16, 'mk_ci__chn.txt'), 0.0), ((18, 't_ci_l.txt'), 0.0)]
INFO:root:Max absolute value 1: (3, 6) - Value: 2.245173748948801
Max absolute value 2: (3, 14) - Value: 1.6665841700754798
Max absolute value 3: (0, 6) - Value: 1.5691783752998103
Max absolute value 4: (0, 14) - Value: 1.1987063047488626
Max absolute value 5: (8, 14) - Value: 0.959185685937187

INFO:root:Sobol's solving time: 1819.3162672519684(s)
INFO:root:
########## Robust Query Optimization ############ 

INFO:root:Original optimal plan id is 28
INFO:root:Instance id = None, Error div = 2, bandwidth = 1.0, tolerance = 0.2, have 50 samples.
INFO:root:Cost of 38 plan: 	[(0, 48785.4), (1, 37795.74), (2, 261091.31), (3, 260916.76), (4, 260918.54), (5, 260832.06), (6, 260825.68), (7, 260882.94), (8, 260825.68), (9, 72878.14), (10, 72832.12), (11, 21497.1), (12, 72699.39), (13, 72700.28), (14, 72878.14), (15, 72700.28), (16, 21348.84), (17, 21143.91), (18, 72237.11), (19, 72237.11), (20, 20902.09), (21, 72104.38), (22, 72105.27), (23, 20774.71), (24, 71977.0), (25, 72036.11), (26, 71977.95), (27, 72037.06), (28, 20694.72), (29, 20753.83), (30, 71933.98), (31, 71993.09), (32, 115851.23), (33, 85711.61), (34, 72765.59), (35, 165240.65), (36, 89647.41), (37, 75264.15)]
INFO:root:Sensitive predicates: [2, 10, 20]
INFO:root:The number of samples to calculate expected penalty = 50.
INFO:root:### Best plan by exp penalty: [31], overhead 170.59576177597046s
INFO:root:exp_penalty_w_tol: 	[(0, 311325), (1, 275506), (2, 38302), (3, 38208), (4, 38209), (5, 38146), (6, 38144), (7, 38210), (8, 38153), (9, 23978), (10, 36133), (11, 216176), (12, 31845), (13, 31843), (14, 31011), (15, 31840), (16, 132982), (17, 222847), (18, 27985), (19, 27985), (20, 161886), (21, 23499), (22, 23498), (23, 163185), (24, 20361), (25, 20088), (26, 20360), (27, 20088), (28, 131888), (29, 132274), (30, 17878), (31, 17213), (32, 39088), (33, 83701), (34, 56076), (35, 173877), (36, 151675), (37, 75320)]
INFO:root:### Best plan by std penalty: [22], overhead 170.59576177597046s
INFO:root:std_penalty: 	[(0, 247698.2243668543), (1, 334399.94652308634), (2, 30776.834365160186), (3, 30673.71864067335), (4, 30674.397269377405), (5, 30653.53995070527), (6, 30652.13475212294), (7, 30736.1889123314), (8, 30675.585168131252), (9, 21562.38403850332), (10, 30628.083183123887), (11, 283721.5263362535), (12, 30976.238117477613), (13, 30974.06313353567), (14, 30825.732520150454), (15, 30970.18842317419), (16, 219964.09811398148), (17, 112420.79861523764), (18, 25678.570567772378), (19, 25678.54487584179), (20, 189080.93127615048), (21, 21147.85071771827), (22, 21147.21621005935), (23, 134311.67413964804), (24, 22340.672150159317), (25, 22222.12264263837), (26, 22340.095846879587), (27, 22221.59924463645), (28, 220155.96168671487), (29, 219217.4852547069), (30, 22346.68368192609), (31, 22218.615286073134), (32, 25352.768596981765), (33, 70661.95452103426), (34, 53388.76982663437), (35, 159629.73639349), (36, 193777.97761221367), (37, 87337.91104810618)]
INFO:root:### Best plan by prob of penalized: [31], overhead 170.59576177597046s
INFO:root:std_penalty: 	[(0, 0.98), (1, 0.96), (2, 0.76), (3, 0.76), (4, 0.76), (5, 0.76), (6, 0.76), (7, 0.76), (8, 0.76), (9, 0.62), (10, 0.68), (11, 0.82), (12, 0.62), (13, 0.62), (14, 0.6), (15, 0.62), (16, 0.56), (17, 0.98), (18, 0.62), (19, 0.62), (20, 0.84), (21, 0.62), (22, 0.62), (23, 0.96), (24, 0.5), (25, 0.5), (26, 0.5), (27, 0.5), (28, 0.52), (29, 0.56), (30, 0.44), (31, 0.42), (32, 0.84), (33, 0.92), (34, 0.88), (35, 0.96), (36, 0.86), (37, 0.82)]
