INFO:root:
########## Robust Query Optimization ############ 

INFO:root:Sobol: Sample size N = 256, b = 0.5
INFO:root:Recentered plan cost = 28409.64, plan is: /*+
SeqScan(cn)
SeqScan(k)
IndexScan(mk)
IndexScan(t)
IndexScan(mc)
IndexScan(ci)
IndexOnlyScan(n)
IndexScan(an)
NestLoop ( k mk )
NestLoop ( k mk t )
NestLoop ( k mk t mc )
HashJoin ( cn k mk t mc )
NestLoop ( cn k mk t mc ci )
NestLoop ( cn k mk t mc ci n )
NestLoop ( cn k mk t mc ci n an )
Leading ( ( ( ( ( cn ( ( ( k mk ) t ) mc ) ) ci ) n ) an ) ) */
INFO:root:Sobols samples size: 7680
INFO:root:[((15, 'mk_k_r.txt'), 0.07875068458269908), ((11, 'mk_ci_pure.txt'), 0.015994727331074033), ((14, 'mc_cn_r.txt'), 0.015159639811195853), ((10, 'mc_ci_pure.txt'), 0.014448273586960134), ((3, 'k.txt'), 0.013109527726338098), ((13, 't_ci_l.txt'), -0.010658695742416952), ((18, 't_mk_l.txt'), 0.010325473384354853), ((7, 't.txt'), 0.008943378470456034), ((12, 'n_ci_pure.txt'), 0.007629204595607609), ((17, 't_mc_l.txt'), 0.0013458776143846453), ((16, 'mk_mc__q2.txt'), -0.0006165077358275388), ((2, 'cn.txt'), -0.00044150653546882486), ((9, 'n_an_pure.txt'), 6.7049600059138e-05), ((8, 'ci_an_pure.txt'), 3.8233160452474574e-05)]
INFO:root:Max absolute value 1: (9, 10) - Value: 0.5963752107752894
Max absolute value 2: (10, 11) - Value: -0.031945123879356746
Max absolute value 3: (10, 12) - Value: -0.03073502956232545
Max absolute value 4: (10, 13) - Value: -0.027829110977821973
Max absolute value 5: (1, 10) - Value: -0.025565298012585627

INFO:root:Sobols samples size: 3840
INFO:root:[((15, 'mk_k_r.txt'), 0.08717970070449099), ((14, 'mc_cn_r.txt'), 0.027071354225124182), ((11, 'mk_ci_pure.txt'), 0.02024385208037637), ((10, 'mc_ci_pure.txt'), 0.018676469390586422), ((3, 'k.txt'), 0.014441173977324823), ((18, 't_mk_l.txt'), 0.011808607733159815), ((12, 'n_ci_pure.txt'), 0.010319327243356049), ((7, 't.txt'), 0.00941908530269585), ((13, 't_ci_l.txt'), -0.007422152946026665), ((2, 'cn.txt'), -0.005691681274431695), ((17, 't_mc_l.txt'), 0.002267412974656358), ((16, 'mk_mc__q2.txt'), -0.0005376273207879194), ((9, 'n_an_pure.txt'), 7.99501436023208e-05), ((8, 'ci_an_pure.txt'), -1.0971767746631334e-05)]
INFO:root:Max absolute value 1: (9, 10) - Value: 0.668250351455655
Max absolute value 2: (10, 12) - Value: -0.0676922705646412
Max absolute value 3: (10, 13) - Value: -0.06652743481284742
Max absolute value 4: (10, 11) - Value: -0.06622341437519398
Max absolute value 5: (1, 10) - Value: -0.05049402091064005

INFO:root:Sobols samples size: 1920
INFO:root:[((14, 'mc_cn_r.txt'), 0.034865904705727695), ((10, 'mc_ci_pure.txt'), 0.027590655628788752), ((15, 'mk_k_r.txt'), 0.027480335017240926), ((11, 'mk_ci_pure.txt'), 0.023835755228447268), ((3, 'k.txt'), 0.019579580868125345), ((13, 't_ci_l.txt'), -0.01479291910726943), ((18, 't_mk_l.txt'), 0.014416185307115843), ((12, 'n_ci_pure.txt'), 0.013915831337692253), ((7, 't.txt'), 0.012420578215384726), ((2, 'cn.txt'), -0.005218599775097428), ((16, 'mk_mc__q2.txt'), -0.0006400584814436902), ((17, 't_mc_l.txt'), 0.0005177739454502451), ((9, 'n_an_pure.txt'), 6.041096284073797e-05), ((8, 'ci_an_pure.txt'), -6.725847849835056e-06)]
INFO:root:Max absolute value 1: (5, 10) - Value: -0.026758449701425404
Max absolute value 2: (5, 9) - Value: -0.026173965954351352
Max absolute value 3: (5, 6) - Value: -0.026033341643518646
Max absolute value 4: (5, 7) - Value: -0.025439551726516938
Max absolute value 5: (5, 11) - Value: -0.02510728522659248

INFO:root:Sobols samples size: 960
INFO:root:[((14, 'mc_cn_r.txt'), 0.038638493592064074), ((10, 'mc_ci_pure.txt'), 0.02612136111382027), ((3, 'k.txt'), 0.024213798056767988), ((11, 'mk_ci_pure.txt'), 0.023111858306531233), ((15, 'mk_k_r.txt'), 0.022063163109816295), ((13, 't_ci_l.txt'), -0.01804869527405408), ((12, 'n_ci_pure.txt'), 0.013910700866157881), ((7, 't.txt'), 0.009921672530845275), ((2, 'cn.txt'), 0.009011823344950728), ((18, 't_mk_l.txt'), 0.007064369153330765), ((16, 'mk_mc__q2.txt'), -0.001254025369116305), ((17, 't_mc_l.txt'), 0.0005846086518569277), ((9, 'n_an_pure.txt'), 5.2757418984568025e-05), ((8, 'ci_an_pure.txt'), 1.1826633699192662e-05)]
INFO:root:Max absolute value 1: (5, 10) - Value: -0.02599061997154847
Max absolute value 2: (5, 9) - Value: -0.025647687322372263
Max absolute value 3: (5, 7) - Value: -0.02536406898928531
Max absolute value 4: (5, 6) - Value: -0.02533595051361925
Max absolute value 5: (5, 11) - Value: -0.025203984077408096

INFO:root:Sobols samples size: 480
INFO:root:[((13, 't_ci_l.txt'), 0.049132599136892975), ((11, 'mk_ci_pure.txt'), 0.04108032848970883), ((3, 'k.txt'), 0.03923355202275167), ((10, 'mc_ci_pure.txt'), 0.03022638337779503), ((14, 'mc_cn_r.txt'), 0.019751979499062607), ((2, 'cn.txt'), 0.01826336103313671), ((12, 'n_ci_pure.txt'), 0.015377181501756905), ((18, 't_mk_l.txt'), 0.006685979266664591), ((7, 't.txt'), -0.005377838566608929), ((16, 'mk_mc__q2.txt'), -0.003393859806638684), ((17, 't_mc_l.txt'), 0.00258579185810522), ((15, 'mk_k_r.txt'), -0.0010679667394496441), ((8, 'ci_an_pure.txt'), 0.00020082716186400705), ((9, 'n_an_pure.txt'), -4.2440286250549265e-05)]
INFO:root:Max absolute value 1: (2, 10) - Value: 0.03814279786274995
Max absolute value 2: (10, 13) - Value: 0.03797037154891025
Max absolute value 3: (5, 10) - Value: -0.03729552292516128
Max absolute value 4: (10, 11) - Value: 0.031195045582274067
Max absolute value 5: (12, 13) - Value: 0.0309071200993745

INFO:root:Sobols samples size: 240
INFO:root:[((15, 'mk_k_r.txt'), 0.725481411709262), ((2, 'cn.txt'), -0.12685191297753207), ((14, 'mc_cn_r.txt'), -0.11033056670637499), ((7, 't.txt'), 0.10805657897756697), ((12, 'n_ci_pure.txt'), -0.05678009139925189), ((16, 'mk_mc__q2.txt'), -0.05666670385549461), ((18, 't_mk_l.txt'), -0.025077031070166324), ((17, 't_mc_l.txt'), 0.02321491778858712), ((13, 't_ci_l.txt'), -0.01454711411588125), ((8, 'ci_an_pure.txt'), 0.014147059611250514), ((10, 'mc_ci_pure.txt'), 0.004353837548755322), ((11, 'mk_ci_pure.txt'), -0.0021159852561241084), ((9, 'n_an_pure.txt'), -0.0003208262884843644), ((3, 'k.txt'), 0.0)]
INFO:root:Max absolute value 1: (8, 10) - Value: 6.924458521918981
Max absolute value 2: (0, 10) - Value: 2.6762420043063466
Max absolute value 3: (9, 10) - Value: 1.8642706828394586
Max absolute value 4: (8, 12) - Value: -0.8020696944163437
Max absolute value 5: (8, 11) - Value: -0.7229316894701534

INFO:root:Sobols samples size: 120
INFO:root:[((8, 'ci_an_pure.txt'), 0.02514199664900381), ((15, 'mk_k_r.txt'), 0.021265273874004318), ((16, 'mk_mc__q2.txt'), 0.018024371362070815), ((7, 't.txt'), 0.016962553793032274), ((2, 'cn.txt'), -0.014502165959090948), ((17, 't_mc_l.txt'), 0.013723028934276946), ((12, 'n_ci_pure.txt'), 0.01316399993039124), ((11, 'mk_ci_pure.txt'), -0.007518466120306709), ((10, 'mc_ci_pure.txt'), -0.005473239046649163), ((13, 't_ci_l.txt'), -0.0015561942825832492), ((14, 'mc_cn_r.txt'), 0.001473619829393919), ((18, 't_mk_l.txt'), -0.0002899158007476615), ((9, 'n_an_pure.txt'), 8.421512417119434e-05), ((3, 'k.txt'), 0.0)]
INFO:root:Max absolute value 1: (2, 10) - Value: 1.8581675605188355
Max absolute value 2: (2, 8) - Value: 1.767244800678192
Max absolute value 3: (2, 5) - Value: 1.668031481164734
Max absolute value 4: (2, 4) - Value: 1.515778547191835
Max absolute value 5: (2, 13) - Value: 1.3869357012824923

INFO:root:Sobol's solving time: 518.1588170528412(s)
INFO:root:
########## Robust Query Optimization ############ 

INFO:root:Original optimal plan id is 14
INFO:root:Instance id = None, Error div = 2, bandwidth = 0.5, tolerance = 0.2, have 50 samples.
INFO:root:Cost of 19 plan: 	[(0, 25452.3), (1, 25384.08), (2, 104469.76), (3, 26809.62), (4, 57618.92), (5, 55793.67), (6, 57578.5), (7, 134885.64), (8, 136670.46), (9, 10092.63), (10, 9984.82), (11, 4220.1), (12, 10061.59), (13, 5222.34), (14, 4046.4), (15, 40434.88), (16, 42219.7), (17, 40387.83), (18, 42172.65)]
INFO:root:Sensitive predicates: [11, 14, 15]
INFO:root:The number of samples to calculate expected penalty = 50.
INFO:root:### Best plan by exp penalty: [5], overhead 64.20812940597534s
INFO:root:exp_penalty_w_tol: 	[(0, 79358), (1, 37950), (2, 89256), (3, 38398), (4, 64284), (5, 27875), (6, 30108), (7, 91699), (8, 94870), (9, 127641), (10, 53614), (11, 270667), (12, 87649), (13, 1605602), (14, 116664), (15, 69062), (16, 72698), (17, 29019), (18, 31945)]
INFO:root:### Best plan by std penalty: [2], overhead 64.20812940597534s
INFO:root:std_penalty: 	[(0, 209130.22918911887), (1, 92726.7636942399), (2, 25277.849195259172), (3, 108072.09390510098), (4, 127533.46644458882), (5, 40214.95885393031), (6, 41706.57156928392), (7, 36641.35172923912), (8, 36223.66744921214), (9, 401957.27217576944), (10, 184040.95151274296), (11, 728475.4646097672), (12, 310068.42881268275), (13, 3468662.731626754), (14, 335308.18925346667), (15, 197819.00271167868), (16, 199329.91375058106), (17, 83528.3971475605), (18, 85067.46882487176)]
INFO:root:### Best plan by prob of penalized: [17], overhead 64.20812940597534s
INFO:root:std_penalty: 	[(0, 1.0), (1, 0.84), (2, 0.98), (3, 0.76), (4, 1.0), (5, 0.6), (6, 0.64), (7, 0.94), (8, 0.94), (9, 1.0), (10, 0.74), (11, 0.8), (12, 0.8), (13, 0.86), (14, 0.64), (15, 0.98), (16, 0.98), (17, 0.52), (18, 0.6)]
