INFO:root:0
INFO:root:
    SELECT MIN(mc.note) AS production_note,
       MIN(t.title) AS movie_title,
       MIN(t.production_year) AS movie_year
    FROM company_type AS ct,
        info_type AS it,
        movie_companies AS mc,
        movie_info_idx AS mi_idx,
        title AS t
    WHERE ct.kind = 'production companies'
    AND it.info = 'rating'
    AND mc.note IS NULL
    AND ct.id = mc.company_type_id
    AND t.id = mc.movie_id
    AND t.id = mi_idx.movie_id
    AND mc.movie_id = mi_idx.movie_id
    AND it.id = mi_idx.info_type_id;
    
INFO:root:--- PQO: Need 5.027038993411834 samples to be accurate, We have 100
INFO:root:Nearest query is 1
INFO:root:Current Query: ["ct.kind = 'production companies'", 'rating', 'mc.note IS NULL']
INFO:root:Robust plan is 0: 697.1
INFO:root:Postgres plan: 1016.2
INFO:root:1
INFO:root:
    SELECT MIN(mc.note) AS production_note,
       MIN(t.title) AS movie_title,
       MIN(t.production_year) AS movie_year
    FROM company_type AS ct,
        info_type AS it,
        movie_companies AS mc,
        movie_info_idx AS mi_idx,
        title AS t
    WHERE ct.kind = 'production companies'
    AND it.info = 'rating'
    AND mc.note LIKE '%(Japan)%' AND mc.note NOT LIKE '%(USA)%' AND (mc.note LIKE '%(2006)%' OR mc.note LIKE '%(2007)%')
    AND ct.id = mc.company_type_id
    AND t.id = mc.movie_id
    AND t.id = mi_idx.movie_id
    AND mc.movie_id = mi_idx.movie_id
    AND it.id = mi_idx.info_type_id;
    
INFO:root:--- PQO: Need 361.2626771347945 samples to be accurate, We have 100
INFO:root:Nearest query is 2
INFO:root:Current Query: ["ct.kind = 'production companies'", 'rating', "mc.note LIKE '%(Japan)%' AND mc.note NOT LIKE '%(USA)%' AND (mc.note LIKE '%(2006)%' OR mc.note LIKE '%(2007)%')"]
INFO:root:Robust plan is 0: 109.1
INFO:root:Postgres plan: 515.0
INFO:root:2
INFO:root:
    SELECT MIN(mc.note) AS production_note,
       MIN(t.title) AS movie_title,
       MIN(t.production_year) AS movie_year
    FROM company_type AS ct,
        info_type AS it,
        movie_companies AS mc,
        movie_info_idx AS mi_idx,
        title AS t
    WHERE ct.kind = 'production companies'
    AND it.info = 'rating'
    AND mc.note LIKE '%(Blu-ray)%'
    AND ct.id = mc.company_type_id
    AND t.id = mc.movie_id
    AND t.id = mi_idx.movie_id
    AND mc.movie_id = mi_idx.movie_id
    AND it.id = mi_idx.info_type_id;
    
INFO:root:--- PQO: Need 0.5914324658515827 samples to be accurate, We have 100
INFO:root:Nearest query is 2
INFO:root:Current Query: ["ct.kind = 'production companies'", 'rating', "mc.note LIKE '%(Blu-ray)%'"]
INFO:root:Robust plan is 0: 106.4
INFO:root:Postgres plan: 514.7
INFO:root:3
INFO:root:
    SELECT MIN(mc.note) AS production_note,
       MIN(t.title) AS movie_title,
       MIN(t.production_year) AS movie_year
    FROM company_type AS ct,
        info_type AS it,
        movie_companies AS mc,
        movie_info_idx AS mi_idx,
        title AS t
    WHERE ct.kind = 'production companies'
    AND it.info = 'rating'
    AND mc.note IS NOT NULL AND (mc.note LIKE '%(USA)%' OR mc.note LIKE '%(worldwide)%')
    AND ct.id = mc.company_type_id
    AND t.id = mc.movie_id
    AND t.id = mi_idx.movie_id
    AND mc.movie_id = mi_idx.movie_id
    AND it.id = mi_idx.info_type_id;
    
INFO:root:--- PQO: Need 2.921854060381028 samples to be accurate, We have 100
INFO:root:Nearest query is 1
INFO:root:Current Query: ["ct.kind = 'production companies'", 'rating', "mc.note IS NOT NULL AND (mc.note LIKE '%(USA)%' OR mc.note LIKE '%(worldwide)%')"]
INFO:root:Robust plan is 0: 243.3
INFO:root:Postgres plan: 552.6
INFO:root:4
INFO:root:
    SELECT MIN(mc.note) AS production_note,
       MIN(t.title) AS movie_title,
       MIN(t.production_year) AS movie_year
    FROM company_type AS ct,
        info_type AS it,
        movie_companies AS mc,
        movie_info_idx AS mi_idx,
        title AS t
    WHERE ct.kind = 'production companies'
    AND it.info = 'rating'
    AND mc.note LIKE '%(200%)%' AND mc.note LIKE '%(worldwide)%'
    AND ct.id = mc.company_type_id
    AND t.id = mc.movie_id
    AND t.id = mi_idx.movie_id
    AND mc.movie_id = mi_idx.movie_id
    AND it.id = mi_idx.info_type_id;
    
INFO:root:--- PQO: Need 42.50349408004929 samples to be accurate, We have 100
INFO:root:Nearest query is 1
INFO:root:Current Query: ["ct.kind = 'production companies'", 'rating', "mc.note LIKE '%(200%)%' AND mc.note LIKE '%(worldwide)%'"]
INFO:root:Robust plan is 0: 226.1
INFO:root:Postgres plan: 523.2
INFO:root:5
INFO:root:
    SELECT MIN(mc.note) AS production_note,
       MIN(t.title) AS movie_title,
       MIN(t.production_year) AS movie_year
    FROM company_type AS ct,
        info_type AS it,
        movie_companies AS mc,
        movie_info_idx AS mi_idx,
        title AS t
    WHERE ct.kind = 'production companies'
    AND it.info = 'votes'
    AND mc.note IS NULL
    AND ct.id = mc.company_type_id
    AND t.id = mc.movie_id
    AND t.id = mi_idx.movie_id
    AND mc.movie_id = mi_idx.movie_id
    AND it.id = mi_idx.info_type_id;
    
INFO:root:--- PQO: Need 0.8686272489403076 samples to be accurate, We have 100
INFO:root:Nearest query is 1
INFO:root:Current Query: ["ct.kind = 'production companies'", 'votes', 'mc.note IS NULL']
INFO:root:Robust plan is 0: 691.6
INFO:root:Postgres plan: 1019.3
INFO:root:6
INFO:root:
    SELECT MIN(mc.note) AS production_note,
       MIN(t.title) AS movie_title,
       MIN(t.production_year) AS movie_year
    FROM company_type AS ct,
        info_type AS it,
        movie_companies AS mc,
        movie_info_idx AS mi_idx,
        title AS t
    WHERE ct.kind = 'production companies'
    AND it.info = 'votes'
    AND mc.note NOT LIKE '%(as Metro-Goldwyn-Mayer Pictures)%'
    AND ct.id = mc.company_type_id
    AND t.id = mc.movie_id
    AND t.id = mi_idx.movie_id
    AND mc.movie_id = mi_idx.movie_id
    AND it.id = mi_idx.info_type_id;
    
INFO:root:--- PQO: Need 0.009138559606348082 samples to be accurate, We have 100
INFO:root:Nearest query is 1
INFO:root:Current Query: ["ct.kind = 'production companies'", 'votes', "mc.note NOT LIKE '%(as Metro-Goldwyn-Mayer Pictures)%'"]
INFO:root:Robust plan is 0: 347.9
INFO:root:Postgres plan: 682.6
INFO:root:7
INFO:root:
    SELECT MIN(mc.note) AS production_note,
       MIN(t.title) AS movie_title,
       MIN(t.production_year) AS movie_year
    FROM company_type AS ct,
        info_type AS it,
        movie_companies AS mc,
        movie_info_idx AS mi_idx,
        title AS t
    WHERE ct.kind = 'production companies'
    AND it.info = 'rating'
    AND mc.note IS NULL
    AND ct.id = mc.company_type_id
    AND t.id = mc.movie_id
    AND t.id = mi_idx.movie_id
    AND mc.movie_id = mi_idx.movie_id
    AND it.id = mi_idx.info_type_id;
    
INFO:root:--- PQO: Need 7359605198.41792 samples to be accurate, We have 100
INFO:root:8
INFO:root:
    SELECT MIN(mc.note) AS production_note,
       MIN(t.title) AS movie_title,
       MIN(t.production_year) AS movie_year
    FROM company_type AS ct,
        info_type AS it,
        movie_companies AS mc,
        movie_info_idx AS mi_idx,
        title AS t
    WHERE ct.kind = 'production companies'
    AND it.info = 'rating'
    AND mc.note LIKE '%(VHS)%' AND mc.note LIKE '%(USA)%' AND mc.note LIKE '%(1994)%'
    AND ct.id = mc.company_type_id
    AND t.id = mc.movie_id
    AND t.id = mi_idx.movie_id
    AND mc.movie_id = mi_idx.movie_id
    AND it.id = mi_idx.info_type_id;
    
INFO:root:--- PQO: Need 2260252877134.2305 samples to be accurate, We have 100
INFO:root:9
INFO:root:
    SELECT MIN(mc.note) AS production_note,
       MIN(t.title) AS movie_title,
       MIN(t.production_year) AS movie_year
    FROM company_type AS ct,
        info_type AS it,
        movie_companies AS mc,
        movie_info_idx AS mi_idx,
        title AS t
    WHERE ct.kind = 'production companies'
    AND it.info = 'votes'
    AND mc.note NOT LIKE '%(USA)%'
  AND mc.note LIKE '%(200%)%'
    AND ct.id = mc.company_type_id
    AND t.id = mc.movie_id
    AND t.id = mi_idx.movie_id
    AND mc.movie_id = mi_idx.movie_id
    AND it.id = mi_idx.info_type_id;
    
INFO:root:--- PQO: Need 6.4401642962631565 samples to be accurate, We have 100
INFO:root:Nearest query is 1
INFO:root:Current Query: ["ct.kind = 'production companies'", 'votes', "mc.note NOT LIKE '%(USA)%'\n  AND mc.note LIKE '%(200%)%'"]
INFO:root:Robust plan is 0: 235.3
INFO:root:Postgres plan: 541.2
INFO:root:10
INFO:root:
    SELECT MIN(mc.note) AS production_note,
       MIN(t.title) AS movie_title,
       MIN(t.production_year) AS movie_year
    FROM company_type AS ct,
        info_type AS it,
        movie_companies AS mc,
        movie_info_idx AS mi_idx,
        title AS t
    WHERE ct.kind = 'production companies'
    AND it.info = 'rating'
    AND mc.note IS NULL
    AND ct.id = mc.company_type_id
    AND t.id = mc.movie_id
    AND t.id = mi_idx.movie_id
    AND mc.movie_id = mi_idx.movie_id
    AND it.id = mi_idx.info_type_id;
    
INFO:root:--- PQO: Need 1.3431329692743423 samples to be accurate, We have 100
INFO:root:Nearest query is 1
INFO:root:Current Query: ["ct.kind = 'production companies'", 'rating', 'mc.note IS NULL']
INFO:root:Robust plan is 0: 691.3
INFO:root:Postgres plan: 1011.7
INFO:root:11
INFO:root:
    SELECT MIN(mc.note) AS production_note,
       MIN(t.title) AS movie_title,
       MIN(t.production_year) AS movie_year
    FROM company_type AS ct,
        info_type AS it,
        movie_companies AS mc,
        movie_info_idx AS mi_idx,
        title AS t
    WHERE ct.kind = 'production companies'
    AND it.info = 'rating'
    AND mc.note LIKE '%(theatrical)%' AND mc.note LIKE '%(France)%'
    AND ct.id = mc.company_type_id
    AND t.id = mc.movie_id
    AND t.id = mi_idx.movie_id
    AND mc.movie_id = mi_idx.movie_id
    AND it.id = mi_idx.info_type_id;
    
INFO:root:--- PQO: Need 0.9264141533812582 samples to be accurate, We have 100
INFO:root:Nearest query is 2
INFO:root:Current Query: ["ct.kind = 'production companies'", 'rating', "mc.note LIKE '%(theatrical)%' AND mc.note LIKE '%(France)%'"]
INFO:root:Robust plan is 0: 113.1
INFO:root:Postgres plan: 523.3
INFO:root:12
INFO:root:
    SELECT MIN(mc.note) AS production_note,
       MIN(t.title) AS movie_title,
       MIN(t.production_year) AS movie_year
    FROM company_type AS ct,
        info_type AS it,
        movie_companies AS mc,
        movie_info_idx AS mi_idx,
        title AS t
    WHERE ct.kind = 'production companies'
    AND it.info = 'rating'
    AND mc.note LIKE '%(200%)%' AND (mc.note LIKE '%(USA)%' OR mc.note LIKE '%(worldwide)%')
    AND ct.id = mc.company_type_id
    AND t.id = mc.movie_id
    AND t.id = mi_idx.movie_id
    AND mc.movie_id = mi_idx.movie_id
    AND it.id = mi_idx.info_type_id;
    
INFO:root:--- PQO: Need 2.1150751924592037 samples to be accurate, We have 100
INFO:root:Nearest query is 0
INFO:root:Current Query: ["ct.kind = 'production companies'", 'rating', "mc.note LIKE '%(200%)%' AND (mc.note LIKE '%(USA)%' OR mc.note LIKE '%(worldwide)%')"]
INFO:root:Robust plan is 0: 122.2
INFO:root:Postgres plan: 534.1
INFO:root:13
INFO:root:
    SELECT MIN(mc.note) AS production_note,
       MIN(t.title) AS movie_title,
       MIN(t.production_year) AS movie_year
    FROM company_type AS ct,
        info_type AS it,
        movie_companies AS mc,
        movie_info_idx AS mi_idx,
        title AS t
    WHERE ct.kind IS NOT NULL AND (ct.kind ='production companies' OR ct.kind = 'distributors')
    AND it.info = 'rating'
    AND mc.note LIKE '%(200%)%' AND (mc.note LIKE '%(USA)%' OR mc.note LIKE '%(worldwide)%')
    AND ct.id = mc.company_type_id
    AND t.id = mc.movie_id
    AND t.id = mi_idx.movie_id
    AND mc.movie_id = mi_idx.movie_id
    AND it.id = mi_idx.info_type_id;
    
INFO:root:--- PQO: Need 21.028869016004453 samples to be accurate, We have 100
INFO:root:Nearest query is 0
INFO:root:Current Query: ["ct.kind IS NOT NULL AND (ct.kind ='production companies' OR ct.kind = 'distributors')", 'rating', "mc.note LIKE '%(200%)%' AND (mc.note LIKE '%(USA)%' OR mc.note LIKE '%(worldwide)%')"]
INFO:root:Robust plan is 0: 124.7
INFO:root:Postgres plan: 534.6
INFO:root:14
INFO:root:
    SELECT MIN(mc.note) AS production_note,
       MIN(t.title) AS movie_title,
       MIN(t.production_year) AS movie_year
    FROM company_type AS ct,
        info_type AS it,
        movie_companies AS mc,
        movie_info_idx AS mi_idx,
        title AS t
    WHERE ct.kind = 'production companies'
    AND it.info = 'votes'
    AND mc.note IS NULL
    AND ct.id = mc.company_type_id
    AND t.id = mc.movie_id
    AND t.id = mi_idx.movie_id
    AND mc.movie_id = mi_idx.movie_id
    AND it.id = mi_idx.info_type_id;
    
INFO:root:--- PQO: Need 5.224313649572678 samples to be accurate, We have 100
INFO:root:Nearest query is 1
INFO:root:Current Query: ["ct.kind = 'production companies'", 'votes', 'mc.note IS NULL']
INFO:root:Robust plan is 0: 714.1
INFO:root:Postgres plan: 1009.9
INFO:root:15
INFO:root:
    SELECT MIN(mc.note) AS production_note,
       MIN(t.title) AS movie_title,
       MIN(t.production_year) AS movie_year
    FROM company_type AS ct,
        info_type AS it,
        movie_companies AS mc,
        movie_info_idx AS mi_idx,
        title AS t
    WHERE ct.kind = 'production companies'
    AND it.info = 'rating'
    AND mc.note NOT LIKE '%(USA)%'
  AND mc.note LIKE '%(200%)%'
    AND ct.id = mc.company_type_id
    AND t.id = mc.movie_id
    AND t.id = mi_idx.movie_id
    AND mc.movie_id = mi_idx.movie_id
    AND it.id = mi_idx.info_type_id;
    
INFO:root:--- PQO: Need 14.60555624231666 samples to be accurate, We have 100
INFO:root:Nearest query is 1
INFO:root:Current Query: ["ct.kind = 'production companies'", 'rating', "mc.note NOT LIKE '%(USA)%'\n  AND mc.note LIKE '%(200%)%'"]
INFO:root:Robust plan is 0: 231.9
INFO:root:Postgres plan: 535.0
INFO:root:16
INFO:root:
    SELECT MIN(mc.note) AS production_note,
       MIN(t.title) AS movie_title,
       MIN(t.production_year) AS movie_year
    FROM company_type AS ct,
        info_type AS it,
        movie_companies AS mc,
        movie_info_idx AS mi_idx,
        title AS t
    WHERE ct.kind = 'production companies'
    AND it.info = 'votes'
    AND mc.note LIKE '%(200%)%' AND (mc.note LIKE '%(USA)%' OR mc.note LIKE '%(worldwide)%')
    AND ct.id = mc.company_type_id
    AND t.id = mc.movie_id
    AND t.id = mi_idx.movie_id
    AND mc.movie_id = mi_idx.movie_id
    AND it.id = mi_idx.info_type_id;
    
INFO:root:--- PQO: Need 3.218381742010456 samples to be accurate, We have 100
INFO:root:Nearest query is 0
INFO:root:Current Query: ["ct.kind = 'production companies'", 'votes', "mc.note LIKE '%(200%)%' AND (mc.note LIKE '%(USA)%' OR mc.note LIKE '%(worldwide)%')"]
INFO:root:Robust plan is 0: 121.3
INFO:root:Postgres plan: 530.4
INFO:root:17
INFO:root:
    SELECT MIN(mc.note) AS production_note,
       MIN(t.title) AS movie_title,
       MIN(t.production_year) AS movie_year
    FROM company_type AS ct,
        info_type AS it,
        movie_companies AS mc,
        movie_info_idx AS mi_idx,
        title AS t
    WHERE ct.kind = 'production companies'
    AND it.info = 'rating'
    AND mc.note IS NOT NULL
    AND ct.id = mc.company_type_id
    AND t.id = mc.movie_id
    AND t.id = mi_idx.movie_id
    AND mc.movie_id = mi_idx.movie_id
    AND it.id = mi_idx.info_type_id;
    
INFO:root:--- PQO: Need 2.6350484019633504 samples to be accurate, We have 100
INFO:root:Nearest query is 1
INFO:root:Current Query: ["ct.kind = 'production companies'", 'rating', 'mc.note IS NOT NULL']
INFO:root:Robust plan is 0: 315.6
INFO:root:Postgres plan: 649.6
INFO:root:18
INFO:root:
    SELECT MIN(mc.note) AS production_note,
       MIN(t.title) AS movie_title,
       MIN(t.production_year) AS movie_year
    FROM company_type AS ct,
        info_type AS it,
        movie_companies AS mc,
        movie_info_idx AS mi_idx,
        title AS t
    WHERE ct.kind = 'production companies'
    AND it.info = 'votes'
    AND mc.note NOT LIKE '%(USA)%'
  AND mc.note LIKE '%(200%)%'
    AND ct.id = mc.company_type_id
    AND t.id = mc.movie_id
    AND t.id = mi_idx.movie_id
    AND mc.movie_id = mi_idx.movie_id
    AND it.id = mi_idx.info_type_id;
    
INFO:root:--- PQO: Need 36.96343635182621 samples to be accurate, We have 100
INFO:root:Nearest query is 1
INFO:root:Current Query: ["ct.kind = 'production companies'", 'votes', "mc.note NOT LIKE '%(USA)%'\n  AND mc.note LIKE '%(200%)%'"]
INFO:root:Robust plan is 0: 231.3
INFO:root:Postgres plan: 537.2
INFO:root:19
INFO:root:
    SELECT MIN(mc.note) AS production_note,
       MIN(t.title) AS movie_title,
       MIN(t.production_year) AS movie_year
    FROM company_type AS ct,
        info_type AS it,
        movie_companies AS mc,
        movie_info_idx AS mi_idx,
        title AS t
    WHERE ct.kind = 'production companies'
    AND it.info = 'votes'
    AND mc.note NOT LIKE '%(USA)%'
  AND mc.note LIKE '%(200%)%'
    AND ct.id = mc.company_type_id
    AND t.id = mc.movie_id
    AND t.id = mi_idx.movie_id
    AND mc.movie_id = mi_idx.movie_id
    AND it.id = mi_idx.info_type_id;
    
INFO:root:--- PQO: Need 222.93871339205467 samples to be accurate, We have 100
INFO:root:Nearest query is 0
INFO:root:Current Query: ["ct.kind = 'production companies'", 'votes', "mc.note NOT LIKE '%(USA)%'\n  AND mc.note LIKE '%(200%)%'"]
INFO:root:Robust plan is 0: 128.3
INFO:root:Postgres plan: 543.1
INFO:root:20
INFO:root:
    SELECT MIN(mc.note) AS production_note,
       MIN(t.title) AS movie_title,
       MIN(t.production_year) AS movie_year
    FROM company_type AS ct,
        info_type AS it,
        movie_companies AS mc,
        movie_info_idx AS mi_idx,
        title AS t
    WHERE ct.kind = 'production companies'
    AND it.info = 'rating'
    AND mc.note NOT LIKE '%(as Metro-Goldwyn-Mayer Pictures)%' AND (mc.note LIKE '%(co-production)%')
    AND ct.id = mc.company_type_id
    AND t.id = mc.movie_id
    AND t.id = mi_idx.movie_id
    AND mc.movie_id = mi_idx.movie_id
    AND it.id = mi_idx.info_type_id;
    
INFO:root:--- PQO: Need 3535690.903484219 samples to be accurate, We have 100
INFO:root:21
INFO:root:
    SELECT MIN(mc.note) AS production_note,
       MIN(t.title) AS movie_title,
       MIN(t.production_year) AS movie_year
    FROM company_type AS ct,
        info_type AS it,
        movie_companies AS mc,
        movie_info_idx AS mi_idx,
        title AS t
    WHERE ct.kind = 'production companies'
    AND it.info = 'votes'
    AND mc.note IS NULL
    AND ct.id = mc.company_type_id
    AND t.id = mc.movie_id
    AND t.id = mi_idx.movie_id
    AND mc.movie_id = mi_idx.movie_id
    AND it.id = mi_idx.info_type_id;
    
INFO:root:--- PQO: Need 1.7540834134426273 samples to be accurate, We have 100
INFO:root:Nearest query is 1
INFO:root:Current Query: ["ct.kind = 'production companies'", 'votes', 'mc.note IS NULL']
INFO:root:Robust plan is 0: 688.7
INFO:root:Postgres plan: 1003.8
INFO:root:22
INFO:root:
    SELECT MIN(mc.note) AS production_note,
       MIN(t.title) AS movie_title,
       MIN(t.production_year) AS movie_year
    FROM company_type AS ct,
        info_type AS it,
        movie_companies AS mc,
        movie_info_idx AS mi_idx,
        title AS t
    WHERE ct.kind IS NOT NULL AND (ct.kind ='production companies' OR ct.kind = 'distributors')
    AND it.info = 'votes'
    AND mc.note LIKE '%(VHS)%' AND mc.note LIKE '%(USA)%' AND mc.note LIKE '%(1994)%'
    AND ct.id = mc.company_type_id
    AND t.id = mc.movie_id
    AND t.id = mi_idx.movie_id
    AND mc.movie_id = mi_idx.movie_id
    AND it.id = mi_idx.info_type_id;
    
INFO:root:--- PQO: Need 1.0471364861261466e+17 samples to be accurate, We have 100
INFO:root:23
INFO:root:
    SELECT MIN(mc.note) AS production_note,
       MIN(t.title) AS movie_title,
       MIN(t.production_year) AS movie_year
    FROM company_type AS ct,
        info_type AS it,
        movie_companies AS mc,
        movie_info_idx AS mi_idx,
        title AS t
    WHERE ct.kind = 'production companies'
    AND it.info = 'votes'
    AND mc.note NOT LIKE '%(as Metro-Goldwyn-Mayer Pictures)%'
    AND ct.id = mc.company_type_id
    AND t.id = mc.movie_id
    AND t.id = mi_idx.movie_id
    AND mc.movie_id = mi_idx.movie_id
    AND it.id = mi_idx.info_type_id;
    
INFO:root:--- PQO: Need 0.8808940799640281 samples to be accurate, We have 100
INFO:root:Nearest query is 1
INFO:root:Current Query: ["ct.kind = 'production companies'", 'votes', "mc.note NOT LIKE '%(as Metro-Goldwyn-Mayer Pictures)%'"]
INFO:root:Robust plan is 0: 341.0
INFO:root:Postgres plan: 669.0
INFO:root:24
INFO:root:
    SELECT MIN(mc.note) AS production_note,
       MIN(t.title) AS movie_title,
       MIN(t.production_year) AS movie_year
    FROM company_type AS ct,
        info_type AS it,
        movie_companies AS mc,
        movie_info_idx AS mi_idx,
        title AS t
    WHERE ct.kind = 'production companies'
    AND it.info = 'rating'
    AND mc.note LIKE '%(Blu-ray)%'
    AND ct.id = mc.company_type_id
    AND t.id = mc.movie_id
    AND t.id = mi_idx.movie_id
    AND mc.movie_id = mi_idx.movie_id
    AND it.id = mi_idx.info_type_id;
    
INFO:root:--- PQO: Need 0.569453967648194 samples to be accurate, We have 100
INFO:root:Nearest query is 2
INFO:root:Current Query: ["ct.kind = 'production companies'", 'rating', "mc.note LIKE '%(Blu-ray)%'"]
INFO:root:Robust plan is 0: 107.2
INFO:root:Postgres plan: 512.2
INFO:root:25
INFO:root:
    SELECT MIN(mc.note) AS production_note,
       MIN(t.title) AS movie_title,
       MIN(t.production_year) AS movie_year
    FROM company_type AS ct,
        info_type AS it,
        movie_companies AS mc,
        movie_info_idx AS mi_idx,
        title AS t
    WHERE ct.kind = 'production companies'
    AND it.info = 'rating'
    AND mc.note LIKE '%(200%)%' AND mc.note LIKE '%(worldwide)%'
    AND ct.id = mc.company_type_id
    AND t.id = mc.movie_id
    AND t.id = mi_idx.movie_id
    AND mc.movie_id = mi_idx.movie_id
    AND it.id = mi_idx.info_type_id;
    
INFO:root:--- PQO: Need 3.2770160721484802 samples to be accurate, We have 100
INFO:root:Nearest query is 0
INFO:root:Current Query: ["ct.kind = 'production companies'", 'rating', "mc.note LIKE '%(200%)%' AND mc.note LIKE '%(worldwide)%'"]
INFO:root:Robust plan is 0: 116.8
INFO:root:Postgres plan: 516.4
INFO:root:26
INFO:root:
    SELECT MIN(mc.note) AS production_note,
       MIN(t.title) AS movie_title,
       MIN(t.production_year) AS movie_year
    FROM company_type AS ct,
        info_type AS it,
        movie_companies AS mc,
        movie_info_idx AS mi_idx,
        title AS t
    WHERE ct.kind = 'production companies'
    AND it.info = 'votes'
    AND mc.note IS NOT NULL
    AND ct.id = mc.company_type_id
    AND t.id = mc.movie_id
    AND t.id = mi_idx.movie_id
    AND mc.movie_id = mi_idx.movie_id
    AND it.id = mi_idx.info_type_id;
    
INFO:root:--- PQO: Need 0.9655858343298378 samples to be accurate, We have 100
INFO:root:Nearest query is 1
INFO:root:Current Query: ["ct.kind = 'production companies'", 'votes', 'mc.note IS NOT NULL']
INFO:root:Robust plan is 0: 325.6
INFO:root:Postgres plan: 653.4
INFO:root:27
INFO:root:
    SELECT MIN(mc.note) AS production_note,
       MIN(t.title) AS movie_title,
       MIN(t.production_year) AS movie_year
    FROM company_type AS ct,
        info_type AS it,
        movie_companies AS mc,
        movie_info_idx AS mi_idx,
        title AS t
    WHERE ct.kind = 'production companies'
    AND it.info = 'rating'
    AND mc.note IS NULL
    AND ct.id = mc.company_type_id
    AND t.id = mc.movie_id
    AND t.id = mi_idx.movie_id
    AND mc.movie_id = mi_idx.movie_id
    AND it.id = mi_idx.info_type_id;
    
INFO:root:--- PQO: Need 0.8862221761318857 samples to be accurate, We have 100
INFO:root:Nearest query is 1
INFO:root:Current Query: ["ct.kind = 'production companies'", 'rating', 'mc.note IS NULL']
INFO:root:Robust plan is 0: 687.9
INFO:root:Postgres plan: 1007.8
INFO:root:28
INFO:root:
    SELECT MIN(mc.note) AS production_note,
       MIN(t.title) AS movie_title,
       MIN(t.production_year) AS movie_year
    FROM company_type AS ct,
        info_type AS it,
        movie_companies AS mc,
        movie_info_idx AS mi_idx,
        title AS t
    WHERE ct.kind = 'production companies'
    AND it.info = 'votes'
    AND mc.note NOT LIKE '%(USA)%'
  AND mc.note LIKE '%(200%)%'
    AND ct.id = mc.company_type_id
    AND t.id = mc.movie_id
    AND t.id = mi_idx.movie_id
    AND mc.movie_id = mi_idx.movie_id
    AND it.id = mi_idx.info_type_id;
    
INFO:root:--- PQO: Need 9.91824725919433 samples to be accurate, We have 100
INFO:root:Nearest query is 0
INFO:root:Current Query: ["ct.kind = 'production companies'", 'votes', "mc.note NOT LIKE '%(USA)%'\n  AND mc.note LIKE '%(200%)%'"]
INFO:root:Robust plan is 0: 130.6
INFO:root:Postgres plan: 539.2
INFO:root:29
INFO:root:
    SELECT MIN(mc.note) AS production_note,
       MIN(t.title) AS movie_title,
       MIN(t.production_year) AS movie_year
    FROM company_type AS ct,
        info_type AS it,
        movie_companies AS mc,
        movie_info_idx AS mi_idx,
        title AS t
    WHERE ct.kind = 'production companies'
    AND it.info = 'votes'
    AND mc.note IS NOT NULL AND (mc.note LIKE '%(USA)%' OR mc.note LIKE '%(worldwide)%')
    AND ct.id = mc.company_type_id
    AND t.id = mc.movie_id
    AND t.id = mi_idx.movie_id
    AND mc.movie_id = mi_idx.movie_id
    AND it.id = mi_idx.info_type_id;
    
INFO:root:--- PQO: Need 3.5523588749599933 samples to be accurate, We have 100
INFO:root:Nearest query is 1
INFO:root:Current Query: ["ct.kind = 'production companies'", 'votes', "mc.note IS NOT NULL AND (mc.note LIKE '%(USA)%' OR mc.note LIKE '%(worldwide)%')"]
INFO:root:Robust plan is 0: 248.5
INFO:root:Postgres plan: 543.3
INFO:root:30
INFO:root:
    SELECT MIN(mc.note) AS production_note,
       MIN(t.title) AS movie_title,
       MIN(t.production_year) AS movie_year
    FROM company_type AS ct,
        info_type AS it,
        movie_companies AS mc,
        movie_info_idx AS mi_idx,
        title AS t
    WHERE ct.kind = 'production companies'
    AND it.info = 'rating'
    AND mc.note LIKE '%(200%)%' AND (mc.note LIKE '%(USA)%' OR mc.note LIKE '%(worldwide)%')
    AND ct.id = mc.company_type_id
    AND t.id = mc.movie_id
    AND t.id = mi_idx.movie_id
    AND mc.movie_id = mi_idx.movie_id
    AND it.id = mi_idx.info_type_id;
    
INFO:root:--- PQO: Need 28.718452171576196 samples to be accurate, We have 100
INFO:root:Nearest query is 1
INFO:root:Current Query: ["ct.kind = 'production companies'", 'rating', "mc.note LIKE '%(200%)%' AND (mc.note LIKE '%(USA)%' OR mc.note LIKE '%(worldwide)%')"]
INFO:root:Robust plan is 0: 234.6
INFO:root:Postgres plan: 528.7
INFO:root:31
INFO:root:
    SELECT MIN(mc.note) AS production_note,
       MIN(t.title) AS movie_title,
       MIN(t.production_year) AS movie_year
    FROM company_type AS ct,
        info_type AS it,
        movie_companies AS mc,
        movie_info_idx AS mi_idx,
        title AS t
    WHERE ct.kind = 'production companies'
    AND it.info = 'votes'
    AND mc.note LIKE '%(200%)%' AND mc.note LIKE '%(worldwide)%'
    AND ct.id = mc.company_type_id
    AND t.id = mc.movie_id
    AND t.id = mi_idx.movie_id
    AND mc.movie_id = mi_idx.movie_id
    AND it.id = mi_idx.info_type_id;
    
INFO:root:--- PQO: Need 26.57541821287293 samples to be accurate, We have 100
INFO:root:Nearest query is 1
INFO:root:Current Query: ["ct.kind = 'production companies'", 'votes', "mc.note LIKE '%(200%)%' AND mc.note LIKE '%(worldwide)%'"]
INFO:root:Robust plan is 0: 221.7
INFO:root:Postgres plan: 520.9
INFO:root:32
INFO:root:
    SELECT MIN(mc.note) AS production_note,
       MIN(t.title) AS movie_title,
       MIN(t.production_year) AS movie_year
    FROM company_type AS ct,
        info_type AS it,
        movie_companies AS mc,
        movie_info_idx AS mi_idx,
        title AS t
    WHERE ct.kind = 'production companies'
    AND it.info = 'votes'
    AND mc.note IS NOT NULL AND (mc.note LIKE '%(USA)%' OR mc.note LIKE '%(worldwide)%')
    AND ct.id = mc.company_type_id
    AND t.id = mc.movie_id
    AND t.id = mi_idx.movie_id
    AND mc.movie_id = mi_idx.movie_id
    AND it.id = mi_idx.info_type_id;
    
INFO:root:--- PQO: Need 7.074103163122193 samples to be accurate, We have 100
INFO:root:Nearest query is 1
INFO:root:Current Query: ["ct.kind = 'production companies'", 'votes', "mc.note IS NOT NULL AND (mc.note LIKE '%(USA)%' OR mc.note LIKE '%(worldwide)%')"]
INFO:root:Robust plan is 0: 244.4
INFO:root:Postgres plan: 546.9
INFO:root:33
INFO:root:
    SELECT MIN(mc.note) AS production_note,
       MIN(t.title) AS movie_title,
       MIN(t.production_year) AS movie_year
    FROM company_type AS ct,
        info_type AS it,
        movie_companies AS mc,
        movie_info_idx AS mi_idx,
        title AS t
    WHERE ct.kind = 'production companies'
    AND it.info = 'rating'
    AND mc.note NOT LIKE '%(USA)%'
  AND mc.note LIKE '%(200%)%'
    AND ct.id = mc.company_type_id
    AND t.id = mc.movie_id
    AND t.id = mi_idx.movie_id
    AND mc.movie_id = mi_idx.movie_id
    AND it.id = mi_idx.info_type_id;
    
INFO:root:--- PQO: Need 575610764371.6088 samples to be accurate, We have 100
INFO:root:34
INFO:root:
    SELECT MIN(mc.note) AS production_note,
       MIN(t.title) AS movie_title,
       MIN(t.production_year) AS movie_year
    FROM company_type AS ct,
        info_type AS it,
        movie_companies AS mc,
        movie_info_idx AS mi_idx,
        title AS t
    WHERE ct.kind != 'production companies' AND ct.kind IS NOT NULL
    AND it.info = 'votes'
    AND mc.note NOT LIKE '%(as Metro-Goldwyn-Mayer Pictures)%' AND (mc.note LIKE '%(co-production)%')
    AND ct.id = mc.company_type_id
    AND t.id = mc.movie_id
    AND t.id = mi_idx.movie_id
    AND mc.movie_id = mi_idx.movie_id
    AND it.id = mi_idx.info_type_id;
    
INFO:root:--- PQO: Need 0.13595052381348888 samples to be accurate, We have 100
INFO:root:Nearest query is 0
INFO:root:Current Query: ["ct.kind != 'production companies' AND ct.kind IS NOT NULL", 'votes', "mc.note NOT LIKE '%(as Metro-Goldwyn-Mayer Pictures)%' AND (mc.note LIKE '%(co-production)%')"]
INFO:root:Robust plan is 0: 133.4
INFO:root:Postgres plan: 524.9
INFO:root:35
INFO:root:
    SELECT MIN(mc.note) AS production_note,
       MIN(t.title) AS movie_title,
       MIN(t.production_year) AS movie_year
    FROM company_type AS ct,
        info_type AS it,
        movie_companies AS mc,
        movie_info_idx AS mi_idx,
        title AS t
    WHERE ct.kind = 'production companies'
    AND it.info = 'rating'
    AND mc.note IS NULL
    AND ct.id = mc.company_type_id
    AND t.id = mc.movie_id
    AND t.id = mi_idx.movie_id
    AND mc.movie_id = mi_idx.movie_id
    AND it.id = mi_idx.info_type_id;
    
INFO:root:--- PQO: Need 3.050252174598141 samples to be accurate, We have 100
INFO:root:Nearest query is 1
INFO:root:Current Query: ["ct.kind = 'production companies'", 'rating', 'mc.note IS NULL']
INFO:root:Robust plan is 0: 684.2
INFO:root:Postgres plan: 1009.8
INFO:root:36
INFO:root:
    SELECT MIN(mc.note) AS production_note,
       MIN(t.title) AS movie_title,
       MIN(t.production_year) AS movie_year
    FROM company_type AS ct,
        info_type AS it,
        movie_companies AS mc,
        movie_info_idx AS mi_idx,
        title AS t
    WHERE ct.kind = 'production companies'
    AND it.info = 'bottom 10 rank'
    AND mc.note LIKE '%(Blu-ray)%'
    AND ct.id = mc.company_type_id
    AND t.id = mc.movie_id
    AND t.id = mi_idx.movie_id
    AND mc.movie_id = mi_idx.movie_id
    AND it.id = mi_idx.info_type_id;
    
INFO:root:--- PQO: Need 0.6183676715060261 samples to be accurate, We have 100
INFO:root:Nearest query is 2
INFO:root:Current Query: ["ct.kind = 'production companies'", 'bottom 10 rank', "mc.note LIKE '%(Blu-ray)%'"]
INFO:root:Robust plan is 0: 109.7
INFO:root:Postgres plan: 89.9
INFO:root:37
INFO:root:
    SELECT MIN(mc.note) AS production_note,
       MIN(t.title) AS movie_title,
       MIN(t.production_year) AS movie_year
    FROM company_type AS ct,
        info_type AS it,
        movie_companies AS mc,
        movie_info_idx AS mi_idx,
        title AS t
    WHERE ct.kind = 'production companies'
    AND it.info = 'bottom 10 rank'
    AND mc.note IS NULL
    AND ct.id = mc.company_type_id
    AND t.id = mc.movie_id
    AND t.id = mi_idx.movie_id
    AND mc.movie_id = mi_idx.movie_id
    AND it.id = mi_idx.info_type_id;
    
INFO:root:--- PQO: Need 1.859419855189687 samples to be accurate, We have 100
INFO:root:Nearest query is 1
INFO:root:Current Query: ["ct.kind = 'production companies'", 'bottom 10 rank', 'mc.note IS NULL']
INFO:root:Robust plan is 0: 209.9
INFO:root:Postgres plan: 87.0
INFO:root:38
INFO:root:
    SELECT MIN(mc.note) AS production_note,
       MIN(t.title) AS movie_title,
       MIN(t.production_year) AS movie_year
    FROM company_type AS ct,
        info_type AS it,
        movie_companies AS mc,
        movie_info_idx AS mi_idx,
        title AS t
    WHERE ct.kind = 'production companies'
    AND it.info = 'rating'
    AND mc.note IS NOT NULL AND (mc.note LIKE '%(USA)%' OR mc.note LIKE '%(worldwide)%')
    AND ct.id = mc.company_type_id
    AND t.id = mc.movie_id
    AND t.id = mi_idx.movie_id
    AND mc.movie_id = mi_idx.movie_id
    AND it.id = mi_idx.info_type_id;
    
INFO:root:--- PQO: Need 8.286032531035923 samples to be accurate, We have 100
INFO:root:Nearest query is 1
INFO:root:Current Query: ["ct.kind = 'production companies'", 'rating', "mc.note IS NOT NULL AND (mc.note LIKE '%(USA)%' OR mc.note LIKE '%(worldwide)%')"]
INFO:root:Robust plan is 0: 247.9
INFO:root:Postgres plan: 552.3
INFO:root:39
INFO:root:
    SELECT MIN(mc.note) AS production_note,
       MIN(t.title) AS movie_title,
       MIN(t.production_year) AS movie_year
    FROM company_type AS ct,
        info_type AS it,
        movie_companies AS mc,
        movie_info_idx AS mi_idx,
        title AS t
    WHERE ct.kind = 'production companies'
    AND it.info = 'votes'
    AND mc.note IS NULL
    AND ct.id = mc.company_type_id
    AND t.id = mc.movie_id
    AND t.id = mi_idx.movie_id
    AND mc.movie_id = mi_idx.movie_id
    AND it.id = mi_idx.info_type_id;
    
INFO:root:--- PQO: Need 306559021.0729614 samples to be accurate, We have 100
INFO:root:40
INFO:root:
    SELECT MIN(mc.note) AS production_note,
       MIN(t.title) AS movie_title,
       MIN(t.production_year) AS movie_year
    FROM company_type AS ct,
        info_type AS it,
        movie_companies AS mc,
        movie_info_idx AS mi_idx,
        title AS t
    WHERE ct.kind = 'production companies'
    AND it.info = 'votes'
    AND mc.note LIKE '%(200%)%' AND (mc.note LIKE '%(USA)%' OR mc.note LIKE '%(worldwide)%')
    AND ct.id = mc.company_type_id
    AND t.id = mc.movie_id
    AND t.id = mi_idx.movie_id
    AND mc.movie_id = mi_idx.movie_id
    AND it.id = mi_idx.info_type_id;
    
INFO:root:--- PQO: Need 0.8707233306125576 samples to be accurate, We have 100
INFO:root:Nearest query is 0
INFO:root:Current Query: ["ct.kind = 'production companies'", 'votes', "mc.note LIKE '%(200%)%' AND (mc.note LIKE '%(USA)%' OR mc.note LIKE '%(worldwide)%')"]
INFO:root:Robust plan is 0: 120.1
INFO:root:Postgres plan: 535.3
INFO:root:41
INFO:root:
    SELECT MIN(mc.note) AS production_note,
       MIN(t.title) AS movie_title,
       MIN(t.production_year) AS movie_year
    FROM company_type AS ct,
        info_type AS it,
        movie_companies AS mc,
        movie_info_idx AS mi_idx,
        title AS t
    WHERE ct.kind = 'production companies'
    AND it.info = 'bottom 10 rank'
    AND mc.note NOT LIKE '%(as Metro-Goldwyn-Mayer Pictures)%' AND (mc.note LIKE '%(co-production)%' OR mc.note LIKE '%(presents)%')
    AND ct.id = mc.company_type_id
    AND t.id = mc.movie_id
    AND t.id = mi_idx.movie_id
    AND mc.movie_id = mi_idx.movie_id
    AND it.id = mi_idx.info_type_id;
    
INFO:root:--- PQO: Need 0.8666608663663836 samples to be accurate, We have 100
INFO:root:Nearest query is 0
INFO:root:Current Query: ["ct.kind = 'production companies'", 'bottom 10 rank', "mc.note NOT LIKE '%(as Metro-Goldwyn-Mayer Pictures)%' AND (mc.note LIKE '%(co-production)%' OR mc.note LIKE '%(presents)%')"]
INFO:root:Robust plan is 0: 231.9
INFO:root:Postgres plan: 91.0
INFO:root:42
INFO:root:
    SELECT MIN(mc.note) AS production_note,
       MIN(t.title) AS movie_title,
       MIN(t.production_year) AS movie_year
    FROM company_type AS ct,
        info_type AS it,
        movie_companies AS mc,
        movie_info_idx AS mi_idx,
        title AS t
    WHERE ct.kind = 'production companies'
    AND it.info = 'rating'
    AND mc.note NOT LIKE '%(as Metro-Goldwyn-Mayer Pictures)%'
    AND ct.id = mc.company_type_id
    AND t.id = mc.movie_id
    AND t.id = mi_idx.movie_id
    AND mc.movie_id = mi_idx.movie_id
    AND it.id = mi_idx.info_type_id;
    
INFO:root:--- PQO: Need 0.25943497736532994 samples to be accurate, We have 100
INFO:root:Nearest query is 1
INFO:root:Current Query: ["ct.kind = 'production companies'", 'rating', "mc.note NOT LIKE '%(as Metro-Goldwyn-Mayer Pictures)%'"]
INFO:root:Robust plan is 0: 347.7
INFO:root:Postgres plan: 680.8
INFO:root:43
INFO:root:
    SELECT MIN(mc.note) AS production_note,
       MIN(t.title) AS movie_title,
       MIN(t.production_year) AS movie_year
    FROM company_type AS ct,
        info_type AS it,
        movie_companies AS mc,
        movie_info_idx AS mi_idx,
        title AS t
    WHERE ct.kind = 'production companies'
    AND it.info = 'votes'
    AND mc.note IS NULL
    AND ct.id = mc.company_type_id
    AND t.id = mc.movie_id
    AND t.id = mi_idx.movie_id
    AND mc.movie_id = mi_idx.movie_id
    AND it.id = mi_idx.info_type_id;
    
INFO:root:--- PQO: Need 1.81796753368573 samples to be accurate, We have 100
INFO:root:Nearest query is 1
INFO:root:Current Query: ["ct.kind = 'production companies'", 'votes', 'mc.note IS NULL']
INFO:root:Robust plan is 0: 696.4
INFO:root:Postgres plan: 1005.5
INFO:root:44
INFO:root:
    SELECT MIN(mc.note) AS production_note,
       MIN(t.title) AS movie_title,
       MIN(t.production_year) AS movie_year
    FROM company_type AS ct,
        info_type AS it,
        movie_companies AS mc,
        movie_info_idx AS mi_idx,
        title AS t
    WHERE ct.kind != 'production companies' AND ct.kind IS NOT NULL
    AND it.info = 'rating'
    AND mc.note IS NOT NULL
    AND ct.id = mc.company_type_id
    AND t.id = mc.movie_id
    AND t.id = mi_idx.movie_id
    AND mc.movie_id = mi_idx.movie_id
    AND it.id = mi_idx.info_type_id;
    
INFO:root:--- PQO: Need 6158606622.32031 samples to be accurate, We have 100
INFO:root:45
INFO:root:
    SELECT MIN(mc.note) AS production_note,
       MIN(t.title) AS movie_title,
       MIN(t.production_year) AS movie_year
    FROM company_type AS ct,
        info_type AS it,
        movie_companies AS mc,
        movie_info_idx AS mi_idx,
        title AS t
    WHERE ct.kind = 'production companies'
    AND it.info = 'rating'
    AND mc.note IS NULL
    AND ct.id = mc.company_type_id
    AND t.id = mc.movie_id
    AND t.id = mi_idx.movie_id
    AND mc.movie_id = mi_idx.movie_id
    AND it.id = mi_idx.info_type_id;
    
INFO:root:--- PQO: Need 0.9770732946709988 samples to be accurate, We have 100
INFO:root:Nearest query is 1
INFO:root:Current Query: ["ct.kind = 'production companies'", 'rating', 'mc.note IS NULL']
INFO:root:Robust plan is 0: 687.4
INFO:root:Postgres plan: 1006.7
INFO:root:46
INFO:root:
    SELECT MIN(mc.note) AS production_note,
       MIN(t.title) AS movie_title,
       MIN(t.production_year) AS movie_year
    FROM company_type AS ct,
        info_type AS it,
        movie_companies AS mc,
        movie_info_idx AS mi_idx,
        title AS t
    WHERE ct.kind = 'production companies'
    AND it.info = 'rating'
    AND mc.note IS NULL
    AND ct.id = mc.company_type_id
    AND t.id = mc.movie_id
    AND t.id = mi_idx.movie_id
    AND mc.movie_id = mi_idx.movie_id
    AND it.id = mi_idx.info_type_id;
    
INFO:root:--- PQO: Need 0.7064648398497919 samples to be accurate, We have 100
INFO:root:Nearest query is 1
INFO:root:Current Query: ["ct.kind = 'production companies'", 'rating', 'mc.note IS NULL']
INFO:root:Robust plan is 0: 682.7
INFO:root:Postgres plan: 1006.6
INFO:root:47
INFO:root:
    SELECT MIN(mc.note) AS production_note,
       MIN(t.title) AS movie_title,
       MIN(t.production_year) AS movie_year
    FROM company_type AS ct,
        info_type AS it,
        movie_companies AS mc,
        movie_info_idx AS mi_idx,
        title AS t
    WHERE ct.kind != 'production companies' AND ct.kind IS NOT NULL
    AND it.info = 'votes'
    AND mc.note NOT LIKE '%(USA)%'
  AND mc.note LIKE '%(200%)%'
    AND ct.id = mc.company_type_id
    AND t.id = mc.movie_id
    AND t.id = mi_idx.movie_id
    AND mc.movie_id = mi_idx.movie_id
    AND it.id = mi_idx.info_type_id;
    
INFO:root:--- PQO: Need 6.399014278701721 samples to be accurate, We have 100
INFO:root:Nearest query is 0
INFO:root:Current Query: ["ct.kind != 'production companies' AND ct.kind IS NOT NULL", 'votes', "mc.note NOT LIKE '%(USA)%'\n  AND mc.note LIKE '%(200%)%'"]
INFO:root:Robust plan is 0: 122.7
INFO:root:Postgres plan: 535.6
INFO:root:48
INFO:root:
    SELECT MIN(mc.note) AS production_note,
       MIN(t.title) AS movie_title,
       MIN(t.production_year) AS movie_year
    FROM company_type AS ct,
        info_type AS it,
        movie_companies AS mc,
        movie_info_idx AS mi_idx,
        title AS t
    WHERE ct.kind = 'production companies'
    AND it.info = 'rating'
    AND mc.note IS NOT NULL AND (mc.note LIKE '%(USA)%' OR mc.note LIKE '%(worldwide)%')
    AND ct.id = mc.company_type_id
    AND t.id = mc.movie_id
    AND t.id = mi_idx.movie_id
    AND mc.movie_id = mi_idx.movie_id
    AND it.id = mi_idx.info_type_id;
    
INFO:root:--- PQO: Need 1.2023438974193714 samples to be accurate, We have 100
INFO:root:Nearest query is 0
INFO:root:Current Query: ["ct.kind = 'production companies'", 'rating', "mc.note IS NOT NULL AND (mc.note LIKE '%(USA)%' OR mc.note LIKE '%(worldwide)%')"]
INFO:root:Robust plan is 0: 136.4
INFO:root:Postgres plan: 552.4
INFO:root:49
INFO:root:
    SELECT MIN(mc.note) AS production_note,
       MIN(t.title) AS movie_title,
       MIN(t.production_year) AS movie_year
    FROM company_type AS ct,
        info_type AS it,
        movie_companies AS mc,
        movie_info_idx AS mi_idx,
        title AS t
    WHERE ct.kind = 'production companies'
    AND it.info = 'votes'
    AND mc.note IS NULL
    AND ct.id = mc.company_type_id
    AND t.id = mc.movie_id
    AND t.id = mi_idx.movie_id
    AND mc.movie_id = mi_idx.movie_id
    AND it.id = mi_idx.info_type_id;
    
INFO:root:--- PQO: Need 8387756416.606448 samples to be accurate, We have 100
INFO:root:50
INFO:root:
    SELECT MIN(mc.note) AS production_note,
       MIN(t.title) AS movie_title,
       MIN(t.production_year) AS movie_year
    FROM company_type AS ct,
        info_type AS it,
        movie_companies AS mc,
        movie_info_idx AS mi_idx,
        title AS t
    WHERE ct.kind = 'production companies'
    AND it.info = 'bottom 10 rank'
    AND mc.note IS NULL
    AND ct.id = mc.company_type_id
    AND t.id = mc.movie_id
    AND t.id = mi_idx.movie_id
    AND mc.movie_id = mi_idx.movie_id
    AND it.id = mi_idx.info_type_id;
    
INFO:root:--- PQO: Need 1.6330821673144618 samples to be accurate, We have 100
INFO:root:Nearest query is 1
INFO:root:Current Query: ["ct.kind = 'production companies'", 'bottom 10 rank', 'mc.note IS NULL']
INFO:root:Robust plan is 0: 204.9
INFO:root:Postgres plan: 90.1
INFO:root:51
INFO:root:
    SELECT MIN(mc.note) AS production_note,
       MIN(t.title) AS movie_title,
       MIN(t.production_year) AS movie_year
    FROM company_type AS ct,
        info_type AS it,
        movie_companies AS mc,
        movie_info_idx AS mi_idx,
        title AS t
    WHERE ct.kind = 'production companies'
    AND it.info = 'votes'
    AND mc.note IS NOT NULL
    AND ct.id = mc.company_type_id
    AND t.id = mc.movie_id
    AND t.id = mi_idx.movie_id
    AND mc.movie_id = mi_idx.movie_id
    AND it.id = mi_idx.info_type_id;
    
INFO:root:--- PQO: Need 1.0731072704712672 samples to be accurate, We have 100
INFO:root:Nearest query is 1
INFO:root:Current Query: ["ct.kind = 'production companies'", 'votes', 'mc.note IS NOT NULL']
INFO:root:Robust plan is 0: 323.0
INFO:root:Postgres plan: 647.9
INFO:root:52
INFO:root:
    SELECT MIN(mc.note) AS production_note,
       MIN(t.title) AS movie_title,
       MIN(t.production_year) AS movie_year
    FROM company_type AS ct,
        info_type AS it,
        movie_companies AS mc,
        movie_info_idx AS mi_idx,
        title AS t
    WHERE ct.kind = 'production companies'
    AND it.info = 'rating'
    AND mc.note IS NOT NULL
    AND ct.id = mc.company_type_id
    AND t.id = mc.movie_id
    AND t.id = mi_idx.movie_id
    AND mc.movie_id = mi_idx.movie_id
    AND it.id = mi_idx.info_type_id;
    
INFO:root:--- PQO: Need 5344956.891984735 samples to be accurate, We have 100
INFO:root:53
INFO:root:
    SELECT MIN(mc.note) AS production_note,
       MIN(t.title) AS movie_title,
       MIN(t.production_year) AS movie_year
    FROM company_type AS ct,
        info_type AS it,
        movie_companies AS mc,
        movie_info_idx AS mi_idx,
        title AS t
    WHERE ct.kind != 'production companies' AND ct.kind IS NOT NULL
    AND it.info = 'votes'
    AND mc.note IS NULL
    AND ct.id = mc.company_type_id
    AND t.id = mc.movie_id
    AND t.id = mi_idx.movie_id
    AND mc.movie_id = mi_idx.movie_id
    AND it.id = mi_idx.info_type_id;
    
INFO:root:--- PQO: Need 1.425613965371099 samples to be accurate, We have 100
INFO:root:Nearest query is 1
INFO:root:Current Query: ["ct.kind != 'production companies' AND ct.kind IS NOT NULL", 'votes', 'mc.note IS NULL']
INFO:root:Robust plan is 0: 217.2
INFO:root:Postgres plan: 971.6
INFO:root:54
INFO:root:
    SELECT MIN(mc.note) AS production_note,
       MIN(t.title) AS movie_title,
       MIN(t.production_year) AS movie_year
    FROM company_type AS ct,
        info_type AS it,
        movie_companies AS mc,
        movie_info_idx AS mi_idx,
        title AS t
    WHERE ct.kind = 'production companies'
    AND it.info = 'top 250 rank'
    AND mc.note LIKE '%(Blu-ray)%'
    AND ct.id = mc.company_type_id
    AND t.id = mc.movie_id
    AND t.id = mi_idx.movie_id
    AND mc.movie_id = mi_idx.movie_id
    AND it.id = mi_idx.info_type_id;
    
INFO:root:--- PQO: Need 0.5419400532300389 samples to be accurate, We have 100
INFO:root:Nearest query is 2
INFO:root:Current Query: ["ct.kind = 'production companies'", 'top 250 rank', "mc.note LIKE '%(Blu-ray)%'"]
INFO:root:Robust plan is 0: 104.6
INFO:root:Postgres plan: 90.6
INFO:root:55
INFO:root:
    SELECT MIN(mc.note) AS production_note,
       MIN(t.title) AS movie_title,
       MIN(t.production_year) AS movie_year
    FROM company_type AS ct,
        info_type AS it,
        movie_companies AS mc,
        movie_info_idx AS mi_idx,
        title AS t
    WHERE ct.kind = 'production companies'
    AND it.info = 'rating'
    AND mc.note NOT LIKE '%(USA)%'
  AND mc.note LIKE '%(200%)%'
    AND ct.id = mc.company_type_id
    AND t.id = mc.movie_id
    AND t.id = mi_idx.movie_id
    AND mc.movie_id = mi_idx.movie_id
    AND it.id = mi_idx.info_type_id;
    
INFO:root:--- PQO: Need 2.232970189369527 samples to be accurate, We have 100
INFO:root:Nearest query is 1
INFO:root:Current Query: ["ct.kind = 'production companies'", 'rating', "mc.note NOT LIKE '%(USA)%'\n  AND mc.note LIKE '%(200%)%'"]
INFO:root:Robust plan is 0: 232.5
INFO:root:Postgres plan: 540.3
INFO:root:56
INFO:root:
    SELECT MIN(mc.note) AS production_note,
       MIN(t.title) AS movie_title,
       MIN(t.production_year) AS movie_year
    FROM company_type AS ct,
        info_type AS it,
        movie_companies AS mc,
        movie_info_idx AS mi_idx,
        title AS t
    WHERE ct.kind != 'production companies' AND ct.kind IS NOT NULL
    AND it.info = 'rating'
    AND mc.note IS NULL
    AND ct.id = mc.company_type_id
    AND t.id = mc.movie_id
    AND t.id = mi_idx.movie_id
    AND mc.movie_id = mi_idx.movie_id
    AND it.id = mi_idx.info_type_id;
    
INFO:root:--- PQO: Need 1.5463582503311222 samples to be accurate, We have 100
INFO:root:Nearest query is 1
INFO:root:Current Query: ["ct.kind != 'production companies' AND ct.kind IS NOT NULL", 'rating', 'mc.note IS NULL']
INFO:root:Robust plan is 0: 219.2
INFO:root:Postgres plan: 977.9
INFO:root:57
INFO:root:
    SELECT MIN(mc.note) AS production_note,
       MIN(t.title) AS movie_title,
       MIN(t.production_year) AS movie_year
    FROM company_type AS ct,
        info_type AS it,
        movie_companies AS mc,
        movie_info_idx AS mi_idx,
        title AS t
    WHERE ct.kind = 'production companies'
    AND it.info = 'votes'
    AND mc.note LIKE '%(Japan)%' AND mc.note NOT LIKE '%(USA)%'
    AND ct.id = mc.company_type_id
    AND t.id = mc.movie_id
    AND t.id = mi_idx.movie_id
    AND mc.movie_id = mi_idx.movie_id
    AND it.id = mi_idx.info_type_id;
    
INFO:root:--- PQO: Need 0.3522031357619253 samples to be accurate, We have 100
INFO:root:Nearest query is 0
INFO:root:Current Query: ["ct.kind = 'production companies'", 'votes', "mc.note LIKE '%(Japan)%' AND mc.note NOT LIKE '%(USA)%'"]
INFO:root:Robust plan is 0: 107.6
INFO:root:Postgres plan: 511.2
INFO:root:58
INFO:root:
    SELECT MIN(mc.note) AS production_note,
       MIN(t.title) AS movie_title,
       MIN(t.production_year) AS movie_year
    FROM company_type AS ct,
        info_type AS it,
        movie_companies AS mc,
        movie_info_idx AS mi_idx,
        title AS t
    WHERE ct.kind = 'production companies'
    AND it.info = 'top 250 rank'
    AND mc.note IS NULL
    AND ct.id = mc.company_type_id
    AND t.id = mc.movie_id
    AND t.id = mi_idx.movie_id
    AND mc.movie_id = mi_idx.movie_id
    AND it.id = mi_idx.info_type_id;
    
INFO:root:--- PQO: Need 0.42554739812732156 samples to be accurate, We have 100
INFO:root:Nearest query is 1
INFO:root:Current Query: ["ct.kind = 'production companies'", 'top 250 rank', 'mc.note IS NULL']
INFO:root:Robust plan is 0: 208.9
INFO:root:Postgres plan: 93.1
INFO:root:59
INFO:root:
    SELECT MIN(mc.note) AS production_note,
       MIN(t.title) AS movie_title,
       MIN(t.production_year) AS movie_year
    FROM company_type AS ct,
        info_type AS it,
        movie_companies AS mc,
        movie_info_idx AS mi_idx,
        title AS t
    WHERE ct.kind IS NOT NULL AND (ct.kind ='production companies' OR ct.kind = 'distributors')
    AND it.info = 'votes'
    AND mc.note IS NULL
    AND ct.id = mc.company_type_id
    AND t.id = mc.movie_id
    AND t.id = mi_idx.movie_id
    AND mc.movie_id = mi_idx.movie_id
    AND it.id = mi_idx.info_type_id;
    
INFO:root:--- PQO: Need 1.0913579341822128 samples to be accurate, We have 100
INFO:root:Nearest query is 1
INFO:root:Current Query: ["ct.kind IS NOT NULL AND (ct.kind ='production companies' OR ct.kind = 'distributors')", 'votes', 'mc.note IS NULL']
INFO:root:Robust plan is 0: 695.1
INFO:root:Postgres plan: 1021.3
INFO:root:60
INFO:root:
    SELECT MIN(mc.note) AS production_note,
       MIN(t.title) AS movie_title,
       MIN(t.production_year) AS movie_year
    FROM company_type AS ct,
        info_type AS it,
        movie_companies AS mc,
        movie_info_idx AS mi_idx,
        title AS t
    WHERE ct.kind = 'production companies'
    AND it.info = 'rating'
    AND mc.note NOT LIKE '%(USA)%'
  AND mc.note LIKE '%(200%)%'
    AND ct.id = mc.company_type_id
    AND t.id = mc.movie_id
    AND t.id = mi_idx.movie_id
    AND mc.movie_id = mi_idx.movie_id
    AND it.id = mi_idx.info_type_id;
    
INFO:root:--- PQO: Need 7.439414777398863 samples to be accurate, We have 100
INFO:root:Nearest query is 1
INFO:root:Current Query: ["ct.kind = 'production companies'", 'rating', "mc.note NOT LIKE '%(USA)%'\n  AND mc.note LIKE '%(200%)%'"]
INFO:root:Robust plan is 0: 229.0
INFO:root:Postgres plan: 538.1
INFO:root:61
INFO:root:
    SELECT MIN(mc.note) AS production_note,
       MIN(t.title) AS movie_title,
       MIN(t.production_year) AS movie_year
    FROM company_type AS ct,
        info_type AS it,
        movie_companies AS mc,
        movie_info_idx AS mi_idx,
        title AS t
    WHERE ct.kind = 'production companies'
    AND it.info = 'rating'
    AND mc.note IS NULL
    AND ct.id = mc.company_type_id
    AND t.id = mc.movie_id
    AND t.id = mi_idx.movie_id
    AND mc.movie_id = mi_idx.movie_id
    AND it.id = mi_idx.info_type_id;
    
INFO:root:--- PQO: Need 336468583.28986573 samples to be accurate, We have 100
INFO:root:62
INFO:root:
    SELECT MIN(mc.note) AS production_note,
       MIN(t.title) AS movie_title,
       MIN(t.production_year) AS movie_year
    FROM company_type AS ct,
        info_type AS it,
        movie_companies AS mc,
        movie_info_idx AS mi_idx,
        title AS t
    WHERE ct.kind = 'production companies'
    AND it.info = 'rating'
    AND mc.note NOT LIKE '%(USA)%'
  AND mc.note LIKE '%(200%)%'
    AND ct.id = mc.company_type_id
    AND t.id = mc.movie_id
    AND t.id = mi_idx.movie_id
    AND mc.movie_id = mi_idx.movie_id
    AND it.id = mi_idx.info_type_id;
    
INFO:root:--- PQO: Need 9.934257690081415 samples to be accurate, We have 100
INFO:root:Nearest query is 0
INFO:root:Current Query: ["ct.kind = 'production companies'", 'rating', "mc.note NOT LIKE '%(USA)%'\n  AND mc.note LIKE '%(200%)%'"]
INFO:root:Robust plan is 0: 128.7
INFO:root:Postgres plan: 536.6
INFO:root:63
INFO:root:
    SELECT MIN(mc.note) AS production_note,
       MIN(t.title) AS movie_title,
       MIN(t.production_year) AS movie_year
    FROM company_type AS ct,
        info_type AS it,
        movie_companies AS mc,
        movie_info_idx AS mi_idx,
        title AS t
    WHERE ct.kind != 'production companies' AND ct.kind IS NOT NULL
    AND it.info = 'votes'
    AND mc.note IS NULL
    AND ct.id = mc.company_type_id
    AND t.id = mc.movie_id
    AND t.id = mi_idx.movie_id
    AND mc.movie_id = mi_idx.movie_id
    AND it.id = mi_idx.info_type_id;
    
INFO:root:--- PQO: Need 1.5233540417488376 samples to be accurate, We have 100
INFO:root:Nearest query is 1
INFO:root:Current Query: ["ct.kind != 'production companies' AND ct.kind IS NOT NULL", 'votes', 'mc.note IS NULL']
INFO:root:Robust plan is 0: 222.8
INFO:root:Postgres plan: 977.0
INFO:root:64
INFO:root:
    SELECT MIN(mc.note) AS production_note,
       MIN(t.title) AS movie_title,
       MIN(t.production_year) AS movie_year
    FROM company_type AS ct,
        info_type AS it,
        movie_companies AS mc,
        movie_info_idx AS mi_idx,
        title AS t
    WHERE ct.kind = 'production companies'
    AND it.info = 'votes'
    AND mc.note LIKE '%(VHS)%' AND mc.note LIKE '%(USA)%' AND mc.note LIKE '%(1994)%'
    AND ct.id = mc.company_type_id
    AND t.id = mc.movie_id
    AND t.id = mi_idx.movie_id
    AND mc.movie_id = mi_idx.movie_id
    AND it.id = mi_idx.info_type_id;
    
INFO:root:--- PQO: Need 1.2691171400185262e+19 samples to be accurate, We have 100
INFO:root:65
INFO:root:
    SELECT MIN(mc.note) AS production_note,
       MIN(t.title) AS movie_title,
       MIN(t.production_year) AS movie_year
    FROM company_type AS ct,
        info_type AS it,
        movie_companies AS mc,
        movie_info_idx AS mi_idx,
        title AS t
    WHERE ct.kind = 'production companies'
    AND it.info = 'rating'
    AND mc.note IS NULL
    AND ct.id = mc.company_type_id
    AND t.id = mc.movie_id
    AND t.id = mi_idx.movie_id
    AND mc.movie_id = mi_idx.movie_id
    AND it.id = mi_idx.info_type_id;
    
INFO:root:--- PQO: Need 21202230147.69449 samples to be accurate, We have 100
INFO:root:66
INFO:root:
    SELECT MIN(mc.note) AS production_note,
       MIN(t.title) AS movie_title,
       MIN(t.production_year) AS movie_year
    FROM company_type AS ct,
        info_type AS it,
        movie_companies AS mc,
        movie_info_idx AS mi_idx,
        title AS t
    WHERE ct.kind = 'production companies'
    AND it.info = 'rating'
    AND mc.note IS NULL
    AND ct.id = mc.company_type_id
    AND t.id = mc.movie_id
    AND t.id = mi_idx.movie_id
    AND mc.movie_id = mi_idx.movie_id
    AND it.id = mi_idx.info_type_id;
    
INFO:root:--- PQO: Need 1.0396537443614788 samples to be accurate, We have 100
INFO:root:Nearest query is 1
INFO:root:Current Query: ["ct.kind = 'production companies'", 'rating', 'mc.note IS NULL']
INFO:root:Robust plan is 0: 682.8
INFO:root:Postgres plan: 995.4
INFO:root:67
INFO:root:
    SELECT MIN(mc.note) AS production_note,
       MIN(t.title) AS movie_title,
       MIN(t.production_year) AS movie_year
    FROM company_type AS ct,
        info_type AS it,
        movie_companies AS mc,
        movie_info_idx AS mi_idx,
        title AS t
    WHERE ct.kind = 'production companies'
    AND it.info = 'votes'
    AND mc.note LIKE '%(200%)%' AND (mc.note LIKE '%(USA)%' OR mc.note LIKE '%(worldwide)%')
    AND ct.id = mc.company_type_id
    AND t.id = mc.movie_id
    AND t.id = mi_idx.movie_id
    AND mc.movie_id = mi_idx.movie_id
    AND it.id = mi_idx.info_type_id;
    
INFO:root:--- PQO: Need 0.8391371676447201 samples to be accurate, We have 100
INFO:root:Nearest query is 0
INFO:root:Current Query: ["ct.kind = 'production companies'", 'votes', "mc.note LIKE '%(200%)%' AND (mc.note LIKE '%(USA)%' OR mc.note LIKE '%(worldwide)%')"]
INFO:root:Robust plan is 0: 123.8
INFO:root:Postgres plan: 532.7
INFO:root:68
INFO:root:
    SELECT MIN(mc.note) AS production_note,
       MIN(t.title) AS movie_title,
       MIN(t.production_year) AS movie_year
    FROM company_type AS ct,
        info_type AS it,
        movie_companies AS mc,
        movie_info_idx AS mi_idx,
        title AS t
    WHERE ct.kind = 'production companies'
    AND it.info = 'rating'
    AND mc.note NOT LIKE '%(as Metro-Goldwyn-Mayer Pictures)%' AND (mc.note LIKE '%(co-production)%' OR mc.note LIKE '%(presents)%')
    AND ct.id = mc.company_type_id
    AND t.id = mc.movie_id
    AND t.id = mi_idx.movie_id
    AND mc.movie_id = mi_idx.movie_id
    AND it.id = mi_idx.info_type_id;
    
INFO:root:--- PQO: Need 778521.3909877805 samples to be accurate, We have 100
INFO:root:69
INFO:root:
    SELECT MIN(mc.note) AS production_note,
       MIN(t.title) AS movie_title,
       MIN(t.production_year) AS movie_year
    FROM company_type AS ct,
        info_type AS it,
        movie_companies AS mc,
        movie_info_idx AS mi_idx,
        title AS t
    WHERE ct.kind = 'production companies'
    AND it.info = 'rating'
    AND mc.note LIKE '%(Blu-ray)%'
    AND ct.id = mc.company_type_id
    AND t.id = mc.movie_id
    AND t.id = mi_idx.movie_id
    AND mc.movie_id = mi_idx.movie_id
    AND it.id = mi_idx.info_type_id;
    
INFO:root:--- PQO: Need 1.0756082010938108 samples to be accurate, We have 100
INFO:root:Nearest query is 2
INFO:root:Current Query: ["ct.kind = 'production companies'", 'rating', "mc.note LIKE '%(Blu-ray)%'"]
INFO:root:Robust plan is 0: 107.0
INFO:root:Postgres plan: 521.4
INFO:root:70
INFO:root:
    SELECT MIN(mc.note) AS production_note,
       MIN(t.title) AS movie_title,
       MIN(t.production_year) AS movie_year
    FROM company_type AS ct,
        info_type AS it,
        movie_companies AS mc,
        movie_info_idx AS mi_idx,
        title AS t
    WHERE ct.kind = 'production companies'
    AND it.info = 'votes'
    AND mc.note NOT LIKE '%(USA)%'
  AND mc.note LIKE '%(200%)%'
    AND ct.id = mc.company_type_id
    AND t.id = mc.movie_id
    AND t.id = mi_idx.movie_id
    AND mc.movie_id = mi_idx.movie_id
    AND it.id = mi_idx.info_type_id;
    
INFO:root:--- PQO: Need 6.153031788879259 samples to be accurate, We have 100
INFO:root:Nearest query is 1
INFO:root:Current Query: ["ct.kind = 'production companies'", 'votes', "mc.note NOT LIKE '%(USA)%'\n  AND mc.note LIKE '%(200%)%'"]
INFO:root:Robust plan is 0: 240.9
INFO:root:Postgres plan: 536.9
INFO:root:71
INFO:root:
    SELECT MIN(mc.note) AS production_note,
       MIN(t.title) AS movie_title,
       MIN(t.production_year) AS movie_year
    FROM company_type AS ct,
        info_type AS it,
        movie_companies AS mc,
        movie_info_idx AS mi_idx,
        title AS t
    WHERE ct.kind = 'production companies'
    AND it.info = 'rating'
    AND mc.note NOT LIKE '%(USA)%'
  AND mc.note LIKE '%(200%)%'
    AND ct.id = mc.company_type_id
    AND t.id = mc.movie_id
    AND t.id = mi_idx.movie_id
    AND mc.movie_id = mi_idx.movie_id
    AND it.id = mi_idx.info_type_id;
    
INFO:root:--- PQO: Need 7.009935205511102 samples to be accurate, We have 100
INFO:root:Nearest query is 0
INFO:root:Current Query: ["ct.kind = 'production companies'", 'rating', "mc.note NOT LIKE '%(USA)%'\n  AND mc.note LIKE '%(200%)%'"]
INFO:root:Robust plan is 0: 130.1
INFO:root:Postgres plan: 544.5
INFO:root:72
INFO:root:
    SELECT MIN(mc.note) AS production_note,
       MIN(t.title) AS movie_title,
       MIN(t.production_year) AS movie_year
    FROM company_type AS ct,
        info_type AS it,
        movie_companies AS mc,
        movie_info_idx AS mi_idx,
        title AS t
    WHERE ct.kind = 'production companies'
    AND it.info = 'rating'
    AND mc.note IS NULL
    AND ct.id = mc.company_type_id
    AND t.id = mc.movie_id
    AND t.id = mi_idx.movie_id
    AND mc.movie_id = mi_idx.movie_id
    AND it.id = mi_idx.info_type_id;
    
INFO:root:--- PQO: Need 186973808.60868338 samples to be accurate, We have 100
INFO:root:73
INFO:root:
    SELECT MIN(mc.note) AS production_note,
       MIN(t.title) AS movie_title,
       MIN(t.production_year) AS movie_year
    FROM company_type AS ct,
        info_type AS it,
        movie_companies AS mc,
        movie_info_idx AS mi_idx,
        title AS t
    WHERE ct.kind = 'production companies'
    AND it.info = 'votes'
    AND mc.note IS NULL
    AND ct.id = mc.company_type_id
    AND t.id = mc.movie_id
    AND t.id = mi_idx.movie_id
    AND mc.movie_id = mi_idx.movie_id
    AND it.id = mi_idx.info_type_id;
    
INFO:root:--- PQO: Need 1.3808812233989711 samples to be accurate, We have 100
INFO:root:Nearest query is 1
INFO:root:Current Query: ["ct.kind = 'production companies'", 'votes', 'mc.note IS NULL']
INFO:root:Robust plan is 0: 718.6
INFO:root:Postgres plan: 1008.2
INFO:root:74
INFO:root:
    SELECT MIN(mc.note) AS production_note,
       MIN(t.title) AS movie_title,
       MIN(t.production_year) AS movie_year
    FROM company_type AS ct,
        info_type AS it,
        movie_companies AS mc,
        movie_info_idx AS mi_idx,
        title AS t
    WHERE ct.kind = 'production companies'
    AND it.info = 'bottom 10 rank'
    AND mc.note IS NULL
    AND ct.id = mc.company_type_id
    AND t.id = mc.movie_id
    AND t.id = mi_idx.movie_id
    AND mc.movie_id = mi_idx.movie_id
    AND it.id = mi_idx.info_type_id;
    
INFO:root:--- PQO: Need 12755676166117.793 samples to be accurate, We have 100
INFO:root:75
INFO:root:
    SELECT MIN(mc.note) AS production_note,
       MIN(t.title) AS movie_title,
       MIN(t.production_year) AS movie_year
    FROM company_type AS ct,
        info_type AS it,
        movie_companies AS mc,
        movie_info_idx AS mi_idx,
        title AS t
    WHERE ct.kind = 'production companies'
    AND it.info = 'votes'
    AND mc.note NOT LIKE '%(USA)%'
  AND mc.note LIKE '%(200%)%'
    AND ct.id = mc.company_type_id
    AND t.id = mc.movie_id
    AND t.id = mi_idx.movie_id
    AND mc.movie_id = mi_idx.movie_id
    AND it.id = mi_idx.info_type_id;
    
INFO:root:--- PQO: Need 1.9479620752345161 samples to be accurate, We have 100
INFO:root:Nearest query is 1
INFO:root:Current Query: ["ct.kind = 'production companies'", 'votes', "mc.note NOT LIKE '%(USA)%'\n  AND mc.note LIKE '%(200%)%'"]
INFO:root:Robust plan is 0: 234.9
INFO:root:Postgres plan: 542.3
INFO:root:76
INFO:root:
    SELECT MIN(mc.note) AS production_note,
       MIN(t.title) AS movie_title,
       MIN(t.production_year) AS movie_year
    FROM company_type AS ct,
        info_type AS it,
        movie_companies AS mc,
        movie_info_idx AS mi_idx,
        title AS t
    WHERE ct.kind = 'production companies'
    AND it.info = 'votes'
    AND mc.note LIKE '%(200%)%' AND (mc.note LIKE '%(USA)%' OR mc.note LIKE '%(worldwide)%')
    AND ct.id = mc.company_type_id
    AND t.id = mc.movie_id
    AND t.id = mi_idx.movie_id
    AND mc.movie_id = mi_idx.movie_id
    AND it.id = mi_idx.info_type_id;
    
INFO:root:--- PQO: Need 10.252839684964849 samples to be accurate, We have 100
INFO:root:Nearest query is 1
INFO:root:Current Query: ["ct.kind = 'production companies'", 'votes', "mc.note LIKE '%(200%)%' AND (mc.note LIKE '%(USA)%' OR mc.note LIKE '%(worldwide)%')"]
INFO:root:Robust plan is 0: 228.1
INFO:root:Postgres plan: 534.0
INFO:root:77
INFO:root:
    SELECT MIN(mc.note) AS production_note,
       MIN(t.title) AS movie_title,
       MIN(t.production_year) AS movie_year
    FROM company_type AS ct,
        info_type AS it,
        movie_companies AS mc,
        movie_info_idx AS mi_idx,
        title AS t
    WHERE ct.kind = 'production companies'
    AND it.info = 'rating'
    AND mc.note LIKE '%(200%)%' AND mc.note LIKE '%(worldwide)%'
    AND ct.id = mc.company_type_id
    AND t.id = mc.movie_id
    AND t.id = mi_idx.movie_id
    AND mc.movie_id = mi_idx.movie_id
    AND it.id = mi_idx.info_type_id;
    
INFO:root:--- PQO: Need 1.1468661069945953 samples to be accurate, We have 100
INFO:root:Nearest query is 0
INFO:root:Current Query: ["ct.kind = 'production companies'", 'rating', "mc.note LIKE '%(200%)%' AND mc.note LIKE '%(worldwide)%'"]
INFO:root:Robust plan is 0: 115.1
INFO:root:Postgres plan: 521.0
INFO:root:78
INFO:root:
    SELECT MIN(mc.note) AS production_note,
       MIN(t.title) AS movie_title,
       MIN(t.production_year) AS movie_year
    FROM company_type AS ct,
        info_type AS it,
        movie_companies AS mc,
        movie_info_idx AS mi_idx,
        title AS t
    WHERE ct.kind = 'production companies'
    AND it.info = 'rating'
    AND mc.note IS NULL
    AND ct.id = mc.company_type_id
    AND t.id = mc.movie_id
    AND t.id = mi_idx.movie_id
    AND mc.movie_id = mi_idx.movie_id
    AND it.id = mi_idx.info_type_id;
    
INFO:root:--- PQO: Need 0.23871839287606986 samples to be accurate, We have 100
INFO:root:Nearest query is 1
INFO:root:Current Query: ["ct.kind = 'production companies'", 'rating', 'mc.note IS NULL']
INFO:root:Robust plan is 0: 688.6
INFO:root:Postgres plan: 1012.2
INFO:root:79
INFO:root:
    SELECT MIN(mc.note) AS production_note,
       MIN(t.title) AS movie_title,
       MIN(t.production_year) AS movie_year
    FROM company_type AS ct,
        info_type AS it,
        movie_companies AS mc,
        movie_info_idx AS mi_idx,
        title AS t
    WHERE ct.kind = 'production companies'
    AND it.info = 'rating'
    AND mc.note IS NULL
    AND ct.id = mc.company_type_id
    AND t.id = mc.movie_id
    AND t.id = mi_idx.movie_id
    AND mc.movie_id = mi_idx.movie_id
    AND it.id = mi_idx.info_type_id;
    
INFO:root:--- PQO: Need 7874181651.265572 samples to be accurate, We have 100
INFO:root:80
INFO:root:
    SELECT MIN(mc.note) AS production_note,
       MIN(t.title) AS movie_title,
       MIN(t.production_year) AS movie_year
    FROM company_type AS ct,
        info_type AS it,
        movie_companies AS mc,
        movie_info_idx AS mi_idx,
        title AS t
    WHERE ct.kind = 'production companies'
    AND it.info = 'top 250 rank'
    AND mc.note IS NOT NULL AND (mc.note LIKE '%(USA)%' OR mc.note LIKE '%(worldwide)%')
    AND ct.id = mc.company_type_id
    AND t.id = mc.movie_id
    AND t.id = mi_idx.movie_id
    AND mc.movie_id = mi_idx.movie_id
    AND it.id = mi_idx.info_type_id;
    
INFO:root:--- PQO: Need 2.133934785398467 samples to be accurate, We have 100
INFO:root:Nearest query is 1
INFO:root:Current Query: ["ct.kind = 'production companies'", 'top 250 rank', "mc.note IS NOT NULL AND (mc.note LIKE '%(USA)%' OR mc.note LIKE '%(worldwide)%')"]
INFO:root:Robust plan is 0: 192.2
INFO:root:Postgres plan: 93.1
INFO:root:81
INFO:root:
    SELECT MIN(mc.note) AS production_note,
       MIN(t.title) AS movie_title,
       MIN(t.production_year) AS movie_year
    FROM company_type AS ct,
        info_type AS it,
        movie_companies AS mc,
        movie_info_idx AS mi_idx,
        title AS t
    WHERE ct.kind = 'production companies'
    AND it.info = 'votes'
    AND mc.note IS NULL
    AND ct.id = mc.company_type_id
    AND t.id = mc.movie_id
    AND t.id = mi_idx.movie_id
    AND mc.movie_id = mi_idx.movie_id
    AND it.id = mi_idx.info_type_id;
    
INFO:root:--- PQO: Need 105088.73138425105 samples to be accurate, We have 100
INFO:root:82
INFO:root:
    SELECT MIN(mc.note) AS production_note,
       MIN(t.title) AS movie_title,
       MIN(t.production_year) AS movie_year
    FROM company_type AS ct,
        info_type AS it,
        movie_companies AS mc,
        movie_info_idx AS mi_idx,
        title AS t
    WHERE ct.kind = 'production companies'
    AND it.info = 'votes'
    AND mc.note NOT LIKE '%(USA)%'
  AND mc.note LIKE '%(200%)%'
    AND ct.id = mc.company_type_id
    AND t.id = mc.movie_id
    AND t.id = mi_idx.movie_id
    AND mc.movie_id = mi_idx.movie_id
    AND it.id = mi_idx.info_type_id;
    
INFO:root:--- PQO: Need 8.347269846081181 samples to be accurate, We have 100
INFO:root:Nearest query is 1
INFO:root:Current Query: ["ct.kind = 'production companies'", 'votes', "mc.note NOT LIKE '%(USA)%'\n  AND mc.note LIKE '%(200%)%'"]
INFO:root:Robust plan is 0: 237.9
INFO:root:Postgres plan: 533.5
INFO:root:83
INFO:root:
    SELECT MIN(mc.note) AS production_note,
       MIN(t.title) AS movie_title,
       MIN(t.production_year) AS movie_year
    FROM company_type AS ct,
        info_type AS it,
        movie_companies AS mc,
        movie_info_idx AS mi_idx,
        title AS t
    WHERE ct.kind = 'production companies'
    AND it.info = 'rating'
    AND mc.note IS NULL
    AND ct.id = mc.company_type_id
    AND t.id = mc.movie_id
    AND t.id = mi_idx.movie_id
    AND mc.movie_id = mi_idx.movie_id
    AND it.id = mi_idx.info_type_id;
    
INFO:root:--- PQO: Need 1.2149933174819842 samples to be accurate, We have 100
INFO:root:Nearest query is 1
INFO:root:Current Query: ["ct.kind = 'production companies'", 'rating', 'mc.note IS NULL']
INFO:root:Robust plan is 0: 690.2
INFO:root:Postgres plan: 1004.9
INFO:root:84
INFO:root:
    SELECT MIN(mc.note) AS production_note,
       MIN(t.title) AS movie_title,
       MIN(t.production_year) AS movie_year
    FROM company_type AS ct,
        info_type AS it,
        movie_companies AS mc,
        movie_info_idx AS mi_idx,
        title AS t
    WHERE ct.kind = 'production companies'
    AND it.info = 'rating'
    AND mc.note NOT LIKE '%(as Metro-Goldwyn-Mayer Pictures)%' AND (mc.note LIKE '%(co-production)%')
    AND ct.id = mc.company_type_id
    AND t.id = mc.movie_id
    AND t.id = mi_idx.movie_id
    AND mc.movie_id = mi_idx.movie_id
    AND it.id = mi_idx.info_type_id;
    
INFO:root:--- PQO: Need 0.08909317783214991 samples to be accurate, We have 100
INFO:root:Nearest query is 0
INFO:root:Current Query: ["ct.kind = 'production companies'", 'rating', "mc.note NOT LIKE '%(as Metro-Goldwyn-Mayer Pictures)%' AND (mc.note LIKE '%(co-production)%')"]
INFO:root:Robust plan is 0: 174.8
INFO:root:Postgres plan: 552.3
INFO:root:85
INFO:root:
    SELECT MIN(mc.note) AS production_note,
       MIN(t.title) AS movie_title,
       MIN(t.production_year) AS movie_year
    FROM company_type AS ct,
        info_type AS it,
        movie_companies AS mc,
        movie_info_idx AS mi_idx,
        title AS t
    WHERE ct.kind = 'production companies'
    AND it.info = 'rating'
    AND mc.note NOT LIKE '%(as Metro-Goldwyn-Mayer Pictures)%' AND (mc.note LIKE '%(co-production)%')
    AND ct.id = mc.company_type_id
    AND t.id = mc.movie_id
    AND t.id = mi_idx.movie_id
    AND mc.movie_id = mi_idx.movie_id
    AND it.id = mi_idx.info_type_id;
    
INFO:root:--- PQO: Need 1.024138599213044 samples to be accurate, We have 100
INFO:root:Nearest query is 0
INFO:root:Current Query: ["ct.kind = 'production companies'", 'rating', "mc.note NOT LIKE '%(as Metro-Goldwyn-Mayer Pictures)%' AND (mc.note LIKE '%(co-production)%')"]
INFO:root:Robust plan is 0: 176.0
INFO:root:Postgres plan: 547.3
INFO:root:86
INFO:root:
    SELECT MIN(mc.note) AS production_note,
       MIN(t.title) AS movie_title,
       MIN(t.production_year) AS movie_year
    FROM company_type AS ct,
        info_type AS it,
        movie_companies AS mc,
        movie_info_idx AS mi_idx,
        title AS t
    WHERE ct.kind = 'production companies'
    AND it.info = 'votes'
    AND mc.note IS NULL
    AND ct.id = mc.company_type_id
    AND t.id = mc.movie_id
    AND t.id = mi_idx.movie_id
    AND mc.movie_id = mi_idx.movie_id
    AND it.id = mi_idx.info_type_id;
    
INFO:root:--- PQO: Need 45088.52020721273 samples to be accurate, We have 100
INFO:root:87
INFO:root:
    SELECT MIN(mc.note) AS production_note,
       MIN(t.title) AS movie_title,
       MIN(t.production_year) AS movie_year
    FROM company_type AS ct,
        info_type AS it,
        movie_companies AS mc,
        movie_info_idx AS mi_idx,
        title AS t
    WHERE ct.kind = 'production companies'
    AND it.info = 'rating'
    AND mc.note LIKE '%(VHS)%' AND mc.note LIKE '%(USA)%' AND mc.note LIKE '%(1994)%'
    AND ct.id = mc.company_type_id
    AND t.id = mc.movie_id
    AND t.id = mi_idx.movie_id
    AND mc.movie_id = mi_idx.movie_id
    AND it.id = mi_idx.info_type_id;
    
INFO:root:--- PQO: Need 1.6600931546408227e+17 samples to be accurate, We have 100
INFO:root:88
INFO:root:
    SELECT MIN(mc.note) AS production_note,
       MIN(t.title) AS movie_title,
       MIN(t.production_year) AS movie_year
    FROM company_type AS ct,
        info_type AS it,
        movie_companies AS mc,
        movie_info_idx AS mi_idx,
        title AS t
    WHERE ct.kind = 'production companies'
    AND it.info = 'votes'
    AND mc.note LIKE '%(200%)%' AND (mc.note LIKE '%(USA)%' OR mc.note LIKE '%(worldwide)%')
    AND ct.id = mc.company_type_id
    AND t.id = mc.movie_id
    AND t.id = mi_idx.movie_id
    AND mc.movie_id = mi_idx.movie_id
    AND it.id = mi_idx.info_type_id;
    
INFO:root:--- PQO: Need 11.664467400630528 samples to be accurate, We have 100
INFO:root:Nearest query is 1
INFO:root:Current Query: ["ct.kind = 'production companies'", 'votes', "mc.note LIKE '%(200%)%' AND (mc.note LIKE '%(USA)%' OR mc.note LIKE '%(worldwide)%')"]
INFO:root:Robust plan is 0: 229.9
INFO:root:Postgres plan: 529.1
INFO:root:89
INFO:root:
    SELECT MIN(mc.note) AS production_note,
       MIN(t.title) AS movie_title,
       MIN(t.production_year) AS movie_year
    FROM company_type AS ct,
        info_type AS it,
        movie_companies AS mc,
        movie_info_idx AS mi_idx,
        title AS t
    WHERE ct.kind = 'production companies'
    AND it.info = 'rating'
    AND mc.note NOT LIKE '%(USA)%'
  AND mc.note LIKE '%(200%)%'
    AND ct.id = mc.company_type_id
    AND t.id = mc.movie_id
    AND t.id = mi_idx.movie_id
    AND mc.movie_id = mi_idx.movie_id
    AND it.id = mi_idx.info_type_id;
    
INFO:root:--- PQO: Need 0.5800527380299847 samples to be accurate, We have 100
INFO:root:Nearest query is 0
INFO:root:Current Query: ["ct.kind = 'production companies'", 'rating', "mc.note NOT LIKE '%(USA)%'\n  AND mc.note LIKE '%(200%)%'"]
INFO:root:Robust plan is 0: 125.6
INFO:root:Postgres plan: 535.5
INFO:root:90
INFO:root:
    SELECT MIN(mc.note) AS production_note,
       MIN(t.title) AS movie_title,
       MIN(t.production_year) AS movie_year
    FROM company_type AS ct,
        info_type AS it,
        movie_companies AS mc,
        movie_info_idx AS mi_idx,
        title AS t
    WHERE ct.kind = 'production companies'
    AND it.info = 'votes'
    AND mc.note IS NULL
    AND ct.id = mc.company_type_id
    AND t.id = mc.movie_id
    AND t.id = mi_idx.movie_id
    AND mc.movie_id = mi_idx.movie_id
    AND it.id = mi_idx.info_type_id;
    
INFO:root:--- PQO: Need 0.2755035227732746 samples to be accurate, We have 100
INFO:root:Nearest query is 1
INFO:root:Current Query: ["ct.kind = 'production companies'", 'votes', 'mc.note IS NULL']
INFO:root:Robust plan is 0: 694.4
INFO:root:Postgres plan: 1003.6
INFO:root:91
INFO:root:
    SELECT MIN(mc.note) AS production_note,
       MIN(t.title) AS movie_title,
       MIN(t.production_year) AS movie_year
    FROM company_type AS ct,
        info_type AS it,
        movie_companies AS mc,
        movie_info_idx AS mi_idx,
        title AS t
    WHERE ct.kind = 'production companies'
    AND it.info = 'rating'
    AND mc.note IS NULL
    AND ct.id = mc.company_type_id
    AND t.id = mc.movie_id
    AND t.id = mi_idx.movie_id
    AND mc.movie_id = mi_idx.movie_id
    AND it.id = mi_idx.info_type_id;
    
INFO:root:--- PQO: Need 0.9595688387090001 samples to be accurate, We have 100
INFO:root:Nearest query is 1
INFO:root:Current Query: ["ct.kind = 'production companies'", 'rating', 'mc.note IS NULL']
INFO:root:Robust plan is 0: 683.7
INFO:root:Postgres plan: 998.8
INFO:root:92
INFO:root:
    SELECT MIN(mc.note) AS production_note,
       MIN(t.title) AS movie_title,
       MIN(t.production_year) AS movie_year
    FROM company_type AS ct,
        info_type AS it,
        movie_companies AS mc,
        movie_info_idx AS mi_idx,
        title AS t
    WHERE ct.kind = 'production companies'
    AND it.info = 'rating'
    AND mc.note NOT LIKE '%(as Metro-Goldwyn-Mayer Pictures)%' AND (mc.note LIKE '%(co-production)%' OR mc.note LIKE '%(presents)%')
    AND ct.id = mc.company_type_id
    AND t.id = mc.movie_id
    AND t.id = mi_idx.movie_id
    AND mc.movie_id = mi_idx.movie_id
    AND it.id = mi_idx.info_type_id;
    
INFO:root:--- PQO: Need 1.0102661419631769 samples to be accurate, We have 100
INFO:root:Nearest query is 0
INFO:root:Current Query: ["ct.kind = 'production companies'", 'rating', "mc.note NOT LIKE '%(as Metro-Goldwyn-Mayer Pictures)%' AND (mc.note LIKE '%(co-production)%' OR mc.note LIKE '%(presents)%')"]
INFO:root:Robust plan is 0: 231.7
INFO:root:Postgres plan: 597.7
INFO:root:93
INFO:root:
    SELECT MIN(mc.note) AS production_note,
       MIN(t.title) AS movie_title,
       MIN(t.production_year) AS movie_year
    FROM company_type AS ct,
        info_type AS it,
        movie_companies AS mc,
        movie_info_idx AS mi_idx,
        title AS t
    WHERE ct.kind = 'production companies'
    AND it.info = 'top 250 rank'
    AND mc.note NOT LIKE '%(USA)%'
  AND mc.note LIKE '%(200%)%'
    AND ct.id = mc.company_type_id
    AND t.id = mc.movie_id
    AND t.id = mi_idx.movie_id
    AND mc.movie_id = mi_idx.movie_id
    AND it.id = mi_idx.info_type_id;
    
INFO:root:--- PQO: Need 4.609268310359242 samples to be accurate, We have 100
INFO:root:Nearest query is 0
INFO:root:Current Query: ["ct.kind = 'production companies'", 'top 250 rank', "mc.note NOT LIKE '%(USA)%'\n  AND mc.note LIKE '%(200%)%'"]
INFO:root:Robust plan is 0: 130.5
INFO:root:Postgres plan: 93.2
INFO:root:94
INFO:root:
    SELECT MIN(mc.note) AS production_note,
       MIN(t.title) AS movie_title,
       MIN(t.production_year) AS movie_year
    FROM company_type AS ct,
        info_type AS it,
        movie_companies AS mc,
        movie_info_idx AS mi_idx,
        title AS t
    WHERE ct.kind = 'production companies'
    AND it.info = 'votes'
    AND mc.note LIKE '%(Japan)%' AND mc.note NOT LIKE '%(USA)%' AND (mc.note LIKE '%(2006)%' OR mc.note LIKE '%(2007)%')
    AND ct.id = mc.company_type_id
    AND t.id = mc.movie_id
    AND t.id = mi_idx.movie_id
    AND mc.movie_id = mi_idx.movie_id
    AND it.id = mi_idx.info_type_id;
    
INFO:root:--- PQO: Need 0.6663152930592579 samples to be accurate, We have 100
INFO:root:Nearest query is 0
INFO:root:Current Query: ["ct.kind = 'production companies'", 'votes', "mc.note LIKE '%(Japan)%' AND mc.note NOT LIKE '%(USA)%' AND (mc.note LIKE '%(2006)%' OR mc.note LIKE '%(2007)%')"]
INFO:root:Robust plan is 0: 111.1
INFO:root:Postgres plan: 514.3
INFO:root:95
INFO:root:
    SELECT MIN(mc.note) AS production_note,
       MIN(t.title) AS movie_title,
       MIN(t.production_year) AS movie_year
    FROM company_type AS ct,
        info_type AS it,
        movie_companies AS mc,
        movie_info_idx AS mi_idx,
        title AS t
    WHERE ct.kind = 'production companies'
    AND it.info = 'rating'
    AND mc.note NOT LIKE '%(USA)%'
  AND mc.note LIKE '%(200%)%'
    AND ct.id = mc.company_type_id
    AND t.id = mc.movie_id
    AND t.id = mi_idx.movie_id
    AND mc.movie_id = mi_idx.movie_id
    AND it.id = mi_idx.info_type_id;
    
INFO:root:--- PQO: Need 352.5801058729744 samples to be accurate, We have 100
INFO:root:Nearest query is 0
INFO:root:Current Query: ["ct.kind = 'production companies'", 'rating', "mc.note NOT LIKE '%(USA)%'\n  AND mc.note LIKE '%(200%)%'"]
INFO:root:Robust plan is 0: 127.0
INFO:root:Postgres plan: 535.4
INFO:root:96
INFO:root:
    SELECT MIN(mc.note) AS production_note,
       MIN(t.title) AS movie_title,
       MIN(t.production_year) AS movie_year
    FROM company_type AS ct,
        info_type AS it,
        movie_companies AS mc,
        movie_info_idx AS mi_idx,
        title AS t
    WHERE ct.kind = 'production companies'
    AND it.info = 'rating'
    AND mc.note LIKE '%(VHS)%' AND mc.note LIKE '%(USA)%' AND mc.note LIKE '%(1994)%'
    AND ct.id = mc.company_type_id
    AND t.id = mc.movie_id
    AND t.id = mi_idx.movie_id
    AND mc.movie_id = mi_idx.movie_id
    AND it.id = mi_idx.info_type_id;
    
INFO:root:--- PQO: Need 44272791.380489826 samples to be accurate, We have 100
INFO:root:97
INFO:root:
    SELECT MIN(mc.note) AS production_note,
       MIN(t.title) AS movie_title,
       MIN(t.production_year) AS movie_year
    FROM company_type AS ct,
        info_type AS it,
        movie_companies AS mc,
        movie_info_idx AS mi_idx,
        title AS t
    WHERE ct.kind = 'production companies'
    AND it.info = 'rating'
    AND mc.note NOT LIKE '%(USA)%'
  AND mc.note LIKE '%(200%)%'
    AND ct.id = mc.company_type_id
    AND t.id = mc.movie_id
    AND t.id = mi_idx.movie_id
    AND mc.movie_id = mi_idx.movie_id
    AND it.id = mi_idx.info_type_id;
    
INFO:root:--- PQO: Need 4.3090052898054685 samples to be accurate, We have 100
INFO:root:Nearest query is 1
INFO:root:Current Query: ["ct.kind = 'production companies'", 'rating', "mc.note NOT LIKE '%(USA)%'\n  AND mc.note LIKE '%(200%)%'"]
INFO:root:Robust plan is 0: 236.3
INFO:root:Postgres plan: 534.1
INFO:root:98
INFO:root:
    SELECT MIN(mc.note) AS production_note,
       MIN(t.title) AS movie_title,
       MIN(t.production_year) AS movie_year
    FROM company_type AS ct,
        info_type AS it,
        movie_companies AS mc,
        movie_info_idx AS mi_idx,
        title AS t
    WHERE ct.kind = 'production companies'
    AND it.info = 'rating'
    AND mc.note LIKE '%(Blu-ray)%'
    AND ct.id = mc.company_type_id
    AND t.id = mc.movie_id
    AND t.id = mi_idx.movie_id
    AND mc.movie_id = mi_idx.movie_id
    AND it.id = mi_idx.info_type_id;
    
INFO:root:--- PQO: Need 1.7814869839665635 samples to be accurate, We have 100
INFO:root:Nearest query is 2
INFO:root:Current Query: ["ct.kind = 'production companies'", 'rating', "mc.note LIKE '%(Blu-ray)%'"]
INFO:root:Robust plan is 0: 106.0
INFO:root:Postgres plan: 513.8
INFO:root:99
INFO:root:
    SELECT MIN(mc.note) AS production_note,
       MIN(t.title) AS movie_title,
       MIN(t.production_year) AS movie_year
    FROM company_type AS ct,
        info_type AS it,
        movie_companies AS mc,
        movie_info_idx AS mi_idx,
        title AS t
    WHERE ct.kind = 'production companies'
    AND it.info = 'rating'
    AND mc.note LIKE '%(200%)%' AND mc.note LIKE '%(worldwide)%'
    AND ct.id = mc.company_type_id
    AND t.id = mc.movie_id
    AND t.id = mi_idx.movie_id
    AND mc.movie_id = mi_idx.movie_id
    AND it.id = mi_idx.info_type_id;
    
INFO:root:--- PQO: Need 2.5631246578322964 samples to be accurate, We have 100
INFO:root:Nearest query is 0
INFO:root:Current Query: ["ct.kind = 'production companies'", 'rating', "mc.note LIKE '%(200%)%' AND mc.note LIKE '%(worldwide)%'"]
INFO:root:Robust plan is 0: 115.0
INFO:root:Postgres plan: 520.2
INFO:root:0
INFO:root:
    SELECT MIN(mc.note) AS production_note,
       MIN(t.title) AS movie_title,
       MIN(t.production_year) AS movie_year
    FROM company_type AS ct,
        info_type AS it,
        movie_companies AS mc,
        movie_info_idx AS mi_idx,
        title AS t
    WHERE ct.kind = 'production companies'
    AND it.info = 'rating'
    AND mc.note IS NULL
    AND ct.id = mc.company_type_id
    AND t.id = mc.movie_id
    AND t.id = mi_idx.movie_id
    AND mc.movie_id = mi_idx.movie_id
    AND it.id = mi_idx.info_type_id;
    
INFO:root:0
INFO:root:
    SELECT MIN(mc.note) AS production_note,
       MIN(t.title) AS movie_title,
       MIN(t.production_year) AS movie_year
    FROM company_type AS ct,
        info_type AS it,
        movie_companies AS mc,
        movie_info_idx AS mi_idx,
        title AS t
    WHERE ct.kind = 'production companies'
    AND it.info = 'rating'
    AND mc.note IS NULL
    AND ct.id = mc.company_type_id
    AND t.id = mc.movie_id
    AND t.id = mi_idx.movie_id
    AND mc.movie_id = mi_idx.movie_id
    AND it.id = mi_idx.info_type_id;
    
INFO:root:0
INFO:root:
    SELECT MIN(mc.note) AS production_note,
       MIN(t.title) AS movie_title,
       MIN(t.production_year) AS movie_year
    FROM company_type AS ct,
        info_type AS it,
        movie_companies AS mc,
        movie_info_idx AS mi_idx,
        title AS t
    WHERE ct.kind = 'production companies'
    AND it.info = 'rating'
    AND mc.note IS NULL
    AND ct.id = mc.company_type_id
    AND t.id = mc.movie_id
    AND t.id = mi_idx.movie_id
    AND mc.movie_id = mi_idx.movie_id
    AND it.id = mi_idx.info_type_id;
    
