INFO:root:
########## Robust Query Optimization ############ 

INFO:root:Sobol: Sample size N = 256, b = 1.0
INFO:root:Recentered plan cost = 7173.75, plan is: /*+
SeqScan(k)
IndexScan(mk)
IndexScan(t)
IndexScan(mi)
NestLoop ( k mk )
NestLoop ( k mk t )
NestLoop ( k mk t mi )
Leading ( ( ( ( k mk ) t ) mi ) ) */
INFO:root:Sobols samples size: 4096
INFO:root:[((4, 'mk_k_r.txt'), 1.2178311850134906), ((0, 'k.txt'), -0.053305728450888754), ((3, 't.txt'), 0.005686232085880766), ((7, 't_mk_l.txt'), 0.0013046469855056868), ((6, 't_mi_both.txt'), 8.796913404641533e-06), ((5, 'mk_mi_r.txt'), 5.30842436327975e-06), ((1, 'mi.txt'), 3.707385609857912e-07)]
INFO:root:Max absolute value 1: (0, 3) - Value: 3.7382268424682414
Max absolute value 2: (3, 5) - Value: -0.7450569433097238
Max absolute value 3: (3, 4) - Value: -0.7450089232621387
Max absolute value 4: (3, 6) - Value: -0.679672125144818
Max absolute value 5: (0, 2) - Value: 0.37667311205722537

INFO:root:Sobols samples size: 2048
INFO:root:[((4, 'mk_k_r.txt'), 2.111667210397714), ((0, 'k.txt'), -0.032605402538955774), ((7, 't_mk_l.txt'), 0.0065847539430436116), ((3, 't.txt'), 0.00029172122274196614), ((1, 'mi.txt'), -1.0537411589489183e-06), ((5, 'mk_mi_r.txt'), 8.191300643721181e-07), ((6, 't_mi_both.txt'), -6.425595073463828e-07)]
INFO:root:Max absolute value 1: (0, 3) - Value: 4.713955666870967
Max absolute value 2: (3, 6) - Value: -1.4765284833362329
Max absolute value 3: (3, 4) - Value: -1.4748894530982024
Max absolute value 4: (3, 5) - Value: -1.4748891955204304
Max absolute value 5: (0, 6) - Value: 0.3180928656293452

INFO:root:Sobols samples size: 1024
INFO:root:[((4, 'mk_k_r.txt'), 0.2023867714370905), ((0, 'k.txt'), -0.02615313341534944), ((3, 't.txt'), 0.0007257491414473258), ((7, 't_mk_l.txt'), -0.00027883740929695124), ((5, 'mk_mi_r.txt'), 3.6626007398219585e-07), ((1, 'mi.txt'), 1.9661699042586104e-07), ((6, 't_mi_both.txt'), -4.3671436984364485e-08)]
INFO:root:Max absolute value 1: (0, 3) - Value: 1.066317552607801
Max absolute value 2: (3, 6) - Value: 0.7977856392601651
Max absolute value 3: (3, 5) - Value: 0.7977593432350296
Max absolute value 4: (3, 4) - Value: 0.7977589992698082
Max absolute value 5: (0, 2) - Value: 0.5810579203361118

INFO:root:Sobols samples size: 512
INFO:root:[((4, 'mk_k_r.txt'), 0.38012259141265037), ((0, 'k.txt'), -0.08434500585643719), ((3, 't.txt'), 0.00115777171485704), ((7, 't_mk_l.txt'), -0.0007588555458782039), ((5, 'mk_mi_r.txt'), 1.0954935340634675e-06), ((1, 'mi.txt'), 5.563621412039864e-07), ((6, 't_mi_both.txt'), -1.0946001203130449e-07)]
INFO:root:Max absolute value 1: (0, 3) - Value: 2.8767499491868525
Max absolute value 2: (0, 2) - Value: 1.5378374189493245
Max absolute value 3: (0, 6) - Value: 1.537354695596194
Max absolute value 4: (0, 4) - Value: 1.5372382893567698
Max absolute value 5: (0, 1) - Value: 1.5372296412114068

INFO:root:Sobols samples size: 256
INFO:root:[((0, 'k.txt'), 0.015166900612213447), ((4, 'mk_k_r.txt'), -0.0011892499078113166), ((3, 't.txt'), 0.0007036042118572837), ((5, 'mk_mi_r.txt'), -4.7047778784186924e-18), ((6, 't_mi_both.txt'), -4.7047778784186924e-18), ((7, 't_mk_l.txt'), -4.7047778784186924e-18), ((1, 'mi.txt'), 2.3523889392093462e-18)]
INFO:root:Max absolute value 1: (0, 3) - Value: 0.24942510622055944
Max absolute value 2: (3, 6) - Value: 0.06163652199811198
Max absolute value 3: (3, 5) - Value: 0.06163652199811198
Max absolute value 4: (3, 4) - Value: 0.06163652199811198
Max absolute value 5: (0, 5) - Value: 0.02872303267930037

INFO:root:Sobols samples size: 128
INFO:root:[((0, 'k.txt'), 0.04162262788539115), ((4, 'mk_k_r.txt'), 0.04162262788539115), ((3, 't.txt'), 0.0013406293839641993), ((1, 'mi.txt'), 6.123789463490426e-18), ((5, 'mk_mi_r.txt'), -6.123789463490426e-18), ((6, 't_mi_both.txt'), -6.123789463490426e-18), ((7, 't_mk_l.txt'), -6.123789463490426e-18)]
INFO:root:Max absolute value 1: (0, 3) - Value: 0.0835987552335033
Max absolute value 2: (0, 6) - Value: 0.08359875523350327
Max absolute value 3: (0, 5) - Value: 0.08359875523350327
Max absolute value 4: (3, 4) - Value: 0.08359875523350327
Max absolute value 5: (3, 6) - Value: 0.08359875523350327

INFO:root:Sobol's solving time: 186.20119833946228(s)
INFO:root:
########## Robust Query Optimization ############ 

INFO:root:Original optimal plan id is 0
INFO:root:Instance id = None, Error div = 2, bandwidth = 1.0, tolerance = 0.2, have 50 samples.
INFO:root:Cost of 4 plan: 	[(0, 3944.43), (1, 53997.58), (2, 58573.49), (3, 53580.63)]
INFO:root:Sensitive predicates: [0, 3, 4]
INFO:root:The number of samples to calculate expected penalty = 50.
INFO:root:### Best plan by exp penalty: [3], overhead 9.373274564743042s
INFO:root:exp_penalty_w_tol: 	[(0, 51269), (1, 37273), (2, 51192), (3, 35631)]
INFO:root:### Best plan by std penalty: [1], overhead 9.373274564743042s
INFO:root:std_penalty: 	[(0, 308018.6981142913), (1, 17789.664985884698), (2, 29928.9101949993), (3, 18052.908346989996)]
INFO:root:### Best plan by prob of penalized: [0], overhead 9.373274564743042s
INFO:root:std_penalty: 	[(0, 0.16), (1, 0.86), (2, 0.88), (3, 0.84)]
