INFO:root:
########## Robust Query Optimization ############ 

INFO:root:Sobol: Sample size N = 256, b = 0.5
INFO:root:Recentered plan cost = 71947.15, plan is: /*+
SeqScan(mc)
SeqScan(cn)
SeqScan(k)
IndexScan(mk)
IndexOnlyScan(t)
IndexScan(ci)
IndexScan(n)
HashJoin ( mc cn )
NestLoop ( k mk )
MergeJoin ( mc cn k mk )
NestLoop ( mc cn k mk t )
NestLoop ( mc cn k mk t ci )
NestLoop ( mc cn k mk t ci n )
Leading ( ( ( ( ( ( mc cn ) ( k mk ) ) t ) ci ) n ) ) */
INFO:root:Sobols samples size: 6656
INFO:root:[((11, 'mc_cn_r.txt'), 0.10880092541696691), ((8, 'mk_ci__q17.txt'), 0.07021897223328345), ((7, 'ci_mc__q17.txt'), -0.036977268331703894), ((2, 'k.txt'), 0.03611043655328918), ((10, 't_ci__n.txt'), 0.006290469526515284), ((1, 'cn.txt'), 0.0057163963378232905), ((12, 'mk_k_r.txt'), -0.005386032205815166), ((14, 't_mc__cn.txt'), -0.002792345948984746), ((13, 'mk_mc__q2.txt'), -0.001840508252107157), ((9, 'n_ci_l.txt'), -0.001339936895104916), ((5, 'n.txt'), 0.0003619158466216763), ((15, 't_mk__k.txt'), -0.00030290034010601723)]
INFO:root:Max absolute value 1: (7, 8) - Value: 0.6280131010521176
Max absolute value 2: (7, 9) - Value: 0.30307485387983024
Max absolute value 3: (7, 10) - Value: 0.2750311453880347
Max absolute value 4: (7, 11) - Value: 0.26386037105264604
Max absolute value 5: (3, 7) - Value: 0.12160496999383712

INFO:root:Sobols samples size: 3328
INFO:root:[((11, 'mc_cn_r.txt'), 0.5312728147391232), ((2, 'k.txt'), 0.1046823525565794), ((7, 'ci_mc__q17.txt'), -0.08040744631313042), ((12, 'mk_k_r.txt'), -0.03709302015560386), ((1, 'cn.txt'), 0.032411453057057255), ((10, 't_ci__n.txt'), 0.017292507635886745), ((8, 'mk_ci__q17.txt'), -0.008058809437515125), ((13, 'mk_mc__q2.txt'), 0.007065440919982), ((15, 't_mk__k.txt'), -0.001206103197847848), ((5, 'n.txt'), -0.0007751909521077995), ((14, 't_mc__cn.txt'), 0.000587442631927045), ((9, 'n_ci_l.txt'), -0.00027180211306305775)]
INFO:root:Max absolute value 1: (7, 8) - Value: 1.2094305064553628
Max absolute value 2: (4, 7) - Value: 0.6919584025481784
Max absolute value 3: (3, 7) - Value: 0.49017303492753395
Max absolute value 4: (0, 7) - Value: 0.3095858820668598
Max absolute value 5: (7, 9) - Value: -0.3094102378799342

INFO:root:Sobols samples size: 1664
INFO:root:[((11, 'mc_cn_r.txt'), 1.346429550140275), ((12, 'mk_k_r.txt'), -0.23989503468101847), ((2, 'k.txt'), 0.07875412303016718), ((10, 't_ci__n.txt'), -0.06626405446094187), ((8, 'mk_ci__q17.txt'), -0.04472754630002178), ((7, 'ci_mc__q17.txt'), -0.03558122803959259), ((13, 'mk_mc__q2.txt'), -0.013404514297824988), ((14, 't_mc__cn.txt'), -0.006479369254535163), ((5, 'n.txt'), -0.003803804197440744), ((1, 'cn.txt'), -0.0018723151326058285), ((9, 'n_ci_l.txt'), -0.00047136597401141613), ((15, 't_mk__k.txt'), 0.00011668478884247227)]
INFO:root:Max absolute value 1: (7, 8) - Value: 3.414010584344826
Max absolute value 2: (4, 7) - Value: 2.5923981091171644
Max absolute value 3: (3, 7) - Value: 1.5394086970834648
Max absolute value 4: (7, 9) - Value: -0.9990088792741496
Max absolute value 5: (7, 11) - Value: -0.9745571752337195

INFO:root:Sobols samples size: 832
INFO:root:[((11, 'mc_cn_r.txt'), 5.402780390323368), ((12, 'mk_k_r.txt'), -1.446998827354814), ((8, 'mk_ci__q17.txt'), -0.34361602250526885), ((2, 'k.txt'), 0.256649709573579), ((7, 'ci_mc__q17.txt'), -0.13093863487618637), ((1, 'cn.txt'), 0.05404627997353876), ((10, 't_ci__n.txt'), 0.03182640669647051), ((14, 't_mc__cn.txt'), 0.00481157849380501), ((13, 'mk_mc__q2.txt'), -0.00476824885288172), ((9, 'n_ci_l.txt'), 0.000753509843040732), ((15, 't_mk__k.txt'), 0.0005378410060392345), ((5, 'n.txt'), -4.4026339997364106e-05)]
INFO:root:Max absolute value 1: (7, 8) - Value: 15.35523931775547
Max absolute value 2: (4, 7) - Value: 11.244085818364063
Max absolute value 3: (3, 7) - Value: 6.731274904511526
Max absolute value 4: (7, 9) - Value: -4.052482458332823
Max absolute value 5: (8, 11) - Value: 3.9880739623666215

INFO:root:Sobols samples size: 416
INFO:root:[((11, 'mc_cn_r.txt'), 5.592642865118339), ((12, 'mk_k_r.txt'), -0.3489184514180251), ((2, 'k.txt'), 0.2302498811220471), ((8, 'mk_ci__q17.txt'), -0.2284651592146005), ((1, 'cn.txt'), 0.12569118056401993), ((7, 'ci_mc__q17.txt'), -0.060409360635866084), ((10, 't_ci__n.txt'), 0.04587759550236046), ((13, 'mk_mc__q2.txt'), -0.013790099698506132), ((14, 't_mc__cn.txt'), 0.007692747720376628), ((9, 'n_ci_l.txt'), 0.004069260618500141), ((5, 'n.txt'), 0.0005509559265727125), ((15, 't_mk__k.txt'), 9.822767171652692e-06)]
INFO:root:Max absolute value 1: (4, 7) - Value: 14.13791128224409
Max absolute value 2: (3, 7) - Value: 8.472237032273659
Max absolute value 3: (7, 11) - Value: -5.027678110654007
Max absolute value 4: (7, 10) - Value: -5.0272445665858845
Max absolute value 5: (7, 9) - Value: -4.986976676862236

INFO:root:Sobols samples size: 208
INFO:root:[((11, 'mc_cn_r.txt'), 1.4918127740697216), ((12, 'mk_k_r.txt'), -0.31649171643490326), ((1, 'cn.txt'), 0.3033388161284699), ((8, 'mk_ci__q17.txt'), -0.251440379655083), ((2, 'k.txt'), 0.2056669539068508), ((7, 'ci_mc__q17.txt'), 0.08547198881714801), ((10, 't_ci__n.txt'), 0.04909323534172667), ((13, 'mk_mc__q2.txt'), -0.02772723249911026), ((14, 't_mc__cn.txt'), 0.012265191654982816), ((9, 'n_ci_l.txt'), 0.004482245472174312), ((5, 'n.txt'), 0.0017591553278187148), ((15, 't_mk__k.txt'), 0.001038004159163227)]
INFO:root:Max absolute value 1: (4, 7) - Value: 15.89806393177643
Max absolute value 2: (3, 7) - Value: 9.326573328403121
Max absolute value 3: (0, 7) - Value: 3.7122636948776355
Max absolute value 4: (1, 7) - Value: -2.751272549578845
Max absolute value 5: (8, 11) - Value: 2.4532929051352035

INFO:root:Sobols samples size: 104
INFO:root:[((10, 't_ci__n.txt'), 0.547897955652969), ((12, 'mk_k_r.txt'), 0.14539041666320807), ((1, 'cn.txt'), 0.12952495475923168), ((14, 't_mc__cn.txt'), 0.08882225910673999), ((7, 'ci_mc__q17.txt'), 0.06875651471582479), ((13, 'mk_mc__q2.txt'), 0.04907567803426656), ((2, 'k.txt'), 0.03827487601065319), ((8, 'mk_ci__q17.txt'), 0.036534999676780276), ((9, 'n_ci_l.txt'), 0.03030202160242177), ((11, 'mc_cn_r.txt'), 0.027502042210214468), ((5, 'n.txt'), 0.018372878714067356), ((15, 't_mk__k.txt'), 0.00419309072848064)]
INFO:root:Max absolute value 1: (0, 8) - Value: -2.5317760231364863
Max absolute value 2: (0, 4) - Value: -2.5010081866308043
Max absolute value 3: (0, 3) - Value: -2.4991651567961215
Max absolute value 4: (0, 10) - Value: -2.4945184604236985
Max absolute value 5: (0, 1) - Value: -2.494119729844963

INFO:root:Sobol's solving time: 416.9503960609436(s)
INFO:root:
########## Robust Query Optimization ############ 

INFO:root:Original optimal plan id is 1
INFO:root:Instance id = None, Error div = 2, bandwidth = 0.5, tolerance = 0.2, have 50 samples.
INFO:root:Cost of 9 plan: 	[(0, 19530.04), (1, 18305.0), (2, 18368.52), (3, 150345.43), (4, 148797.99), (5, 18438.68), (6, 18547.01), (7, 50213.62), (8, 50248.42)]
INFO:root:Sensitive predicates: [8, 11]
INFO:root:The number of samples to calculate expected penalty = 50.
INFO:root:### Best plan by exp penalty: [7], overhead 25.80493998527527s
INFO:root:exp_penalty_w_tol: 	[(0, 58495), (1, 38071), (2, 65038), (3, 1583376), (4, 1353407), (5, 69601), (6, 111009), (7, 10035), (8, 18925)]
INFO:root:### Best plan by std penalty: [7], overhead 25.80493998527527s
INFO:root:std_penalty: 	[(0, 107269.92129661313), (1, 109196.68982859726), (2, 164887.83837966312), (3, 1659863.3314843406), (4, 1432425.5800677598), (5, 195765.48875449022), (6, 292053.77567887097), (7, 53887.59240519304), (8, 85467.85020171932)]
INFO:root:### Best plan by prob of penalized: [7], overhead 25.80493998527527s
INFO:root:std_penalty: 	[(0, 1.0), (1, 0.66), (2, 0.94), (3, 1.0), (4, 1.0), (5, 0.66), (6, 0.8), (7, 0.04), (8, 0.12)]
