INFO:root:
########## Robust Query Optimization ############ 

INFO:root:Sobol: Sample size N = 256, b = 0.5
INFO:root:Recentered plan cost = 11242.16, plan is: /*+
SeqScan(cn)
IndexScan(mc)
IndexScan(mk)
IndexScan(k)
IndexScan(ci)
IndexScan(n)
IndexOnlyScan(t)
NestLoop ( cn mc )
NestLoop ( cn mc mk )
NestLoop ( cn mc mk k )
NestLoop ( cn mc mk k ci )
NestLoop ( cn mc mk k ci n )
NestLoop ( cn mc mk k ci n t )
Leading ( ( ( ( ( ( ( cn mc ) mk ) k ) ci ) n ) t ) ) */
INFO:root:Sobols samples size: 6656
INFO:root:[((11, 'mc_cn_r.txt'), 0.5528524556548914), ((1, 'cn.txt'), 0.006966236003476406), ((13, 'mk_mc__q2.txt'), -0.006748584396346189), ((2, 'k.txt'), -0.004820041850256835), ((12, 'mk_k_r.txt'), -0.00390659662282024), ((8, 'mk_ci__q17.txt'), -0.0035893225135137465), ((10, 't_ci__n.txt'), -0.002902913600955045), ((14, 't_mc__cn.txt'), 0.0014577575290059047), ((7, 'ci_mc__q17.txt'), -0.001026090552580912), ((5, 'n.txt'), -0.00011920785707820366), ((9, 'n_ci_l.txt'), 1.5303755951901218e-05), ((15, 't_mk__k.txt'), 1.4445866407445742e-05)]
INFO:root:Max absolute value 1: (4, 7) - Value: 0.12410437808574404
Max absolute value 2: (7, 10) - Value: -0.11711796023415799
Max absolute value 3: (7, 11) - Value: -0.11374791426987493
Max absolute value 4: (0, 7) - Value: 0.10854125697897465
Max absolute value 5: (1, 7) - Value: 0.09309979833302862

INFO:root:Sobols samples size: 3328
INFO:root:[((11, 'mc_cn_r.txt'), 0.22163869903401165), ((1, 'cn.txt'), 0.020541302150849046), ((13, 'mk_mc__q2.txt'), -0.00964155020555723), ((10, 't_ci__n.txt'), -0.007875855127115847), ((8, 'mk_ci__q17.txt'), -0.00682154213047743), ((2, 'k.txt'), -0.006053295016204577), ((14, 't_mc__cn.txt'), 0.004439356006168314), ((12, 'mk_k_r.txt'), -0.004115722414542965), ((7, 'ci_mc__q17.txt'), -0.003874936460686385), ((5, 'n.txt'), 4.6912058225093225e-05), ((9, 'n_ci_l.txt'), 4.424105214065744e-05), ((15, 't_mk__k.txt'), 0.0)]
INFO:root:Max absolute value 1: (7, 10) - Value: -0.14192596322934958
Max absolute value 2: (7, 11) - Value: -0.138469114202734
Max absolute value 3: (7, 8) - Value: -0.13089237946016088
Max absolute value 4: (4, 7) - Value: 0.03585575489336798
Max absolute value 5: (9, 10) - Value: 0.034636188426320984

INFO:root:Sobols samples size: 1664
INFO:root:[((11, 'mc_cn_r.txt'), 2.168568440101929), ((1, 'cn.txt'), 0.4145150910795407), ((10, 't_ci__n.txt'), -0.1268000485743222), ((8, 'mk_ci__q17.txt'), -0.10985487539405497), ((2, 'k.txt'), -0.08492706543607939), ((14, 't_mc__cn.txt'), 0.07220794303474092), ((12, 'mk_k_r.txt'), -0.059375800857312415), ((7, 'ci_mc__q17.txt'), -0.05410178941396221), ((13, 'mk_mc__q2.txt'), -0.03732347416664819), ((9, 'n_ci_l.txt'), 0.0006395489772939837), ((5, 'n.txt'), 0.00036610231283367106), ((15, 't_mk__k.txt'), 0.0)]
INFO:root:Max absolute value 1: (7, 10) - Value: -1.3729174819512433
Max absolute value 2: (7, 11) - Value: -1.3179033019020272
Max absolute value 3: (7, 8) - Value: -1.2420615032800955
Max absolute value 4: (0, 10) - Value: -0.6146684114322164
Max absolute value 5: (0, 5) - Value: -0.5762666359203735

INFO:root:Sobols samples size: 832
INFO:root:[((11, 'mc_cn_r.txt'), 3.2698685127223204), ((13, 'mk_mc__q2.txt'), -0.017014201857555273), ((14, 't_mc__cn.txt'), 0.016533913335198765), ((1, 'cn.txt'), -0.014371637287032227), ((2, 'k.txt'), -0.004459176384300153), ((5, 'n.txt'), 0.003570207302253861), ((7, 'ci_mc__q17.txt'), 0.0021561566993715145), ((8, 'mk_ci__q17.txt'), -0.0021308099212500905), ((12, 'mk_k_r.txt'), -0.0011338083540185719), ((10, 't_ci__n.txt'), -0.000226978547606333), ((9, 'n_ci_l.txt'), -4.6919364019931375e-05), ((15, 't_mk__k.txt'), 0.0)]
INFO:root:Max absolute value 1: (7, 10) - Value: -2.767658245339313
Max absolute value 2: (7, 11) - Value: -2.73949872658197
Max absolute value 3: (7, 8) - Value: -2.6711008912482597
Max absolute value 4: (7, 9) - Value: -1.6191354684755572
Max absolute value 5: (0, 7) - Value: 1.4771977571711137

INFO:root:Sobols samples size: 416
INFO:root:[((13, 'mk_mc__q2.txt'), -0.19603571000509062), ((1, 'cn.txt'), -0.1434575628227857), ((11, 'mc_cn_r.txt'), 0.07658379553737972), ((2, 'k.txt'), -0.013342733940750001), ((12, 'mk_k_r.txt'), -0.011181056527284594), ((14, 't_mc__cn.txt'), 0.010118797187785557), ((7, 'ci_mc__q17.txt'), -0.009590405757753481), ((10, 't_ci__n.txt'), 0.00280504545821915), ((5, 'n.txt'), -0.0004906642778784934), ((8, 'mk_ci__q17.txt'), -0.0004761679985302728), ((9, 'n_ci_l.txt'), 0.0001526798427443908), ((15, 't_mk__k.txt'), 0.0)]
INFO:root:Max absolute value 1: (7, 9) - Value: 40.773156363071855
Max absolute value 2: (7, 8) - Value: 14.320622361018483
Max absolute value 3: (7, 11) - Value: 12.68336222731868
Max absolute value 4: (7, 10) - Value: 12.402967068978905
Max absolute value 5: (1, 9) - Value: 0.5128821127208494

INFO:root:Sobols samples size: 208
INFO:root:[((13, 'mk_mc__q2.txt'), -1.5988264727716113), ((11, 'mc_cn_r.txt'), 0.9379476375123287), ((2, 'k.txt'), 0.805642316356143), ((1, 'cn.txt'), -0.6729998253505572), ((12, 'mk_k_r.txt'), -0.569273283029479), ((5, 'n.txt'), 0.4554722661647536), ((8, 'mk_ci__q17.txt'), -0.4254967427748074), ((14, 't_mc__cn.txt'), 0.30693434500073263), ((7, 'ci_mc__q17.txt'), -0.2725584822457339), ((10, 't_ci__n.txt'), -0.14014771052737146), ((9, 'n_ci_l.txt'), 0.032792074245057694), ((15, 't_mk__k.txt'), 0.0)]
INFO:root:Max absolute value 1: (7, 9) - Value: 70.008593356263
Max absolute value 2: (7, 8) - Value: -3.2044163370713226
Max absolute value 3: (7, 11) - Value: -2.632667126354758
Max absolute value 4: (7, 10) - Value: -1.4911266091230542
Max absolute value 5: (9, 11) - Value: 1.4872969791063368

INFO:root:Sobols samples size: 104
INFO:root:[((11, 'mc_cn_r.txt'), -3.13159463957341), ((13, 'mk_mc__q2.txt'), 0.8671467040700448), ((7, 'ci_mc__q17.txt'), -0.6860410523151488), ((5, 'n.txt'), -0.6738355052789501), ((10, 't_ci__n.txt'), 0.5924793677171096), ((14, 't_mc__cn.txt'), 0.4417812634565802), ((8, 'mk_ci__q17.txt'), 0.2722857661995363), ((12, 'mk_k_r.txt'), -0.21991248684385295), ((9, 'n_ci_l.txt'), -0.1412143516853642), ((1, 'cn.txt'), 0.0546697934321767), ((2, 'k.txt'), 0.0268351922642586), ((15, 't_mk__k.txt'), 0.0)]
INFO:root:Max absolute value 1: (6, 7) - Value: 9.95166131328972
Max absolute value 2: (9, 11) - Value: 3.2950302063577537
Max absolute value 3: (9, 10) - Value: 2.338874488977906
Max absolute value 4: (7, 8) - Value: 1.8967717790522853
Max absolute value 5: (7, 11) - Value: 1.8967717790522851

INFO:root:Sobol's solving time: 374.63850498199463(s)
INFO:root:
########## Robust Query Optimization ############ 

INFO:root:Original optimal plan id is 1
INFO:root:Instance id = None, Error div = 2, bandwidth = 0.5, tolerance = 0.2, have 50 samples.
INFO:root:Cost of 8 plan: 	[(0, 176941.89), (1, 18451.42), (2, 88213.55), (3, 497520.17), (4, 478514.72), (5, 478509.75), (6, 60633.22), (7, 135090.9)]
INFO:root:Sensitive predicates: [1, 11]
INFO:root:The number of samples to calculate expected penalty = 50.
INFO:root:### Best plan by exp penalty: [2], overhead 23.017239809036255s
INFO:root:exp_penalty_w_tol: 	[(0, 179402), (1, 688589), (2, 139093), (3, 278807), (4, 275798), (5, 275612), (6, 276754), (7, 143434)]
INFO:root:### Best plan by std penalty: [5], overhead 23.017239809036255s
INFO:root:std_penalty: 	[(0, 6591.424800622117), (1, 6591.527336124868), (2, 6591.527953041843), (3, 6591.446745950253), (4, 6591.446907248457), (5, 6590.585349764583), (6, 6591.44820156116), (7, 6591.446769044208)]
INFO:root:### Best plan by prob of penalized: [0, 1, 2, 3, 4, 5, 6, 7], overhead 23.017239809036255s
INFO:root:std_penalty: 	[(0, 1.0), (1, 1.0), (2, 1.0), (3, 1.0), (4, 1.0), (5, 1.0), (6, 1.0), (7, 1.0)]
