INFO:root:
########## Robust Query Optimization ############ 

INFO:root:Sobol: Sample size N = 256, b = 1.0
INFO:root:Recentered plan cost = 105505.73, plan is: /*+
SeqScan(an)
SeqScan(cn)
SeqScan(k)
IndexScan(mk)
IndexScan(t)
IndexScan(mc)
IndexScan(ci)
IndexOnlyScan(n)
NestLoop ( k mk )
NestLoop ( k mk t )
NestLoop ( k mk t mc )
MergeJoin ( cn k mk t mc )
NestLoop ( cn k mk t mc ci )
NestLoop ( cn k mk t mc ci n )
HashJoin ( an cn k mk t mc ci n )
Leading ( ( an ( ( ( cn ( ( ( k mk ) t ) mc ) ) ci ) n ) ) ) */
INFO:root:Sobols samples size: 7680
INFO:root:[((13, 't_ci_l.txt'), -0.02218428562537449), ((15, 'mk_k_r.txt'), 0.019492330206891912), ((10, 'mc_ci_pure.txt'), 0.01502516616634148), ((7, 't.txt'), 0.011798259068648093), ((14, 'mc_cn_r.txt'), 0.01072104710339234), ((11, 'mk_ci_pure.txt'), 0.009352796373377648), ((2, 'cn.txt'), -0.004309646940629842), ((12, 'n_ci_pure.txt'), 0.0007013611304154335), ((3, 'k.txt'), 0.0006533962673428849), ((18, 't_mk_l.txt'), -0.00015415524300743972), ((16, 'mk_mc__q2.txt'), 5.338267439502912e-05), ((8, 'ci_an_pure.txt'), -2.256505364939982e-05), ((9, 'n_an_pure.txt'), 7.996955501358115e-06), ((17, 't_mc_l.txt'), 3.4343041953579374e-07)]
INFO:root:Max absolute value 1: (1, 10) - Value: 0.2610866047332952
Max absolute value 2: (9, 10) - Value: 0.24759637599376924
Max absolute value 3: (1, 5) - Value: 0.15442242468040013
Max absolute value 4: (1, 2) - Value: 0.13378593282209245
Max absolute value 5: (1, 8) - Value: 0.12916414972242396

INFO:root:Sobols samples size: 3840
INFO:root:[((14, 'mc_cn_r.txt'), 0.026617975960549455), ((11, 'mk_ci_pure.txt'), 0.025390377475194188), ((10, 'mc_ci_pure.txt'), 0.017226865228399932), ((7, 't.txt'), 0.014730693805778985), ((3, 'k.txt'), 0.013256633509159918), ((13, 't_ci_l.txt'), -0.011534093201523429), ((15, 'mk_k_r.txt'), 0.00509156263893602), ((2, 'cn.txt'), -0.002601953314901876), ((12, 'n_ci_pure.txt'), 0.001360733805987529), ((16, 'mk_mc__q2.txt'), -0.00025232655306082086), ((17, 't_mc_l.txt'), 0.00021819251595242103), ((18, 't_mk_l.txt'), 0.00014585630856903112), ((8, 'ci_an_pure.txt'), -3.589405289738939e-05), ((9, 'n_an_pure.txt'), 4.18434198217788e-06)]
INFO:root:Max absolute value 1: (9, 10) - Value: 0.20196453163744815
Max absolute value 2: (9, 13) - Value: -0.022933507328061518
Max absolute value 3: (9, 11) - Value: -0.02292947884058174
Max absolute value 4: (9, 12) - Value: -0.02284201217161369
Max absolute value 5: (6, 7) - Value: -0.021730378277276762

INFO:root:Sobols samples size: 1920
INFO:root:[((14, 'mc_cn_r.txt'), 0.027725530544045144), ((10, 'mc_ci_pure.txt'), 0.025980061131065456), ((13, 't_ci_l.txt'), -0.025965222802472352), ((11, 'mk_ci_pure.txt'), 0.025236941960455082), ((3, 'k.txt'), 0.018892866441370747), ((7, 't.txt'), 0.012433955207374973), ((15, 'mk_k_r.txt'), 0.010471557306813128), ((2, 'cn.txt'), -0.0033133958224821946), ((12, 'n_ci_pure.txt'), 0.0016536629704217054), ((17, 't_mc_l.txt'), 0.00018142001677320485), ((18, 't_mk_l.txt'), 0.00016904634694690969), ((8, 'ci_an_pure.txt'), -4.951692630119137e-05), ((16, 'mk_mc__q2.txt'), -3.240710590700761e-05), ((9, 'n_an_pure.txt'), 1.7766627268448912e-06)]
INFO:root:Max absolute value 1: (5, 9) - Value: -0.02576139171482255
Max absolute value 2: (5, 6) - Value: -0.02558923818738658
Max absolute value 3: (6, 9) - Value: -0.024939181510678247
Max absolute value 4: (5, 10) - Value: -0.024874267050537007
Max absolute value 5: (5, 7) - Value: -0.024568076956420284

INFO:root:Sobols samples size: 960
INFO:root:[((14, 'mc_cn_r.txt'), 0.03826200311167341), ((13, 't_ci_l.txt'), -0.034748733259099836), ((10, 'mc_ci_pure.txt'), 0.0327155667853256), ((11, 'mk_ci_pure.txt'), 0.03175446835315131), ((3, 'k.txt'), 0.028528633227916562), ((7, 't.txt'), 0.014173514757093183), ((2, 'cn.txt'), 0.00776166610067866), ((15, 'mk_k_r.txt'), 0.007212571447775199), ((12, 'n_ci_pure.txt'), 0.002311294032427368), ((16, 'mk_mc__q2.txt'), -0.0004018311082437524), ((18, 't_mk_l.txt'), 0.00022343464459433548), ((17, 't_mc_l.txt'), 0.0002132899455801932), ((8, 'ci_an_pure.txt'), -7.319409770095067e-05), ((9, 'n_an_pure.txt'), 7.094107990688594e-06)]
INFO:root:Max absolute value 1: (8, 10) - Value: 0.03702369007669112
Max absolute value 2: (8, 11) - Value: 0.03438245294332036
Max absolute value 3: (8, 13) - Value: 0.03436937112443837
Max absolute value 4: (8, 12) - Value: 0.03435184000211128
Max absolute value 5: (8, 9) - Value: 0.03366578039956994

INFO:root:Sobols samples size: 480
INFO:root:[((13, 't_ci_l.txt'), 0.04406553264823564), ((11, 'mk_ci_pure.txt'), 0.03947850343670578), ((14, 'mc_cn_r.txt'), 0.03490146950511409), ((10, 'mc_ci_pure.txt'), 0.028692702447475713), ((3, 'k.txt'), 0.025779453627592295), ((15, 'mk_k_r.txt'), 0.023342172064377126), ((7, 't.txt'), 0.0009560007378886313), ((16, 'mk_mc__q2.txt'), -0.0008244458338005591), ((12, 'n_ci_pure.txt'), 0.0007337651684697944), ((2, 'cn.txt'), 0.00040699661334670775), ((17, 't_mc_l.txt'), 0.0003911101052192114), ((18, 't_mk_l.txt'), 5.8657680178667144e-05), ((9, 'n_an_pure.txt'), -1.3031211196955596e-05), ((8, 'ci_an_pure.txt'), 6.867694831666376e-06)]
INFO:root:Max absolute value 1: (8, 9) - Value: -0.04903945049910323
Max absolute value 2: (8, 12) - Value: -0.04202152849356773
Max absolute value 3: (8, 13) - Value: -0.04181062554955073
Max absolute value 4: (8, 11) - Value: -0.04179061326285972
Max absolute value 5: (8, 10) - Value: -0.03966717056339274

INFO:root:Sobols samples size: 240
INFO:root:[((11, 'mk_ci_pure.txt'), 2.430652891683102), ((15, 'mk_k_r.txt'), 2.1311184964366157), ((14, 'mc_cn_r.txt'), -0.6105827571817639), ((10, 'mc_ci_pure.txt'), 0.4994735132588908), ((2, 'cn.txt'), -0.20285086727589394), ((13, 't_ci_l.txt'), -0.15533992805726005), ((16, 'mk_mc__q2.txt'), -0.07837001837689568), ((7, 't.txt'), 0.05933224459504083), ((17, 't_mc_l.txt'), -0.01595311216099444), ((9, 'n_an_pure.txt'), 0.006999435776598161), ((8, 'ci_an_pure.txt'), 0.005791345713383852), ((18, 't_mk_l.txt'), 0.003879501635726468), ((12, 'n_ci_pure.txt'), 0.0008297646114823173), ((3, 'k.txt'), -1.454649993991814e-06)]
INFO:root:Max absolute value 1: (8, 10) - Value: 112.60101241461122
Max absolute value 2: (9, 10) - Value: 23.77162852784111
Max absolute value 3: (8, 9) - Value: -9.65465239643147
Max absolute value 4: (6, 10) - Value: -5.745623903813566
Max absolute value 5: (5, 6) - Value: -4.265383404086436

INFO:root:Sobols samples size: 120
INFO:root:[((2, 'cn.txt'), -0.38455129137334765), ((7, 't.txt'), 0.28324892953790615), ((16, 'mk_mc__q2.txt'), 0.2241848661953273), ((10, 'mc_ci_pure.txt'), -0.19303756517960333), ((17, 't_mc_l.txt'), 0.14967772496717646), ((13, 't_ci_l.txt'), -0.11403194064293967), ((14, 'mc_cn_r.txt'), 0.032217281301554636), ((15, 'mk_k_r.txt'), -0.031965248340429235), ((8, 'ci_an_pure.txt'), 0.026378246382103367), ((18, 't_mk_l.txt'), 0.023391162682356026), ((11, 'mk_ci_pure.txt'), -0.007409299963590537), ((12, 'n_ci_pure.txt'), 0.004620353688069906), ((9, 'n_an_pure.txt'), 0.00015417214857707659), ((3, 'k.txt'), 0.0)]
INFO:root:Max absolute value 1: (2, 10) - Value: 1.2038396079035483
Max absolute value 2: (2, 8) - Value: 1.0151767325675298
Max absolute value 3: (2, 5) - Value: 0.9047369216033546
Max absolute value 4: (2, 4) - Value: 0.782073581067212
Max absolute value 5: (2, 7) - Value: 0.7678907944547438

INFO:root:Sobol's solving time: 520.1532635688782(s)
INFO:root:
########## Robust Query Optimization ############ 

INFO:root:Original optimal plan id is 20
INFO:root:Instance id = None, Error div = 2, bandwidth = 1.0, tolerance = 0.2, have 50 samples.
INFO:root:Cost of 26 plan: 	[(0, 29454.17), (1, 108397.42), (2, 33475.67), (3, 33583.43), (4, 27235.92), (5, 186423.43), (6, 59160.21), (7, 59183.97), (8, 138173.06), (9, 138196.82), (10, 215716.51), (11, 101440.5), (12, 103477.96), (13, 185998.42), (14, 186000.95), (15, 218359.18), (16, 15166.35), (17, 14204.28), (18, 6284.49), (19, 12528.08), (20, 4612.66), (21, 63708.08), (22, 66499.27), (23, 136696.61), (24, 40956.69), (25, 183435.34)]
INFO:root:Sensitive predicates: [10, 13, 15]
INFO:root:The number of samples to calculate expected penalty = 50.
INFO:root:### Best plan by exp penalty: [14], overhead 87.75412082672119s
INFO:root:exp_penalty_w_tol: 	[(0, 5699651), (1, 317886), (2, 1343759), (3, 1836783), (4, 7222672), (5, 175885), (6, 3109246), (7, 3162862), (8, 191429), (9, 245311), (10, 244955), (11, 3206110), (12, 974609), (13, 184493), (14, 94920), (15, 121668), (16, 4782699), (17, 11690564), (18, 8269542), (19, 5562719), (20, 19979723), (21, 1216138), (22, 642729), (23, 422392), (24, 6506473), (25, 185739)]
INFO:root:### Best plan by std penalty: [14], overhead 87.75412082672119s
INFO:root:std_penalty: 	[(0, 30202908.792074304), (1, 1378375.8688498607), (2, 3670766.4164705137), (3, 6129816.913919211), (4, 38008514.14448031), (5, 276565.34516472043), (6, 16515644.135808535), (7, 16677368.148768293), (8, 711061.193490757), (9, 872703.3513586633), (10, 691703.6327876499), (11, 16882316.71254182), (12, 3287916.003669798), (13, 510533.1537409669), (14, 76045.91573394864), (15, 79570.64865258874), (16, 24546963.16409561), (17, 61898141.18239535), (18, 41997236.777300596), (19, 18549065.03912297), (20, 105439823.18145987), (21, 4061608.3332881955), (22, 1389633.9810484832), (23, 1214746.118542462), (24, 34385303.758232154), (25, 337976.81202812825)]
INFO:root:### Best plan by prob of penalized: [6, 14, 20], overhead 87.75412082672119s
INFO:root:std_penalty: 	[(0, 0.72), (1, 0.8), (2, 0.96), (3, 0.88), (4, 0.94), (5, 0.94), (6, 0.68), (7, 0.72), (8, 0.7), (9, 0.76), (10, 0.88), (11, 0.84), (12, 0.98), (13, 0.74), (14, 0.68), (15, 0.82), (16, 0.96), (17, 0.82), (18, 0.82), (19, 0.92), (20, 0.68), (21, 0.88), (22, 0.98), (23, 0.88), (24, 0.84), (25, 0.94)]
