INFO:root:
########## Robust Query Optimization ############ 

INFO:root:Sobol: Sample size N = 256, b = 0.5
INFO:root:Recentered plan cost = 7171.39, plan is: /*+
SeqScan(cct1)
IndexScan(cc)
SeqScan(k)
IndexScan(mk)
SeqScan(cct2)
IndexScan(t)
IndexScan(kt)
IndexScan(ci)
IndexScan(chn)
IndexOnlyScan(n)
NestLoop ( cct1 cc )
NestLoop ( k mk )
HashJoin ( cct1 cc k mk )
HashJoin ( cct1 cc k mk cct2 )
NestLoop ( cct1 cc k mk cct2 t )
NestLoop ( cct1 cc k mk cct2 t kt )
NestLoop ( cct1 cc k mk cct2 t kt ci )
NestLoop ( cct1 cc k mk cct2 t kt ci chn )
NestLoop ( cct1 cc k mk cct2 t kt ci chn n )
Leading ( ( ( ( ( ( ( ( ( cct1 cc ) ( k mk ) ) cct2 ) t ) kt ) ci ) chn ) n ) ) */
INFO:root:Sobols samples size: 9216
INFO:root:[((1, 'cct.txt'), 0.6248114248770427), ((19, 'mk_k_r.txt'), -0.07930506282073242), ((10, 'cct_cc_1_l.txt'), 0.05320193493656756), ((11, 'cct_cc_2_l.txt'), -0.028424602329760185), ((5, 'k.txt'), -0.021286181575674846), ((15, 'ci_chn_r.txt'), -0.020625085982947468), ((13, 'mk_cc__cct.txt'), 0.01928010421010981), ((9, 't.txt'), -0.01621250242809243), ((3, 'chn.txt'), -0.015933224802669826), ((14, 't_cc_l.txt'), -0.013445897672344246), ((2, 'cct.txt'), 0.012518060775311505), ((20, 't_kt_both.txt'), 0.012370501842798278), ((12, 'ci_cc__cct.txt'), -0.011139479914003316), ((16, 'mk_ci__chn.txt'), 0.0013948083411625262), ((18, 't_ci_l.txt'), 0.001217752325587147), ((17, 'n_ci__chn.txt'), 0.0008638770403947897), ((21, 't_mk_l.txt'), 0.0001919088228749535)]
INFO:root:Max absolute value 1: (0, 8) - Value: -0.3480227681053464
Max absolute value 2: (0, 2) - Value: -0.3437743274681366
Max absolute value 3: (0, 4) - Value: -0.3424611911925807
Max absolute value 4: (0, 9) - Value: -0.34048519670934957
Max absolute value 5: (0, 10) - Value: -0.3371206451428099

INFO:root:Sobols samples size: 4608
INFO:root:[((1, 'cct.txt'), 0.3869889883206729), ((10, 'cct_cc_1_l.txt'), 0.07717886319366747), ((11, 'cct_cc_2_l.txt'), -0.06924919442745404), ((19, 'mk_k_r.txt'), -0.05069895654957012), ((13, 'mk_cc__cct.txt'), 0.0323954294013084), ((3, 'chn.txt'), -0.030624618650480828), ((15, 'ci_chn_r.txt'), -0.030596532816342118), ((9, 't.txt'), -0.029621463999677668), ((14, 't_cc_l.txt'), -0.028458553712705205), ((2, 'cct.txt'), 0.027104413346472782), ((20, 't_kt_both.txt'), 0.027029535646221695), ((5, 'k.txt'), 0.025610595764837988), ((12, 'ci_cc__cct.txt'), -0.02096311926150388), ((16, 'mk_ci__chn.txt'), 0.002782251086268699), ((18, 't_ci_l.txt'), 0.002231905985394911), ((17, 'n_ci__chn.txt'), 0.001327023765939538), ((21, 't_mk_l.txt'), -4.242205657694024e-05)]
INFO:root:Max absolute value 1: (6, 8) - Value: 0.24013072078150444
Max absolute value 2: (6, 15) - Value: 0.2240835748084895
Max absolute value 3: (6, 11) - Value: 0.19402399041795268
Max absolute value 4: (6, 13) - Value: 0.19335182729695
Max absolute value 5: (6, 12) - Value: 0.19176519918093715

INFO:root:Sobols samples size: 2304
INFO:root:[((1, 'cct.txt'), 0.5236796543796683), ((13, 'mk_cc__cct.txt'), 0.08675251036933418), ((5, 'k.txt'), 0.08375705850396747), ((11, 'cct_cc_2_l.txt'), -0.0671390652175035), ((19, 'mk_k_r.txt'), -0.029882819426835128), ((10, 'cct_cc_1_l.txt'), -0.0030169858567271226), ((9, 't.txt'), 0.0013533025794569748), ((3, 'chn.txt'), 0.001211152241184278), ((2, 'cct.txt'), -0.0011463942107212272), ((14, 't_cc_l.txt'), -0.0009516547222248341), ((17, 'n_ci__chn.txt'), 0.0005626415756482717), ((15, 'ci_chn_r.txt'), 0.00045643365951509516), ((12, 'ci_cc__cct.txt'), 0.00019698402605429044), ((20, 't_kt_both.txt'), -4.857532109364012e-05), ((21, 't_mk_l.txt'), 6.080030266414566e-06), ((18, 't_ci_l.txt'), -1.399575893736814e-06), ((16, 'mk_ci__chn.txt'), 0.0)]
INFO:root:Max absolute value 1: (0, 3) - Value: -0.4203022975141325
Max absolute value 2: (6, 8) - Value: 0.3376623125546094
Max absolute value 3: (0, 2) - Value: -0.32363619664415993
Max absolute value 4: (0, 10) - Value: -0.3235103745729968
Max absolute value 5: (0, 4) - Value: -0.323379901012388

INFO:root:Sobols samples size: 1152
INFO:root:[((1, 'cct.txt'), 0.8397151021133727), ((5, 'k.txt'), 0.13267469115553857), ((19, 'mk_k_r.txt'), 0.048307557108322664), ((11, 'cct_cc_2_l.txt'), -0.038294512741305776), ((10, 'cct_cc_1_l.txt'), -0.009485475172739557), ((13, 'mk_cc__cct.txt'), -0.0049445185587146225), ((14, 't_cc_l.txt'), -0.0032504534746141916), ((9, 't.txt'), 0.0032072769668025423), ((3, 'chn.txt'), 0.0028562188875287373), ((2, 'cct.txt'), 0.0019207093453314122), ((17, 'n_ci__chn.txt'), 0.0012570897800797494), ((15, 'ci_chn_r.txt'), 0.0011467469464674065), ((12, 'ci_cc__cct.txt'), 0.00043037206476215147), ((20, 't_kt_both.txt'), -0.0001629350304132525), ((21, 't_mk_l.txt'), 1.163764704895116e-05), ((18, 't_ci_l.txt'), -3.131832700525161e-06), ((16, 'mk_ci__chn.txt'), 0.0)]
INFO:root:Max absolute value 1: (0, 3) - Value: -0.6781411337111334
Max absolute value 2: (0, 2) - Value: -0.5517155468228332
Max absolute value 3: (0, 10) - Value: -0.5513670038576433
Max absolute value 4: (0, 4) - Value: -0.5511755699278081
Max absolute value 5: (0, 7) - Value: -0.5504771231096335

INFO:root:Sobols samples size: 576
INFO:root:[((1, 'cct.txt'), 0.9527489365315147), ((5, 'k.txt'), 0.15265870785767593), ((10, 'cct_cc_1_l.txt'), -0.03949378348704409), ((19, 'mk_k_r.txt'), 0.03215209690566493), ((11, 'cct_cc_2_l.txt'), -0.03156519099582883), ((2, 'cct.txt'), -0.014766807376981439), ((13, 'mk_cc__cct.txt'), 0.0020047355136729424), ((9, 't.txt'), 0.0011504867413925173), ((15, 'ci_chn_r.txt'), -0.0008069510275077507), ((12, 'ci_cc__cct.txt'), -0.00040372456081754984), ((20, 't_kt_both.txt'), -0.00018974372309926355), ((14, 't_cc_l.txt'), -0.00015939710725877465), ((3, 'chn.txt'), -0.0001412173295718133), ((17, 'n_ci__chn.txt'), 2.1793990172007107e-05), ((18, 't_ci_l.txt'), -4.938120040951158e-06), ((16, 'mk_ci__chn.txt'), 0.0), ((21, 't_mk_l.txt'), 0.0)]
INFO:root:Max absolute value 1: (0, 3) - Value: -0.8660463177761502
Max absolute value 2: (0, 8) - Value: -0.7112960948974132
Max absolute value 3: (0, 4) - Value: -0.7095366601699113
Max absolute value 4: (0, 12) - Value: -0.7084589334538051
Max absolute value 5: (0, 11) - Value: -0.7084332133944886

INFO:root:Sobols samples size: 288
INFO:root:[((1, 'cct.txt'), 0.9591844911651298), ((5, 'k.txt'), 0.16348825374484968), ((10, 'cct_cc_1_l.txt'), -0.07298616425491894), ((19, 'mk_k_r.txt'), 0.058029037879591114), ((11, 'cct_cc_2_l.txt'), -0.02719524739767493), ((9, 't.txt'), 0.0012556468499192544), ((15, 'ci_chn_r.txt'), -0.000771685908293573), ((13, 'mk_cc__cct.txt'), 0.0003783291941915814), ((12, 'ci_cc__cct.txt'), -0.00037521835743685927), ((2, 'cct.txt'), 0.000292760137258476), ((20, 't_kt_both.txt'), -0.00020812697983441322), ((3, 'chn.txt'), -0.0001525254158347191), ((14, 't_cc_l.txt'), -0.00015242046327625073), ((17, 'n_ci__chn.txt'), 3.2398768650706964e-05), ((16, 'mk_ci__chn.txt'), 0.0), ((18, 't_ci_l.txt'), 0.0), ((21, 't_mk_l.txt'), 0.0)]
INFO:root:Max absolute value 1: (0, 3) - Value: -0.8893722544287368
Max absolute value 2: (0, 14) - Value: -0.7845091221954619
Max absolute value 3: (0, 4) - Value: -0.7159769207583622
Max absolute value 4: (0, 8) - Value: -0.7148624412919352
Max absolute value 5: (0, 1) - Value: -0.7146962315555156

INFO:root:Sobols samples size: 144
INFO:root:[((1, 'cct.txt'), 1.1334366574138346), ((19, 'mk_k_r.txt'), 0.3633755112767119), ((10, 'cct_cc_1_l.txt'), -0.0627273217782448), ((11, 'cct_cc_2_l.txt'), 0.060623212638471334), ((9, 't.txt'), 0.02932349340325585), ((15, 'ci_chn_r.txt'), -0.01790855686684526), ((12, 'ci_cc__cct.txt'), -0.008749142937518994), ((20, 't_kt_both.txt'), -0.004580457859394256), ((3, 'chn.txt'), -0.003556237446244269), ((14, 't_cc_l.txt'), -0.00355445318812719), ((2, 'cct.txt'), 0.0026079135901691604), ((13, 'mk_cc__cct.txt'), -0.0019986866013491237), ((17, 'n_ci__chn.txt'), 0.0007554000994346518), ((5, 'k.txt'), 0.0), ((16, 'mk_ci__chn.txt'), 0.0), ((18, 't_ci_l.txt'), 0.0), ((21, 't_mk_l.txt'), 0.0)]
INFO:root:Max absolute value 1: (0, 14) - Value: -0.8937293095954151
Max absolute value 2: (0, 6) - Value: -0.6110259828782454
Max absolute value 3: (0, 4) - Value: -0.5604515771758793
Max absolute value 4: (0, 1) - Value: -0.5386821219327629
Max absolute value 5: (0, 12) - Value: -0.5334937535921268

INFO:root:Sobol's solving time: 832.20361328125(s)
INFO:root:
########## Robust Query Optimization ############ 

INFO:root:Original optimal plan id is 1
INFO:root:Instance id = None, Error div = 2, bandwidth = 0.5, tolerance = 0.2, have 50 samples.
INFO:root:Cost of 14 plan: 	[(0, 6523.03), (1, 3945.05), (2, 3945.05), (3, 3945.05), (4, 3945.05), (5, 6693.81), (6, 6693.81), (7, 48354.88), (8, 48466.66), (9, 48452.48), (10, 48452.48), (11, 48456.51), (12, 48432.38), (13, 48432.38)]
INFO:root:Sensitive predicates: [1, 19]
INFO:root:The number of samples to calculate expected penalty = 50.
INFO:root:### Best plan by exp penalty: [6], overhead 63.71046161651611s
INFO:root:exp_penalty_w_tol: 	[(0, 3848), (1, 10367), (2, 10358), (3, 10360), (4, 10613), (5, 2092), (6, 2086), (7, 40380), (8, 40772), (9, 40586), (10, 40583), (11, 40584), (12, 40568), (13, 40568)]
INFO:root:### Best plan by std penalty: [0], overhead 63.71046161651611s
INFO:root:std_penalty: 	[(0, 2272.1702717419394), (1, 13243.148811564417), (2, 13227.879685177062), (3, 13229.592939159627), (4, 13544.277301922562), (5, 3344.620354417769), (6, 3331.605726387497), (7, 3209.001389338582), (8, 3163.6152466397616), (9, 3209.6400660309305), (10, 3210.693233029302), (11, 3212.0388333090627), (12, 3211.309484894441), (13, 3211.7921915448023)]
INFO:root:### Best plan by prob of penalized: [5, 6], overhead 63.71046161651611s
INFO:root:std_penalty: 	[(0, 1.0), (1, 0.66), (2, 0.66), (3, 0.66), (4, 0.66), (5, 0.4), (6, 0.4), (7, 1.0), (8, 1.0), (9, 1.0), (10, 1.0), (11, 1.0), (12, 1.0), (13, 1.0)]
