INFO:root:
########## Robust Query Optimization ############ 

INFO:root:Sobol: Sample size N = 256, b = 1.0
INFO:root:Recentered plan cost = 66535.16, plan is: /*+
SeqScan(cn)
SeqScan(k)
IndexScan(mk)
IndexScan(t)
IndexScan(mc)
IndexScan(ci)
IndexOnlyScan(n)
IndexScan(an)
NestLoop ( k mk )
NestLoop ( k mk t )
NestLoop ( k mk t mc )
HashJoin ( cn k mk t mc )
NestLoop ( cn k mk t mc ci )
NestLoop ( cn k mk t mc ci n )
NestLoop ( cn k mk t mc ci n an )
Leading ( ( ( ( ( cn ( ( ( k mk ) t ) mc ) ) ci ) n ) an ) ) */
INFO:root:Sobols samples size: 7680
INFO:root:[((13, 't_ci_l.txt'), 0.029756905497861617), ((3, 'k.txt'), 0.02854509390776193), ((12, 'n_ci_pure.txt'), 0.0066416498524719736), ((11, 'mk_ci_pure.txt'), 0.006113815211105681), ((10, 'mc_ci_pure.txt'), -0.0033429767438370194), ((14, 'mc_cn_r.txt'), -0.0029647238301432123), ((7, 't.txt'), 0.0013667751573899869), ((2, 'cn.txt'), -0.0010294945423728107), ((15, 'mk_k_r.txt'), 0.0006709124185850747), ((18, 't_mk_l.txt'), -0.00047970739934560726), ((17, 't_mc_l.txt'), 0.0004697283757464059), ((16, 'mk_mc__q2.txt'), -5.214682373733403e-05), ((8, 'ci_an_pure.txt'), 3.520999025857585e-06), ((9, 'n_an_pure.txt'), 1.86320841932272e-06)]
INFO:root:Max absolute value 1: (5, 8) - Value: 0.32296789394430014
Max absolute value 2: (5, 7) - Value: 0.08975799506623013
Max absolute value 3: (5, 6) - Value: 0.08894241815313828
Max absolute value 4: (9, 12) - Value: 0.060389899517112176
Max absolute value 5: (9, 11) - Value: 0.05857215114458604

INFO:root:Sobols samples size: 3840
INFO:root:[((14, 'mc_cn_r.txt'), -0.023295169221508028), ((12, 'n_ci_pure.txt'), 0.022700390911462077), ((10, 'mc_ci_pure.txt'), -0.017421065466710732), ((13, 't_ci_l.txt'), 0.017069003331595098), ((15, 'mk_k_r.txt'), -0.014233626313598629), ((11, 'mk_ci_pure.txt'), -0.008137433843409491), ((3, 'k.txt'), 0.008086266274033168), ((2, 'cn.txt'), 0.0008749484578775828), ((7, 't.txt'), 0.0008200437745030293), ((16, 'mk_mc__q2.txt'), 0.0003097556223910384), ((17, 't_mc_l.txt'), 0.0003052776929204637), ((18, 't_mk_l.txt'), -0.0001591164591959654), ((8, 'ci_an_pure.txt'), 3.944342900497678e-05), ((9, 'n_an_pure.txt'), -1.1098233894789895e-06)]
INFO:root:Max absolute value 1: (9, 12) - Value: 0.5335707998396679
Max absolute value 2: (9, 11) - Value: 0.5314203055415333
Max absolute value 3: (9, 13) - Value: 0.5210673457557631
Max absolute value 4: (9, 10) - Value: 0.3182504128897513
Max absolute value 5: (5, 7) - Value: 0.1925622204207104

INFO:root:Sobols samples size: 1920
INFO:root:[((11, 'mk_ci_pure.txt'), 0.0378381655497848), ((14, 'mc_cn_r.txt'), 0.036962358319769115), ((10, 'mc_ci_pure.txt'), 0.03362307485518674), ((15, 'mk_k_r.txt'), -0.02912688010736423), ((3, 'k.txt'), 0.023705364825414483), ((12, 'n_ci_pure.txt'), 0.01897382107343054), ((2, 'cn.txt'), -0.013364523751047463), ((13, 't_ci_l.txt'), -0.0023714906294095015), ((7, 't.txt'), 0.0005126540434850503), ((16, 'mk_mc__q2.txt'), -0.00046107336422223543), ((17, 't_mc_l.txt'), 0.0002898659155110585), ((18, 't_mk_l.txt'), 0.0002843425554704062), ((9, 'n_an_pure.txt'), 7.527361930416097e-05), ((8, 'ci_an_pure.txt'), 1.3601176343148789e-05)]
INFO:root:Max absolute value 1: (6, 13) - Value: -0.03772157571181054
Max absolute value 2: (6, 9) - Value: -0.03765590174381759
Max absolute value 3: (6, 7) - Value: -0.03763984986503617
Max absolute value 4: (6, 12) - Value: -0.03761646672856567
Max absolute value 5: (6, 11) - Value: -0.03761166856990462

INFO:root:Sobols samples size: 960
INFO:root:[((15, 'mk_k_r.txt'), -0.05720696864166668), ((14, 'mc_cn_r.txt'), 0.044762751863642904), ((11, 'mk_ci_pure.txt'), 0.04467813895287729), ((3, 'k.txt'), 0.04402298496177112), ((10, 'mc_ci_pure.txt'), 0.03820276991965237), ((12, 'n_ci_pure.txt'), 0.022091303772591643), ((2, 'cn.txt'), 0.019476235131079), ((13, 't_ci_l.txt'), 0.00752989886654172), ((7, 't.txt'), -0.005229337883898582), ((16, 'mk_mc__q2.txt'), -0.0005084748876486582), ((18, 't_mk_l.txt'), 0.0002644268036526426), ((17, 't_mc_l.txt'), 0.00025168948129181406), ((8, 'ci_an_pure.txt'), -5.230951872067036e-05), ((9, 'n_an_pure.txt'), 2.372352322223808e-05)]
INFO:root:Max absolute value 1: (10, 13) - Value: 0.05818585260767414
Max absolute value 2: (10, 11) - Value: 0.0581159269466913
Max absolute value 3: (10, 12) - Value: 0.05797351292710706
Max absolute value 4: (1, 2) - Value: -0.04584435430091793
Max absolute value 5: (6, 13) - Value: -0.04541326337715559

INFO:root:Sobols samples size: 480
INFO:root:[((15, 'mk_k_r.txt'), 0.04693793527446237), ((13, 't_ci_l.txt'), 0.04208025914438684), ((11, 'mk_ci_pure.txt'), 0.038710135936775684), ((14, 'mc_cn_r.txt'), 0.033329253165012056), ((3, 'k.txt'), 0.031233723524184066), ((10, 'mc_ci_pure.txt'), 0.028617757924074075), ((7, 't.txt'), -0.02353778268753501), ((2, 'cn.txt'), 0.019523087501509), ((12, 'n_ci_pure.txt'), 0.013972398111828259), ((16, 'mk_mc__q2.txt'), -0.0005737883024301893), ((17, 't_mc_l.txt'), 0.0002033125145260254), ((8, 'ci_an_pure.txt'), -4.7044693720078465e-05), ((18, 't_mk_l.txt'), -2.4284736248194565e-05), ((9, 'n_an_pure.txt'), 1.638998983048863e-05)]
INFO:root:Max absolute value 1: (8, 10) - Value: -0.048005322749459636
Max absolute value 2: (8, 11) - Value: -0.04341328370003538
Max absolute value 3: (8, 9) - Value: -0.043411815622511285
Max absolute value 4: (8, 12) - Value: -0.04340150203230272
Max absolute value 5: (10, 12) - Value: -0.043339219808708355

INFO:root:Sobols samples size: 240
INFO:root:[((7, 't.txt'), -0.5373987569585871), ((13, 't_ci_l.txt'), 0.2961500965050142), ((3, 'k.txt'), 0.14925548457279716), ((15, 'mk_k_r.txt'), -0.14539490972615185), ((11, 'mk_ci_pure.txt'), -0.1420271274222018), ((10, 'mc_ci_pure.txt'), 0.07832972611404342), ((16, 'mk_mc__q2.txt'), 0.04846612987985796), ((17, 't_mc_l.txt'), -0.039845845364524415), ((2, 'cn.txt'), -0.037617394963135944), ((18, 't_mk_l.txt'), -0.032157957094776056), ((14, 'mc_cn_r.txt'), 0.027146799410502714), ((12, 'n_ci_pure.txt'), 0.022623932575705937), ((8, 'ci_an_pure.txt'), 0.004693623775359147), ((9, 'n_an_pure.txt'), 0.003235346008229594)]
INFO:root:Max absolute value 1: (8, 10) - Value: 13.19665776463153
Max absolute value 2: (8, 9) - Value: -5.2910374785441245
Max absolute value 3: (8, 11) - Value: -4.1350353681718754
Max absolute value 4: (8, 12) - Value: -3.751610519370663
Max absolute value 5: (8, 13) - Value: -3.6290776400751734

INFO:root:Sobols samples size: 120
INFO:root:[((7, 't.txt'), -0.8286926016692095), ((11, 'mk_ci_pure.txt'), -0.6008089719632514), ((13, 't_ci_l.txt'), 0.5568177874792504), ((15, 'mk_k_r.txt'), -0.444849039036046), ((3, 'k.txt'), 0.2108354483615425), ((16, 'mk_mc__q2.txt'), 0.09222597552286602), ((14, 'mc_cn_r.txt'), 0.051568534110520634), ((17, 't_mc_l.txt'), -0.04991389435661238), ((18, 't_mk_l.txt'), -0.04118587931646608), ((2, 'cn.txt'), -0.03840492952209474), ((10, 'mc_ci_pure.txt'), 0.020153257879916814), ((12, 'n_ci_pure.txt'), 0.011827515834224074), ((8, 'ci_an_pure.txt'), -0.005603895746705841), ((9, 'n_an_pure.txt'), 0.00269186843885089)]
INFO:root:Max absolute value 1: (9, 10) - Value: -2.4020956855214695
Max absolute value 2: (9, 13) - Value: -2.392430835668269
Max absolute value 3: (9, 12) - Value: -2.1716729738277754
Max absolute value 4: (9, 11) - Value: -2.1098869075480726
Max absolute value 5: (1, 10) - Value: 1.4383164697350854

INFO:root:Sobol's solving time: 520.089626789093(s)
INFO:root:
########## Robust Query Optimization ############ 

