INFO:root:
########## Robust Query Optimization ############ 

INFO:root:Sobol: Sample size N = 256, b = 1.0
INFO:root:Recentered plan cost = 105791.77, plan is: /*+
SeqScan(t)
SeqScan(k)
IndexScan(mk)
IndexScan(ci)
IndexScan(n)
IndexScan(mc)
IndexScan(cn)
NestLoop ( k mk )
NestLoop ( k mk ci )
HashJoin ( t k mk ci )
NestLoop ( t k mk ci n )
NestLoop ( t k mk ci n mc )
NestLoop ( t k mk ci n mc cn )
Leading ( ( ( ( ( t ( ( k mk ) ci ) ) n ) mc ) cn ) ) */
INFO:root:Sobols samples size: 6656
INFO:root:[((12, 'mk_k_r.txt'), 0.049036142497065296), ((2, 'k.txt'), 0.018704113377402732), ((9, 'n_ci_l.txt'), 0.008328336344716677), ((8, 'mk_ci__q17.txt'), 0.006589332456057496), ((5, 'n.txt'), 0.004564195526813201), ((7, 'ci_mc__q17.txt'), -0.0016060547089380996), ((10, 't_ci__n.txt'), -0.0002922953100936307), ((11, 'mc_cn_r.txt'), -9.328233336717492e-05), ((1, 'cn.txt'), -8.08779384101494e-05), ((14, 't_mc__cn.txt'), -5.797969710932923e-05), ((13, 'mk_mc__q2.txt'), 2.9722030291871832e-05), ((15, 't_mk__k.txt'), 8.646242981105342e-06)]
INFO:root:Max absolute value 1: (4, 8) - Value: 0.1692187138022312
Max absolute value 2: (6, 8) - Value: 0.09583073330612014
Max absolute value 3: (4, 5) - Value: 0.07994878702118668
Max absolute value 4: (4, 6) - Value: 0.03527566780748704
Max absolute value 5: (5, 8) - Value: -0.024951355024436232

INFO:root:Sobols samples size: 3328
INFO:root:[((10, 't_ci__n.txt'), 0.06563778167499647), ((8, 'mk_ci__q17.txt'), 0.05794903149193605), ((2, 'k.txt'), 0.028624233971293617), ((12, 'mk_k_r.txt'), -0.020678395992162407), ((7, 'ci_mc__q17.txt'), -0.015554687937696165), ((9, 'n_ci_l.txt'), 0.013475197236014612), ((5, 'n.txt'), 0.003432269849376321), ((11, 'mc_cn_r.txt'), -0.0001943859148239724), ((1, 'cn.txt'), 9.496764786957301e-05), ((13, 'mk_mc__q2.txt'), -7.539419711882773e-05), ((15, 't_mk__k.txt'), -1.716615022487384e-05), ((14, 't_mc__cn.txt'), -1.0771104114113024e-05)]
INFO:root:Max absolute value 1: (4, 5) - Value: 0.7212252811644686
Max absolute value 2: (4, 8) - Value: 0.6540388700922334
Max absolute value 3: (6, 8) - Value: 0.5750832117818105
Max absolute value 4: (1, 8) - Value: 0.13851114190162903
Max absolute value 5: (4, 10) - Value: 0.11532949496255192

INFO:root:Sobols samples size: 1664
INFO:root:[((12, 'mk_k_r.txt'), 0.6411602663761509), ((8, 'mk_ci__q17.txt'), 0.174019201019856), ((9, 'n_ci_l.txt'), 0.13794675282051858), ((10, 't_ci__n.txt'), 0.08487146352446927), ((7, 'ci_mc__q17.txt'), -0.02321855677493715), ((2, 'k.txt'), 0.022293546277006894), ((5, 'n.txt'), 0.002883514848391716), ((11, 'mc_cn_r.txt'), -0.0014845817884911836), ((1, 'cn.txt'), 0.001314476801886583), ((15, 't_mk__k.txt'), -0.0003847472038456925), ((14, 't_mc__cn.txt'), 0.0002924572327321605), ((13, 'mk_mc__q2.txt'), 0.00015412954949848765)]
INFO:root:Max absolute value 1: (4, 5) - Value: 5.410535369675969
Max absolute value 2: (4, 8) - Value: 3.9843222701154684
Max absolute value 3: (6, 8) - Value: 1.5762910756127326
Max absolute value 4: (4, 6) - Value: 1.0747012751151124
Max absolute value 5: (4, 10) - Value: 0.897600172386252

INFO:root:Sobols samples size: 832
INFO:root:[((9, 'n_ci_l.txt'), 0.32307259594027127), ((8, 'mk_ci__q17.txt'), 0.2750207480501062), ((12, 'mk_k_r.txt'), 0.10473213195526834), ((10, 't_ci__n.txt'), 0.09171741733704486), ((5, 'n.txt'), 0.026151063948099695), ((7, 'ci_mc__q17.txt'), -0.01827795906347894), ((2, 'k.txt'), -0.005452471005220486), ((1, 'cn.txt'), 0.003076626539909267), ((13, 'mk_mc__q2.txt'), 0.0016700000095479287), ((11, 'mc_cn_r.txt'), -0.0010046653091197442), ((15, 't_mk__k.txt'), -0.00013705563254894806), ((14, 't_mc__cn.txt'), 1.3165496242190054e-05)]
INFO:root:Max absolute value 1: (4, 5) - Value: 10.440055895783368
Max absolute value 2: (4, 6) - Value: 1.9859341742641679
Max absolute value 3: (4, 8) - Value: 1.532956770713289
Max absolute value 4: (4, 10) - Value: 1.2417422568235064
Max absolute value 5: (4, 11) - Value: 1.2394433235860323

INFO:root:Sobols samples size: 416
INFO:root:[((9, 'n_ci_l.txt'), 0.3419381380274465), ((8, 'mk_ci__q17.txt'), 0.1870781734175159), ((5, 'n.txt'), 0.08098570856929883), ((10, 't_ci__n.txt'), 0.05352898635659447), ((7, 'ci_mc__q17.txt'), 0.05349329208631627), ((12, 'mk_k_r.txt'), 0.041874957168043576), ((13, 'mk_mc__q2.txt'), 0.003995629601987996), ((1, 'cn.txt'), 0.003007198279900021), ((2, 'k.txt'), 0.0006335913612644611), ((11, 'mc_cn_r.txt'), -0.0004202099118984359), ((14, 't_mc__cn.txt'), 0.00014201941897281476), ((15, 't_mk__k.txt'), -0.00012127466318803181)]
INFO:root:Max absolute value 1: (4, 5) - Value: 17.335568135361864
Max absolute value 2: (4, 6) - Value: 3.4086361664575273
Max absolute value 3: (4, 8) - Value: 2.6722059107995735
Max absolute value 4: (4, 10) - Value: 2.1189919273835205
Max absolute value 5: (4, 11) - Value: 2.1152445486463956

INFO:root:Sobols samples size: 208
INFO:root:[((9, 'n_ci_l.txt'), 0.3373989935450687), ((8, 'mk_ci__q17.txt'), 0.16026327554958608), ((12, 'mk_k_r.txt'), 0.026899517986240906), ((7, 'ci_mc__q17.txt'), -0.020584987535385943), ((10, 't_ci__n.txt'), 0.0104309577306171), ((13, 'mk_mc__q2.txt'), 0.007979979423700826), ((1, 'cn.txt'), 0.00664245255930872), ((5, 'n.txt'), 0.002140133521877253), ((2, 'k.txt'), 0.0015819028886780169), ((11, 'mc_cn_r.txt'), -0.0014620394966054133), ((14, 't_mc__cn.txt'), 0.0005271995887890595), ((15, 't_mk__k.txt'), 0.00048396295657086337)]
INFO:root:Max absolute value 1: (4, 5) - Value: 33.055676435439615
Max absolute value 2: (4, 6) - Value: 6.567850431615984
Max absolute value 3: (4, 8) - Value: 4.945100176422641
Max absolute value 4: (4, 10) - Value: 4.192702508716092
Max absolute value 5: (4, 9) - Value: 4.185321639299008

INFO:root:Sobols samples size: 104
INFO:root:[((10, 't_ci__n.txt'), 0.0987215639949193), ((2, 'k.txt'), -0.018962276726231662), ((8, 'mk_ci__q17.txt'), 0.011761652180332854), ((9, 'n_ci_l.txt'), -0.011031082086728842), ((12, 'mk_k_r.txt'), 0.007405769849325045), ((5, 'n.txt'), -0.002338482145422501), ((15, 't_mk__k.txt'), -0.0017746526865897335), ((11, 'mc_cn_r.txt'), -0.0014053024396425467), ((1, 'cn.txt'), 0.0013560879831186587), ((7, 'ci_mc__q17.txt'), 0.001215954555201721), ((14, 't_mc__cn.txt'), 0.0011039359825140416), ((13, 'mk_mc__q2.txt'), 0.0009840486063165466)]
INFO:root:Max absolute value 1: (4, 5) - Value: 0.19155064211430683
Max absolute value 2: (4, 11) - Value: 0.18565723746772575
Max absolute value 3: (4, 7) - Value: 0.184792509477535
Max absolute value 4: (4, 10) - Value: 0.1835498698529904
Max absolute value 5: (4, 9) - Value: 0.18207410957225678

INFO:root:Sobol's solving time: 377.0750455856323(s)
INFO:root:
########## Robust Query Optimization ############ 

INFO:root:Original optimal plan id is 1
INFO:root:Instance id = None, Error div = 2, bandwidth = 1.0, tolerance = 0.2, have 50 samples.
INFO:root:Cost of 13 plan: 	[(0, 171355.23), (1, 4702.55), (2, 4721.92), (3, 204649.82), (4, 554837.47), (5, 43829.03), (6, 113404.66), (7, 113446.94), (8, 158065.96), (9, 110496.22), (10, 81308.53), (11, 49874.64), (12, 55236.12)]
INFO:root:Sensitive predicates: [2, 12]
INFO:root:The number of samples to calculate expected penalty = 50.
INFO:root:### Best plan by exp penalty: [3], overhead 37.117395877838135s
INFO:root:exp_penalty_w_tol: 	[(0, 145028), (1, 4356015), (2, 5025096), (3, 116465), (4, 380120), (5, 1670767), (6, 450368), (7, 497123), (8, 119020), (9, 450748), (10, 804445), (11, 1343127), (12, 1214278)]
INFO:root:### Best plan by std penalty: [4], overhead 37.117395877838135s
INFO:root:std_penalty: 	[(0, 418530.68640157697), (1, 14519286.418533241), (2, 16681575.922953837), (3, 236105.64599740496), (4, 139115.07895636212), (5, 5722840.727550533), (6, 1558996.7979287484), (7, 1716889.7912629074), (8, 335353.9077895672), (9, 1567778.9894109392), (10, 2821952.647167043), (11, 4651564.648736271), (12, 4222167.794513477)]
INFO:root:### Best plan by prob of penalized: [8], overhead 37.117395877838135s
INFO:root:std_penalty: 	[(0, 0.54), (1, 0.78), (2, 0.78), (3, 0.6), (4, 0.92), (5, 0.82), (6, 0.66), (7, 0.66), (8, 0.52), (9, 0.66), (10, 0.58), (11, 0.7), (12, 0.64)]
