INFO:root:
########## Robust Query Optimization ############ 

INFO:root:Sobol: Sample size N = 256, b = 1.0
INFO:root:Recentered plan cost = 7659.7, plan is: /*+
SeqScan(k)
IndexScan(mk)
IndexScan(t)
IndexScan(cc)
SeqScan(cct1)
SeqScan(cct2)
SeqScan(kt)
IndexScan(ci)
IndexScan(chn)
IndexOnlyScan(n)
NestLoop ( k mk )
NestLoop ( k mk t )
NestLoop ( k mk t cc )
NestLoop ( k mk t cc cct1 )
NestLoop ( k mk t cc cct1 cct2 )
NestLoop ( k mk t cc cct1 cct2 kt )
NestLoop ( k mk t cc cct1 cct2 kt ci )
NestLoop ( k mk t cc cct1 cct2 kt ci chn )
NestLoop ( k mk t cc cct1 cct2 kt ci chn n )
Leading ( ( ( ( ( ( ( ( ( ( k mk ) t ) cc ) cct1 ) cct2 ) kt ) ci ) chn ) n ) ) */
INFO:root:Sobols samples size: 9216
INFO:root:[((19, 'mk_k_r.txt'), 0.1815446482348318), ((5, 'k.txt'), 0.06403147968001663), ((13, 'mk_cc__cct.txt'), 0.009213888048580893), ((10, 'cct_cc_1_l.txt'), 0.007314404441992976), ((2, 'cct.txt'), -0.004792880238726411), ((20, 't_kt_both.txt'), -0.0036639325374883), ((14, 't_cc_l.txt'), -0.0013837104021708884), ((12, 'ci_cc__cct.txt'), 0.0012977502568272794), ((1, 'cct.txt'), 0.0012795863875891553), ((9, 't.txt'), 0.0012417460154737338), ((3, 'chn.txt'), 0.0011393648009393297), ((15, 'ci_chn_r.txt'), 0.0009748604453822018), ((11, 'cct_cc_2_l.txt'), -0.00024096020025468363), ((21, 't_mk_l.txt'), 0.00011590221493077376), ((16, 'mk_ci__chn.txt'), -2.6560270221795776e-05), ((17, 'n_ci__chn.txt'), -1.8724657827872533e-05), ((18, 't_ci_l.txt'), -1.808102313429503e-05)]
INFO:root:Max absolute value 1: (14, 15) - Value: 0.45084035695759656
Max absolute value 2: (14, 16) - Value: 0.4485379516357221
Max absolute value 3: (3, 15) - Value: 0.14519218659705307
Max absolute value 4: (3, 16) - Value: 0.1451790233908143
Max absolute value 5: (3, 12) - Value: 0.14517619368080403

INFO:root:Sobols samples size: 4608
INFO:root:[((19, 'mk_k_r.txt'), 0.6185308087656662), ((5, 'k.txt'), 0.13100211876274614), ((13, 'mk_cc__cct.txt'), 0.053739445691088926), ((10, 'cct_cc_1_l.txt'), 0.03021294043446949), ((2, 'cct.txt'), -0.02568189896101618), ((20, 't_kt_both.txt'), -0.02144852450635217), ((14, 't_cc_l.txt'), -0.009510240729333258), ((12, 'ci_cc__cct.txt'), 0.007421244051468683), ((9, 't.txt'), 0.007048375383968222), ((15, 'ci_chn_r.txt'), 0.006825426086150637), ((3, 'chn.txt'), 0.006711119457582037), ((1, 'cct.txt'), 0.0038954177907189733), ((11, 'cct_cc_2_l.txt'), -0.0015179761951407114), ((16, 'mk_ci__chn.txt'), -0.0001564209304196113), ((21, 't_mk_l.txt'), 0.00011890771977660875), ((18, 't_ci_l.txt'), -0.00010343514889112065), ((17, 'n_ci__chn.txt'), -0.00010246821411347455)]
INFO:root:Max absolute value 1: (3, 14) - Value: 0.5810135365202793
Max absolute value 2: (3, 9) - Value: 0.259328197569297
Max absolute value 3: (3, 15) - Value: 0.25873776113795693
Max absolute value 4: (3, 16) - Value: 0.25864813392074154
Max absolute value 5: (3, 10) - Value: 0.25863835900989385

INFO:root:Sobols samples size: 2304
INFO:root:[((19, 'mk_k_r.txt'), 0.8083619428316268), ((5, 'k.txt'), 0.325788492305353), ((13, 'mk_cc__cct.txt'), 0.10129632191031772), ((10, 'cct_cc_1_l.txt'), 0.0684454638444791), ((2, 'cct.txt'), -0.022516712343214697), ((11, 'cct_cc_2_l.txt'), 0.006507752103422003), ((1, 'cct.txt'), -0.00617900740721988), ((14, 't_cc_l.txt'), -0.0016537680525876373), ((9, 't.txt'), -0.0009859535502767184), ((15, 'ci_chn_r.txt'), -0.0003002296960213548), ((20, 't_kt_both.txt'), -0.00024089282667143008), ((21, 't_mk_l.txt'), 0.00021029757650647325), ((12, 'ci_cc__cct.txt'), -0.00016972045053891772), ((18, 't_ci_l.txt'), 9.706324638697553e-06), ((3, 'chn.txt'), -9.51068069997115e-06), ((16, 'mk_ci__chn.txt'), -6.875976663733974e-06), ((17, 'n_ci__chn.txt'), 2.1571633278527237e-06)]
INFO:root:Max absolute value 1: (14, 16) - Value: -0.5501474148349808
Max absolute value 2: (14, 15) - Value: -0.5485918336811242
Max absolute value 3: (3, 14) - Value: 0.33790302317343
Max absolute value 4: (8, 16) - Value: -0.11395796518363016
Max absolute value 5: (8, 15) - Value: -0.11395482066486361

INFO:root:Sobols samples size: 1152
INFO:root:[((19, 'mk_k_r.txt'), 0.9539375225817376), ((5, 'k.txt'), 0.4437750339762618), ((13, 'mk_cc__cct.txt'), 0.13119700802217468), ((10, 'cct_cc_1_l.txt'), 0.10712966614564327), ((2, 'cct.txt'), -0.03758707297839933), ((14, 't_cc_l.txt'), -0.002277331950014925), ((9, 't.txt'), -0.001619179166320263), ((11, 'cct_cc_2_l.txt'), 0.0009580294636862657), ((15, 'ci_chn_r.txt'), -0.00042338124266200157), ((20, 't_kt_both.txt'), -0.0003540787665432821), ((12, 'ci_cc__cct.txt'), -0.00025043237909034926), ((1, 'cct.txt'), 7.085765016178665e-05), ((21, 't_mk_l.txt'), -2.82604745593062e-05), ((18, 't_ci_l.txt'), 1.4852280464969213e-05), ((3, 'chn.txt'), -1.4616665958807264e-05), ((16, 'mk_ci__chn.txt'), -1.0782442667126434e-05), ((17, 'n_ci__chn.txt'), 3.6877629773189413e-06)]
INFO:root:Max absolute value 1: (14, 16) - Value: -0.7064942753807467
Max absolute value 2: (14, 15) - Value: -0.7064348592749637
Max absolute value 3: (3, 8) - Value: -0.48365597008385375
Max absolute value 4: (3, 5) - Value: -0.4801207743137375
Max absolute value 5: (3, 14) - Value: -0.4553908542007135

INFO:root:Sobols samples size: 576
INFO:root:[((19, 'mk_k_r.txt'), 0.9104811064337299), ((5, 'k.txt'), 0.5940885557422318), ((13, 'mk_cc__cct.txt'), 0.15868808981131866), ((10, 'cct_cc_1_l.txt'), 0.15208295475018033), ((11, 'cct_cc_2_l.txt'), 0.00865781017239059), ((1, 'cct.txt'), 0.0054209231222462), ((2, 'cct.txt'), -0.003955624631360135), ((14, 't_cc_l.txt'), -0.003579130001327502), ((9, 't.txt'), -0.0023623601523664124), ((15, 'ci_chn_r.txt'), -0.0005962678920306024), ((12, 'ci_cc__cct.txt'), -0.0005122526776822132), ((20, 't_kt_both.txt'), -0.00011434623774878068), ((21, 't_mk_l.txt'), -4.470952413178871e-05), ((3, 'chn.txt'), -3.4867689080150193e-06), ((17, 'n_ci__chn.txt'), 1.5891791061150552e-06), ((16, 'mk_ci__chn.txt'), -3.499581431149738e-07), ((18, 't_ci_l.txt'), 0.0)]
INFO:root:Max absolute value 1: (14, 16) - Value: -0.7442683657669386
Max absolute value 2: (14, 15) - Value: -0.7442299224168755
Max absolute value 3: (3, 14) - Value: -0.6553587277931412
Max absolute value 4: (3, 8) - Value: -0.6522368880695304
Max absolute value 5: (3, 5) - Value: -0.6480444913097652

INFO:root:Sobols samples size: 288
INFO:root:[((5, 'k.txt'), 0.8437054540775002), ((19, 'mk_k_r.txt'), 0.4724750359334799), ((10, 'cct_cc_1_l.txt'), 0.21215807012912938), ((13, 'mk_cc__cct.txt'), 0.20853769776974945), ((11, 'cct_cc_2_l.txt'), 0.014122044479049656), ((1, 'cct.txt'), 0.007936823687602405), ((14, 't_cc_l.txt'), -0.005094138639615213), ((2, 'cct.txt'), -0.004770325157703266), ((9, 't.txt'), -0.003459153814188248), ((15, 'ci_chn_r.txt'), -0.0008602020601736585), ((12, 'ci_cc__cct.txt'), -0.0007620303379597459), ((20, 't_kt_both.txt'), -0.0001797722141674529), ((21, 't_mk_l.txt'), -4.407633284496089e-05), ((3, 'chn.txt'), -5.037061766530348e-06), ((17, 'n_ci__chn.txt'), 2.1144564305690583e-06), ((16, 'mk_ci__chn.txt'), -6.959166908906116e-07), ((18, 't_ci_l.txt'), 0.0)]
INFO:root:Max absolute value 1: (3, 14) - Value: -0.9140709948092032
Max absolute value 2: (3, 8) - Value: -0.8798644631909371
Max absolute value 3: (3, 5) - Value: -0.869181086204944
Max absolute value 4: (3, 6) - Value: -0.7121084546419914
Max absolute value 5: (3, 13) - Value: -0.707048258318052

INFO:root:Sobols samples size: 144
INFO:root:[((19, 'mk_k_r.txt'), 1.622090581792689), ((11, 'cct_cc_2_l.txt'), 0.07570794781197697), ((5, 'k.txt'), 0.07391255081566185), ((2, 'cct.txt'), -0.04277966605776026), ((1, 'cct.txt'), -0.021304143564570235), ((10, 'cct_cc_1_l.txt'), 0.013782098398553594), ((13, 'mk_cc__cct.txt'), 0.0028245405018949518), ((14, 't_cc_l.txt'), 0.000652032239889262), ((9, 't.txt'), 0.00047902533782888434), ((15, 'ci_chn_r.txt'), -2.3911588961625907e-05), ((21, 't_mk_l.txt'), -2.2499363505255165e-05), ((17, 'n_ci__chn.txt'), 1.629530507020417e-05), ((3, 'chn.txt'), -1.6118182188931527e-05), ((12, 'ci_cc__cct.txt'), -1.594105930776207e-05), ((20, 't_kt_both.txt'), -1.329744836595302e-05), ((16, 'mk_ci__chn.txt'), 0.0), ((18, 't_ci_l.txt'), 0.0)]
INFO:root:Max absolute value 1: (14, 16) - Value: -1.4924508644589478
Max absolute value 2: (14, 15) - Value: -1.492429835168804
Max absolute value 3: (6, 14) - Value: -0.5162024095502173
Max absolute value 4: (1, 14) - Value: 0.13981737840145358
Max absolute value 5: (3, 6) - Value: -0.06704286728217164

INFO:root:Sobol's solving time: 830.3403680324554(s)
INFO:root:
########## Robust Query Optimization ############ 

INFO:root:Original optimal plan id is 5
INFO:root:Instance id = None, Error div = 2, bandwidth = 1.0, tolerance = 0.2, have 50 samples.
INFO:root:Cost of 20 plan: 	[(0, 6528.59), (1, 6528.59), (2, 6552.06), (3, 3951.25), (4, 3966.81), (5, 3948.99), (6, 4026.46), (7, 4014.54), (8, 3948.99), (9, 3948.99), (10, 3948.99), (11, 3948.99), (12, 3948.99), (13, 3948.99), (14, 3948.99), (15, 6889.24), (16, 6889.24), (17, 3948.99), (18, 44934.96), (19, 44934.96)]
INFO:root:Sensitive predicates: [5, 13, 19]
INFO:root:The number of samples to calculate expected penalty = 50.
INFO:root:### Best plan by exp penalty: [18, 19], overhead 90.46515440940857s
INFO:root:exp_penalty_w_tol: 	[(0, 134290), (1, 134122), (2, 128555), (3, 190725), (4, 774781), (5, 56216), (6, 7248089), (7, 1555462), (8, 56317), (9, 56264), (10, 56243), (11, 57590), (12, 56389), (13, 56223), (14, 56522), (15, 119120), (16, 119045), (17, 56219), (18, 31578), (19, 31578)]
INFO:root:### Best plan by std penalty: [18, 19], overhead 90.46515440940857s
INFO:root:std_penalty: 	[(0, 888313.0380780924), (1, 887824.2820635459), (2, 854977.6779795947), (3, 1182483.4460004147), (4, 4993615.561356833), (5, 303034.4547163558), (6, 47229563.21626931), (7, 10087112.818336042), (8, 303700.4676276367), (9, 303347.01278049045), (10, 303213.59625104966), (11, 311736.77671986923), (12, 303861.4268957532), (13, 303076.00517934473), (14, 304968.9075966393), (15, 802419.206978218), (16, 801916.6150230998), (17, 303055.2727623695), (18, 12326.9543216548), (19, 12326.9543216548)]
INFO:root:### Best plan by prob of penalized: [5, 8, 9, 10, 11, 12, 13, 14, 17], overhead 90.46515440940857s
INFO:root:std_penalty: 	[(0, 0.88), (1, 0.86), (2, 0.82), (3, 0.6), (4, 0.64), (5, 0.4), (6, 0.84), (7, 0.72), (8, 0.4), (9, 0.4), (10, 0.4), (11, 0.4), (12, 0.4), (13, 0.4), (14, 0.4), (15, 0.54), (16, 0.54), (17, 0.4), (18, 0.9), (19, 0.9)]
