INFO:root:
########## Robust Query Optimization ############ 

INFO:root:Sobol: Sample size N = 256, b = 1.0
INFO:root:Recentered plan cost = 118490.35, plan is: /*+
SeqScan(t)
SeqScan(k)
IndexScan(mk)
IndexScan(ci)
IndexScan(n)
IndexScan(mc)
SeqScan(cn)
NestLoop ( k mk )
NestLoop ( k mk ci )
HashJoin ( t k mk ci )
NestLoop ( t k mk ci n )
NestLoop ( t k mk ci n mc )
HashJoin ( t k mk ci n mc cn )
Leading ( ( ( ( ( t ( ( k mk ) ci ) ) n ) mc ) cn ) ) */
INFO:root:Sobols samples size: 6656
INFO:root:[((9, 'n_ci_l.txt'), 0.033322670659357824), ((12, 'mk_k_r.txt'), 0.028837214326408796), ((2, 'k.txt'), 0.027011298194268153), ((10, 't_ci__n.txt'), 0.024183911324607926), ((8, 'mk_ci__q17.txt'), 0.020737904427434842), ((5, 'n.txt'), 0.001590972929452283), ((11, 'mc_cn_r.txt'), -0.00043434394133951183), ((7, 'ci_mc__q17.txt'), -0.00026012071798746643), ((15, 't_mk__k.txt'), -0.00011753477332816614), ((1, 'cn.txt'), 9.09980102740187e-05), ((13, 'mk_mc__q2.txt'), 7.608942881911894e-05), ((14, 't_mc__cn.txt'), -8.871610874304436e-06)]
INFO:root:Max absolute value 1: (6, 8) - Value: 0.6192113781811915
Max absolute value 2: (4, 5) - Value: 0.5819746037881486
Max absolute value 3: (4, 8) - Value: 0.4574021783079601
Max absolute value 4: (4, 6) - Value: 0.16235289654863325
Max absolute value 5: (1, 8) - Value: 0.11243439090495791

INFO:root:Sobols samples size: 3328
INFO:root:[((10, 't_ci__n.txt'), 0.07806510054912083), ((8, 'mk_ci__q17.txt'), 0.06836556297649661), ((12, 'mk_k_r.txt'), -0.06219095729764811), ((9, 'n_ci_l.txt'), 0.05474087485053711), ((2, 'k.txt'), 0.028825303202736303), ((5, 'n.txt'), 0.008704948630535902), ((11, 'mc_cn_r.txt'), -0.0006865167210406135), ((7, 'ci_mc__q17.txt'), -0.00030129081745638786), ((15, 't_mk__k.txt'), -0.0002532485627127879), ((1, 'cn.txt'), 0.00018179478637874572), ((13, 'mk_mc__q2.txt'), -0.00010515604488433753), ((14, 't_mc__cn.txt'), 3.161973115514758e-05)]
INFO:root:Max absolute value 1: (4, 5) - Value: 1.36174358662325
Max absolute value 2: (6, 8) - Value: 0.9383496890238975
Max absolute value 3: (4, 8) - Value: 0.8606402983514121
Max absolute value 4: (4, 6) - Value: 0.2507205176568058
Max absolute value 5: (1, 8) - Value: 0.24286541341884488

INFO:root:Sobols samples size: 1664
INFO:root:[((12, 'mk_k_r.txt'), 0.41235339085961037), ((9, 'n_ci_l.txt'), 0.2637766894360978), ((8, 'mk_ci__q17.txt'), 0.14520578141924514), ((10, 't_ci__n.txt'), 0.09986745783185334), ((5, 'n.txt'), 0.022272539685277298), ((2, 'k.txt'), 0.013340382336171821), ((11, 'mc_cn_r.txt'), -0.0029365311998530794), ((15, 't_mk__k.txt'), -0.001568498132092933), ((1, 'cn.txt'), 0.0007514029964487236), ((14, 't_mc__cn.txt'), 0.0003885895590305486), ((13, 'mk_mc__q2.txt'), 0.00017404375179295832), ((7, 'ci_mc__q17.txt'), -3.557659393977862e-05)]
INFO:root:Max absolute value 1: (4, 5) - Value: 6.700091901699922
Max absolute value 2: (4, 8) - Value: 3.0760498397328213
Max absolute value 3: (4, 6) - Value: 1.406317692152094
Max absolute value 4: (4, 10) - Value: 1.032375865463526
Max absolute value 5: (4, 9) - Value: 1.0319556752951902

INFO:root:Sobols samples size: 832
INFO:root:[((9, 'n_ci_l.txt'), 0.5182634479417788), ((8, 'mk_ci__q17.txt'), 0.16995444052158626), ((10, 't_ci__n.txt'), 0.12003079022457477), ((12, 'mk_k_r.txt'), 0.11722642848806533), ((5, 'n.txt'), 0.014566913100993804), ((2, 'k.txt'), 0.005964949904029509), ((11, 'mc_cn_r.txt'), -0.0038113161919416257), ((15, 't_mk__k.txt'), -0.0027965148444944543), ((1, 'cn.txt'), 0.002212054935118674), ((13, 'mk_mc__q2.txt'), 0.0011462135928390754), ((7, 'ci_mc__q17.txt'), 0.0002678278521824144), ((14, 't_mc__cn.txt'), 9.298005304195982e-05)]
INFO:root:Max absolute value 1: (4, 5) - Value: 13.293307798299802
Max absolute value 2: (4, 6) - Value: 2.8019050109739045
Max absolute value 3: (4, 8) - Value: 2.1599060650177138
Max absolute value 4: (4, 10) - Value: 1.7967913577248957
Max absolute value 5: (4, 9) - Value: 1.7950931085996793

INFO:root:Sobols samples size: 416
INFO:root:[((9, 'n_ci_l.txt'), 1.3805216576420274), ((10, 't_ci__n.txt'), 0.128934310473802), ((5, 'n.txt'), 0.058496517109116304), ((12, 'mk_k_r.txt'), 0.04477341477940347), ((8, 'mk_ci__q17.txt'), -0.01434814103310521), ((13, 'mk_mc__q2.txt'), 0.0056359706948061585), ((2, 'k.txt'), 0.005473387921359086), ((11, 'mc_cn_r.txt'), -0.003243254899471362), ((7, 'ci_mc__q17.txt'), -0.0024209201577723456), ((15, 't_mk__k.txt'), -0.00038697269053776057), ((14, 't_mc__cn.txt'), 0.0003664084640097442), ((1, 'cn.txt'), -0.00011287719368304472)]
INFO:root:Max absolute value 1: (4, 5) - Value: 43.86550239712836
Max absolute value 2: (4, 6) - Value: 9.436891650718993
Max absolute value 3: (4, 8) - Value: 7.34953612256095
Max absolute value 4: (4, 10) - Value: 5.984606065011471
Max absolute value 5: (4, 9) - Value: 5.978889724429512

INFO:root:Sobols samples size: 208
INFO:root:[((9, 'n_ci_l.txt'), 1.426141727199683), ((10, 't_ci__n.txt'), 0.08901031812415247), ((8, 'mk_ci__q17.txt'), -0.0708430462724257), ((12, 'mk_k_r.txt'), 0.06749389993501864), ((13, 'mk_mc__q2.txt'), 0.007914801841182944), ((7, 'ci_mc__q17.txt'), -0.007196709636462855), ((1, 'cn.txt'), 0.005422802131676275), ((11, 'mc_cn_r.txt'), -0.004856906745606008), ((5, 'n.txt'), 0.003165164611776771), ((2, 'k.txt'), -0.003137377302644318), ((14, 't_mc__cn.txt'), 0.0005768605716070911), ((15, 't_mk__k.txt'), 4.6098506073348116e-05)]
INFO:root:Max absolute value 1: (4, 5) - Value: 56.124620283251
Max absolute value 2: (4, 6) - Value: 11.709112769094785
Max absolute value 3: (4, 8) - Value: 8.7781716096233
Max absolute value 4: (4, 10) - Value: 7.350879890276113
Max absolute value 5: (4, 9) - Value: 7.343530346905089

INFO:root:Sobols samples size: 104
INFO:root:[((10, 't_ci__n.txt'), 0.06140807662877987), ((2, 'k.txt'), -0.015696829364914355), ((9, 'n_ci_l.txt'), -0.014319461626645312), ((8, 'mk_ci__q17.txt'), 0.00636063226618699), ((12, 'mk_k_r.txt'), 0.006176337024270097), ((5, 'n.txt'), -0.0030882211948107608), ((15, 't_mk__k.txt'), -0.001220241773072839), ((11, 'mc_cn_r.txt'), -0.0011919428189234), ((14, 't_mc__cn.txt'), 0.0007171000349199753), ((7, 'ci_mc__q17.txt'), 0.0004326721115855224), ((13, 'mk_mc__q2.txt'), 0.0004105546690531348), ((1, 'cn.txt'), 0.00020625185111617245)]
INFO:root:Max absolute value 1: (4, 5) - Value: 0.1948299811617006
Max absolute value 2: (6, 11) - Value: 0.18488356200573808
Max absolute value 3: (6, 8) - Value: 0.18451103159755688
Max absolute value 4: (6, 9) - Value: 0.18320129643333904
Max absolute value 5: (6, 10) - Value: 0.1831852571998736

INFO:root:Sobol's solving time: 376.42586636543274(s)
INFO:root:
########## Robust Query Optimization ############ 

INFO:root:Original optimal plan id is 7
INFO:root:Instance id = None, Error div = 2, bandwidth = 1.0, tolerance = 0.2, have 50 samples.
INFO:root:Cost of 21 plan: 	[(0, 211721.17), (1, 175829.67), (2, 211720.38), (3, 14857.44), (4, 88080.32), (5, 5381.28), (6, 11866.1), (7, 4637.74), (8, 5586.16), (9, 4650.96), (10, 206172.81), (11, 209081.41), (12, 209078.79), (13, 43829.32), (14, 117832.49), (15, 117874.77), (16, 162495.29), (17, 114924.05), (18, 55294.85), (19, 165137.62), (20, 165136.62)]
INFO:root:Sensitive predicates: [9, 12]
INFO:root:The number of samples to calculate expected penalty = 50.
INFO:root:### Best plan by exp penalty: [19], overhead 59.77109980583191s
INFO:root:exp_penalty_w_tol: 	[(0, 75167), (1, 416667), (2, 74977), (3, 1182663), (4, 213280), (5, 5923419), (6, 2706796), (7, 1413870), (8, 7609884), (9, 1483403), (10, 94519), (11, 73195), (12, 81758), (13, 348960), (14, 91453), (15, 101622), (16, 56809), (17, 90230), (18, 692302), (19, 49648), (20, 54015)]
INFO:root:### Best plan by std penalty: [19], overhead 59.77109980583191s
INFO:root:std_penalty: 	[(0, 76887.25595207245), (1, 1208878.527483253), (2, 76895.08116225855), (3, 2483223.7972110324), (4, 488180.62106012204), (5, 18286785.117707305), (6, 7796391.914194328), (7, 2948507.5656288816), (8, 23685901.40015556), (9, 3082452.2130961353), (10, 101995.53766241143), (11, 75346.45172930181), (12, 75822.45531712579), (13, 814831.6098615867), (14, 186285.79501641062), (15, 210155.84501798445), (16, 74766.13509638468), (17, 186802.30650742786), (18, 2037687.8074721615), (19, 62970.41895065508), (20, 64619.727260772735)]
INFO:root:### Best plan by prob of penalized: [16], overhead 59.77109980583191s
INFO:root:std_penalty: 	[(0, 0.62), (1, 0.84), (2, 0.62), (3, 0.98), (4, 0.66), (5, 0.88), (6, 0.98), (7, 0.78), (8, 0.9), (9, 0.8), (10, 0.7), (11, 0.62), (12, 0.68), (13, 0.74), (14, 0.5), (15, 0.52), (16, 0.44), (17, 0.5), (18, 0.76), (19, 0.48), (20, 0.5)]
