INFO:root:
########## Robust Query Optimization ############ 

INFO:root:Sobol: Sample size N = 256, b = 1.0
INFO:root:Recentered plan cost = 205938.55, plan is: /*+
SeqScan(an)
SeqScan(mc)
SeqScan(cn)
SeqScan(k)
IndexScan(mk)
IndexScan(t)
IndexScan(ci)
SeqScan(n)
HashJoin ( mc cn )
NestLoop ( k mk )
NestLoop ( k mk t )
NestLoop ( k mk t ci )
HashJoin ( mc cn k mk t ci )
HashJoin ( mc cn k mk t ci n )
HashJoin ( an mc cn k mk t ci n )
Leading ( ( an ( ( ( mc cn ) ( ( ( k mk ) t ) ci ) ) n ) ) ) */
INFO:root:Sobols samples size: 7680
INFO:root:[((3, 'k.txt'), 0.9635560264938963), ((13, 't_ci_l.txt'), 0.28694791140355663), ((15, 'mk_k_r.txt'), 0.07533508866501372), ((11, 'mk_ci_pure.txt'), 0.06575726928161342), ((12, 'n_ci_pure.txt'), 0.05519378236843016), ((18, 't_mk_l.txt'), -0.02519653355837947), ((10, 'mc_ci_pure.txt'), -0.020275821149915645), ((7, 't.txt'), -0.01989543654529587), ((14, 'mc_cn_r.txt'), -0.014855978124725354), ((2, 'cn.txt'), -0.004441476918318545), ((9, 'n_an_pure.txt'), 0.00020574598766206418), ((8, 'ci_an_pure.txt'), -3.3019408860656774e-05), ((17, 't_mc_l.txt'), 7.421618308063869e-06), ((16, 'mk_mc__q2.txt'), -2.7546002123090685e-06)]
INFO:root:Max absolute value 1: (5, 8) - Value: 4.592935948359
Max absolute value 2: (5, 6) - Value: 1.2549609593709397
Max absolute value 3: (1, 8) - Value: -1.2483763998497777
Max absolute value 4: (5, 7) - Value: 1.1941308593251472
Max absolute value 5: (1, 10) - Value: -1.0780889521488795

INFO:root:Sobols samples size: 3840
INFO:root:[((11, 'mk_ci_pure.txt'), 0.009848267583261421), ((15, 'mk_k_r.txt'), -0.006128219221811393), ((18, 't_mk_l.txt'), 0.0054292420419190255), ((7, 't.txt'), 0.005378017606285329), ((2, 'cn.txt'), -0.005249452028780987), ((14, 'mc_cn_r.txt'), 0.005055005156715096), ((12, 'n_ci_pure.txt'), 0.0030683964628540465), ((3, 'k.txt'), 0.0014311268693619236), ((10, 'mc_ci_pure.txt'), -0.0008344024829364617), ((13, 't_ci_l.txt'), 0.0006494824182789055), ((9, 'n_an_pure.txt'), 5.95975455282612e-05), ((17, 't_mc_l.txt'), -3.917935709797053e-05), ((8, 'ci_an_pure.txt'), -7.464749445698431e-06), ((16, 'mk_mc__q2.txt'), -2.8954428287252734e-06)]
INFO:root:Max absolute value 1: (9, 11) - Value: 0.41417611888820427
Max absolute value 2: (9, 12) - Value: 0.4141219622110232
Max absolute value 3: (9, 13) - Value: 0.381314142070773
Max absolute value 4: (9, 10) - Value: 0.2451971065143189
Max absolute value 5: (5, 7) - Value: 0.15587889704883304

INFO:root:Sobols samples size: 1920
INFO:root:[((15, 'mk_k_r.txt'), -0.0716972855141532), ((3, 'k.txt'), 0.06981598880628193), ((11, 'mk_ci_pure.txt'), 0.06313773208858715), ((18, 't_mk_l.txt'), 0.06300138320064218), ((14, 'mc_cn_r.txt'), 0.0595530538874952), ((2, 'cn.txt'), -0.053282442604763836), ((10, 'mc_ci_pure.txt'), 0.04424456141886737), ((12, 'n_ci_pure.txt'), 0.032285095189031075), ((7, 't.txt'), 0.028170806414171298), ((13, 't_ci_l.txt'), -0.01994416098733476), ((9, 'n_an_pure.txt'), 0.0004347841562930424), ((8, 'ci_an_pure.txt'), -0.00031739372071214395), ((16, 'mk_mc__q2.txt'), 0.00013787053067491304), ((17, 't_mc_l.txt'), -1.9157038295588444e-05)]
INFO:root:Max absolute value 1: (1, 9) - Value: -0.32396928618562815
Max absolute value 2: (1, 7) - Value: -0.3203274472344159
Max absolute value 3: (1, 3) - Value: -0.31757832341977105
Max absolute value 4: (1, 4) - Value: -0.3158691489349328
Max absolute value 5: (1, 12) - Value: -0.3155541628808394

INFO:root:Sobols samples size: 960
INFO:root:[((15, 'mk_k_r.txt'), -0.18829640507923923), ((3, 'k.txt'), 0.1403869478836592), ((14, 'mc_cn_r.txt'), 0.06746945321819571), ((11, 'mk_ci_pure.txt'), 0.06675717696270891), ((10, 'mc_ci_pure.txt'), 0.045250584015486636), ((12, 'n_ci_pure.txt'), 0.03534077439692521), ((18, 't_mk_l.txt'), 0.03203387508948549), ((7, 't.txt'), 0.02211370731652609), ((2, 'cn.txt'), 0.008469053564864226), ((13, 't_ci_l.txt'), -0.0023232549224545453), ((9, 'n_an_pure.txt'), 0.0008098646028739476), ((16, 'mk_mc__q2.txt'), 0.00031125034520087716), ((8, 'ci_an_pure.txt'), 0.0002127595839110552), ((17, 't_mc_l.txt'), 7.717956682828497e-05)]
INFO:root:Max absolute value 1: (10, 11) - Value: 0.19923747335853856
Max absolute value 2: (10, 12) - Value: 0.19915527811450096
Max absolute value 3: (10, 13) - Value: 0.19462664858850207
Max absolute value 4: (1, 9) - Value: -0.11543293810754551
Max absolute value 5: (1, 2) - Value: -0.11485117810013425

INFO:root:Sobols samples size: 480
INFO:root:[((13, 't_ci_l.txt'), 0.04820977100457333), ((11, 'mk_ci_pure.txt'), 0.04474975663118879), ((3, 'k.txt'), 0.03836319738171705), ((14, 'mc_cn_r.txt'), 0.03641893893885637), ((10, 'mc_ci_pure.txt'), 0.02047438034529565), ((15, 'mk_k_r.txt'), -0.014193299169397842), ((12, 'n_ci_pure.txt'), 0.013612803055295443), ((18, 't_mk_l.txt'), 0.0024733846798746136), ((7, 't.txt'), 0.0009356246174280591), ((2, 'cn.txt'), 0.0003541102144699795), ((16, 'mk_mc__q2.txt'), 0.00024394493069178862), ((8, 'ci_an_pure.txt'), 0.00021726696691632555), ((17, 't_mc_l.txt'), -0.00013085493702553655), ((9, 'n_an_pure.txt'), -3.808442411209871e-05)]
INFO:root:Max absolute value 1: (8, 10) - Value: -0.06045458985460505
Max absolute value 2: (8, 12) - Value: -0.055404500766393944
Max absolute value 3: (8, 11) - Value: -0.05535342413119473
Max absolute value 4: (8, 13) - Value: -0.055151620679607855
Max absolute value 5: (8, 9) - Value: -0.053789375455542125

INFO:root:Sobols samples size: 240
INFO:root:[((15, 'mk_k_r.txt'), -0.8099614115315346), ((11, 'mk_ci_pure.txt'), -0.36330057206544464), ((13, 't_ci_l.txt'), -0.1962907560505738), ((2, 'cn.txt'), 0.0750227313610823), ((14, 'mc_cn_r.txt'), 0.06227361222236624), ((10, 'mc_ci_pure.txt'), -0.046346097354322886), ((8, 'ci_an_pure.txt'), 0.04097968556188608), ((7, 't.txt'), 0.03883787154525336), ((9, 'n_an_pure.txt'), -0.03158059324344662), ((18, 't_mk_l.txt'), 0.02888573373031708), ((12, 'n_ci_pure.txt'), 0.013068837050306514), ((3, 'k.txt'), 0.009555798243663706), ((16, 'mk_mc__q2.txt'), -0.006710869810164288), ((17, 't_mc_l.txt'), 0.00137591686618653)]
INFO:root:Max absolute value 1: (8, 10) - Value: 5.239350366373796
Max absolute value 2: (1, 10) - Value: 5.096211175214087
Max absolute value 3: (8, 9) - Value: -2.806562128984767
Max absolute value 4: (8, 12) - Value: -2.4795017147006035
Max absolute value 5: (8, 11) - Value: -2.3405796103956384

INFO:root:Sobols samples size: 120
INFO:root:[((15, 'mk_k_r.txt'), -1.6584481815117282), ((13, 't_ci_l.txt'), -1.4936422009366592), ((3, 'k.txt'), 0.5645727539910738), ((2, 'cn.txt'), 0.2489192672529344), ((7, 't.txt'), 0.2115191476301264), ((8, 'ci_an_pure.txt'), 0.18000559235390337), ((14, 'mc_cn_r.txt'), 0.15845218384701115), ((11, 'mk_ci_pure.txt'), 0.07258662119316836), ((16, 'mk_mc__q2.txt'), -0.046522356169499596), ((18, 't_mk_l.txt'), 0.0376796612839139), ((17, 't_mc_l.txt'), -0.025596052998144773), ((9, 'n_an_pure.txt'), 0.02244597420149043), ((10, 'mc_ci_pure.txt'), 0.01969354474240018), ((12, 'n_ci_pure.txt'), 0.0002551518064140581)]
INFO:root:Max absolute value 1: (1, 10) - Value: 22.366572637698923
Max absolute value 2: (8, 10) - Value: 1.696650117072605
Max absolute value 3: (9, 10) - Value: -1.6588389724910515
Max absolute value 4: (8, 11) - Value: 1.4791998885988924
Max absolute value 5: (8, 12) - Value: 1.4760170058472433

INFO:root:Sobol's solving time: 514.8920543193817(s)
INFO:root:
########## Robust Query Optimization ############ 

INFO:root:Original optimal plan id is 4
INFO:root:Instance id = None, Error div = 2, bandwidth = 1.0, tolerance = 0.2, have 50 samples.
INFO:root:Cost of 24 plan: 	[(0, 52507.44), (1, 38794.51), (2, 116813.15), (3, 44323.91), (4, 38188.3), (5, 44165.33), (6, 194940.48), (7, 68031.74), (8, 146376.58), (9, 146537.61), (10, 157223.61), (11, 114554.7), (12, 145185.16), (13, 193144.1), (14, 223774.56), (15, 142303.72), (16, 185095.8), (17, 233304.36), (18, 238310.13), (19, 195771.98), (20, 226402.45), (21, 226420.16), (22, 185201.99), (23, 159885.91)]
INFO:root:Sensitive predicates: [3, 13]
INFO:root:The number of samples to calculate expected penalty = 50.
INFO:root:### Best plan by exp penalty: [23], overhead 79.83115816116333s
INFO:root:exp_penalty_w_tol: 	[(0, 2598307), (1, 2321659), (2, 201450), (3, 4264790), (4, 5224662), (5, 4225043), (6, 169326), (7, 1349188), (8, 89291), (9, 215269), (10, 1189349), (11, 889951), (12, 914827), (13, 92431), (14, 112971), (15, 949686), (16, 77581), (17, 107538), (18, 112630), (19, 68768), (20, 90938), (21, 95103), (22, 98197), (23, 57248)]
INFO:root:### Best plan by std penalty: [19], overhead 79.83115816116333s
INFO:root:std_penalty: 	[(0, 7696557.359098492), (1, 7319959.327383151), (2, 538948.1596327085), (3, 13573353.985716732), (4, 16560069.198958237), (5, 13449178.778448412), (6, 260424.09644899127), (7, 4388243.733828123), (8, 241535.0637911354), (9, 652350.4175893061), (10, 3765949.5700974385), (11, 2947370.958795938), (12, 2948114.9875475885), (13, 223983.84483298726), (14, 227276.55980991927), (15, 3066821.1922922772), (16, 186523.64681907668), (17, 180335.50992696622), (18, 180237.26976394205), (19, 142640.9721182184), (20, 146379.43191156778), (21, 159849.9418878879), (22, 188491.66635785362), (23, 148131.13560083092)]
INFO:root:### Best plan by prob of penalized: [23], overhead 79.83115816116333s
INFO:root:std_penalty: 	[(0, 0.92), (1, 0.78), (2, 0.54), (3, 0.8), (4, 0.9), (5, 0.8), (6, 0.92), (7, 0.5), (8, 0.44), (9, 0.48), (10, 0.92), (11, 0.6), (12, 0.78), (13, 0.56), (14, 0.66), (15, 0.78), (16, 0.5), (17, 0.68), (18, 0.72), (19, 0.54), (20, 0.66), (21, 0.66), (22, 0.7), (23, 0.38)]
