INFO:root:
########## Robust Query Optimization ############ 

INFO:root:Sobol: Sample size N = 256, b = 0.5
INFO:root:Recentered plan cost = 17916.55, plan is: /*+
SeqScan(k)
IndexScan(mk)
IndexScan(mc)
SeqScan(cn)
IndexScan(t)
IndexScan(ci)
IndexOnlyScan(n)
IndexScan(an)
NestLoop ( k mk )
NestLoop ( k mk mc )
HashJoin ( k mk mc cn )
NestLoop ( k mk mc cn t )
NestLoop ( k mk mc cn t ci )
NestLoop ( k mk mc cn t ci n )
NestLoop ( k mk mc cn t ci n an )
Leading ( ( ( ( ( ( ( ( k mk ) mc ) cn ) t ) ci ) n ) an ) ) */
INFO:root:Sobols samples size: 7680
INFO:root:[((14, 'mc_cn_r.txt'), 0.012612146850634201), ((13, 't_ci_l.txt'), 0.00892131292514098), ((11, 'mk_ci_pure.txt'), 0.008597726700496135), ((12, 'n_ci_pure.txt'), 0.004384243001003385), ((3, 'k.txt'), 0.004335447732694375), ((10, 'mc_ci_pure.txt'), -0.0027313335608187333), ((2, 'cn.txt'), -0.0027039631941966624), ((17, 't_mc_l.txt'), 0.0011692740976430667), ((15, 'mk_k_r.txt'), 0.001098849888476572), ((7, 't.txt'), 0.0010430909726392998), ((16, 'mk_mc__q2.txt'), -0.0006050136704382762), ((18, 't_mk_l.txt'), -1.6208871483630745e-05), ((9, 'n_an_pure.txt'), -1.2192568806920631e-05), ((8, 'ci_an_pure.txt'), 3.156291880542788e-06)]
INFO:root:Max absolute value 1: (9, 12) - Value: 0.08721676699811579
Max absolute value 2: (9, 11) - Value: 0.08671736429831207
Max absolute value 3: (9, 13) - Value: 0.08524076692881237
Max absolute value 4: (9, 10) - Value: 0.06770053672814386
Max absolute value 5: (8, 9) - Value: 0.015533488625816534

INFO:root:Sobols samples size: 3840
INFO:root:[((13, 't_ci_l.txt'), 0.011815482927482872), ((11, 'mk_ci_pure.txt'), 0.010760924145232451), ((14, 'mc_cn_r.txt'), 0.010191824153463236), ((12, 'n_ci_pure.txt'), 0.005560679321531971), ((2, 'cn.txt'), -0.003659907243507039), ((3, 'k.txt'), 0.003469422531813869), ((10, 'mc_ci_pure.txt'), -0.0029181821252311176), ((7, 't.txt'), 0.0022292835759300435), ((15, 'mk_k_r.txt'), 0.0014930442905050324), ((17, 't_mc_l.txt'), 0.0011306173780920913), ((16, 'mk_mc__q2.txt'), -0.0005672226876191026), ((9, 'n_an_pure.txt'), -1.836649221481857e-05), ((18, 't_mk_l.txt'), -1.8098859127945036e-05), ((8, 'ci_an_pure.txt'), 2.0673725474383158e-06)]
INFO:root:Max absolute value 1: (9, 12) - Value: 0.09187111704282246
Max absolute value 2: (9, 11) - Value: 0.0916073413830236
Max absolute value 3: (9, 13) - Value: 0.0899987682231558
Max absolute value 4: (9, 10) - Value: 0.07012412286613569
Max absolute value 5: (6, 8) - Value: -0.015235460125633841

INFO:root:Sobols samples size: 1920
INFO:root:[((15, 'mk_k_r.txt'), -0.03351812977936059), ((3, 'k.txt'), -0.026819528076575103), ((14, 'mc_cn_r.txt'), 0.016552779957769374), ((13, 't_ci_l.txt'), 0.013175096295782299), ((2, 'cn.txt'), 0.010581247256878555), ((10, 'mc_ci_pure.txt'), 0.007825123876944734), ((11, 'mk_ci_pure.txt'), 0.004578418678208083), ((12, 'n_ci_pure.txt'), 0.004529211719187158), ((16, 'mk_mc__q2.txt'), -0.0006473616263138137), ((7, 't.txt'), -0.00026895854538258173), ((17, 't_mc_l.txt'), -5.105156846326012e-05), ((18, 't_mk_l.txt'), 2.3514197657657405e-05), ((8, 'ci_an_pure.txt'), 1.058981446223734e-05), ((9, 'n_an_pure.txt'), -7.324599965369212e-06)]
INFO:root:Max absolute value 1: (9, 10) - Value: 1.7631209712718823
Max absolute value 2: (9, 11) - Value: 0.4926851681127346
Max absolute value 3: (9, 13) - Value: 0.4660394664533838
Max absolute value 4: (9, 12) - Value: 0.4659847547845879
Max absolute value 5: (1, 9) - Value: 0.03230118889867048

INFO:root:Sobols samples size: 960
INFO:root:[((15, 'mk_k_r.txt'), -0.07666964761302958), ((3, 'k.txt'), -0.062065223083103006), ((14, 'mc_cn_r.txt'), 0.03367197907927628), ((13, 't_ci_l.txt'), 0.028768425272304082), ((2, 'cn.txt'), 0.02347317870962185), ((10, 'mc_ci_pure.txt'), 0.017223954898137935), ((12, 'n_ci_pure.txt'), 0.009729402486780267), ((11, 'mk_ci_pure.txt'), 0.009677667399766826), ((16, 'mk_mc__q2.txt'), -0.0018195917961809057), ((7, 't.txt'), -0.0017041645330308918), ((17, 't_mc_l.txt'), 0.0001401675861669121), ((9, 'n_an_pure.txt'), -2.1963978033852453e-05), ((8, 'ci_an_pure.txt'), -1.0465650528920051e-05), ((18, 't_mk_l.txt'), -1.0204527944166221e-05)]
INFO:root:Max absolute value 1: (9, 10) - Value: 2.0721801836906044
Max absolute value 2: (9, 11) - Value: 0.5471570623761141
Max absolute value 3: (9, 13) - Value: 0.514420292188095
Max absolute value 4: (9, 12) - Value: 0.5134259302297035
Max absolute value 5: (10, 12) - Value: 0.07201792479000958

INFO:root:Sobols samples size: 480
INFO:root:[((14, 'mc_cn_r.txt'), 0.08067693552319152), ((13, 't_ci_l.txt'), 0.032544819435915716), ((3, 'k.txt'), 0.02283316198822688), ((15, 'mk_k_r.txt'), -0.01735545805793258), ((2, 'cn.txt'), 0.014381623948413712), ((10, 'mc_ci_pure.txt'), 0.010772462547992578), ((12, 'n_ci_pure.txt'), 0.008237420646811894), ((11, 'mk_ci_pure.txt'), 0.0069183615950066495), ((7, 't.txt'), -0.00667018152325292), ((17, 't_mc_l.txt'), 0.0010241713310456676), ((9, 'n_an_pure.txt'), -0.0005105323591084924), ((8, 'ci_an_pure.txt'), -0.00020061926290348742), ((18, 't_mk_l.txt'), 7.305287931329583e-05), ((16, 'mk_mc__q2.txt'), -1.6789422384148028e-05)]
INFO:root:Max absolute value 1: (2, 9) - Value: 0.33008709465421593
Max absolute value 2: (9, 10) - Value: 0.18087165944834094
Max absolute value 3: (10, 13) - Value: 0.1313951677618903
Max absolute value 4: (10, 11) - Value: 0.13138709880536342
Max absolute value 5: (10, 12) - Value: 0.13127135286590155

INFO:root:Sobols samples size: 240
INFO:root:[((14, 'mc_cn_r.txt'), 1.9379063674539811), ((15, 'mk_k_r.txt'), -0.6263613794088666), ((11, 'mk_ci_pure.txt'), -0.29191593738281973), ((10, 'mc_ci_pure.txt'), -0.09224030178415703), ((13, 't_ci_l.txt'), 0.06173889046684078), ((2, 'cn.txt'), 0.05527325078150324), ((16, 'mk_mc__q2.txt'), 0.015491710050325298), ((12, 'n_ci_pure.txt'), -0.0133845966234188), ((17, 't_mc_l.txt'), 0.009230155902779017), ((9, 'n_an_pure.txt'), -0.008938739366339602), ((7, 't.txt'), 0.004161746046219458), ((8, 'ci_an_pure.txt'), -0.0036082749915490034), ((18, 't_mk_l.txt'), -0.0002222048669644775), ((3, 'k.txt'), 0.0)]
INFO:root:Max absolute value 1: (2, 9) - Value: 10.163410164263237
Max absolute value 2: (9, 10) - Value: 3.825558349634289
Max absolute value 3: (6, 9) - Value: 3.0048541739007986
Max absolute value 4: (0, 9) - Value: -1.7035734751070035
Max absolute value 5: (9, 11) - Value: -1.4010886553900799

INFO:root:Sobols samples size: 120
INFO:root:[((14, 'mc_cn_r.txt'), 1.9207528502497093), ((15, 'mk_k_r.txt'), 0.008305778969328997), ((2, 'cn.txt'), 0.0016304751122304144), ((7, 't.txt'), -0.0015586036678990039), ((11, 'mk_ci_pure.txt'), -0.0011316231880874885), ((13, 't_ci_l.txt'), 0.0008666185105433983), ((17, 't_mc_l.txt'), 0.0006018531627567008), ((16, 'mk_mc__q2.txt'), -0.0004629082656581228), ((18, 't_mk_l.txt'), -0.00023244970682662438), ((10, 'mc_ci_pure.txt'), 0.0001844512091010363), ((8, 'ci_an_pure.txt'), 0.00017827017684385487), ((12, 'n_ci_pure.txt'), -0.00013642987727489845), ((9, 'n_an_pure.txt'), -2.415926186361234e-06), ((3, 'k.txt'), 0.0)]
INFO:root:Max absolute value 1: (2, 9) - Value: 11.77247392137737
Max absolute value 2: (6, 9) - Value: 3.21242535795572
Max absolute value 3: (0, 9) - Value: -2.038745884786734
Max absolute value 4: (9, 10) - Value: -1.2357497370928412
Max absolute value 5: (9, 12) - Value: -1.2253762353998103

INFO:root:Sobol's solving time: 514.8686730861664(s)
INFO:root:
########## Robust Query Optimization ############ 

INFO:root:Original optimal plan id is 10
INFO:root:Instance id = None, Error div = 2, bandwidth = 0.5, tolerance = 0.2, have 50 samples.
INFO:root:Cost of 17 plan: 	[(0, 61851.9), (1, 55565.42), (2, 55561.91), (3, 55867.72), (4, 134660.17), (5, 9820.67), (6, 9828.23), (7, 9804.26), (8, 4058.77), (9, 9875.59), (10, 4002.71), (11, 4009.8), (12, 40158.49), (13, 40464.31), (14, 40152.94), (15, 40149.43), (16, 40455.24)]
INFO:root:Sensitive predicates: [11, 13, 14]
INFO:root:The number of samples to calculate expected penalty = 50.
INFO:root:### Best plan by exp penalty: [7], overhead 57.43793869018555s
INFO:root:exp_penalty_w_tol: 	[(0, 66111), (1, 42843), (2, 39938), (3, 41505), (4, 115410), (5, 13168), (6, 13378), (7, 9457), (8, 41414), (9, 18830), (10, 23958), (11, 24224), (12, 30953), (13, 32521), (14, 31325), (15, 28420), (16, 29988)]
INFO:root:### Best plan by std penalty: [2], overhead 57.43793869018555s
INFO:root:std_penalty: 	[(0, 93917.11043360014), (1, 12813.109093975283), (2, 6996.476291149507), (3, 8184.556471548839), (4, 13226.400642979714), (5, 59487.083541322965), (6, 60011.64282223445), (7, 57305.22357631411), (8, 112179.15849658837), (9, 107972.03301515555), (10, 107039.57303926068), (11, 108380.51596453026), (12, 26516.967473370267), (13, 29679.761181852555), (14, 31970.36826550593), (15, 25672.399921296816), (16, 27705.351620575366)]
INFO:root:### Best plan by prob of penalized: [7], overhead 57.43793869018555s
INFO:root:std_penalty: 	[(0, 1.0), (1, 1.0), (2, 1.0), (3, 1.0), (4, 1.0), (5, 0.2), (6, 0.22), (7, 0.08), (8, 1.0), (9, 0.12), (10, 1.0), (11, 1.0), (12, 1.0), (13, 1.0), (14, 1.0), (15, 1.0), (16, 1.0)]
