INFO:root:
########## Robust Query Optimization ############ 

INFO:root:Sobol: Sample size N = 256, b = 0.5
INFO:root:Recentered plan cost = 6529.09, plan is: /*+
SeqScan(cn)
IndexScan(mc)
IndexScan(mk)
IndexScan(k)
IndexScan(t)
NestLoop ( cn mc )
NestLoop ( cn mc mk )
NestLoop ( cn mc mk k )
NestLoop ( cn mc mk k t )
Leading ( ( ( ( ( cn mc ) mk ) k ) t ) ) */
INFO:root:Sobols samples size: 4096
INFO:root:[((5, 'mc_cn_r.txt'), 1.1225353228281938), ((6, 'mk_k_r.txt'), 0.14190900828482098), ((0, 'cn.txt'), -0.03351048274136266), ((7, 'mk_mc__q2.txt'), -0.011942781490318119), ((1, 'k.txt'), 0.0041521705190872265), ((8, 't_mc__cn.txt'), 0.0021767956496469886), ((9, 't_mk__k.txt'), 0.00014447590541138262)]
INFO:root:Max absolute value 1: (2, 4) - Value: -1.1101002170818168
Max absolute value 2: (0, 2) - Value: 1.0472902866440583
Max absolute value 3: (2, 6) - Value: -0.9757749753418632
Max absolute value 4: (2, 5) - Value: -0.9728425193816785
Max absolute value 5: (2, 3) - Value: -0.8954807787679989

INFO:root:Sobols samples size: 2048
INFO:root:[((5, 'mc_cn_r.txt'), 1.4592030841263526), ((6, 'mk_k_r.txt'), 0.16353580154435138), ((0, 'cn.txt'), 0.005979724849784282), ((1, 'k.txt'), -0.0031701517764247725), ((8, 't_mc__cn.txt'), 0.002775544949834214), ((7, 'mk_mc__q2.txt'), -0.0012811525583415293), ((9, 't_mk__k.txt'), -0.000250430647742175)]
INFO:root:Max absolute value 1: (2, 4) - Value: -1.3972941067470277
Max absolute value 2: (2, 5) - Value: -1.3834550607033533
Max absolute value 3: (2, 6) - Value: -1.38220824127116
Max absolute value 4: (2, 3) - Value: -1.3465804073846397
Max absolute value 5: (0, 2) - Value: 0.5658190563494525

INFO:root:Sobols samples size: 1024
INFO:root:[((5, 'mc_cn_r.txt'), 0.7610275960965933), ((6, 'mk_k_r.txt'), 0.10196984549774882), ((0, 'cn.txt'), 0.010977920149792963), ((7, 'mk_mc__q2.txt'), -0.0050086500776232055), ((8, 't_mc__cn.txt'), 0.002663472554756061), ((1, 'k.txt'), -0.0016555411128497313), ((9, 't_mk__k.txt'), 1.6786838782889447e-05)]
INFO:root:Max absolute value 1: (2, 4) - Value: -0.7225860866926768
Max absolute value 2: (2, 6) - Value: -0.6976013093984993
Max absolute value 3: (2, 5) - Value: -0.697523431530449
Max absolute value 4: (2, 3) - Value: -0.6140328847488962
Max absolute value 5: (0, 2) - Value: -0.4230100673731675

INFO:root:Sobols samples size: 512
INFO:root:[((5, 'mc_cn_r.txt'), 0.8093360089263458), ((6, 'mk_k_r.txt'), 0.06945281129750848), ((1, 'k.txt'), -0.002104585601259731), ((8, 't_mc__cn.txt'), 0.001645114194019455), ((7, 'mk_mc__q2.txt'), 0.00031685440759542945), ((9, 't_mk__k.txt'), -6.271428482993851e-05), ((0, 'cn.txt'), 1.5225443071114117e-06)]
INFO:root:Max absolute value 1: (2, 3) - Value: -0.7715550533945041
Max absolute value 2: (2, 5) - Value: -0.748141101221436
Max absolute value 3: (2, 6) - Value: -0.747678460232703
Max absolute value 4: (2, 4) - Value: -0.7475958851738722
Max absolute value 5: (0, 2) - Value: -0.43240183128310783

INFO:root:Sobols samples size: 256
INFO:root:[((6, 'mk_k_r.txt'), 1.2059362095268562), ((5, 'mc_cn_r.txt'), 0.4154117808514305), ((1, 'k.txt'), -0.020734448263196693), ((8, 't_mc__cn.txt'), 0.018343622661691407), ((7, 'mk_mc__q2.txt'), 0.0007662617587948819), ((0, 'cn.txt'), 0.00010624890399125588), ((9, 't_mk__k.txt'), 0.0)]
INFO:root:Max absolute value 1: (3, 5) - Value: -1.0691021912337493
Max absolute value 2: (3, 4) - Value: -1.04532811883375
Max absolute value 3: (3, 6) - Value: -1.045213724719286
Max absolute value 4: (2, 3) - Value: -0.7595121577364082
Max absolute value 5: (2, 6) - Value: -0.36189937719666426

INFO:root:Sobols samples size: 128
INFO:root:[((6, 'mk_k_r.txt'), 2.1333556143434182), ((8, 't_mc__cn.txt'), 0.09280900398220465), ((5, 'mc_cn_r.txt'), -0.07961590948808477), ((7, 'mk_mc__q2.txt'), 0.002610295953357551), ((0, 'cn.txt'), -0.0010292513253881213), ((1, 'k.txt'), 2.194227269450738e-06), ((9, 't_mk__k.txt'), 0.0)]
INFO:root:Max absolute value 1: (3, 5) - Value: -1.7910350971986326
Max absolute value 2: (3, 4) - Value: -1.682316014332734
Max absolute value 3: (3, 6) - Value: -1.6793768411452843
Max absolute value 4: (1, 3) - Value: 0.583436043138891
Max absolute value 5: (1, 5) - Value: -0.10131599884162987

INFO:root:Sobol's solving time: 190.44962644577026(s)
INFO:root:
########## Robust Query Optimization ############ 

INFO:root:Original optimal plan id is 2
INFO:root:Instance id = None, Error div = 2, bandwidth = 0.5, tolerance = 0.2, have 50 samples.
INFO:root:Cost of 4 plan: 	[(0, 6497.65), (1, 6500.24), (2, 4019.06), (3, 4035.55)]
INFO:root:Sensitive predicates: [5, 6]
INFO:root:The number of samples to calculate expected penalty = 50.
INFO:root:### Best plan by exp penalty: [0], overhead 9.539746046066284s
INFO:root:exp_penalty_w_tol: 	[(0, 543), (1, 555), (2, 108478), (3, 119926)]
INFO:root:### Best plan by std penalty: [0], overhead 9.539746046066284s
INFO:root:std_penalty: 	[(0, 1068.3020712747682), (1, 1101.668637226294), (2, 121141.67204484639), (3, 133716.94382376474)]
INFO:root:### Best plan by prob of penalized: [0, 1], overhead 9.539746046066284s
INFO:root:std_penalty: 	[(0, 0.22), (1, 0.22), (2, 0.8), (3, 0.8)]
