INFO:root:
########## Robust Query Optimization ############ 

INFO:root:Sobol: Sample size N = 256, b = 1.0
INFO:root:Recentered plan cost = 6514.73, plan is: /*+
SeqScan(cn)
IndexScan(mc)
IndexScan(t)
IndexScan(mk)
IndexScan(k)
IndexScan(ci)
IndexOnlyScan(n)
IndexScan(an)
NestLoop ( cn mc )
NestLoop ( cn mc t )
NestLoop ( cn mc t mk )
NestLoop ( cn mc t mk k )
NestLoop ( cn mc t mk k ci )
NestLoop ( cn mc t mk k ci n )
NestLoop ( cn mc t mk k ci n an )
Leading ( ( ( ( ( ( ( ( cn mc ) t ) mk ) k ) ci ) n ) an ) ) */
INFO:root:Sobols samples size: 7680
INFO:root:[((14, 'mc_cn_r.txt'), 0.09912050475905436), ((13, 't_ci_l.txt'), 0.00766578638792003), ((3, 'k.txt'), -0.005145678089900244), ((16, 'mk_mc__q2.txt'), -0.00476249460963324), ((7, 't.txt'), 0.004397325431550888), ((11, 'mk_ci_pure.txt'), 0.003292850678159136), ((12, 'n_ci_pure.txt'), 0.0028933714766033493), ((2, 'cn.txt'), 0.0024863310092834916), ((17, 't_mc_l.txt'), 0.0022803868432642207), ((15, 'mk_k_r.txt'), -0.001930337186449299), ((10, 'mc_ci_pure.txt'), -0.0008376829207041555), ((8, 'ci_an_pure.txt'), 0.00012197973357867862), ((9, 'n_an_pure.txt'), 3.6272714423966954e-05), ((18, 't_mk_l.txt'), -5.399919583854947e-06)]
INFO:root:Max absolute value 1: (8, 9) - Value: 0.5827561747061468
Max absolute value 2: (0, 9) - Value: 0.2373586226699564
Max absolute value 3: (9, 10) - Value: 0.20520459749091624
Max absolute value 4: (9, 11) - Value: 0.10441473716479573
Max absolute value 5: (5, 8) - Value: 0.09994093084849615

INFO:root:Sobols samples size: 3840
INFO:root:[((14, 'mc_cn_r.txt'), 0.06898815697722391), ((3, 'k.txt'), -0.06450229187529696), ((15, 'mk_k_r.txt'), -0.03537120486919584), ((17, 't_mc_l.txt'), -0.010839490629173063), ((10, 'mc_ci_pure.txt'), -0.005548985426811718), ((7, 't.txt'), -0.0050808428468500245), ((13, 't_ci_l.txt'), -0.004228443376633751), ((12, 'n_ci_pure.txt'), -0.0029781036060482838), ((11, 'mk_ci_pure.txt'), 0.0024438371647473828), ((2, 'cn.txt'), -0.00215187730608235), ((8, 'ci_an_pure.txt'), 0.001859292238980091), ((16, 'mk_mc__q2.txt'), -0.0015881860672483457), ((9, 'n_an_pure.txt'), -0.0009624447128578106), ((18, 't_mk_l.txt'), -6.61165729028387e-05)]
INFO:root:Max absolute value 1: (9, 10) - Value: 3.292879012605533
Max absolute value 2: (9, 12) - Value: 0.6700546986182547
Max absolute value 3: (9, 11) - Value: 0.6060096844086809
Max absolute value 4: (9, 13) - Value: 0.41949093651640607
Max absolute value 5: (10, 12) - Value: 0.3381394685317361

INFO:root:Sobols samples size: 1920
INFO:root:[((3, 'k.txt'), -0.09613142550478884), ((15, 'mk_k_r.txt'), -0.06617610079864868), ((14, 'mc_cn_r.txt'), 0.0634165130344048), ((7, 't.txt'), -0.014013967786239537), ((13, 't_ci_l.txt'), 0.006457712844387496), ((10, 'mc_ci_pure.txt'), 0.0055815074004288995), ((11, 'mk_ci_pure.txt'), 0.004878087997695798), ((12, 'n_ci_pure.txt'), 0.004721411718832076), ((16, 'mk_mc__q2.txt'), -0.002449176113888206), ((8, 'ci_an_pure.txt'), 0.0013913558454457494), ((2, 'cn.txt'), 0.0011592933986890545), ((9, 'n_an_pure.txt'), -0.0010344550286635898), ((17, 't_mc_l.txt'), 0.0006622681668908071), ((18, 't_mk_l.txt'), 0.0)]
INFO:root:Max absolute value 1: (9, 10) - Value: 3.461277719812441
Max absolute value 2: (9, 11) - Value: 0.3289045696527123
Max absolute value 3: (1, 9) - Value: 0.24978351799602
Max absolute value 4: (9, 13) - Value: 0.17164564769685914
Max absolute value 5: (2, 9) - Value: 0.16679549262544274

INFO:root:Sobols samples size: 960
INFO:root:[((3, 'k.txt'), -0.18904294799547317), ((15, 'mk_k_r.txt'), -0.13555228363574912), ((14, 'mc_cn_r.txt'), 0.08566024901707514), ((7, 't.txt'), -0.02782985301255332), ((13, 't_ci_l.txt'), 0.012592743898320139), ((10, 'mc_ci_pure.txt'), 0.010353282352926521), ((11, 'mk_ci_pure.txt'), 0.009109422191600948), ((12, 'n_ci_pure.txt'), 0.009004599065070862), ((16, 'mk_mc__q2.txt'), -0.00730423464920935), ((17, 't_mc_l.txt'), 0.0029510685181205784), ((8, 'ci_an_pure.txt'), 0.0027608852737824826), ((2, 'cn.txt'), 0.00251055212028202), ((9, 'n_an_pure.txt'), -0.001994634024024609), ((18, 't_mk_l.txt'), 0.0)]
INFO:root:Max absolute value 1: (9, 10) - Value: 3.519806148611202
Max absolute value 2: (9, 11) - Value: 0.32975399476206346
Max absolute value 3: (1, 9) - Value: 0.25060180308009194
Max absolute value 4: (10, 12) - Value: 0.18889303440915317
Max absolute value 5: (10, 13) - Value: 0.18888153214282966

INFO:root:Sobols samples size: 480
INFO:root:[((14, 'mc_cn_r.txt'), 0.08145516382710861), ((15, 'mk_k_r.txt'), 0.012909040799327016), ((13, 't_ci_l.txt'), 0.00778285152238924), ((11, 'mk_ci_pure.txt'), 0.006265151638624594), ((3, 'k.txt'), 0.005403242046695954), ((10, 'mc_ci_pure.txt'), 0.004790485806325652), ((12, 'n_ci_pure.txt'), 0.0037192733722431724), ((2, 'cn.txt'), 0.0036955146646399355), ((8, 'ci_an_pure.txt'), 0.002560953439304552), ((7, 't.txt'), -0.0025268867920340454), ((17, 't_mc_l.txt'), 0.0022408503428775106), ((9, 'n_an_pure.txt'), -0.0022364341507739543), ((16, 'mk_mc__q2.txt'), 0.0022003346424164525), ((18, 't_mk_l.txt'), 0.0)]
INFO:root:Max absolute value 1: (1, 12) - Value: -0.2902683570647113
Max absolute value 2: (1, 8) - Value: -0.29026575575208374
Max absolute value 3: (1, 2) - Value: -0.29026549392791995
Max absolute value 4: (1, 4) - Value: -0.29026545064936554
Max absolute value 5: (1, 6) - Value: -0.2902654396474358

INFO:root:Sobols samples size: 240
INFO:root:[((7, 't.txt'), -0.011258328370020046), ((17, 't_mc_l.txt'), 0.008500750107503082), ((16, 'mk_mc__q2.txt'), 0.00453200896593806), ((14, 'mc_cn_r.txt'), 0.002116506400124243), ((11, 'mk_ci_pure.txt'), -0.0003465334390364406), ((15, 'mk_k_r.txt'), -0.00032857587522392134), ((13, 't_ci_l.txt'), 0.00024773920798413124), ((9, 'n_an_pure.txt'), -0.00023195481675884928), ((10, 'mc_ci_pure.txt'), -7.983267900958736e-05), ((3, 'k.txt'), 1.8740051502637872e-05), ((12, 'n_ci_pure.txt'), 8.969099934423616e-06), ((8, 'ci_an_pure.txt'), 2.9354416391032515e-06), ((2, 'cn.txt'), 0.0), ((18, 't_mk_l.txt'), 0.0)]
INFO:root:Max absolute value 1: (9, 10) - Value: 0.11283442172897082
Max absolute value 2: (9, 13) - Value: 0.11283442156822739
Max absolute value 3: (9, 11) - Value: 0.1108437447998933
Max absolute value 4: (9, 12) - Value: 0.11007792988983335
Max absolute value 5: (12, 13) - Value: 0.10651304708968011

INFO:root:Sobols samples size: 120
INFO:root:[((14, 'mc_cn_r.txt'), -0.007438071931741457), ((17, 't_mc_l.txt'), 0.002725344519426848), ((16, 'mk_mc__q2.txt'), 0.0019684596121785436), ((7, 't.txt'), -0.0003361053752103664), ((13, 't_ci_l.txt'), 0.00023149567555208985), ((15, 'mk_k_r.txt'), -5.1648238532110944e-05), ((10, 'mc_ci_pure.txt'), -7.697719684814223e-06), ((8, 'ci_an_pure.txt'), 5.930970218827269e-06), ((11, 'mk_ci_pure.txt'), 5.773749328878684e-06), ((3, 'k.txt'), 5.742210347489686e-06), ((12, 'n_ci_pure.txt'), 3.0919531925165006e-06), ((9, 'n_an_pure.txt'), 2.870058867918863e-06), ((2, 'cn.txt'), 0.0), ((18, 't_mk_l.txt'), 0.0)]
INFO:root:Max absolute value 1: (9, 13) - Value: 0.2384288399425121
Max absolute value 2: (9, 10) - Value: 0.23842883994251207
Max absolute value 3: (9, 11) - Value: 0.236301338729881
Max absolute value 4: (9, 12) - Value: 0.23548286017348885
Max absolute value 5: (12, 13) - Value: 0.22802524215749362

INFO:root:Sobol's solving time: 514.0277178287506(s)
INFO:root:
########## Robust Query Optimization ############ 

