INFO:root:
########## Robust Query Optimization ############ 

INFO:root:Sobol: Sample size N = 256, b = 0.5
INFO:root:Recentered plan cost = 53322.69, plan is: /*+
SeqScan(k)
IndexScan(mk)
IndexScan(t)
IndexScan(mc)
SeqScan(cn)
NestLoop ( k mk )
NestLoop ( k mk t )
NestLoop ( k mk t mc )
HashJoin ( k mk t mc cn )
Leading ( ( ( ( ( k mk ) t ) mc ) cn ) ) */
INFO:root:Sobols samples size: 4096
INFO:root:[((1, 'k.txt'), 0.38309597041567583), ((6, 'mk_k_r.txt'), 0.23208462937954968), ((9, 't_mk__k.txt'), 0.06182603161536368), ((5, 'mc_cn_r.txt'), 0.020233398657826415), ((0, 'cn.txt'), 0.008470780806584616), ((8, 't_mc__cn.txt'), 0.002247575208190779), ((7, 'mk_mc__q2.txt'), 0.00012547088004935815)]
INFO:root:Max absolute value 1: (1, 6) - Value: -0.2854629185575619
Max absolute value 2: (1, 4) - Value: -0.27632131418312855
Max absolute value 3: (1, 2) - Value: -0.2752701464297734
Max absolute value 4: (1, 5) - Value: -0.25023668205341726
Max absolute value 5: (1, 3) - Value: 0.22902404105363097

INFO:root:Sobols samples size: 2048
INFO:root:[((1, 'k.txt'), 0.508124900579064), ((6, 'mk_k_r.txt'), 0.14985214441419967), ((9, 't_mk__k.txt'), 0.07969244907447488), ((5, 'mc_cn_r.txt'), 0.03899072567830145), ((0, 'cn.txt'), 0.017775617088890458), ((7, 'mk_mc__q2.txt'), 0.005746971212701311), ((8, 't_mc__cn.txt'), 0.0005809671165007603)]
INFO:root:Max absolute value 1: (1, 6) - Value: -0.531312831124284
Max absolute value 2: (1, 2) - Value: -0.5256353230163227
Max absolute value 3: (1, 4) - Value: -0.5102615016217676
Max absolute value 4: (1, 5) - Value: -0.49887149772612527
Max absolute value 5: (3, 4) - Value: 0.1772766583880182

INFO:root:Sobols samples size: 1024
INFO:root:[((1, 'k.txt'), 0.9920182836802572), ((6, 'mk_k_r.txt'), 0.2038996523284884), ((9, 't_mk__k.txt'), 0.0330809664987049), ((5, 'mc_cn_r.txt'), 0.029472577080525884), ((7, 'mk_mc__q2.txt'), 0.02152402072873499), ((8, 't_mc__cn.txt'), 0.014594890263567356), ((0, 'cn.txt'), 0.009590194067628947)]
INFO:root:Max absolute value 1: (1, 2) - Value: -1.0740408023391321
Max absolute value 2: (1, 4) - Value: -1.0552142023206246
Max absolute value 3: (1, 5) - Value: -1.0317328430495933
Max absolute value 4: (1, 6) - Value: -0.9985974399477826
Max absolute value 5: (3, 6) - Value: 0.3551661199036548

INFO:root:Sobols samples size: 512
INFO:root:[((6, 'mk_k_r.txt'), 0.5720358372905886), ((1, 'k.txt'), 0.4086874497394546), ((5, 'mc_cn_r.txt'), 0.12680229250552183), ((7, 'mk_mc__q2.txt'), 0.006448071037092111), ((8, 't_mc__cn.txt'), 0.006089310975800473), ((0, 'cn.txt'), -0.005791547215021433), ((9, 't_mk__k.txt'), -0.004775024363213183)]
INFO:root:Max absolute value 1: (1, 3) - Value: 0.9925415294115961
Max absolute value 2: (1, 2) - Value: -0.6613786886003261
Max absolute value 3: (1, 4) - Value: -0.5393002124474268
Max absolute value 4: (1, 5) - Value: -0.5295213366797764
Max absolute value 5: (1, 6) - Value: -0.5092552510681926

INFO:root:Sobols samples size: 256
INFO:root:[((6, 'mk_k_r.txt'), 0.3787308824830645), ((1, 'k.txt'), 0.05941313597384565), ((9, 't_mk__k.txt'), 0.039774219877773055), ((5, 'mc_cn_r.txt'), -0.012539353264429403), ((7, 'mk_mc__q2.txt'), 0.007564845250851425), ((8, 't_mc__cn.txt'), 0.0056155771618846525), ((0, 'cn.txt'), 0.0023141837882402153)]
INFO:root:Max absolute value 1: (1, 3) - Value: 0.4574523039775994
Max absolute value 2: (3, 6) - Value: -0.2396543892203954
Max absolute value 3: (3, 5) - Value: 0.13603218387065152
Max absolute value 4: (3, 4) - Value: 0.1173660051377521
Max absolute value 5: (1, 2) - Value: 0.07081580951186765

INFO:root:Sobols samples size: 128
INFO:root:[((1, 'k.txt'), 0.5455431704844323), ((6, 'mk_k_r.txt'), 0.441564355907453), ((5, 'mc_cn_r.txt'), -0.09103823565724839), ((9, 't_mk__k.txt'), 0.028014921068545893), ((8, 't_mc__cn.txt'), -0.014874112675384583), ((0, 'cn.txt'), -0.010376367769210894), ((7, 'mk_mc__q2.txt'), 0.008795002132270158)]
INFO:root:Max absolute value 1: (1, 3) - Value: 2.8835105121270512
Max absolute value 2: (2, 3) - Value: 0.606388398972351
Max absolute value 3: (3, 4) - Value: -0.3534223918414187
Max absolute value 4: (3, 5) - Value: -0.3515980470662588
Max absolute value 5: (3, 6) - Value: -0.3075669748587329

INFO:root:Sobol's solving time: 190.96282625198364(s)
INFO:root:
########## Robust Query Optimization ############ 

INFO:root:Original optimal plan id is 2
INFO:root:Instance id = None, Error div = 2, bandwidth = 0.5, tolerance = 0.2, have 50 samples.
INFO:root:Cost of 15 plan: 	[(0, 12734.33), (1, 19257.28), (2, 12636.37), (3, 19159.32), (4, 51702.87), (5, 87844.83), (6, 138037.44), (7, 147157.79), (8, 48761.96), (9, 54551.43), (10, 138904.67), (11, 113864.39), (12, 149831.15), (13, 66934.11), (14, 102093.85)]
INFO:root:Sensitive predicates: [1, 6, 9]
INFO:root:The number of samples to calculate expected penalty = 50.
INFO:root:### Best plan by exp penalty: [9], overhead 35.19135904312134s
INFO:root:exp_penalty_w_tol: 	[(0, 346904), (1, 134739), (2, 261441), (3, 53235), (4, 24808), (5, 36300), (6, 75626), (7, 83600), (8, 23399), (9, 23088), (10, 78643), (11, 69670), (12, 88011), (13, 37481), (14, 52849)]
INFO:root:### Best plan by std penalty: [5], overhead 35.19135904312134s
INFO:root:std_penalty: 	[(0, 616797.4132643879), (1, 260529.39251585628), (2, 538162.1648717853), (3, 207174.73376609254), (4, 41625.939854512784), (5, 26075.334990772426), (6, 38160.236194754325), (7, 40358.80695692698), (8, 42676.79414243973), (9, 56098.46445751669), (10, 39039.391816849224), (11, 49889.93009937725), (12, 39302.51445741047), (13, 54007.97085381384), (14, 31176.64583049053)]
INFO:root:### Best plan by prob of penalized: [3], overhead 35.19135904312134s
INFO:root:std_penalty: 	[(0, 0.88), (1, 0.98), (2, 0.86), (3, 0.36), (4, 0.58), (5, 0.76), (6, 0.88), (7, 0.88), (8, 0.58), (9, 0.52), (10, 0.88), (11, 0.94), (12, 0.92), (13, 0.68), (14, 0.84)]
