INFO:root:0
INFO:root:
    SELECT MIN(an.name) AS cool_actor_pseudonym,
       MIN(t.title) AS series_named_after_char
    FROM aka_name AS an,
        cast_info AS ci,
        company_name AS cn,
        keyword AS k,
        movie_companies AS mc,
        movie_keyword AS mk,
        name AS n,
        title AS t
    WHERE cn.country_code ='[us]'
    AND k.keyword ='sequel'
    AND t.production_year = 1998 AND t.title LIKE '%Money%'
    AND an.person_id = n.id
    AND n.id = ci.person_id
    AND ci.movie_id = t.id
    AND t.id = mk.movie_id
    AND mk.keyword_id = k.id
    AND t.id = mc.movie_id
    AND mc.company_id = cn.id
    AND an.person_id = ci.person_id
    AND ci.movie_id = mc.movie_id
    AND ci.movie_id = mk.movie_id
    AND mc.movie_id = mk.movie_id;
INFO:root:1
INFO:root:
    SELECT MIN(an.name) AS cool_actor_pseudonym,
       MIN(t.title) AS series_named_after_char
    FROM aka_name AS an,
        cast_info AS ci,
        company_name AS cn,
        keyword AS k,
        movie_companies AS mc,
        movie_keyword AS mk,
        name AS n,
        title AS t
    WHERE cn.country_code = '[ru]'
    AND k.keyword IN ('murder', 'murder-in-title', 'blood', 'violence')
    AND t.production_year > 1990
    AND an.person_id = n.id
    AND n.id = ci.person_id
    AND ci.movie_id = t.id
    AND t.id = mk.movie_id
    AND mk.keyword_id = k.id
    AND t.id = mc.movie_id
    AND mc.company_id = cn.id
    AND an.person_id = ci.person_id
    AND ci.movie_id = mc.movie_id
    AND ci.movie_id = mk.movie_id
    AND mc.movie_id = mk.movie_id;
INFO:root:2
INFO:root:
    SELECT MIN(an.name) AS cool_actor_pseudonym,
       MIN(t.title) AS series_named_after_char
    FROM aka_name AS an,
        cast_info AS ci,
        company_name AS cn,
        keyword AS k,
        movie_companies AS mc,
        movie_keyword AS mk,
        name AS n,
        title AS t
    WHERE cn.country_code ='[us]'
    AND k.keyword ='character-name-in-title'
    AND t.production_year BETWEEN 2000 AND 2010
    AND an.person_id = n.id
    AND n.id = ci.person_id
    AND ci.movie_id = t.id
    AND t.id = mk.movie_id
    AND mk.keyword_id = k.id
    AND t.id = mc.movie_id
    AND mc.company_id = cn.id
    AND an.person_id = ci.person_id
    AND ci.movie_id = mc.movie_id
    AND ci.movie_id = mk.movie_id
    AND mc.movie_id = mk.movie_id;
INFO:root:3
INFO:root:
    SELECT MIN(an.name) AS cool_actor_pseudonym,
       MIN(t.title) AS series_named_after_char
    FROM aka_name AS an,
        cast_info AS ci,
        company_name AS cn,
        keyword AS k,
        movie_companies AS mc,
        movie_keyword AS mk,
        name AS n,
        title AS t
    WHERE cn.country_code ='[nl]'
    AND k.keyword ='character-name-in-title'
    AND t.production_year > 2014
    AND an.person_id = n.id
    AND n.id = ci.person_id
    AND ci.movie_id = t.id
    AND t.id = mk.movie_id
    AND mk.keyword_id = k.id
    AND t.id = mc.movie_id
    AND mc.company_id = cn.id
    AND an.person_id = ci.person_id
    AND ci.movie_id = mc.movie_id
    AND ci.movie_id = mk.movie_id
    AND mc.movie_id = mk.movie_id;
INFO:root:4
INFO:root:
    SELECT MIN(an.name) AS cool_actor_pseudonym,
       MIN(t.title) AS series_named_after_char
    FROM aka_name AS an,
        cast_info AS ci,
        company_name AS cn,
        keyword AS k,
        movie_companies AS mc,
        movie_keyword AS mk,
        name AS n,
        title AS t
    WHERE cn.country_code ='[us]'
    AND k.keyword IN ('superhero', 'marvel-comics', 'based-on-comic', 'tv-special', 'fight', 'violence', 'magnet', 'web', 'claw', 'laser')
    AND t.episode_nr < 100
    AND an.person_id = n.id
    AND n.id = ci.person_id
    AND ci.movie_id = t.id
    AND t.id = mk.movie_id
    AND mk.keyword_id = k.id
    AND t.id = mc.movie_id
    AND mc.company_id = cn.id
    AND an.person_id = ci.person_id
    AND ci.movie_id = mc.movie_id
    AND ci.movie_id = mk.movie_id
    AND mc.movie_id = mk.movie_id;
INFO:root:5
INFO:root:
    SELECT MIN(an.name) AS cool_actor_pseudonym,
       MIN(t.title) AS series_named_after_char
    FROM aka_name AS an,
        cast_info AS ci,
        company_name AS cn,
        keyword AS k,
        movie_companies AS mc,
        movie_keyword AS mk,
        name AS n,
        title AS t
    WHERE cn.country_code ='[us]'
    AND k.keyword IN ('superhero', 'marvel-comics', 'based-on-comic', 'tv-special', 'fight', 'violence', 'magnet', 'web', 'claw', 'laser')
    AND t.production_year > 2000
    AND an.person_id = n.id
    AND n.id = ci.person_id
    AND ci.movie_id = t.id
    AND t.id = mk.movie_id
    AND mk.keyword_id = k.id
    AND t.id = mc.movie_id
    AND mc.company_id = cn.id
    AND an.person_id = ci.person_id
    AND ci.movie_id = mc.movie_id
    AND ci.movie_id = mk.movie_id
    AND mc.movie_id = mk.movie_id;
INFO:root:6
INFO:root:
    SELECT MIN(an.name) AS cool_actor_pseudonym,
       MIN(t.title) AS series_named_after_char
    FROM aka_name AS an,
        cast_info AS ci,
        company_name AS cn,
        keyword AS k,
        movie_companies AS mc,
        movie_keyword AS mk,
        name AS n,
        title AS t
    WHERE cn.country_code !='[pl]' AND (cn.name LIKE '%Film%' OR cn.name LIKE '%Warner%')
    AND k.keyword IN ('sequel', 'revenge', 'based-on-novel')
    AND t.production_year >2010
    AND an.person_id = n.id
    AND n.id = ci.person_id
    AND ci.movie_id = t.id
    AND t.id = mk.movie_id
    AND mk.keyword_id = k.id
    AND t.id = mc.movie_id
    AND mc.company_id = cn.id
    AND an.person_id = ci.person_id
    AND ci.movie_id = mc.movie_id
    AND ci.movie_id = mk.movie_id
    AND mc.movie_id = mk.movie_id;
INFO:root:7
INFO:root:
    SELECT MIN(an.name) AS cool_actor_pseudonym,
       MIN(t.title) AS series_named_after_char
    FROM aka_name AS an,
        cast_info AS ci,
        company_name AS cn,
        keyword AS k,
        movie_companies AS mc,
        movie_keyword AS mk,
        name AS n,
        title AS t
    WHERE cn.country_code ='[jp]'
    AND k.keyword ='character-name-in-title'
    AND t.production_year > 2000
    AND an.person_id = n.id
    AND n.id = ci.person_id
    AND ci.movie_id = t.id
    AND t.id = mk.movie_id
    AND mk.keyword_id = k.id
    AND t.id = mc.movie_id
    AND mc.company_id = cn.id
    AND an.person_id = ci.person_id
    AND ci.movie_id = mc.movie_id
    AND ci.movie_id = mk.movie_id
    AND mc.movie_id = mk.movie_id;
INFO:root:8
INFO:root:
    SELECT MIN(an.name) AS cool_actor_pseudonym,
       MIN(t.title) AS series_named_after_char
    FROM aka_name AS an,
        cast_info AS ci,
        company_name AS cn,
        keyword AS k,
        movie_companies AS mc,
        movie_keyword AS mk,
        name AS n,
        title AS t
    WHERE cn.country_code ='[us]'
    AND k.keyword ='sequel'
    AND t.production_year > 2005
    AND an.person_id = n.id
    AND n.id = ci.person_id
    AND ci.movie_id = t.id
    AND t.id = mk.movie_id
    AND mk.keyword_id = k.id
    AND t.id = mc.movie_id
    AND mc.company_id = cn.id
    AND an.person_id = ci.person_id
    AND ci.movie_id = mc.movie_id
    AND ci.movie_id = mk.movie_id
    AND mc.movie_id = mk.movie_id;
INFO:root:9
INFO:root:
    SELECT MIN(an.name) AS cool_actor_pseudonym,
       MIN(t.title) AS series_named_after_char
    FROM aka_name AS an,
        cast_info AS ci,
        company_name AS cn,
        keyword AS k,
        movie_companies AS mc,
        movie_keyword AS mk,
        name AS n,
        title AS t
    WHERE cn.country_code ='[us]'
    AND k.keyword ='sequel'
    AND t.production_year BETWEEN 1950 AND 2010
    AND an.person_id = n.id
    AND n.id = ci.person_id
    AND ci.movie_id = t.id
    AND t.id = mk.movie_id
    AND mk.keyword_id = k.id
    AND t.id = mc.movie_id
    AND mc.company_id = cn.id
    AND an.person_id = ci.person_id
    AND ci.movie_id = mc.movie_id
    AND ci.movie_id = mk.movie_id
    AND mc.movie_id = mk.movie_id;
INFO:root:10
INFO:root:
    SELECT MIN(an.name) AS cool_actor_pseudonym,
       MIN(t.title) AS series_named_after_char
    FROM aka_name AS an,
        cast_info AS ci,
        company_name AS cn,
        keyword AS k,
        movie_companies AS mc,
        movie_keyword AS mk,
        name AS n,
        title AS t
    WHERE cn.country_code ='[de]'
    AND k.keyword ='sequel'
    AND t.production_year > 2000
    AND an.person_id = n.id
    AND n.id = ci.person_id
    AND ci.movie_id = t.id
    AND t.id = mk.movie_id
    AND mk.keyword_id = k.id
    AND t.id = mc.movie_id
    AND mc.company_id = cn.id
    AND an.person_id = ci.person_id
    AND ci.movie_id = mc.movie_id
    AND ci.movie_id = mk.movie_id
    AND mc.movie_id = mk.movie_id;
INFO:root:11
INFO:root:
    SELECT MIN(an.name) AS cool_actor_pseudonym,
       MIN(t.title) AS series_named_after_char
    FROM aka_name AS an,
        cast_info AS ci,
        company_name AS cn,
        keyword AS k,
        movie_companies AS mc,
        movie_keyword AS mk,
        name AS n,
        title AS t
    WHERE cn.country_code !='[pl]' AND (cn.name LIKE '20th Century Fox%' OR cn.name LIKE 'Twentieth Century Fox%')
    AND k.keyword IN ('murder', 'murder-in-title', 'blood', 'violence')
    AND t.production_year > 2005
    AND an.person_id = n.id
    AND n.id = ci.person_id
    AND ci.movie_id = t.id
    AND t.id = mk.movie_id
    AND mk.keyword_id = k.id
    AND t.id = mc.movie_id
    AND mc.company_id = cn.id
    AND an.person_id = ci.person_id
    AND ci.movie_id = mc.movie_id
    AND ci.movie_id = mk.movie_id
    AND mc.movie_id = mk.movie_id;
INFO:root:12
INFO:root:
    SELECT MIN(an.name) AS cool_actor_pseudonym,
       MIN(t.title) AS series_named_after_char
    FROM aka_name AS an,
        cast_info AS ci,
        company_name AS cn,
        keyword AS k,
        movie_companies AS mc,
        movie_keyword AS mk,
        name AS n,
        title AS t
    WHERE cn.country_code ='[us]'
    AND k.keyword IN ('murder', 'violence', 'blood', 'gore', 'death', 'female-nudity', 'hospital')
    AND t.production_year > 2000
    AND an.person_id = n.id
    AND n.id = ci.person_id
    AND ci.movie_id = t.id
    AND t.id = mk.movie_id
    AND mk.keyword_id = k.id
    AND t.id = mc.movie_id
    AND mc.company_id = cn.id
    AND an.person_id = ci.person_id
    AND ci.movie_id = mc.movie_id
    AND ci.movie_id = mk.movie_id
    AND mc.movie_id = mk.movie_id;
INFO:root:13
INFO:root:
    SELECT MIN(an.name) AS cool_actor_pseudonym,
       MIN(t.title) AS series_named_after_char
    FROM aka_name AS an,
        cast_info AS ci,
        company_name AS cn,
        keyword AS k,
        movie_companies AS mc,
        movie_keyword AS mk,
        name AS n,
        title AS t
    WHERE cn.name LIKE 'Lionsgate%'
    AND k.keyword = 'marvel-cinematic-universe'
    AND t.production_year > 2000
    AND an.person_id = n.id
    AND n.id = ci.person_id
    AND ci.movie_id = t.id
    AND t.id = mk.movie_id
    AND mk.keyword_id = k.id
    AND t.id = mc.movie_id
    AND mc.company_id = cn.id
    AND an.person_id = ci.person_id
    AND ci.movie_id = mc.movie_id
    AND ci.movie_id = mk.movie_id
    AND mc.movie_id = mk.movie_id;
INFO:root:14
INFO:root:
    SELECT MIN(an.name) AS cool_actor_pseudonym,
       MIN(t.title) AS series_named_after_char
    FROM aka_name AS an,
        cast_info AS ci,
        company_name AS cn,
        keyword AS k,
        movie_companies AS mc,
        movie_keyword AS mk,
        name AS n,
        title AS t
    WHERE cn.country_code ='[jp]'
    AND k.keyword IN ('murder', 'murder-in-title')
    AND t.production_year > 1950
    AND an.person_id = n.id
    AND n.id = ci.person_id
    AND ci.movie_id = t.id
    AND t.id = mk.movie_id
    AND mk.keyword_id = k.id
    AND t.id = mc.movie_id
    AND mc.company_id = cn.id
    AND an.person_id = ci.person_id
    AND ci.movie_id = mc.movie_id
    AND ci.movie_id = mk.movie_id
    AND mc.movie_id = mk.movie_id;
INFO:root:15
INFO:root:
    SELECT MIN(an.name) AS cool_actor_pseudonym,
       MIN(t.title) AS series_named_after_char
    FROM aka_name AS an,
        cast_info AS ci,
        company_name AS cn,
        keyword AS k,
        movie_companies AS mc,
        movie_keyword AS mk,
        name AS n,
        title AS t
    WHERE cn.country_code ='[us]'
    AND k.keyword IN ('murder', 'violence', 'blood', 'gore', 'death', 'female-nudity', 'hospital')
    AND t.production_year > 2000
  AND (t.title LIKE '%Freddy%'
       OR t.title LIKE '%Jason%'
       OR t.title LIKE 'Saw%')
    AND an.person_id = n.id
    AND n.id = ci.person_id
    AND ci.movie_id = t.id
    AND t.id = mk.movie_id
    AND mk.keyword_id = k.id
    AND t.id = mc.movie_id
    AND mc.company_id = cn.id
    AND an.person_id = ci.person_id
    AND ci.movie_id = mc.movie_id
    AND ci.movie_id = mk.movie_id
    AND mc.movie_id = mk.movie_id;
INFO:root:16
INFO:root:
    SELECT MIN(an.name) AS cool_actor_pseudonym,
       MIN(t.title) AS series_named_after_char
    FROM aka_name AS an,
        cast_info AS ci,
        company_name AS cn,
        keyword AS k,
        movie_companies AS mc,
        movie_keyword AS mk,
        name AS n,
        title AS t
    WHERE cn.country_code ='[us]'
    AND k.keyword IN ('nerd', 'loner', 'alienation', 'dignity')
    AND t.production_year > 2000
    AND an.person_id = n.id
    AND n.id = ci.person_id
    AND ci.movie_id = t.id
    AND t.id = mk.movie_id
    AND mk.keyword_id = k.id
    AND t.id = mc.movie_id
    AND mc.company_id = cn.id
    AND an.person_id = ci.person_id
    AND ci.movie_id = mc.movie_id
    AND ci.movie_id = mk.movie_id
    AND mc.movie_id = mk.movie_id;
INFO:root:17
INFO:root:
    SELECT MIN(an.name) AS cool_actor_pseudonym,
       MIN(t.title) AS series_named_after_char
    FROM aka_name AS an,
        cast_info AS ci,
        company_name AS cn,
        keyword AS k,
        movie_companies AS mc,
        movie_keyword AS mk,
        name AS n,
        title AS t
    WHERE cn.country_code ='[us]'
    AND k.keyword IN ('superhero', 'marvel-comics', 'based-on-comic', 'tv-special', 'fight', 'violence', 'magnet', 'web', 'claw', 'laser')
    AND t.production_year BETWEEN 2005 AND 2008
    AND an.person_id = n.id
    AND n.id = ci.person_id
    AND ci.movie_id = t.id
    AND t.id = mk.movie_id
    AND mk.keyword_id = k.id
    AND t.id = mc.movie_id
    AND mc.company_id = cn.id
    AND an.person_id = ci.person_id
    AND ci.movie_id = mc.movie_id
    AND ci.movie_id = mk.movie_id
    AND mc.movie_id = mk.movie_id;
INFO:root:18
INFO:root:
    SELECT MIN(an.name) AS cool_actor_pseudonym,
       MIN(t.title) AS series_named_after_char
    FROM aka_name AS an,
        cast_info AS ci,
        company_name AS cn,
        keyword AS k,
        movie_companies AS mc,
        movie_keyword AS mk,
        name AS n,
        title AS t
    WHERE cn.country_code ='[jp]'
    AND k.keyword IN ('murder', 'violence', 'blood', 'gore', 'death', 'female-nudity', 'hospital')
    AND t.episode_nr >= 5 AND t.episode_nr < 100
    AND an.person_id = n.id
    AND n.id = ci.person_id
    AND ci.movie_id = t.id
    AND t.id = mk.movie_id
    AND mk.keyword_id = k.id
    AND t.id = mc.movie_id
    AND mc.company_id = cn.id
    AND an.person_id = ci.person_id
    AND ci.movie_id = mc.movie_id
    AND ci.movie_id = mk.movie_id
    AND mc.movie_id = mk.movie_id;
INFO:root:19
INFO:root:
    SELECT MIN(an.name) AS cool_actor_pseudonym,
       MIN(t.title) AS series_named_after_char
    FROM aka_name AS an,
        cast_info AS ci,
        company_name AS cn,
        keyword AS k,
        movie_companies AS mc,
        movie_keyword AS mk,
        name AS n,
        title AS t
    WHERE cn.country_code !='[pl]' AND (cn.name LIKE '%Film%' OR cn.name LIKE '%Warner%')
    AND k.keyword ='sequel'
    AND t.title = 'Shrek 2'
  AND t.production_year BETWEEN 2000 AND 2010
    AND an.person_id = n.id
    AND n.id = ci.person_id
    AND ci.movie_id = t.id
    AND t.id = mk.movie_id
    AND mk.keyword_id = k.id
    AND t.id = mc.movie_id
    AND mc.company_id = cn.id
    AND an.person_id = ci.person_id
    AND ci.movie_id = mc.movie_id
    AND ci.movie_id = mk.movie_id
    AND mc.movie_id = mk.movie_id;
INFO:root:20
INFO:root:
    SELECT MIN(an.name) AS cool_actor_pseudonym,
       MIN(t.title) AS series_named_after_char
    FROM aka_name AS an,
        cast_info AS ci,
        company_name AS cn,
        keyword AS k,
        movie_companies AS mc,
        movie_keyword AS mk,
        name AS n,
        title AS t
    WHERE cn.country_code ='[us]'
    AND k.keyword ='character-name-in-title'
    AND t.production_year > 2005
    AND an.person_id = n.id
    AND n.id = ci.person_id
    AND ci.movie_id = t.id
    AND t.id = mk.movie_id
    AND mk.keyword_id = k.id
    AND t.id = mc.movie_id
    AND mc.company_id = cn.id
    AND an.person_id = ci.person_id
    AND ci.movie_id = mc.movie_id
    AND ci.movie_id = mk.movie_id
    AND mc.movie_id = mk.movie_id;
INFO:root:21
INFO:root:
    SELECT MIN(an.name) AS cool_actor_pseudonym,
       MIN(t.title) AS series_named_after_char
    FROM aka_name AS an,
        cast_info AS ci,
        company_name AS cn,
        keyword AS k,
        movie_companies AS mc,
        movie_keyword AS mk,
        name AS n,
        title AS t
    WHERE cn.country_code ='[us]'
    AND k.keyword IN ('murder', 'murder-in-title', 'blood', 'violence')
    AND t.production_year > 2000
    AND an.person_id = n.id
    AND n.id = ci.person_id
    AND ci.movie_id = t.id
    AND t.id = mk.movie_id
    AND mk.keyword_id = k.id
    AND t.id = mc.movie_id
    AND mc.company_id = cn.id
    AND an.person_id = ci.person_id
    AND ci.movie_id = mc.movie_id
    AND ci.movie_id = mk.movie_id
    AND mc.movie_id = mk.movie_id;
INFO:root:22
INFO:root:
    SELECT MIN(an.name) AS cool_actor_pseudonym,
       MIN(t.title) AS series_named_after_char
    FROM aka_name AS an,
        cast_info AS ci,
        company_name AS cn,
        keyword AS k,
        movie_companies AS mc,
        movie_keyword AS mk,
        name AS n,
        title AS t
    WHERE cn.name LIKE 'Lionsgate%'
    AND k.keyword IN ('hero', 'martial-arts', 'hand-to-hand-combat')
    AND t.production_year > 2005
    AND an.person_id = n.id
    AND n.id = ci.person_id
    AND ci.movie_id = t.id
    AND t.id = mk.movie_id
    AND mk.keyword_id = k.id
    AND t.id = mc.movie_id
    AND mc.company_id = cn.id
    AND an.person_id = ci.person_id
    AND ci.movie_id = mc.movie_id
    AND ci.movie_id = mk.movie_id
    AND mc.movie_id = mk.movie_id;
INFO:root:23
INFO:root:
    SELECT MIN(an.name) AS cool_actor_pseudonym,
       MIN(t.title) AS series_named_after_char
    FROM aka_name AS an,
        cast_info AS ci,
        company_name AS cn,
        keyword AS k,
        movie_companies AS mc,
        movie_keyword AS mk,
        name AS n,
        title AS t
    WHERE cn.country_code ='[us]'
    AND k.keyword = 'marvel-cinematic-universe'
    AND t.production_year >2010
    AND an.person_id = n.id
    AND n.id = ci.person_id
    AND ci.movie_id = t.id
    AND t.id = mk.movie_id
    AND mk.keyword_id = k.id
    AND t.id = mc.movie_id
    AND mc.company_id = cn.id
    AND an.person_id = ci.person_id
    AND ci.movie_id = mc.movie_id
    AND ci.movie_id = mk.movie_id
    AND mc.movie_id = mk.movie_id;
INFO:root:24
INFO:root:
    SELECT MIN(an.name) AS cool_actor_pseudonym,
       MIN(t.title) AS series_named_after_char
    FROM aka_name AS an,
        cast_info AS ci,
        company_name AS cn,
        keyword AS k,
        movie_companies AS mc,
        movie_keyword AS mk,
        name AS n,
        title AS t
    WHERE cn.country_code ='[us]'
    AND k.keyword ='character-name-in-title'
    AND t.title != '' AND (t.title LIKE '%Champion%' OR t.title LIKE '%Loser%')
    AND an.person_id = n.id
    AND n.id = ci.person_id
    AND ci.movie_id = t.id
    AND t.id = mk.movie_id
    AND mk.keyword_id = k.id
    AND t.id = mc.movie_id
    AND mc.company_id = cn.id
    AND an.person_id = ci.person_id
    AND ci.movie_id = mc.movie_id
    AND ci.movie_id = mk.movie_id
    AND mc.movie_id = mk.movie_id;
INFO:root:25
INFO:root:
    SELECT MIN(an.name) AS cool_actor_pseudonym,
       MIN(t.title) AS series_named_after_char
    FROM aka_name AS an,
        cast_info AS ci,
        company_name AS cn,
        keyword AS k,
        movie_companies AS mc,
        movie_keyword AS mk,
        name AS n,
        title AS t
    WHERE cn.country_code !='[pl]'
    AND k.keyword IN ('superhero', 'marvel-comics', 'based-on-comic', 'tv-special', 'fight', 'violence', 'magnet', 'web', 'claw', 'laser')
    AND t.production_year > 2010 AND (t.title LIKE '%murder%' OR t.title LIKE '%Murder%' OR t.title LIKE '%Mord%')
    AND an.person_id = n.id
    AND n.id = ci.person_id
    AND ci.movie_id = t.id
    AND t.id = mk.movie_id
    AND mk.keyword_id = k.id
    AND t.id = mc.movie_id
    AND mc.company_id = cn.id
    AND an.person_id = ci.person_id
    AND ci.movie_id = mc.movie_id
    AND ci.movie_id = mk.movie_id
    AND mc.movie_id = mk.movie_id;
INFO:root:26
INFO:root:
    SELECT MIN(an.name) AS cool_actor_pseudonym,
       MIN(t.title) AS series_named_after_char
    FROM aka_name AS an,
        cast_info AS ci,
        company_name AS cn,
        keyword AS k,
        movie_companies AS mc,
        movie_keyword AS mk,
        name AS n,
        title AS t
    WHERE cn.country_code !='[pl]'
  AND (cn.name LIKE '%Film%'
       OR cn.name LIKE '%Warner%')
    AND k.keyword LIKE '%sequel%'
    AND t.production_year >2000 AND (t.title LIKE 'Birdemic%' OR t.title LIKE '%Movie%')
    AND an.person_id = n.id
    AND n.id = ci.person_id
    AND ci.movie_id = t.id
    AND t.id = mk.movie_id
    AND mk.keyword_id = k.id
    AND t.id = mc.movie_id
    AND mc.company_id = cn.id
    AND an.person_id = ci.person_id
    AND ci.movie_id = mc.movie_id
    AND ci.movie_id = mk.movie_id
    AND mc.movie_id = mk.movie_id;
INFO:root:27
INFO:root:
    SELECT MIN(an.name) AS cool_actor_pseudonym,
       MIN(t.title) AS series_named_after_char
    FROM aka_name AS an,
        cast_info AS ci,
        company_name AS cn,
        keyword AS k,
        movie_companies AS mc,
        movie_keyword AS mk,
        name AS n,
        title AS t
    WHERE cn.country_code ='[us]'
    AND k.keyword ='character-name-in-title'
    AND t.production_year BETWEEN 1980 AND 2010
    AND an.person_id = n.id
    AND n.id = ci.person_id
    AND ci.movie_id = t.id
    AND t.id = mk.movie_id
    AND mk.keyword_id = k.id
    AND t.id = mc.movie_id
    AND mc.company_id = cn.id
    AND an.person_id = ci.person_id
    AND ci.movie_id = mc.movie_id
    AND ci.movie_id = mk.movie_id
    AND mc.movie_id = mk.movie_id;
INFO:root:28
INFO:root:
    SELECT MIN(an.name) AS cool_actor_pseudonym,
       MIN(t.title) AS series_named_after_char
    FROM aka_name AS an,
        cast_info AS ci,
        company_name AS cn,
        keyword AS k,
        movie_companies AS mc,
        movie_keyword AS mk,
        name AS n,
        title AS t
    WHERE cn.country_code ='[us]'
    AND k.keyword ='character-name-in-title'
    AND t.production_year > 2000
  AND (t.title LIKE '%Freddy%'
       OR t.title LIKE '%Jason%'
       OR t.title LIKE 'Saw%')
    AND an.person_id = n.id
    AND n.id = ci.person_id
    AND ci.movie_id = t.id
    AND t.id = mk.movie_id
    AND mk.keyword_id = k.id
    AND t.id = mc.movie_id
    AND mc.company_id = cn.id
    AND an.person_id = ci.person_id
    AND ci.movie_id = mc.movie_id
    AND ci.movie_id = mk.movie_id
    AND mc.movie_id = mk.movie_id;
INFO:root:29
INFO:root:
    SELECT MIN(an.name) AS cool_actor_pseudonym,
       MIN(t.title) AS series_named_after_char
    FROM aka_name AS an,
        cast_info AS ci,
        company_name AS cn,
        keyword AS k,
        movie_companies AS mc,
        movie_keyword AS mk,
        name AS n,
        title AS t
    WHERE cn.country_code ='[us]'
    AND k.keyword ='10,000-mile-club'
    AND t.production_year > 2014
    AND an.person_id = n.id
    AND n.id = ci.person_id
    AND ci.movie_id = t.id
    AND t.id = mk.movie_id
    AND mk.keyword_id = k.id
    AND t.id = mc.movie_id
    AND mc.company_id = cn.id
    AND an.person_id = ci.person_id
    AND ci.movie_id = mc.movie_id
    AND ci.movie_id = mk.movie_id
    AND mc.movie_id = mk.movie_id;
INFO:root:30
INFO:root:
    SELECT MIN(an.name) AS cool_actor_pseudonym,
       MIN(t.title) AS series_named_after_char
    FROM aka_name AS an,
        cast_info AS ci,
        company_name AS cn,
        keyword AS k,
        movie_companies AS mc,
        movie_keyword AS mk,
        name AS n,
        title AS t
    WHERE cn.country_code ='[us]'
    AND k.keyword IN ('murder', 'murder-in-title', 'blood', 'violence')
    AND t.production_year > 2000
    AND an.person_id = n.id
    AND n.id = ci.person_id
    AND ci.movie_id = t.id
    AND t.id = mk.movie_id
    AND mk.keyword_id = k.id
    AND t.id = mc.movie_id
    AND mc.company_id = cn.id
    AND an.person_id = ci.person_id
    AND ci.movie_id = mc.movie_id
    AND ci.movie_id = mk.movie_id
    AND mc.movie_id = mk.movie_id;
INFO:root:31
INFO:root:
    SELECT MIN(an.name) AS cool_actor_pseudonym,
       MIN(t.title) AS series_named_after_char
    FROM aka_name AS an,
        cast_info AS ci,
        company_name AS cn,
        keyword AS k,
        movie_companies AS mc,
        movie_keyword AS mk,
        name AS n,
        title AS t
    WHERE cn.country_code !='[pl]' AND (cn.name LIKE '%Film%' OR cn.name LIKE '%Warner%')
    AND k.keyword IN ('murder', 'violence', 'blood', 'gore', 'death', 'female-nudity', 'hospital')
    AND t.production_year > 2010 AND (t.title LIKE '%murder%' OR t.title LIKE '%Murder%' OR t.title LIKE '%Mord%')
    AND an.person_id = n.id
    AND n.id = ci.person_id
    AND ci.movie_id = t.id
    AND t.id = mk.movie_id
    AND mk.keyword_id = k.id
    AND t.id = mc.movie_id
    AND mc.company_id = cn.id
    AND an.person_id = ci.person_id
    AND ci.movie_id = mc.movie_id
    AND ci.movie_id = mk.movie_id
    AND mc.movie_id = mk.movie_id;
INFO:root:32
INFO:root:
    SELECT MIN(an.name) AS cool_actor_pseudonym,
       MIN(t.title) AS series_named_after_char
    FROM aka_name AS an,
        cast_info AS ci,
        company_name AS cn,
        keyword AS k,
        movie_companies AS mc,
        movie_keyword AS mk,
        name AS n,
        title AS t
    WHERE cn.country_code ='[us]'
    AND k.keyword ='character-name-in-title'
    AND t.production_year > 2014
    AND an.person_id = n.id
    AND n.id = ci.person_id
    AND ci.movie_id = t.id
    AND t.id = mk.movie_id
    AND mk.keyword_id = k.id
    AND t.id = mc.movie_id
    AND mc.company_id = cn.id
    AND an.person_id = ci.person_id
    AND ci.movie_id = mc.movie_id
    AND ci.movie_id = mk.movie_id
    AND mc.movie_id = mk.movie_id;
INFO:root:33
INFO:root:
    SELECT MIN(an.name) AS cool_actor_pseudonym,
       MIN(t.title) AS series_named_after_char
    FROM aka_name AS an,
        cast_info AS ci,
        company_name AS cn,
        keyword AS k,
        movie_companies AS mc,
        movie_keyword AS mk,
        name AS n,
        title AS t
    WHERE cn.country_code ='[us]'
    AND k.keyword = 'marvel-cinematic-universe'
    AND t.production_year > 2008
    AND an.person_id = n.id
    AND n.id = ci.person_id
    AND ci.movie_id = t.id
    AND t.id = mk.movie_id
    AND mk.keyword_id = k.id
    AND t.id = mc.movie_id
    AND mc.company_id = cn.id
    AND an.person_id = ci.person_id
    AND ci.movie_id = mc.movie_id
    AND ci.movie_id = mk.movie_id
    AND mc.movie_id = mk.movie_id;
INFO:root:34
INFO:root:
    SELECT MIN(an.name) AS cool_actor_pseudonym,
       MIN(t.title) AS series_named_after_char
    FROM aka_name AS an,
        cast_info AS ci,
        company_name AS cn,
        keyword AS k,
        movie_companies AS mc,
        movie_keyword AS mk,
        name AS n,
        title AS t
    WHERE cn.country_code ='[us]'
  AND cn.name = 'DreamWorks Animation'
    AND k.keyword IN ('superhero', 'marvel-comics', 'based-on-comic', 'tv-special', 'fight', 'violence', 'magnet', 'web', 'claw', 'laser')
    AND t.production_year > 2005
    AND an.person_id = n.id
    AND n.id = ci.person_id
    AND ci.movie_id = t.id
    AND t.id = mk.movie_id
    AND mk.keyword_id = k.id
    AND t.id = mc.movie_id
    AND mc.company_id = cn.id
    AND an.person_id = ci.person_id
    AND ci.movie_id = mc.movie_id
    AND ci.movie_id = mk.movie_id
    AND mc.movie_id = mk.movie_id;
INFO:root:35
INFO:root:
    SELECT MIN(an.name) AS cool_actor_pseudonym,
       MIN(t.title) AS series_named_after_char
    FROM aka_name AS an,
        cast_info AS ci,
        company_name AS cn,
        keyword AS k,
        movie_companies AS mc,
        movie_keyword AS mk,
        name AS n,
        title AS t
    WHERE cn.country_code ='[us]'
    AND k.keyword ='sequel'
    AND t.production_year BETWEEN 1980 AND 2010
    AND an.person_id = n.id
    AND n.id = ci.person_id
    AND ci.movie_id = t.id
    AND t.id = mk.movie_id
    AND mk.keyword_id = k.id
    AND t.id = mc.movie_id
    AND mc.company_id = cn.id
    AND an.person_id = ci.person_id
    AND ci.movie_id = mc.movie_id
    AND ci.movie_id = mk.movie_id
    AND mc.movie_id = mk.movie_id;
INFO:root:36
INFO:root:
    SELECT MIN(an.name) AS cool_actor_pseudonym,
       MIN(t.title) AS series_named_after_char
    FROM aka_name AS an,
        cast_info AS ci,
        company_name AS cn,
        keyword AS k,
        movie_companies AS mc,
        movie_keyword AS mk,
        name AS n,
        title AS t
    WHERE cn.country_code = '[us]' AND cn.name = 'YouTube'
    AND k.keyword IN ('murder', 'murder-in-title', 'blood', 'violence')
    AND t.title != '' AND (t.title LIKE '%Champion%' OR t.title LIKE '%Loser%')
    AND an.person_id = n.id
    AND n.id = ci.person_id
    AND ci.movie_id = t.id
    AND t.id = mk.movie_id
    AND mk.keyword_id = k.id
    AND t.id = mc.movie_id
    AND mc.company_id = cn.id
    AND an.person_id = ci.person_id
    AND ci.movie_id = mc.movie_id
    AND ci.movie_id = mk.movie_id
    AND mc.movie_id = mk.movie_id;
INFO:root:37
INFO:root:
    SELECT MIN(an.name) AS cool_actor_pseudonym,
       MIN(t.title) AS series_named_after_char
    FROM aka_name AS an,
        cast_info AS ci,
        company_name AS cn,
        keyword AS k,
        movie_companies AS mc,
        movie_keyword AS mk,
        name AS n,
        title AS t
    WHERE cn.country_code !='[pl]' AND (cn.name LIKE '20th Century Fox%' OR cn.name LIKE 'Twentieth Century Fox%')
    AND k.keyword ='sequel'
    AND t.production_year > 2000
    AND an.person_id = n.id
    AND n.id = ci.person_id
    AND ci.movie_id = t.id
    AND t.id = mk.movie_id
    AND mk.keyword_id = k.id
    AND t.id = mc.movie_id
    AND mc.company_id = cn.id
    AND an.person_id = ci.person_id
    AND ci.movie_id = mc.movie_id
    AND ci.movie_id = mk.movie_id
    AND mc.movie_id = mk.movie_id;
INFO:root:38
INFO:root:
    SELECT MIN(an.name) AS cool_actor_pseudonym,
       MIN(t.title) AS series_named_after_char
    FROM aka_name AS an,
        cast_info AS ci,
        company_name AS cn,
        keyword AS k,
        movie_companies AS mc,
        movie_keyword AS mk,
        name AS n,
        title AS t
    WHERE cn.country_code ='[us]'
    AND k.keyword LIKE '%sequel%'
    AND t.production_year > 1990
    AND an.person_id = n.id
    AND n.id = ci.person_id
    AND ci.movie_id = t.id
    AND t.id = mk.movie_id
    AND mk.keyword_id = k.id
    AND t.id = mc.movie_id
    AND mc.company_id = cn.id
    AND an.person_id = ci.person_id
    AND ci.movie_id = mc.movie_id
    AND ci.movie_id = mk.movie_id
    AND mc.movie_id = mk.movie_id;
INFO:root:39
INFO:root:
    SELECT MIN(an.name) AS cool_actor_pseudonym,
       MIN(t.title) AS series_named_after_char
    FROM aka_name AS an,
        cast_info AS ci,
        company_name AS cn,
        keyword AS k,
        movie_companies AS mc,
        movie_keyword AS mk,
        name AS n,
        title AS t
    WHERE cn.country_code ='[us]'
    AND k.keyword IN ('murder', 'murder-in-title', 'blood', 'violence')
    AND t.production_year > 2000
    AND an.person_id = n.id
    AND n.id = ci.person_id
    AND ci.movie_id = t.id
    AND t.id = mk.movie_id
    AND mk.keyword_id = k.id
    AND t.id = mc.movie_id
    AND mc.company_id = cn.id
    AND an.person_id = ci.person_id
    AND ci.movie_id = mc.movie_id
    AND ci.movie_id = mk.movie_id
    AND mc.movie_id = mk.movie_id;
INFO:root:40
INFO:root:
    SELECT MIN(an.name) AS cool_actor_pseudonym,
       MIN(t.title) AS series_named_after_char
    FROM aka_name AS an,
        cast_info AS ci,
        company_name AS cn,
        keyword AS k,
        movie_companies AS mc,
        movie_keyword AS mk,
        name AS n,
        title AS t
    WHERE cn.country_code ='[us]'
    AND k.keyword IN ('murder', 'murder-in-title', 'blood', 'violence')
    AND t.production_year > 2000
    AND an.person_id = n.id
    AND n.id = ci.person_id
    AND ci.movie_id = t.id
    AND t.id = mk.movie_id
    AND mk.keyword_id = k.id
    AND t.id = mc.movie_id
    AND mc.company_id = cn.id
    AND an.person_id = ci.person_id
    AND ci.movie_id = mc.movie_id
    AND ci.movie_id = mk.movie_id
    AND mc.movie_id = mk.movie_id;
INFO:root:41
INFO:root:
    SELECT MIN(an.name) AS cool_actor_pseudonym,
       MIN(t.title) AS series_named_after_char
    FROM aka_name AS an,
        cast_info AS ci,
        company_name AS cn,
        keyword AS k,
        movie_companies AS mc,
        movie_keyword AS mk,
        name AS n,
        title AS t
    WHERE cn.country_code ='[sm]'
    AND k.keyword ='sequel'
    AND t.production_year >2010
    AND an.person_id = n.id
    AND n.id = ci.person_id
    AND ci.movie_id = t.id
    AND t.id = mk.movie_id
    AND mk.keyword_id = k.id
    AND t.id = mc.movie_id
    AND mc.company_id = cn.id
    AND an.person_id = ci.person_id
    AND ci.movie_id = mc.movie_id
    AND ci.movie_id = mk.movie_id
    AND mc.movie_id = mk.movie_id;
INFO:root:42
INFO:root:
    SELECT MIN(an.name) AS cool_actor_pseudonym,
       MIN(t.title) AS series_named_after_char
    FROM aka_name AS an,
        cast_info AS ci,
        company_name AS cn,
        keyword AS k,
        movie_companies AS mc,
        movie_keyword AS mk,
        name AS n,
        title AS t
    WHERE cn.country_code ='[us]'
    AND k.keyword IN ('superhero', 'sequel', 'second-part', 'marvel-comics', 'based-on-comic', 'tv-special', 'fight', 'violence')
    AND t.production_year >2010
    AND an.person_id = n.id
    AND n.id = ci.person_id
    AND ci.movie_id = t.id
    AND t.id = mk.movie_id
    AND mk.keyword_id = k.id
    AND t.id = mc.movie_id
    AND mc.company_id = cn.id
    AND an.person_id = ci.person_id
    AND ci.movie_id = mc.movie_id
    AND ci.movie_id = mk.movie_id
    AND mc.movie_id = mk.movie_id;
INFO:root:43
INFO:root:
    SELECT MIN(an.name) AS cool_actor_pseudonym,
       MIN(t.title) AS series_named_after_char
    FROM aka_name AS an,
        cast_info AS ci,
        company_name AS cn,
        keyword AS k,
        movie_companies AS mc,
        movie_keyword AS mk,
        name AS n,
        title AS t
    WHERE cn.country_code !='[pl]'
  AND (cn.name LIKE '%Film%'
       OR cn.name LIKE '%Warner%')
    AND k.keyword ='sequel'
    AND t.production_year BETWEEN 2007 AND 2010
    AND an.person_id = n.id
    AND n.id = ci.person_id
    AND ci.movie_id = t.id
    AND t.id = mk.movie_id
    AND mk.keyword_id = k.id
    AND t.id = mc.movie_id
    AND mc.company_id = cn.id
    AND an.person_id = ci.person_id
    AND ci.movie_id = mc.movie_id
    AND ci.movie_id = mk.movie_id
    AND mc.movie_id = mk.movie_id;
INFO:root:44
INFO:root:
    SELECT MIN(an.name) AS cool_actor_pseudonym,
       MIN(t.title) AS series_named_after_char
    FROM aka_name AS an,
        cast_info AS ci,
        company_name AS cn,
        keyword AS k,
        movie_companies AS mc,
        movie_keyword AS mk,
        name AS n,
        title AS t
    WHERE cn.country_code ='[us]'
  AND cn.name = 'DreamWorks Animation'
    AND k.keyword IN ('murder', 'murder-in-title')
    AND t.production_year BETWEEN 2000 AND 2010
    AND an.person_id = n.id
    AND n.id = ci.person_id
    AND ci.movie_id = t.id
    AND t.id = mk.movie_id
    AND mk.keyword_id = k.id
    AND t.id = mc.movie_id
    AND mc.company_id = cn.id
    AND an.person_id = ci.person_id
    AND ci.movie_id = mc.movie_id
    AND ci.movie_id = mk.movie_id
    AND mc.movie_id = mk.movie_id;
INFO:root:45
INFO:root:
    SELECT MIN(an.name) AS cool_actor_pseudonym,
       MIN(t.title) AS series_named_after_char
    FROM aka_name AS an,
        cast_info AS ci,
        company_name AS cn,
        keyword AS k,
        movie_companies AS mc,
        movie_keyword AS mk,
        name AS n,
        title AS t
    WHERE cn.country_code ='[us]'
    AND k.keyword = 'computer-animation'
    AND t.production_year > 2000
    AND an.person_id = n.id
    AND n.id = ci.person_id
    AND ci.movie_id = t.id
    AND t.id = mk.movie_id
    AND mk.keyword_id = k.id
    AND t.id = mc.movie_id
    AND mc.company_id = cn.id
    AND an.person_id = ci.person_id
    AND ci.movie_id = mc.movie_id
    AND ci.movie_id = mk.movie_id
    AND mc.movie_id = mk.movie_id;
INFO:root:46
INFO:root:
    SELECT MIN(an.name) AS cool_actor_pseudonym,
       MIN(t.title) AS series_named_after_char
    FROM aka_name AS an,
        cast_info AS ci,
        company_name AS cn,
        keyword AS k,
        movie_companies AS mc,
        movie_keyword AS mk,
        name AS n,
        title AS t
    WHERE cn.country_code ='[us]'
    AND k.keyword IN ('murder', 'violence', 'blood', 'gore', 'death', 'female-nudity', 'hospital')
    AND t.production_year BETWEEN 1980 AND 1984
    AND an.person_id = n.id
    AND n.id = ci.person_id
    AND ci.movie_id = t.id
    AND t.id = mk.movie_id
    AND mk.keyword_id = k.id
    AND t.id = mc.movie_id
    AND mc.company_id = cn.id
    AND an.person_id = ci.person_id
    AND ci.movie_id = mc.movie_id
    AND ci.movie_id = mk.movie_id
    AND mc.movie_id = mk.movie_id;
INFO:root:47
INFO:root:
    SELECT MIN(an.name) AS cool_actor_pseudonym,
       MIN(t.title) AS series_named_after_char
    FROM aka_name AS an,
        cast_info AS ci,
        company_name AS cn,
        keyword AS k,
        movie_companies AS mc,
        movie_keyword AS mk,
        name AS n,
        title AS t
    WHERE cn.country_code ='[us]'
  AND cn.name = 'DreamWorks Animation'
    AND k.keyword IN ('murder', 'murder-in-title', 'blood', 'violence')
    AND t.title = 'Shrek 2'
  AND t.production_year BETWEEN 2000 AND 2005
    AND an.person_id = n.id
    AND n.id = ci.person_id
    AND ci.movie_id = t.id
    AND t.id = mk.movie_id
    AND mk.keyword_id = k.id
    AND t.id = mc.movie_id
    AND mc.company_id = cn.id
    AND an.person_id = ci.person_id
    AND ci.movie_id = mc.movie_id
    AND ci.movie_id = mk.movie_id
    AND mc.movie_id = mk.movie_id;
INFO:root:48
INFO:root:
    SELECT MIN(an.name) AS cool_actor_pseudonym,
       MIN(t.title) AS series_named_after_char
    FROM aka_name AS an,
        cast_info AS ci,
        company_name AS cn,
        keyword AS k,
        movie_companies AS mc,
        movie_keyword AS mk,
        name AS n,
        title AS t
    WHERE cn.country_code ='[us]'
    AND k.keyword IN ('superhero', 'marvel-comics', 'based-on-comic', 'tv-special', 'fight', 'violence', 'magnet', 'web', 'claw', 'laser')
    AND t.production_year > 2014
    AND an.person_id = n.id
    AND n.id = ci.person_id
    AND ci.movie_id = t.id
    AND t.id = mk.movie_id
    AND mk.keyword_id = k.id
    AND t.id = mc.movie_id
    AND mc.company_id = cn.id
    AND an.person_id = ci.person_id
    AND ci.movie_id = mc.movie_id
    AND ci.movie_id = mk.movie_id
    AND mc.movie_id = mk.movie_id;
INFO:root:49
INFO:root:
    SELECT MIN(an.name) AS cool_actor_pseudonym,
       MIN(t.title) AS series_named_after_char
    FROM aka_name AS an,
        cast_info AS ci,
        company_name AS cn,
        keyword AS k,
        movie_companies AS mc,
        movie_keyword AS mk,
        name AS n,
        title AS t
    WHERE cn.country_code !='[pl]'
  AND (cn.name LIKE '%Film%'
       OR cn.name LIKE '%Warner%')
    AND k.keyword ='character-name-in-title'
    AND t.production_year > 2000
    AND an.person_id = n.id
    AND n.id = ci.person_id
    AND ci.movie_id = t.id
    AND t.id = mk.movie_id
    AND mk.keyword_id = k.id
    AND t.id = mc.movie_id
    AND mc.company_id = cn.id
    AND an.person_id = ci.person_id
    AND ci.movie_id = mc.movie_id
    AND ci.movie_id = mk.movie_id
    AND mc.movie_id = mk.movie_id;
INFO:root:50
INFO:root:
    SELECT MIN(an.name) AS cool_actor_pseudonym,
       MIN(t.title) AS series_named_after_char
    FROM aka_name AS an,
        cast_info AS ci,
        company_name AS cn,
        keyword AS k,
        movie_companies AS mc,
        movie_keyword AS mk,
        name AS n,
        title AS t
    WHERE cn.country_code ='[de]'
    AND k.keyword ='character-name-in-title'
    AND t.production_year > 2000
    AND an.person_id = n.id
    AND n.id = ci.person_id
    AND ci.movie_id = t.id
    AND t.id = mk.movie_id
    AND mk.keyword_id = k.id
    AND t.id = mc.movie_id
    AND mc.company_id = cn.id
    AND an.person_id = ci.person_id
    AND ci.movie_id = mc.movie_id
    AND ci.movie_id = mk.movie_id
    AND mc.movie_id = mk.movie_id;
INFO:root:51
INFO:root:
    SELECT MIN(an.name) AS cool_actor_pseudonym,
       MIN(t.title) AS series_named_after_char
    FROM aka_name AS an,
        cast_info AS ci,
        company_name AS cn,
        keyword AS k,
        movie_companies AS mc,
        movie_keyword AS mk,
        name AS n,
        title AS t
    WHERE cn.country_code ='[us]'
    AND k.keyword ='character-name-in-title'
    AND t.production_year BETWEEN 2005 AND 2008
    AND an.person_id = n.id
    AND n.id = ci.person_id
    AND ci.movie_id = t.id
    AND t.id = mk.movie_id
    AND mk.keyword_id = k.id
    AND t.id = mc.movie_id
    AND mc.company_id = cn.id
    AND an.person_id = ci.person_id
    AND ci.movie_id = mc.movie_id
    AND ci.movie_id = mk.movie_id
    AND mc.movie_id = mk.movie_id;
INFO:root:52
INFO:root:
    SELECT MIN(an.name) AS cool_actor_pseudonym,
       MIN(t.title) AS series_named_after_char
    FROM aka_name AS an,
        cast_info AS ci,
        company_name AS cn,
        keyword AS k,
        movie_companies AS mc,
        movie_keyword AS mk,
        name AS n,
        title AS t
    WHERE cn.country_code ='[us]'
    AND k.keyword IN ('murder', 'blood', 'gore', 'death', 'female-nudity')
    AND t.production_year BETWEEN 2000 AND 2010
    AND an.person_id = n.id
    AND n.id = ci.person_id
    AND ci.movie_id = t.id
    AND t.id = mk.movie_id
    AND mk.keyword_id = k.id
    AND t.id = mc.movie_id
    AND mc.company_id = cn.id
    AND an.person_id = ci.person_id
    AND ci.movie_id = mc.movie_id
    AND ci.movie_id = mk.movie_id
    AND mc.movie_id = mk.movie_id;
INFO:root:53
INFO:root:
    SELECT MIN(an.name) AS cool_actor_pseudonym,
       MIN(t.title) AS series_named_after_char
    FROM aka_name AS an,
        cast_info AS ci,
        company_name AS cn,
        keyword AS k,
        movie_companies AS mc,
        movie_keyword AS mk,
        name AS n,
        title AS t
    WHERE cn.country_code != '[us]'
    AND k.keyword = 'marvel-cinematic-universe'
    AND t.production_year > 2000
    AND an.person_id = n.id
    AND n.id = ci.person_id
    AND ci.movie_id = t.id
    AND t.id = mk.movie_id
    AND mk.keyword_id = k.id
    AND t.id = mc.movie_id
    AND mc.company_id = cn.id
    AND an.person_id = ci.person_id
    AND ci.movie_id = mc.movie_id
    AND ci.movie_id = mk.movie_id
    AND mc.movie_id = mk.movie_id;
INFO:root:54
INFO:root:
    SELECT MIN(an.name) AS cool_actor_pseudonym,
       MIN(t.title) AS series_named_after_char
    FROM aka_name AS an,
        cast_info AS ci,
        company_name AS cn,
        keyword AS k,
        movie_companies AS mc,
        movie_keyword AS mk,
        name AS n,
        title AS t
    WHERE cn.country_code ='[us]'
    AND k.keyword ='sequel'
    AND t.production_year BETWEEN 2000 AND 2010
    AND an.person_id = n.id
    AND n.id = ci.person_id
    AND ci.movie_id = t.id
    AND t.id = mk.movie_id
    AND mk.keyword_id = k.id
    AND t.id = mc.movie_id
    AND mc.company_id = cn.id
    AND an.person_id = ci.person_id
    AND ci.movie_id = mc.movie_id
    AND ci.movie_id = mk.movie_id
    AND mc.movie_id = mk.movie_id;
INFO:root:55
INFO:root:
    SELECT MIN(an.name) AS cool_actor_pseudonym,
       MIN(t.title) AS series_named_after_char
    FROM aka_name AS an,
        cast_info AS ci,
        company_name AS cn,
        keyword AS k,
        movie_companies AS mc,
        movie_keyword AS mk,
        name AS n,
        title AS t
    WHERE cn.country_code ='[sm]'
    AND k.keyword ='sequel'
    AND t.production_year BETWEEN 2008 AND 2014
    AND an.person_id = n.id
    AND n.id = ci.person_id
    AND ci.movie_id = t.id
    AND t.id = mk.movie_id
    AND mk.keyword_id = k.id
    AND t.id = mc.movie_id
    AND mc.company_id = cn.id
    AND an.person_id = ci.person_id
    AND ci.movie_id = mc.movie_id
    AND ci.movie_id = mk.movie_id
    AND mc.movie_id = mk.movie_id;
INFO:root:56
INFO:root:
    SELECT MIN(an.name) AS cool_actor_pseudonym,
       MIN(t.title) AS series_named_after_char
    FROM aka_name AS an,
        cast_info AS ci,
        company_name AS cn,
        keyword AS k,
        movie_companies AS mc,
        movie_keyword AS mk,
        name AS n,
        title AS t
    WHERE cn.country_code != '[us]'
    AND k.keyword ='character-name-in-title'
    AND t.production_year BETWEEN 2005 AND 2015
    AND an.person_id = n.id
    AND n.id = ci.person_id
    AND ci.movie_id = t.id
    AND t.id = mk.movie_id
    AND mk.keyword_id = k.id
    AND t.id = mc.movie_id
    AND mc.company_id = cn.id
    AND an.person_id = ci.person_id
    AND ci.movie_id = mc.movie_id
    AND ci.movie_id = mk.movie_id
    AND mc.movie_id = mk.movie_id;
INFO:root:57
INFO:root:
    SELECT MIN(an.name) AS cool_actor_pseudonym,
       MIN(t.title) AS series_named_after_char
    FROM aka_name AS an,
        cast_info AS ci,
        company_name AS cn,
        keyword AS k,
        movie_companies AS mc,
        movie_keyword AS mk,
        name AS n,
        title AS t
    WHERE cn.country_code !='[pl]'
  AND (cn.name LIKE '%Film%'
       OR cn.name LIKE '%Warner%')
    AND k.keyword IN ('superhero', 'marvel-comics', 'based-on-comic', 'tv-special', 'fight', 'violence', 'magnet', 'web', 'claw', 'laser')
    AND t.production_year > 1990
    AND an.person_id = n.id
    AND n.id = ci.person_id
    AND ci.movie_id = t.id
    AND t.id = mk.movie_id
    AND mk.keyword_id = k.id
    AND t.id = mc.movie_id
    AND mc.company_id = cn.id
    AND an.person_id = ci.person_id
    AND ci.movie_id = mc.movie_id
    AND ci.movie_id = mk.movie_id
    AND mc.movie_id = mk.movie_id;
INFO:root:58
INFO:root:
    SELECT MIN(an.name) AS cool_actor_pseudonym,
       MIN(t.title) AS series_named_after_char
    FROM aka_name AS an,
        cast_info AS ci,
        company_name AS cn,
        keyword AS k,
        movie_companies AS mc,
        movie_keyword AS mk,
        name AS n,
        title AS t
    WHERE cn.country_code ='[us]'
    AND k.keyword LIKE '%sequel%'
    AND t.production_year > 1950
    AND an.person_id = n.id
    AND n.id = ci.person_id
    AND ci.movie_id = t.id
    AND t.id = mk.movie_id
    AND mk.keyword_id = k.id
    AND t.id = mc.movie_id
    AND mc.company_id = cn.id
    AND an.person_id = ci.person_id
    AND ci.movie_id = mc.movie_id
    AND ci.movie_id = mk.movie_id
    AND mc.movie_id = mk.movie_id;
INFO:root:59
INFO:root:
    SELECT MIN(an.name) AS cool_actor_pseudonym,
       MIN(t.title) AS series_named_after_char
    FROM aka_name AS an,
        cast_info AS ci,
        company_name AS cn,
        keyword AS k,
        movie_companies AS mc,
        movie_keyword AS mk,
        name AS n,
        title AS t
    WHERE cn.name LIKE 'Lionsgate%'
    AND k.keyword IN ('superhero', 'sequel', 'second-part', 'marvel-comics', 'based-on-comic', 'tv-special', 'fight', 'violence')
    AND t.production_year > 2000
    AND an.person_id = n.id
    AND n.id = ci.person_id
    AND ci.movie_id = t.id
    AND t.id = mk.movie_id
    AND mk.keyword_id = k.id
    AND t.id = mc.movie_id
    AND mc.company_id = cn.id
    AND an.person_id = ci.person_id
    AND ci.movie_id = mc.movie_id
    AND ci.movie_id = mk.movie_id
    AND mc.movie_id = mk.movie_id;
INFO:root:60
INFO:root:
    SELECT MIN(an.name) AS cool_actor_pseudonym,
       MIN(t.title) AS series_named_after_char
    FROM aka_name AS an,
        cast_info AS ci,
        company_name AS cn,
        keyword AS k,
        movie_companies AS mc,
        movie_keyword AS mk,
        name AS n,
        title AS t
    WHERE cn.country_code ='[us]'
    AND k.keyword LIKE '%sequel%'
    AND t.production_year > 2010
  AND t.title LIKE 'Kung Fu Panda%'
    AND an.person_id = n.id
    AND n.id = ci.person_id
    AND ci.movie_id = t.id
    AND t.id = mk.movie_id
    AND mk.keyword_id = k.id
    AND t.id = mc.movie_id
    AND mc.company_id = cn.id
    AND an.person_id = ci.person_id
    AND ci.movie_id = mc.movie_id
    AND ci.movie_id = mk.movie_id
    AND mc.movie_id = mk.movie_id;
INFO:root:61
INFO:root:
    SELECT MIN(an.name) AS cool_actor_pseudonym,
       MIN(t.title) AS series_named_after_char
    FROM aka_name AS an,
        cast_info AS ci,
        company_name AS cn,
        keyword AS k,
        movie_companies AS mc,
        movie_keyword AS mk,
        name AS n,
        title AS t
    WHERE cn.country_code ='[us]'
    AND k.keyword IN ('murder', 'violence', 'blood', 'gore', 'death', 'female-nudity', 'hospital')
    AND t.production_year BETWEEN 2007 AND 2010
    AND an.person_id = n.id
    AND n.id = ci.person_id
    AND ci.movie_id = t.id
    AND t.id = mk.movie_id
    AND mk.keyword_id = k.id
    AND t.id = mc.movie_id
    AND mc.company_id = cn.id
    AND an.person_id = ci.person_id
    AND ci.movie_id = mc.movie_id
    AND ci.movie_id = mk.movie_id
    AND mc.movie_id = mk.movie_id;
INFO:root:62
INFO:root:
    SELECT MIN(an.name) AS cool_actor_pseudonym,
       MIN(t.title) AS series_named_after_char
    FROM aka_name AS an,
        cast_info AS ci,
        company_name AS cn,
        keyword AS k,
        movie_companies AS mc,
        movie_keyword AS mk,
        name AS n,
        title AS t
    WHERE cn.country_code !='[pl]'
  AND (cn.name LIKE '%Film%'
       OR cn.name LIKE '%Warner%')
    AND k.keyword LIKE '%sequel%'
    AND t.episode_nr < 100
    AND an.person_id = n.id
    AND n.id = ci.person_id
    AND ci.movie_id = t.id
    AND t.id = mk.movie_id
    AND mk.keyword_id = k.id
    AND t.id = mc.movie_id
    AND mc.company_id = cn.id
    AND an.person_id = ci.person_id
    AND ci.movie_id = mc.movie_id
    AND ci.movie_id = mk.movie_id
    AND mc.movie_id = mk.movie_id;
INFO:root:63
INFO:root:
    SELECT MIN(an.name) AS cool_actor_pseudonym,
       MIN(t.title) AS series_named_after_char
    FROM aka_name AS an,
        cast_info AS ci,
        company_name AS cn,
        keyword AS k,
        movie_companies AS mc,
        movie_keyword AS mk,
        name AS n,
        title AS t
    WHERE cn.country_code !='[pl]'
  AND (cn.name LIKE '%Film%'
       OR cn.name LIKE '%Warner%')
    AND k.keyword IN ('superhero', 'sequel', 'second-part', 'marvel-comics', 'based-on-comic', 'tv-special', 'fight', 'violence')
    AND t.production_year BETWEEN 1980 AND 1984
    AND an.person_id = n.id
    AND n.id = ci.person_id
    AND ci.movie_id = t.id
    AND t.id = mk.movie_id
    AND mk.keyword_id = k.id
    AND t.id = mc.movie_id
    AND mc.company_id = cn.id
    AND an.person_id = ci.person_id
    AND ci.movie_id = mc.movie_id
    AND ci.movie_id = mk.movie_id
    AND mc.movie_id = mk.movie_id;
INFO:root:64
INFO:root:
    SELECT MIN(an.name) AS cool_actor_pseudonym,
       MIN(t.title) AS series_named_after_char
    FROM aka_name AS an,
        cast_info AS ci,
        company_name AS cn,
        keyword AS k,
        movie_companies AS mc,
        movie_keyword AS mk,
        name AS n,
        title AS t
    WHERE cn.country_code ='[jp]'
    AND k.keyword IN ('superhero', 'sequel', 'second-part', 'marvel-comics', 'based-on-comic', 'tv-special', 'fight', 'violence')
    AND t.production_year > 2005
    AND an.person_id = n.id
    AND n.id = ci.person_id
    AND ci.movie_id = t.id
    AND t.id = mk.movie_id
    AND mk.keyword_id = k.id
    AND t.id = mc.movie_id
    AND mc.company_id = cn.id
    AND an.person_id = ci.person_id
    AND ci.movie_id = mc.movie_id
    AND ci.movie_id = mk.movie_id
    AND mc.movie_id = mk.movie_id;
INFO:root:65
INFO:root:
    SELECT MIN(an.name) AS cool_actor_pseudonym,
       MIN(t.title) AS series_named_after_char
    FROM aka_name AS an,
        cast_info AS ci,
        company_name AS cn,
        keyword AS k,
        movie_companies AS mc,
        movie_keyword AS mk,
        name AS n,
        title AS t
    WHERE cn.country_code ='[nl]'
    AND k.keyword LIKE '%sequel%'
    AND t.production_year BETWEEN 2007 AND 2010
    AND an.person_id = n.id
    AND n.id = ci.person_id
    AND ci.movie_id = t.id
    AND t.id = mk.movie_id
    AND mk.keyword_id = k.id
    AND t.id = mc.movie_id
    AND mc.company_id = cn.id
    AND an.person_id = ci.person_id
    AND ci.movie_id = mc.movie_id
    AND ci.movie_id = mk.movie_id
    AND mc.movie_id = mk.movie_id;
INFO:root:66
INFO:root:
    SELECT MIN(an.name) AS cool_actor_pseudonym,
       MIN(t.title) AS series_named_after_char
    FROM aka_name AS an,
        cast_info AS ci,
        company_name AS cn,
        keyword AS k,
        movie_companies AS mc,
        movie_keyword AS mk,
        name AS n,
        title AS t
    WHERE cn.country_code ='[us]'
    AND k.keyword IN ('superhero', 'marvel-comics', 'based-on-comic', 'tv-special', 'fight', 'violence', 'magnet', 'web', 'claw', 'laser')
    AND t.production_year BETWEEN 1980 AND 1995
    AND an.person_id = n.id
    AND n.id = ci.person_id
    AND ci.movie_id = t.id
    AND t.id = mk.movie_id
    AND mk.keyword_id = k.id
    AND t.id = mc.movie_id
    AND mc.company_id = cn.id
    AND an.person_id = ci.person_id
    AND ci.movie_id = mc.movie_id
    AND ci.movie_id = mk.movie_id
    AND mc.movie_id = mk.movie_id;
INFO:root:67
INFO:root:
    SELECT MIN(an.name) AS cool_actor_pseudonym,
       MIN(t.title) AS series_named_after_char
    FROM aka_name AS an,
        cast_info AS ci,
        company_name AS cn,
        keyword AS k,
        movie_companies AS mc,
        movie_keyword AS mk,
        name AS n,
        title AS t
    WHERE cn.country_code = '[ru]'
    AND k.keyword ='sequel'
    AND t.production_year > 2000
    AND an.person_id = n.id
    AND n.id = ci.person_id
    AND ci.movie_id = t.id
    AND t.id = mk.movie_id
    AND mk.keyword_id = k.id
    AND t.id = mc.movie_id
    AND mc.company_id = cn.id
    AND an.person_id = ci.person_id
    AND ci.movie_id = mc.movie_id
    AND ci.movie_id = mk.movie_id
    AND mc.movie_id = mk.movie_id;
INFO:root:68
INFO:root:
    SELECT MIN(an.name) AS cool_actor_pseudonym,
       MIN(t.title) AS series_named_after_char
    FROM aka_name AS an,
        cast_info AS ci,
        company_name AS cn,
        keyword AS k,
        movie_companies AS mc,
        movie_keyword AS mk,
        name AS n,
        title AS t
    WHERE cn.country_code !='[pl]'
  AND (cn.name LIKE '%Film%'
       OR cn.name LIKE '%Warner%')
    AND k.keyword IN ('murder', 'violence', 'blood', 'gore', 'death', 'female-nudity', 'hospital')
    AND t.production_year >2010
    AND an.person_id = n.id
    AND n.id = ci.person_id
    AND ci.movie_id = t.id
    AND t.id = mk.movie_id
    AND mk.keyword_id = k.id
    AND t.id = mc.movie_id
    AND mc.company_id = cn.id
    AND an.person_id = ci.person_id
    AND ci.movie_id = mc.movie_id
    AND ci.movie_id = mk.movie_id
    AND mc.movie_id = mk.movie_id;
INFO:root:69
INFO:root:
    SELECT MIN(an.name) AS cool_actor_pseudonym,
       MIN(t.title) AS series_named_after_char
    FROM aka_name AS an,
        cast_info AS ci,
        company_name AS cn,
        keyword AS k,
        movie_companies AS mc,
        movie_keyword AS mk,
        name AS n,
        title AS t
    WHERE cn.country_code ='[us]'
    AND k.keyword IN ('superhero', 'sequel', 'second-part', 'marvel-comics', 'based-on-comic', 'tv-special', 'fight', 'violence')
    AND t.title != '' AND (t.title LIKE '%Champion%' OR t.title LIKE '%Loser%')
    AND an.person_id = n.id
    AND n.id = ci.person_id
    AND ci.movie_id = t.id
    AND t.id = mk.movie_id
    AND mk.keyword_id = k.id
    AND t.id = mc.movie_id
    AND mc.company_id = cn.id
    AND an.person_id = ci.person_id
    AND ci.movie_id = mc.movie_id
    AND ci.movie_id = mk.movie_id
    AND mc.movie_id = mk.movie_id;
INFO:root:70
INFO:root:
    SELECT MIN(an.name) AS cool_actor_pseudonym,
       MIN(t.title) AS series_named_after_char
    FROM aka_name AS an,
        cast_info AS ci,
        company_name AS cn,
        keyword AS k,
        movie_companies AS mc,
        movie_keyword AS mk,
        name AS n,
        title AS t
    WHERE cn.country_code ='[us]'
    AND k.keyword LIKE '%sequel%'
    AND t.production_year > 2000
  AND (t.title LIKE '%Freddy%'
       OR t.title LIKE '%Jason%'
       OR t.title LIKE 'Saw%')
    AND an.person_id = n.id
    AND n.id = ci.person_id
    AND ci.movie_id = t.id
    AND t.id = mk.movie_id
    AND mk.keyword_id = k.id
    AND t.id = mc.movie_id
    AND mc.company_id = cn.id
    AND an.person_id = ci.person_id
    AND ci.movie_id = mc.movie_id
    AND ci.movie_id = mk.movie_id
    AND mc.movie_id = mk.movie_id;
INFO:root:71
INFO:root:
    SELECT MIN(an.name) AS cool_actor_pseudonym,
       MIN(t.title) AS series_named_after_char
    FROM aka_name AS an,
        cast_info AS ci,
        company_name AS cn,
        keyword AS k,
        movie_companies AS mc,
        movie_keyword AS mk,
        name AS n,
        title AS t
    WHERE cn.country_code !='[pl]'
  AND (cn.name LIKE '%Film%'
       OR cn.name LIKE '%Warner%')
    AND k.keyword LIKE '%sequel%'
    AND t.production_year > 2009
    AND an.person_id = n.id
    AND n.id = ci.person_id
    AND ci.movie_id = t.id
    AND t.id = mk.movie_id
    AND mk.keyword_id = k.id
    AND t.id = mc.movie_id
    AND mc.company_id = cn.id
    AND an.person_id = ci.person_id
    AND ci.movie_id = mc.movie_id
    AND ci.movie_id = mk.movie_id
    AND mc.movie_id = mk.movie_id;
INFO:root:72
INFO:root:
    SELECT MIN(an.name) AS cool_actor_pseudonym,
       MIN(t.title) AS series_named_after_char
    FROM aka_name AS an,
        cast_info AS ci,
        company_name AS cn,
        keyword AS k,
        movie_companies AS mc,
        movie_keyword AS mk,
        name AS n,
        title AS t
    WHERE cn.country_code ='[us]'
    AND k.keyword IN ('superhero', 'sequel', 'second-part', 'marvel-comics', 'based-on-comic', 'tv-special', 'fight', 'violence')
    AND t.production_year > 1950
    AND an.person_id = n.id
    AND n.id = ci.person_id
    AND ci.movie_id = t.id
    AND t.id = mk.movie_id
    AND mk.keyword_id = k.id
    AND t.id = mc.movie_id
    AND mc.company_id = cn.id
    AND an.person_id = ci.person_id
    AND ci.movie_id = mc.movie_id
    AND ci.movie_id = mk.movie_id
    AND mc.movie_id = mk.movie_id;
INFO:root:73
INFO:root:
    SELECT MIN(an.name) AS cool_actor_pseudonym,
       MIN(t.title) AS series_named_after_char
    FROM aka_name AS an,
        cast_info AS ci,
        company_name AS cn,
        keyword AS k,
        movie_companies AS mc,
        movie_keyword AS mk,
        name AS n,
        title AS t
    WHERE cn.country_code ='[jp]'
    AND k.keyword ='character-name-in-title'
    AND t.production_year > 2000
    AND an.person_id = n.id
    AND n.id = ci.person_id
    AND ci.movie_id = t.id
    AND t.id = mk.movie_id
    AND mk.keyword_id = k.id
    AND t.id = mc.movie_id
    AND mc.company_id = cn.id
    AND an.person_id = ci.person_id
    AND ci.movie_id = mc.movie_id
    AND ci.movie_id = mk.movie_id
    AND mc.movie_id = mk.movie_id;
INFO:root:74
INFO:root:
    SELECT MIN(an.name) AS cool_actor_pseudonym,
       MIN(t.title) AS series_named_after_char
    FROM aka_name AS an,
        cast_info AS ci,
        company_name AS cn,
        keyword AS k,
        movie_companies AS mc,
        movie_keyword AS mk,
        name AS n,
        title AS t
    WHERE cn.country_code ='[us]'
    AND k.keyword ='character-name-in-title'
    AND t.production_year BETWEEN 2005 AND 2015
    AND an.person_id = n.id
    AND n.id = ci.person_id
    AND ci.movie_id = t.id
    AND t.id = mk.movie_id
    AND mk.keyword_id = k.id
    AND t.id = mc.movie_id
    AND mc.company_id = cn.id
    AND an.person_id = ci.person_id
    AND ci.movie_id = mc.movie_id
    AND ci.movie_id = mk.movie_id
    AND mc.movie_id = mk.movie_id;
INFO:root:75
INFO:root:
    SELECT MIN(an.name) AS cool_actor_pseudonym,
       MIN(t.title) AS series_named_after_char
    FROM aka_name AS an,
        cast_info AS ci,
        company_name AS cn,
        keyword AS k,
        movie_companies AS mc,
        movie_keyword AS mk,
        name AS n,
        title AS t
    WHERE cn.country_code ='[jp]'
    AND k.keyword LIKE '%sequel%'
    AND t.production_year BETWEEN 1950 AND 2010
    AND an.person_id = n.id
    AND n.id = ci.person_id
    AND ci.movie_id = t.id
    AND t.id = mk.movie_id
    AND mk.keyword_id = k.id
    AND t.id = mc.movie_id
    AND mc.company_id = cn.id
    AND an.person_id = ci.person_id
    AND ci.movie_id = mc.movie_id
    AND ci.movie_id = mk.movie_id
    AND mc.movie_id = mk.movie_id;
INFO:root:76
INFO:root:
    SELECT MIN(an.name) AS cool_actor_pseudonym,
       MIN(t.title) AS series_named_after_char
    FROM aka_name AS an,
        cast_info AS ci,
        company_name AS cn,
        keyword AS k,
        movie_companies AS mc,
        movie_keyword AS mk,
        name AS n,
        title AS t
    WHERE cn.country_code ='[us]'
    AND k.keyword LIKE '%sequel%'
    AND t.production_year > 2000
    AND an.person_id = n.id
    AND n.id = ci.person_id
    AND ci.movie_id = t.id
    AND t.id = mk.movie_id
    AND mk.keyword_id = k.id
    AND t.id = mc.movie_id
    AND mc.company_id = cn.id
    AND an.person_id = ci.person_id
    AND ci.movie_id = mc.movie_id
    AND ci.movie_id = mk.movie_id
    AND mc.movie_id = mk.movie_id;
INFO:root:77
INFO:root:
    SELECT MIN(an.name) AS cool_actor_pseudonym,
       MIN(t.title) AS series_named_after_char
    FROM aka_name AS an,
        cast_info AS ci,
        company_name AS cn,
        keyword AS k,
        movie_companies AS mc,
        movie_keyword AS mk,
        name AS n,
        title AS t
    WHERE cn.country_code ='[us]'
    AND k.keyword ='character-name-in-title'
    AND t.production_year BETWEEN 2005 AND 2010
    AND an.person_id = n.id
    AND n.id = ci.person_id
    AND ci.movie_id = t.id
    AND t.id = mk.movie_id
    AND mk.keyword_id = k.id
    AND t.id = mc.movie_id
    AND mc.company_id = cn.id
    AND an.person_id = ci.person_id
    AND ci.movie_id = mc.movie_id
    AND ci.movie_id = mk.movie_id
    AND mc.movie_id = mk.movie_id;
INFO:root:78
INFO:root:
    SELECT MIN(an.name) AS cool_actor_pseudonym,
       MIN(t.title) AS series_named_after_char
    FROM aka_name AS an,
        cast_info AS ci,
        company_name AS cn,
        keyword AS k,
        movie_companies AS mc,
        movie_keyword AS mk,
        name AS n,
        title AS t
    WHERE cn.country_code !='[pl]'
  AND (cn.name LIKE '%Film%'
       OR cn.name LIKE '%Warner%')
    AND k.keyword ='character-name-in-title'
    AND t.production_year > 2000
    AND an.person_id = n.id
    AND n.id = ci.person_id
    AND ci.movie_id = t.id
    AND t.id = mk.movie_id
    AND mk.keyword_id = k.id
    AND t.id = mc.movie_id
    AND mc.company_id = cn.id
    AND an.person_id = ci.person_id
    AND ci.movie_id = mc.movie_id
    AND ci.movie_id = mk.movie_id
    AND mc.movie_id = mk.movie_id;
INFO:root:79
INFO:root:
    SELECT MIN(an.name) AS cool_actor_pseudonym,
       MIN(t.title) AS series_named_after_char
    FROM aka_name AS an,
        cast_info AS ci,
        company_name AS cn,
        keyword AS k,
        movie_companies AS mc,
        movie_keyword AS mk,
        name AS n,
        title AS t
    WHERE cn.country_code !='[pl]' AND (cn.name LIKE '%Film%' OR cn.name LIKE '%Warner%')
    AND k.keyword IN ('murder', 'murder-in-title', 'blood', 'violence')
    AND t.production_year > 2000
    AND an.person_id = n.id
    AND n.id = ci.person_id
    AND ci.movie_id = t.id
    AND t.id = mk.movie_id
    AND mk.keyword_id = k.id
    AND t.id = mc.movie_id
    AND mc.company_id = cn.id
    AND an.person_id = ci.person_id
    AND ci.movie_id = mc.movie_id
    AND ci.movie_id = mk.movie_id
    AND mc.movie_id = mk.movie_id;
INFO:root:80
INFO:root:
    SELECT MIN(an.name) AS cool_actor_pseudonym,
       MIN(t.title) AS series_named_after_char
    FROM aka_name AS an,
        cast_info AS ci,
        company_name AS cn,
        keyword AS k,
        movie_companies AS mc,
        movie_keyword AS mk,
        name AS n,
        title AS t
    WHERE cn.country_code ='[us]'
    AND k.keyword LIKE '%sequel%'
    AND t.production_year > 2014
    AND an.person_id = n.id
    AND n.id = ci.person_id
    AND ci.movie_id = t.id
    AND t.id = mk.movie_id
    AND mk.keyword_id = k.id
    AND t.id = mc.movie_id
    AND mc.company_id = cn.id
    AND an.person_id = ci.person_id
    AND ci.movie_id = mc.movie_id
    AND ci.movie_id = mk.movie_id
    AND mc.movie_id = mk.movie_id;
INFO:root:81
INFO:root:
    SELECT MIN(an.name) AS cool_actor_pseudonym,
       MIN(t.title) AS series_named_after_char
    FROM aka_name AS an,
        cast_info AS ci,
        company_name AS cn,
        keyword AS k,
        movie_companies AS mc,
        movie_keyword AS mk,
        name AS n,
        title AS t
    WHERE cn.country_code ='[us]'
    AND k.keyword IN ('superhero', 'sequel', 'second-part', 'marvel-comics', 'based-on-comic', 'tv-special', 'fight', 'violence')
    AND t.production_year BETWEEN 1980 AND 2010
    AND an.person_id = n.id
    AND n.id = ci.person_id
    AND ci.movie_id = t.id
    AND t.id = mk.movie_id
    AND mk.keyword_id = k.id
    AND t.id = mc.movie_id
    AND mc.company_id = cn.id
    AND an.person_id = ci.person_id
    AND ci.movie_id = mc.movie_id
    AND ci.movie_id = mk.movie_id
    AND mc.movie_id = mk.movie_id;
INFO:root:82
INFO:root:
    SELECT MIN(an.name) AS cool_actor_pseudonym,
       MIN(t.title) AS series_named_after_char
    FROM aka_name AS an,
        cast_info AS ci,
        company_name AS cn,
        keyword AS k,
        movie_companies AS mc,
        movie_keyword AS mk,
        name AS n,
        title AS t
    WHERE cn.country_code = '[us]' AND cn.name = 'YouTube'
    AND k.keyword ='character-name-in-title'
    AND t.production_year = 1998
    AND an.person_id = n.id
    AND n.id = ci.person_id
    AND ci.movie_id = t.id
    AND t.id = mk.movie_id
    AND mk.keyword_id = k.id
    AND t.id = mc.movie_id
    AND mc.company_id = cn.id
    AND an.person_id = ci.person_id
    AND ci.movie_id = mc.movie_id
    AND ci.movie_id = mk.movie_id
    AND mc.movie_id = mk.movie_id;
INFO:root:83
INFO:root:
    SELECT MIN(an.name) AS cool_actor_pseudonym,
       MIN(t.title) AS series_named_after_char
    FROM aka_name AS an,
        cast_info AS ci,
        company_name AS cn,
        keyword AS k,
        movie_companies AS mc,
        movie_keyword AS mk,
        name AS n,
        title AS t
    WHERE cn.country_code ='[us]'
    AND k.keyword LIKE '%sequel%'
    AND t.production_year > 2000
    AND an.person_id = n.id
    AND n.id = ci.person_id
    AND ci.movie_id = t.id
    AND t.id = mk.movie_id
    AND mk.keyword_id = k.id
    AND t.id = mc.movie_id
    AND mc.company_id = cn.id
    AND an.person_id = ci.person_id
    AND ci.movie_id = mc.movie_id
    AND ci.movie_id = mk.movie_id
    AND mc.movie_id = mk.movie_id;
INFO:root:84
INFO:root:
    SELECT MIN(an.name) AS cool_actor_pseudonym,
       MIN(t.title) AS series_named_after_char
    FROM aka_name AS an,
        cast_info AS ci,
        company_name AS cn,
        keyword AS k,
        movie_companies AS mc,
        movie_keyword AS mk,
        name AS n,
        title AS t
    WHERE cn.country_code ='[us]'
    AND k.keyword IN ('murder', 'murder-in-title')
    AND t.production_year > 2005
    AND an.person_id = n.id
    AND n.id = ci.person_id
    AND ci.movie_id = t.id
    AND t.id = mk.movie_id
    AND mk.keyword_id = k.id
    AND t.id = mc.movie_id
    AND mc.company_id = cn.id
    AND an.person_id = ci.person_id
    AND ci.movie_id = mc.movie_id
    AND ci.movie_id = mk.movie_id
    AND mc.movie_id = mk.movie_id;
INFO:root:85
INFO:root:
    SELECT MIN(an.name) AS cool_actor_pseudonym,
       MIN(t.title) AS series_named_after_char
    FROM aka_name AS an,
        cast_info AS ci,
        company_name AS cn,
        keyword AS k,
        movie_companies AS mc,
        movie_keyword AS mk,
        name AS n,
        title AS t
    WHERE cn.country_code ='[us]'
    AND k.keyword ='character-name-in-title'
    AND t.production_year > 2005
    AND an.person_id = n.id
    AND n.id = ci.person_id
    AND ci.movie_id = t.id
    AND t.id = mk.movie_id
    AND mk.keyword_id = k.id
    AND t.id = mc.movie_id
    AND mc.company_id = cn.id
    AND an.person_id = ci.person_id
    AND ci.movie_id = mc.movie_id
    AND ci.movie_id = mk.movie_id
    AND mc.movie_id = mk.movie_id;
INFO:root:86
INFO:root:
    SELECT MIN(an.name) AS cool_actor_pseudonym,
       MIN(t.title) AS series_named_after_char
    FROM aka_name AS an,
        cast_info AS ci,
        company_name AS cn,
        keyword AS k,
        movie_companies AS mc,
        movie_keyword AS mk,
        name AS n,
        title AS t
    WHERE cn.country_code ='[sm]'
    AND k.keyword IN ('murder', 'murder-in-title', 'blood', 'violence')
    AND t.production_year BETWEEN 2006 AND 2007 AND (t.title LIKE 'One Piece%' OR t.title LIKE 'Dragon Ball Z%')
    AND an.person_id = n.id
    AND n.id = ci.person_id
    AND ci.movie_id = t.id
    AND t.id = mk.movie_id
    AND mk.keyword_id = k.id
    AND t.id = mc.movie_id
    AND mc.company_id = cn.id
    AND an.person_id = ci.person_id
    AND ci.movie_id = mc.movie_id
    AND ci.movie_id = mk.movie_id
    AND mc.movie_id = mk.movie_id;
INFO:root:87
INFO:root:
    SELECT MIN(an.name) AS cool_actor_pseudonym,
       MIN(t.title) AS series_named_after_char
    FROM aka_name AS an,
        cast_info AS ci,
        company_name AS cn,
        keyword AS k,
        movie_companies AS mc,
        movie_keyword AS mk,
        name AS n,
        title AS t
    WHERE cn.country_code ='[us]'
    AND k.keyword ='character-name-in-title'
    AND t.production_year > 2005
    AND an.person_id = n.id
    AND n.id = ci.person_id
    AND ci.movie_id = t.id
    AND t.id = mk.movie_id
    AND mk.keyword_id = k.id
    AND t.id = mc.movie_id
    AND mc.company_id = cn.id
    AND an.person_id = ci.person_id
    AND ci.movie_id = mc.movie_id
    AND ci.movie_id = mk.movie_id
    AND mc.movie_id = mk.movie_id;
INFO:root:88
INFO:root:
    SELECT MIN(an.name) AS cool_actor_pseudonym,
       MIN(t.title) AS series_named_after_char
    FROM aka_name AS an,
        cast_info AS ci,
        company_name AS cn,
        keyword AS k,
        movie_companies AS mc,
        movie_keyword AS mk,
        name AS n,
        title AS t
    WHERE cn.country_code !='[pl]' AND (cn.name LIKE '%Film%' OR cn.name LIKE '%Warner%')
    AND k.keyword IN ('superhero', 'sequel', 'second-part', 'marvel-comics', 'based-on-comic', 'tv-special', 'fight', 'violence')
    AND t.production_year > 2000
    AND an.person_id = n.id
    AND n.id = ci.person_id
    AND ci.movie_id = t.id
    AND t.id = mk.movie_id
    AND mk.keyword_id = k.id
    AND t.id = mc.movie_id
    AND mc.company_id = cn.id
    AND an.person_id = ci.person_id
    AND ci.movie_id = mc.movie_id
    AND ci.movie_id = mk.movie_id
    AND mc.movie_id = mk.movie_id;
INFO:root:89
INFO:root:
    SELECT MIN(an.name) AS cool_actor_pseudonym,
       MIN(t.title) AS series_named_after_char
    FROM aka_name AS an,
        cast_info AS ci,
        company_name AS cn,
        keyword AS k,
        movie_companies AS mc,
        movie_keyword AS mk,
        name AS n,
        title AS t
    WHERE cn.country_code ='[us]'
    AND k.keyword IN ('murder', 'murder-in-title', 'blood', 'violence')
    AND t.production_year > 2010
  AND t.title LIKE 'Vampire%'
    AND an.person_id = n.id
    AND n.id = ci.person_id
    AND ci.movie_id = t.id
    AND t.id = mk.movie_id
    AND mk.keyword_id = k.id
    AND t.id = mc.movie_id
    AND mc.company_id = cn.id
    AND an.person_id = ci.person_id
    AND ci.movie_id = mc.movie_id
    AND ci.movie_id = mk.movie_id
    AND mc.movie_id = mk.movie_id;
INFO:root:90
INFO:root:
    SELECT MIN(an.name) AS cool_actor_pseudonym,
       MIN(t.title) AS series_named_after_char
    FROM aka_name AS an,
        cast_info AS ci,
        company_name AS cn,
        keyword AS k,
        movie_companies AS mc,
        movie_keyword AS mk,
        name AS n,
        title AS t
    WHERE cn.country_code ='[us]'
    AND k.keyword ='sequel'
    AND t.production_year > 2000
    AND an.person_id = n.id
    AND n.id = ci.person_id
    AND ci.movie_id = t.id
    AND t.id = mk.movie_id
    AND mk.keyword_id = k.id
    AND t.id = mc.movie_id
    AND mc.company_id = cn.id
    AND an.person_id = ci.person_id
    AND ci.movie_id = mc.movie_id
    AND ci.movie_id = mk.movie_id
    AND mc.movie_id = mk.movie_id;
INFO:root:91
INFO:root:
    SELECT MIN(an.name) AS cool_actor_pseudonym,
       MIN(t.title) AS series_named_after_char
    FROM aka_name AS an,
        cast_info AS ci,
        company_name AS cn,
        keyword AS k,
        movie_companies AS mc,
        movie_keyword AS mk,
        name AS n,
        title AS t
    WHERE cn.country_code ='[us]'
    AND k.keyword LIKE '%sequel%'
    AND t.production_year = 1998 AND t.title LIKE '%Money%'
    AND an.person_id = n.id
    AND n.id = ci.person_id
    AND ci.movie_id = t.id
    AND t.id = mk.movie_id
    AND mk.keyword_id = k.id
    AND t.id = mc.movie_id
    AND mc.company_id = cn.id
    AND an.person_id = ci.person_id
    AND ci.movie_id = mc.movie_id
    AND ci.movie_id = mk.movie_id
    AND mc.movie_id = mk.movie_id;
INFO:root:92
INFO:root:
    SELECT MIN(an.name) AS cool_actor_pseudonym,
       MIN(t.title) AS series_named_after_char
    FROM aka_name AS an,
        cast_info AS ci,
        company_name AS cn,
        keyword AS k,
        movie_companies AS mc,
        movie_keyword AS mk,
        name AS n,
        title AS t
    WHERE cn.country_code !='[pl]'
  AND (cn.name LIKE '%Film%'
       OR cn.name LIKE '%Warner%')
    AND k.keyword ='sequel'
    AND t.production_year >2010
    AND an.person_id = n.id
    AND n.id = ci.person_id
    AND ci.movie_id = t.id
    AND t.id = mk.movie_id
    AND mk.keyword_id = k.id
    AND t.id = mc.movie_id
    AND mc.company_id = cn.id
    AND an.person_id = ci.person_id
    AND ci.movie_id = mc.movie_id
    AND ci.movie_id = mk.movie_id
    AND mc.movie_id = mk.movie_id;
INFO:root:93
INFO:root:
    SELECT MIN(an.name) AS cool_actor_pseudonym,
       MIN(t.title) AS series_named_after_char
    FROM aka_name AS an,
        cast_info AS ci,
        company_name AS cn,
        keyword AS k,
        movie_companies AS mc,
        movie_keyword AS mk,
        name AS n,
        title AS t
    WHERE cn.country_code ='[us]'
    AND k.keyword ='character-name-in-title'
    AND t.episode_nr < 100
    AND an.person_id = n.id
    AND n.id = ci.person_id
    AND ci.movie_id = t.id
    AND t.id = mk.movie_id
    AND mk.keyword_id = k.id
    AND t.id = mc.movie_id
    AND mc.company_id = cn.id
    AND an.person_id = ci.person_id
    AND ci.movie_id = mc.movie_id
    AND ci.movie_id = mk.movie_id
    AND mc.movie_id = mk.movie_id;
INFO:root:94
INFO:root:
    SELECT MIN(an.name) AS cool_actor_pseudonym,
       MIN(t.title) AS series_named_after_char
    FROM aka_name AS an,
        cast_info AS ci,
        company_name AS cn,
        keyword AS k,
        movie_companies AS mc,
        movie_keyword AS mk,
        name AS n,
        title AS t
    WHERE cn.country_code ='[us]'
    AND k.keyword IN ('murder', 'murder-in-title')
    AND t.production_year > 1990
    AND an.person_id = n.id
    AND n.id = ci.person_id
    AND ci.movie_id = t.id
    AND t.id = mk.movie_id
    AND mk.keyword_id = k.id
    AND t.id = mc.movie_id
    AND mc.company_id = cn.id
    AND an.person_id = ci.person_id
    AND ci.movie_id = mc.movie_id
    AND ci.movie_id = mk.movie_id
    AND mc.movie_id = mk.movie_id;
INFO:root:95
INFO:root:
    SELECT MIN(an.name) AS cool_actor_pseudonym,
       MIN(t.title) AS series_named_after_char
    FROM aka_name AS an,
        cast_info AS ci,
        company_name AS cn,
        keyword AS k,
        movie_companies AS mc,
        movie_keyword AS mk,
        name AS n,
        title AS t
    WHERE cn.country_code = '[ru]'
    AND k.keyword IN ('superhero', 'marvel-comics', 'based-on-comic', 'tv-special', 'fight', 'violence', 'magnet', 'web', 'claw', 'laser')
    AND t.production_year = 1998
    AND an.person_id = n.id
    AND n.id = ci.person_id
    AND ci.movie_id = t.id
    AND t.id = mk.movie_id
    AND mk.keyword_id = k.id
    AND t.id = mc.movie_id
    AND mc.company_id = cn.id
    AND an.person_id = ci.person_id
    AND ci.movie_id = mc.movie_id
    AND ci.movie_id = mk.movie_id
    AND mc.movie_id = mk.movie_id;
INFO:root:96
INFO:root:
    SELECT MIN(an.name) AS cool_actor_pseudonym,
       MIN(t.title) AS series_named_after_char
    FROM aka_name AS an,
        cast_info AS ci,
        company_name AS cn,
        keyword AS k,
        movie_companies AS mc,
        movie_keyword AS mk,
        name AS n,
        title AS t
    WHERE cn.country_code !='[pl]'
  AND (cn.name LIKE '%Film%'
       OR cn.name LIKE '%Warner%')
    AND k.keyword ='character-name-in-title'
    AND t.production_year > 2005
    AND an.person_id = n.id
    AND n.id = ci.person_id
    AND ci.movie_id = t.id
    AND t.id = mk.movie_id
    AND mk.keyword_id = k.id
    AND t.id = mc.movie_id
    AND mc.company_id = cn.id
    AND an.person_id = ci.person_id
    AND ci.movie_id = mc.movie_id
    AND ci.movie_id = mk.movie_id
    AND mc.movie_id = mk.movie_id;
INFO:root:97
INFO:root:
    SELECT MIN(an.name) AS cool_actor_pseudonym,
       MIN(t.title) AS series_named_after_char
    FROM aka_name AS an,
        cast_info AS ci,
        company_name AS cn,
        keyword AS k,
        movie_companies AS mc,
        movie_keyword AS mk,
        name AS n,
        title AS t
    WHERE cn.country_code ='[us]'
    AND k.keyword IN ('murder', 'murder-in-title', 'blood', 'violence')
    AND t.episode_nr < 100
    AND an.person_id = n.id
    AND n.id = ci.person_id
    AND ci.movie_id = t.id
    AND t.id = mk.movie_id
    AND mk.keyword_id = k.id
    AND t.id = mc.movie_id
    AND mc.company_id = cn.id
    AND an.person_id = ci.person_id
    AND ci.movie_id = mc.movie_id
    AND ci.movie_id = mk.movie_id
    AND mc.movie_id = mk.movie_id;
INFO:root:98
INFO:root:
    SELECT MIN(an.name) AS cool_actor_pseudonym,
       MIN(t.title) AS series_named_after_char
    FROM aka_name AS an,
        cast_info AS ci,
        company_name AS cn,
        keyword AS k,
        movie_companies AS mc,
        movie_keyword AS mk,
        name AS n,
        title AS t
    WHERE cn.country_code = '[ru]'
    AND k.keyword IN ('murder', 'violence', 'blood', 'gore', 'death', 'female-nudity', 'hospital')
    AND t.title != '' AND (t.title LIKE '%Champion%' OR t.title LIKE '%Loser%')
    AND an.person_id = n.id
    AND n.id = ci.person_id
    AND ci.movie_id = t.id
    AND t.id = mk.movie_id
    AND mk.keyword_id = k.id
    AND t.id = mc.movie_id
    AND mc.company_id = cn.id
    AND an.person_id = ci.person_id
    AND ci.movie_id = mc.movie_id
    AND ci.movie_id = mk.movie_id
    AND mc.movie_id = mk.movie_id;
INFO:root:99
INFO:root:
    SELECT MIN(an.name) AS cool_actor_pseudonym,
       MIN(t.title) AS series_named_after_char
    FROM aka_name AS an,
        cast_info AS ci,
        company_name AS cn,
        keyword AS k,
        movie_companies AS mc,
        movie_keyword AS mk,
        name AS n,
        title AS t
    WHERE cn.country_code ='[us]'
    AND k.keyword IN ('nerd', 'loner', 'alienation', 'dignity')
    AND t.production_year > 2010 AND (t.title LIKE '%murder%' OR t.title LIKE '%Murder%' OR t.title LIKE '%Mord%')
    AND an.person_id = n.id
    AND n.id = ci.person_id
    AND ci.movie_id = t.id
    AND t.id = mk.movie_id
    AND mk.keyword_id = k.id
    AND t.id = mc.movie_id
    AND mc.company_id = cn.id
    AND an.person_id = ci.person_id
    AND ci.movie_id = mc.movie_id
    AND ci.movie_id = mk.movie_id
    AND mc.movie_id = mk.movie_id;
