INFO:root:
########## Robust Query Optimization ############ 

INFO:root:Sobol: Sample size N = 256, b = 0.5
INFO:root:Recentered plan cost = 28876.1, plan is: /*+
SeqScan(k)
IndexScan(mk)
SeqScan(cct1)
IndexScan(cc)
SeqScan(cct2)
IndexScan(t)
SeqScan(kt)
IndexScan(ci)
IndexScan(chn)
IndexOnlyScan(n)
NestLoop ( k mk )
NestLoop ( cct1 cc )
HashJoin ( cct1 cc cct2 )
HashJoin ( k mk cct1 cc cct2 )
NestLoop ( k mk cct1 cc cct2 t )
HashJoin ( k mk cct1 cc cct2 t kt )
NestLoop ( k mk cct1 cc cct2 t kt ci )
NestLoop ( k mk cct1 cc cct2 t kt ci chn )
NestLoop ( k mk cct1 cc cct2 t kt ci chn n )
Leading ( ( ( ( ( ( ( ( k mk ) ( ( cct1 cc ) cct2 ) ) t ) kt ) ci ) chn ) n ) ) */
INFO:root:Sobols samples size: 9216
INFO:root:[((19, 'mk_k_r.txt'), 0.05678729470147856), ((9, 't.txt'), 0.0324208722348583), ((5, 'k.txt'), 0.032281170407448045), ((14, 't_cc_l.txt'), 0.02390313799237819), ((11, 'cct_cc_2_l.txt'), 0.01982169911628325), ((10, 'cct_cc_1_l.txt'), 0.014690054847091604), ((13, 'mk_cc__cct.txt'), 0.010003160163110631), ((1, 'cct.txt'), 0.006461762415613916), ((20, 't_kt_both.txt'), -0.003059569203263962), ((12, 'ci_cc__cct.txt'), -0.002300619411307788), ((2, 'cct.txt'), -0.0005314725351911638), ((21, 't_mk_l.txt'), -8.126350933597252e-06), ((15, 'ci_chn_r.txt'), 5.3272235174014835e-06), ((18, 't_ci_l.txt'), -1.0888456994436767e-07), ((3, 'chn.txt'), 1.0670708218596849e-07), ((16, 'mk_ci__chn.txt'), 5.228227190091792e-08), ((17, 'n_ci__chn.txt'), 4.970742683323994e-08)]
INFO:root:Max absolute value 1: (0, 6) - Value: 0.06936556984603082
Max absolute value 2: (6, 9) - Value: 0.04826435991928268
Max absolute value 3: (3, 8) - Value: 0.03769983040031995
Max absolute value 4: (3, 15) - Value: 0.03550149835813754
Max absolute value 5: (0, 8) - Value: 0.03467274424524746

INFO:root:Sobols samples size: 4608
INFO:root:[((19, 'mk_k_r.txt'), 0.06596028027405025), ((9, 't.txt'), 0.043695742430311005), ((5, 'k.txt'), 0.03269920026830743), ((11, 'cct_cc_2_l.txt'), 0.02389073344157347), ((14, 't_cc_l.txt'), 0.014531404644943255), ((20, 't_kt_both.txt'), 0.009743847376818776), ((10, 'cct_cc_1_l.txt'), 0.009319761359596525), ((13, 'mk_cc__cct.txt'), 0.009121730548704302), ((1, 'cct.txt'), 0.007204778855119818), ((12, 'ci_cc__cct.txt'), -0.006928936874745151), ((2, 'cct.txt'), -0.0015068484283216313), ((15, 'ci_chn_r.txt'), 3.811843964609771e-06), ((3, 'chn.txt'), 1.4230452540857056e-06), ((21, 't_mk_l.txt'), -1.0947146523314608e-06), ((17, 'n_ci__chn.txt'), -1.815843545890946e-07), ((18, 't_ci_l.txt'), -1.4208358438085245e-07), ((16, 'mk_ci__chn.txt'), 6.710634251164172e-08)]
INFO:root:Max absolute value 1: (0, 6) - Value: 0.07854394909906492
Max absolute value 2: (6, 9) - Value: 0.041910753018125114
Max absolute value 3: (4, 7) - Value: -0.04100000425584258
Max absolute value 4: (0, 8) - Value: 0.04057531223349749
Max absolute value 5: (3, 5) - Value: 0.03764003153667582

INFO:root:Sobols samples size: 2304
INFO:root:[((19, 'mk_k_r.txt'), 0.08918789895559093), ((14, 't_cc_l.txt'), 0.06212291211251496), ((9, 't.txt'), 0.06153711711995202), ((10, 'cct_cc_1_l.txt'), 0.059738456863781556), ((5, 'k.txt'), 0.041177736533840874), ((13, 'mk_cc__cct.txt'), 0.03770308281397783), ((20, 't_kt_both.txt'), 0.03657244982974182), ((2, 'cct.txt'), 0.03117350572850901), ((11, 'cct_cc_2_l.txt'), 0.019902507371362482), ((1, 'cct.txt'), -0.007138924209306311), ((12, 'ci_cc__cct.txt'), -0.0020860392298818263), ((15, 'ci_chn_r.txt'), 6.63732474581165e-06), ((21, 't_mk_l.txt'), 4.8953148822245585e-06), ((18, 't_ci_l.txt'), -2.0669411509435103e-07), ((17, 'n_ci__chn.txt'), -1.8690897599999403e-07), ((16, 'mk_ci__chn.txt'), 1.7020758171535858e-07), ((3, 'chn.txt'), -1.3474687229594231e-11)]
INFO:root:Max absolute value 1: (0, 6) - Value: 0.20978997728008889
Max absolute value 2: (0, 8) - Value: 0.11156178010973722
Max absolute value 3: (14, 15) - Value: -0.10006814574965442
Max absolute value 4: (14, 16) - Value: -0.09663145351546014
Max absolute value 5: (0, 14) - Value: 0.07821086829699228

INFO:root:Sobols samples size: 1152
INFO:root:[((19, 'mk_k_r.txt'), 0.0855020998838412), ((14, 't_cc_l.txt'), 0.074565495878726), ((9, 't.txt'), 0.0662208222372133), ((10, 'cct_cc_1_l.txt'), 0.06604446761233156), ((5, 'k.txt'), 0.04532235468261531), ((20, 't_kt_both.txt'), 0.031544584020384465), ((2, 'cct.txt'), 0.02434896372123043), ((13, 'mk_cc__cct.txt'), 0.02189427366778054), ((1, 'cct.txt'), -0.012271892225878734), ((12, 'ci_cc__cct.txt'), 0.010533802755627182), ((11, 'cct_cc_2_l.txt'), 0.007098127935932265), ((21, 't_mk_l.txt'), 5.807031546162188e-06), ((15, 'ci_chn_r.txt'), 2.4146672917965633e-06), ((18, 't_ci_l.txt'), -3.7611415582498323e-07), ((17, 'n_ci__chn.txt'), -1.7231864327732666e-07), ((3, 'chn.txt'), 1.2309235688915193e-08), ((16, 'mk_ci__chn.txt'), -1.1066922782331299e-08)]
INFO:root:Max absolute value 1: (0, 6) - Value: 0.3267460651452371
Max absolute value 2: (0, 8) - Value: 0.17257685976921872
Max absolute value 3: (0, 14) - Value: 0.13129520242963427
Max absolute value 4: (14, 16) - Value: -0.10428734167118953
Max absolute value 5: (14, 15) - Value: -0.10424194268011575

INFO:root:Sobols samples size: 576
INFO:root:[((19, 'mk_k_r.txt'), 0.08047075411992387), ((20, 't_kt_both.txt'), 0.07501028977288994), ((9, 't.txt'), 0.06031457012949228), ((13, 'mk_cc__cct.txt'), 0.05366018393118136), ((11, 'cct_cc_2_l.txt'), 0.04316701728819025), ((14, 't_cc_l.txt'), 0.041864642315056565), ((2, 'cct.txt'), 0.04143491470205469), ((10, 'cct_cc_1_l.txt'), 0.040418558236166795), ((12, 'ci_cc__cct.txt'), 0.03920227225416963), ((5, 'k.txt'), 0.023402952623600346), ((1, 'cct.txt'), 0.007282882778581469), ((15, 'ci_chn_r.txt'), -9.901671507883187e-06), ((21, 't_mk_l.txt'), 3.969926180263011e-06), ((17, 'n_ci__chn.txt'), -1.063634902216571e-06), ((18, 't_ci_l.txt'), -4.100963181298367e-07), ((3, 'chn.txt'), -1.1508956935206107e-17), ((16, 'mk_ci__chn.txt'), 0.0)]
INFO:root:Max absolute value 1: (4, 14) - Value: -0.22622018426989643
Max absolute value 2: (4, 15) - Value: -0.2243885304589331
Max absolute value 3: (4, 9) - Value: -0.22427779351569044
Max absolute value 4: (4, 7) - Value: -0.22406391829238817
Max absolute value 5: (4, 5) - Value: -0.2238024887093512

INFO:root:Sobols samples size: 288
INFO:root:[((9, 't.txt'), 1.5648325771573404), ((1, 'cct.txt'), -0.5119560682570267), ((11, 'cct_cc_2_l.txt'), -0.43509718778651435), ((13, 'mk_cc__cct.txt'), -0.18769685427232113), ((19, 'mk_k_r.txt'), 0.16653135365137617), ((10, 'cct_cc_1_l.txt'), 0.12391245423288799), ((5, 'k.txt'), -0.12194045021207935), ((20, 't_kt_both.txt'), 0.08570623280936449), ((2, 'cct.txt'), -0.07537413391514532), ((12, 'ci_cc__cct.txt'), 0.014223182731662882), ((14, 't_cc_l.txt'), -0.00852221317419281), ((21, 't_mk_l.txt'), 3.519875927526524e-05), ((15, 'ci_chn_r.txt'), -7.619647038260795e-06), ((3, 'chn.txt'), -1.0881775259593376e-17), ((16, 'mk_ci__chn.txt'), 0.0), ((17, 'n_ci__chn.txt'), 0.0), ((18, 't_ci_l.txt'), 0.0)]
INFO:root:Max absolute value 1: (5, 6) - Value: 2.1521650759089046
Max absolute value 2: (14, 16) - Value: 1.4252059151665193
Max absolute value 3: (14, 15) - Value: -1.2634000231159583
Max absolute value 4: (4, 14) - Value: -1.175582144450964
Max absolute value 5: (4, 15) - Value: -1.1469737959103925

INFO:root:Sobols samples size: 144
INFO:root:[((9, 't.txt'), 2.3462921188072516), ((11, 'cct_cc_2_l.txt'), 0.1915067156630466), ((5, 'k.txt'), 0.09232335356495087), ((2, 'cct.txt'), 0.029862801011588353), ((19, 'mk_k_r.txt'), -0.007429013264873224), ((20, 't_kt_both.txt'), 0.0073169302172314855), ((14, 't_cc_l.txt'), -0.00184756023874601), ((1, 'cct.txt'), 0.0013824090670498312), ((13, 'mk_cc__cct.txt'), -0.0010780223312978226), ((10, 'cct_cc_1_l.txt'), -0.00024436642263428953), ((21, 't_mk_l.txt'), 4.318436522674104e-05), ((12, 'ci_cc__cct.txt'), -1.1775131899782997e-07), ((3, 'chn.txt'), 0.0), ((15, 'ci_chn_r.txt'), 0.0), ((16, 'mk_ci__chn.txt'), 0.0), ((17, 'n_ci__chn.txt'), 0.0), ((18, 't_ci_l.txt'), 0.0)]
INFO:root:Max absolute value 1: (4, 6) - Value: -2.001109505793815
Max absolute value 2: (4, 5) - Value: -1.837400249798614
Max absolute value 3: (4, 14) - Value: -1.8334775233415934
Max absolute value 4: (4, 15) - Value: -1.832102613893229
Max absolute value 5: (4, 11) - Value: -1.8321009677627842

INFO:root:Sobol's solving time: 830.2428531646729(s)
INFO:root:
########## Robust Query Optimization ############ 

INFO:root:Original optimal plan id is 3
INFO:root:Instance id = None, Error div = 2, bandwidth = 0.5, tolerance = 0.2, have 50 samples.
INFO:root:Cost of 19 plan: 	[(0, 21941.58), (1, 20718.95), (2, 20648.51), (3, 17849.9), (4, 17864.38), (5, 17849.9), (6, 49866.68), (7, 49866.68), (8, 49866.68), (9, 21000.47), (10, 20588.47), (11, 20410.35), (12, 20518.03), (13, 25038.11), (14, 25038.11), (15, 21658.67), (16, 21176.23), (17, 25249.17), (18, 17861.28)]
INFO:root:Sensitive predicates: [5, 9, 19]
INFO:root:The number of samples to calculate expected penalty = 50.
INFO:root:### Best plan by exp penalty: [11], overhead 86.32563066482544s
INFO:root:exp_penalty_w_tol: 	[(0, 20690), (1, 68197), (2, 15436), (3, 81177), (4, 118664), (5, 81189), (6, 15613), (7, 15613), (8, 15613), (9, 11149), (10, 63496), (11, 10817), (12, 11846), (13, 32253), (14, 32253), (15, 23776), (16, 23545), (17, 32624), (18, 77514)]
INFO:root:### Best plan by std penalty: [6, 7], overhead 86.32563066482544s
INFO:root:std_penalty: 	[(0, 54584.63272936772), (1, 145234.28789050304), (2, 49821.86779074181), (3, 136799.83287132878), (4, 215836.21245113286), (5, 136825.23651314582), (6, 13752.022035065098), (7, 13752.022035065098), (8, 13752.093260212634), (9, 44180.37327518313), (10, 140392.1607961063), (11, 43655.27387287884), (12, 44768.394272134894), (13, 22517.76367885611), (14, 22517.633058087704), (15, 30867.172854933167), (16, 30822.837527713047), (17, 22362.30294188684), (18, 125905.93515793537)]
INFO:root:### Best plan by prob of penalized: [11], overhead 86.32563066482544s
INFO:root:std_penalty: 	[(0, 0.68), (1, 0.96), (2, 0.38), (3, 0.84), (4, 0.84), (5, 0.84), (6, 0.62), (7, 0.62), (8, 0.62), (9, 0.24), (10, 0.86), (11, 0.22), (12, 0.28), (13, 0.82), (14, 0.82), (15, 0.8), (16, 0.8), (17, 0.84), (18, 0.84)]
