INFO:root:
########## Robust Query Optimization ############ 

INFO:root:Sobol: Sample size N = 256, b = 0.5
INFO:root:Recentered plan cost = 101376.61, plan is: /*+
SeqScan(k)
IndexScan(mk)
IndexScan(t)
IndexScan(mi)
NestLoop ( k mk )
NestLoop ( k mk t )
NestLoop ( k mk t mi )
Leading ( ( ( ( k mk ) t ) mi ) ) */
INFO:root:Sobols samples size: 4096
INFO:root:[((7, 't_mk_l.txt'), 0.9069610799473219), ((0, 'k.txt'), 0.11533258945512671), ((4, 'mk_k_r.txt'), 0.06906519958950791), ((3, 't.txt'), -0.0074781685045136334), ((1, 'mi.txt'), 0.00010843197908665769), ((5, 'mk_mi_r.txt'), 7.496453589468324e-05), ((6, 't_mi_both.txt'), 1.2317603667461807e-05)]
INFO:root:Max absolute value 1: (3, 6) - Value: 1.6232287464111144
Max absolute value 2: (0, 6) - Value: 0.9530121712967093
Max absolute value 3: (2, 6) - Value: -0.19208475301763417
Max absolute value 4: (0, 3) - Value: -0.17012333287449238
Max absolute value 5: (0, 1) - Value: -0.13236783495978513

INFO:root:Sobols samples size: 2048
INFO:root:[((7, 't_mk_l.txt'), 0.2570856289250583), ((4, 'mk_k_r.txt'), 0.07537205205177176), ((0, 'k.txt'), 0.06217650159895712), ((3, 't.txt'), 0.0180449383704539), ((1, 'mi.txt'), 0.0001517671033481944), ((6, 't_mi_both.txt'), 2.1239608499893917e-06), ((5, 'mk_mi_r.txt'), -1.0505053838708925e-06)]
INFO:root:Max absolute value 1: (3, 6) - Value: 0.8091073795374939
Max absolute value 2: (0, 6) - Value: -0.22113317408709726
Max absolute value 3: (0, 3) - Value: -0.10217170654343409
Max absolute value 4: (0, 2) - Value: -0.07398132409467578
Max absolute value 5: (0, 1) - Value: -0.0696151022833781

INFO:root:Sobols samples size: 1024
INFO:root:[((7, 't_mk_l.txt'), 0.839246389899672), ((0, 'k.txt'), 0.3841700582995774), ((4, 'mk_k_r.txt'), 0.22405926468384618), ((3, 't.txt'), 0.04277139692021142), ((1, 'mi.txt'), 0.0007253509093669717), ((5, 'mk_mi_r.txt'), 0.00015984045105003623), ((6, 't_mi_both.txt'), 5.486029264673234e-06)]
INFO:root:Max absolute value 1: (3, 6) - Value: 3.541661415356356
Max absolute value 2: (0, 6) - Value: -1.0603140581431494
Max absolute value 3: (0, 3) - Value: -0.5856181956557587
Max absolute value 4: (0, 2) - Value: -0.4331719939814763
Max absolute value 5: (0, 1) - Value: -0.4164516900771774

INFO:root:Sobols samples size: 512
INFO:root:[((7, 't_mk_l.txt'), 1.0093913677540163), ((0, 'k.txt'), 0.2033962324783905), ((3, 't.txt'), 0.10603682509225458), ((4, 'mk_k_r.txt'), 0.022155689944612283), ((1, 'mi.txt'), 0.0009710140092365995), ((6, 't_mi_both.txt'), 7.978348630480501e-05), ((5, 'mk_mi_r.txt'), 3.8320104133028385e-05)]
INFO:root:Max absolute value 1: (3, 6) - Value: 4.4851240491942646
Max absolute value 2: (0, 6) - Value: -0.9875116270998535
Max absolute value 3: (0, 2) - Value: -0.20835096804418082
Max absolute value 4: (3, 5) - Value: -0.16943109545090174
Max absolute value 5: (3, 4) - Value: -0.16908410575633234

INFO:root:Sobols samples size: 256
INFO:root:[((7, 't_mk_l.txt'), 0.8332004190244808), ((3, 't.txt'), 0.20105583987637782), ((0, 'k.txt'), 0.14431691909443484), ((4, 'mk_k_r.txt'), 0.05075719360651371), ((1, 'mi.txt'), 0.005291558744718835), ((5, 'mk_mi_r.txt'), 0.001437161538236487), ((6, 't_mi_both.txt'), 0.0006094784245598924)]
INFO:root:Max absolute value 1: (3, 6) - Value: 7.785167418552225
Max absolute value 2: (0, 6) - Value: -1.133974970721912
Max absolute value 3: (3, 4) - Value: -0.35671001124175894
Max absolute value 4: (3, 5) - Value: -0.35640707314668224
Max absolute value 5: (2, 3) - Value: -0.19993200447966433

INFO:root:Sobols samples size: 128
INFO:root:[((7, 't_mk_l.txt'), 1.9525727094942078), ((0, 'k.txt'), -0.28902284456020594), ((1, 'mi.txt'), -0.1596006071763629), ((5, 'mk_mi_r.txt'), -0.14402675471221932), ((6, 't_mi_both.txt'), -0.1021078071775981), ((4, 'mk_k_r.txt'), -0.05580097631892081), ((3, 't.txt'), 0.03419869911689286)]
INFO:root:Max absolute value 1: (0, 6) - Value: 5.022474361438917
Max absolute value 2: (0, 3) - Value: 1.5290534691284712
Max absolute value 3: (0, 2) - Value: 1.283483795850413
Max absolute value 4: (0, 5) - Value: 1.186590318997509
Max absolute value 5: (0, 4) - Value: 1.0862402665380502

INFO:root:Sobol's solving time: 185.50422048568726(s)
INFO:root:
########## Robust Query Optimization ############ 

INFO:root:Original optimal plan id is 1
INFO:root:Instance id = None, Error div = 2, bandwidth = 0.5, tolerance = 0.2, have 50 samples.
INFO:root:Cost of 12 plan: 	[(0, 18465.65), (1, 18134.75), (2, 293587.95), (3, 240168.46), (4, 269487.31), (5, 294940.03), (6, 48507.14), (7, 48401.19), (8, 95418.38), (9, 99084.46), (10, 66735.3), (11, 86707.95)]
INFO:root:Sensitive predicates: [0, 7]
INFO:root:The number of samples to calculate expected penalty = 50.
INFO:root:### Best plan by exp penalty: [6], overhead 27.407573699951172s
INFO:root:exp_penalty_w_tol: 	[(0, 71096), (1, 278491), (2, 205759), (3, 150209), (4, 174795), (5, 215838), (6, 8820), (7, 77179), (8, 99278), (9, 107602), (10, 64979), (11, 84027)]
INFO:root:### Best plan by std penalty: [6], overhead 27.407573699951172s
INFO:root:std_penalty: 	[(0, 117064.68958360267), (1, 945111.440543602), (2, 49735.297340388184), (3, 45534.302754689976), (4, 57199.14661874442), (5, 62293.363012305694), (6, 12302.679652935494), (7, 271959.71400395856), (8, 271745.92724196997), (9, 294444.3299135171), (10, 208075.87447597418), (11, 210171.33150987705)]
INFO:root:### Best plan by prob of penalized: [1, 7], overhead 27.407573699951172s
INFO:root:std_penalty: 	[(0, 0.78), (1, 0.28), (2, 0.98), (3, 0.96), (4, 0.94), (5, 0.96), (6, 0.38), (7, 0.28), (8, 0.62), (9, 0.64), (10, 0.42), (11, 0.72)]
