INFO:root:
########## Robust Query Optimization ############ 

INFO:root:Sobol: Sample size N = 256, b = 0.5
INFO:root:Recentered plan cost = 60012.0, plan is: /*+
SeqScan(k)
IndexScan(mk)
IndexScan(t)
IndexScan(mc)
SeqScan(cn)
NestLoop ( k mk )
NestLoop ( k mk t )
NestLoop ( k mk t mc )
HashJoin ( k mk t mc cn )
Leading ( ( ( ( ( k mk ) t ) mc ) cn ) ) */
INFO:root:Sobols samples size: 4096
INFO:root:[((1, 'k.txt'), 0.3779708765735158), ((6, 'mk_k_r.txt'), 0.2556949502255968), ((9, 't_mk__k.txt'), 0.06645100111936872), ((7, 'mk_mc__q2.txt'), -0.005041627168364881), ((5, 'mc_cn_r.txt'), 0.004619217181445233), ((8, 't_mc__cn.txt'), 0.000954926393904322), ((0, 'cn.txt'), -0.00016625099985367132)]
INFO:root:Max absolute value 1: (1, 6) - Value: -0.28910216452325777
Max absolute value 2: (1, 4) - Value: -0.2685359585955118
Max absolute value 3: (1, 5) - Value: -0.2605816860034146
Max absolute value 4: (1, 2) - Value: -0.2605190611248906
Max absolute value 5: (1, 3) - Value: 0.20979440271330257

INFO:root:Sobols samples size: 2048
INFO:root:[((1, 'k.txt'), 0.48851644843122916), ((6, 'mk_k_r.txt'), 0.18699108363773928), ((9, 't_mk__k.txt'), 0.0902230717297802), ((0, 'cn.txt'), 0.012817719622755117), ((5, 'mc_cn_r.txt'), 0.0076771801765565745), ((7, 'mk_mc__q2.txt'), -0.007049651472352408), ((8, 't_mc__cn.txt'), 0.00027445618836882695)]
INFO:root:Max absolute value 1: (1, 6) - Value: -0.5295856375836715
Max absolute value 2: (1, 5) - Value: -0.49579802711525534
Max absolute value 3: (1, 4) - Value: -0.4952526941097966
Max absolute value 4: (1, 2) - Value: -0.4871327870300188
Max absolute value 5: (3, 4) - Value: 0.17139621060103882

INFO:root:Sobols samples size: 1024
INFO:root:[((1, 'k.txt'), 1.0307300758258762), ((6, 'mk_k_r.txt'), 0.31805980365915293), ((0, 'cn.txt'), 0.05914146121986803), ((9, 't_mk__k.txt'), 0.04269206076371868), ((5, 'mc_cn_r.txt'), -0.022425698082761878), ((8, 't_mc__cn.txt'), 0.011610062765271023), ((7, 'mk_mc__q2.txt'), 0.005001717778180144)]
INFO:root:Max absolute value 1: (1, 4) - Value: -1.1050461294827478
Max absolute value 2: (1, 5) - Value: -1.1040594512779454
Max absolute value 3: (1, 2) - Value: -1.0849026990590773
Max absolute value 4: (1, 6) - Value: -1.0717899885092412
Max absolute value 5: (3, 6) - Value: 0.3085477662207922

INFO:root:Sobols samples size: 512
INFO:root:[((6, 'mk_k_r.txt'), 0.9095294817712962), ((1, 'k.txt'), 0.15666556401272266), ((8, 't_mc__cn.txt'), 0.007878087474728636), ((5, 'mc_cn_r.txt'), -0.005003346367797144), ((7, 'mk_mc__q2.txt'), 0.004736714282350937), ((9, 't_mk__k.txt'), -0.0018086915550364407), ((0, 'cn.txt'), 0.0013191151780046657)]
INFO:root:Max absolute value 1: (1, 3) - Value: 1.4185240729743795
Max absolute value 2: (3, 6) - Value: -0.6521074702186004
Max absolute value 3: (3, 5) - Value: -0.48653007591357045
Max absolute value 4: (3, 4) - Value: -0.4670741504419305
Max absolute value 5: (1, 4) - Value: -0.35832106595457397

INFO:root:Sobols samples size: 256
INFO:root:[((6, 'mk_k_r.txt'), 0.44478895696462545), ((1, 'k.txt'), 0.09479378910210509), ((5, 'mc_cn_r.txt'), -0.025618427462586343), ((9, 't_mk__k.txt'), 0.023906071770724707), ((0, 'cn.txt'), 0.02137342886110819), ((7, 'mk_mc__q2.txt'), 0.0050736343872214065), ((8, 't_mc__cn.txt'), 0.0018363311903476763)]
INFO:root:Max absolute value 1: (1, 3) - Value: 0.3396471543489202
Max absolute value 2: (3, 6) - Value: -0.20400869721901002
Max absolute value 3: (3, 4) - Value: 0.17018531516458552
Max absolute value 4: (3, 5) - Value: 0.14645060219035358
Max absolute value 5: (0, 1) - Value: 0.1201947956441102

INFO:root:Sobols samples size: 128
INFO:root:[((1, 'k.txt'), 0.5640137328878727), ((6, 'mk_k_r.txt'), 0.5159149947380501), ((9, 't_mk__k.txt'), 0.060196031593725476), ((5, 'mc_cn_r.txt'), -0.03774497461025916), ((8, 't_mc__cn.txt'), -0.01588937957813296), ((0, 'cn.txt'), 0.010862080590421727), ((7, 'mk_mc__q2.txt'), 0.004655324599449794)]
INFO:root:Max absolute value 1: (1, 3) - Value: 1.5923359702965882
Max absolute value 2: (3, 5) - Value: -0.4814336103158556
Max absolute value 3: (1, 6) - Value: -0.4745738750206517
Max absolute value 4: (3, 4) - Value: -0.47303617066650416
Max absolute value 5: (1, 4) - Value: -0.4419844253450606

INFO:root:Sobol's solving time: 192.12012195587158(s)
INFO:root:
########## Robust Query Optimization ############ 

INFO:root:Original optimal plan id is 3
INFO:root:Instance id = None, Error div = 2, bandwidth = 0.5, tolerance = 0.2, have 50 samples.
INFO:root:Cost of 6 plan: 	[(0, 730261.66), (1, 2060592.05), (2, 886701.91), (3, 14055.89), (4, 21182.74), (5, 14056.89)]
INFO:root:Sensitive predicates: [1, 6, 9]
INFO:root:The number of samples to calculate expected penalty = 50.
INFO:root:### Best plan by exp penalty: [4], overhead 14.319671630859375s
INFO:root:exp_penalty_w_tol: 	[(0, 837218), (1, 2965986), (2, 972562), (3, 331366), (4, 81815), (5, 312223)]
INFO:root:### Best plan by std penalty: [2], overhead 14.319671630859375s
INFO:root:std_penalty: 	[(0, 47072.696280212425), (1, 33868.334756893186), (2, 33867.037187573216), (3, 604895.0254486306), (4, 180977.812580228), (5, 643331.0396187714)]
INFO:root:### Best plan by prob of penalized: [4], overhead 14.319671630859375s
INFO:root:std_penalty: 	[(0, 1.0), (1, 1.0), (2, 1.0), (3, 0.86), (4, 0.74), (5, 0.86)]
