INFO:root:
########## Robust Query Optimization ############ 

INFO:root:Sobol: Sample size N = 256, b = 0.5
INFO:root:Recentered plan cost = 79591.82, plan is: /*+
SeqScan(n)
IndexScan(ci)
IndexScan(mk)
IndexScan(k)
IndexOnlyScan(t)
IndexScan(mc)
IndexScan(cn)
NestLoop ( n ci )
NestLoop ( n ci mk )
NestLoop ( n ci mk k )
NestLoop ( n ci mk k t )
NestLoop ( n ci mk k t mc )
NestLoop ( n ci mk k t mc cn )
Leading ( ( ( ( ( ( ( n ci ) mk ) k ) t ) mc ) cn ) ) */
INFO:root:Sobols samples size: 6656
INFO:root:[((5, 'n.txt'), 0.2476912416139834), ((12, 'mk_k_r.txt'), 0.019036989193645822), ((2, 'k.txt'), 0.012362354244258541), ((9, 'n_ci_l.txt'), 0.0035405233331152644), ((13, 'mk_mc__q2.txt'), -0.0033449215747686474), ((14, 't_mc__cn.txt'), -0.002861106619531938), ((11, 'mc_cn_r.txt'), -0.0021081743492823144), ((10, 't_ci__n.txt'), 0.001619977273951468), ((15, 't_mk__k.txt'), 0.0012182720331947847), ((8, 'mk_ci__q17.txt'), -0.0009715913307094296), ((7, 'ci_mc__q17.txt'), 0.0002468536567495105), ((1, 'cn.txt'), 0.00019027104480839164)]
INFO:root:Max absolute value 1: (2, 4) - Value: 0.5136183204778634
Max absolute value 2: (2, 8) - Value: 0.4622483075354451
Max absolute value 3: (2, 5) - Value: 0.42749680733556494
Max absolute value 4: (2, 6) - Value: 0.4152242639484104
Max absolute value 5: (2, 10) - Value: 0.4133783667921685

INFO:root:Sobols samples size: 3328
INFO:root:[((5, 'n.txt'), 0.22589781032017975), ((12, 'mk_k_r.txt'), 0.12904397237979823), ((2, 'k.txt'), 0.028549689363418895), ((9, 'n_ci_l.txt'), -0.022542591660393237), ((8, 'mk_ci__q17.txt'), -0.008608504176881327), ((11, 'mc_cn_r.txt'), 0.005775099659184431), ((1, 'cn.txt'), -0.005483807478786512), ((13, 'mk_mc__q2.txt'), -0.00502893650589494), ((10, 't_ci__n.txt'), 0.00390534936654423), ((14, 't_mc__cn.txt'), -0.0036787411391545973), ((15, 't_mk__k.txt'), 0.0019179321828722584), ((7, 'ci_mc__q17.txt'), 4.311050061184547e-05)]
INFO:root:Max absolute value 1: (2, 8) - Value: 0.7398587161530906
Max absolute value 2: (2, 5) - Value: 0.7025893253573016
Max absolute value 3: (2, 10) - Value: 0.6512348640342149
Max absolute value 4: (2, 6) - Value: 0.6424913107177275
Max absolute value 5: (2, 3) - Value: 0.6129350822477344

INFO:root:Sobols samples size: 1664
INFO:root:[((5, 'n.txt'), 0.27695697647001777), ((12, 'mk_k_r.txt'), 0.08623113914492812), ((2, 'k.txt'), 0.041720134472597335), ((9, 'n_ci_l.txt'), -0.02634154680388086), ((8, 'mk_ci__q17.txt'), -0.023753096006797796), ((13, 'mk_mc__q2.txt'), -0.009416950705398702), ((1, 'cn.txt'), -0.009386411978144932), ((10, 't_ci__n.txt'), 0.005776326001974867), ((14, 't_mc__cn.txt'), -0.0038724595314142776), ((11, 'mc_cn_r.txt'), -0.001535205824850938), ((15, 't_mk__k.txt'), -0.0015132812997200153), ((7, 'ci_mc__q17.txt'), -0.0009639032010612835)]
INFO:root:Max absolute value 1: (2, 4) - Value: 0.4098018526038173
Max absolute value 2: (2, 9) - Value: 0.38896720479015695
Max absolute value 3: (2, 6) - Value: 0.37953645168821654
Max absolute value 4: (2, 3) - Value: 0.37773435124044996
Max absolute value 5: (2, 11) - Value: 0.37645193803935173

INFO:root:Sobols samples size: 832
INFO:root:[((5, 'n.txt'), 0.19754523494761644), ((12, 'mk_k_r.txt'), 0.052703180575872796), ((9, 'n_ci_l.txt'), -0.0346974369859235), ((8, 'mk_ci__q17.txt'), -0.011609480468341527), ((13, 'mk_mc__q2.txt'), -0.011233496373505089), ((1, 'cn.txt'), -0.00805860302309428), ((2, 'k.txt'), -0.006638936167112349), ((11, 'mc_cn_r.txt'), -0.006392508908197223), ((10, 't_ci__n.txt'), 0.005805809830238545), ((15, 't_mk__k.txt'), -0.0021769417819955147), ((7, 'ci_mc__q17.txt'), -0.0010645415173114764), ((14, 't_mc__cn.txt'), 0.0007029423213506416)]
INFO:root:Max absolute value 1: (2, 4) - Value: 0.5898182186569869
Max absolute value 2: (2, 9) - Value: 0.5756325744055886
Max absolute value 3: (2, 8) - Value: 0.5631384613821021
Max absolute value 4: (2, 3) - Value: 0.5595931428880371
Max absolute value 5: (2, 6) - Value: 0.5533670738935437

INFO:root:Sobols samples size: 416
INFO:root:[((5, 'n.txt'), 0.6258469065524804), ((12, 'mk_k_r.txt'), 0.07322055465352259), ((9, 'n_ci_l.txt'), 0.04202200327628942), ((1, 'cn.txt'), -0.023878960855973422), ((13, 'mk_mc__q2.txt'), -0.018404440268224798), ((2, 'k.txt'), -0.01464882233172585), ((8, 'mk_ci__q17.txt'), 0.0066612633254335635), ((7, 'ci_mc__q17.txt'), -0.005436318610859944), ((11, 'mc_cn_r.txt'), 0.004205189328627971), ((10, 't_ci__n.txt'), 0.00352076824955094), ((15, 't_mk__k.txt'), -0.003110466113775641), ((14, 't_mc__cn.txt'), 0.0017272830185270504)]
INFO:root:Max absolute value 1: (2, 8) - Value: -0.20209159709990368
Max absolute value 2: (2, 7) - Value: -0.15622343652505208
Max absolute value 3: (2, 5) - Value: -0.1535603813241742
Max absolute value 4: (2, 6) - Value: -0.12443978274639467
Max absolute value 5: (2, 10) - Value: -0.11807472130188275

INFO:root:Sobols samples size: 208
INFO:root:[((5, 'n.txt'), 0.709455514196432), ((12, 'mk_k_r.txt'), 0.10816470724041234), ((1, 'cn.txt'), -0.034652410334158106), ((8, 'mk_ci__q17.txt'), -0.032610192610640285), ((13, 'mk_mc__q2.txt'), -0.02776915819761134), ((9, 'n_ci_l.txt'), 0.026248513575985174), ((7, 'ci_mc__q17.txt'), -0.007311275125933776), ((2, 'k.txt'), -0.006635151301360395), ((11, 'mc_cn_r.txt'), 0.0053842704920383936), ((10, 't_ci__n.txt'), 0.005379947082381899), ((14, 't_mc__cn.txt'), 0.0026290881107818207), ((15, 't_mk__k.txt'), 0.0005283439774079738)]
INFO:root:Max absolute value 1: (2, 8) - Value: -0.4048070598539229
Max absolute value 2: (2, 5) - Value: -0.3147696142718555
Max absolute value 3: (2, 7) - Value: -0.2906613133895765
Max absolute value 4: (2, 6) - Value: -0.289471555995619
Max absolute value 5: (2, 10) - Value: -0.28241012282129563

INFO:root:Sobols samples size: 104
INFO:root:[((12, 'mk_k_r.txt'), 0.5473472222805034), ((5, 'n.txt'), 0.5089165525600456), ((1, 'cn.txt'), -0.19724205234598913), ((8, 'mk_ci__q17.txt'), -0.16596680883013717), ((13, 'mk_mc__q2.txt'), -0.15807708790358818), ((7, 'ci_mc__q17.txt'), -0.04444950022993685), ((10, 't_ci__n.txt'), 0.040171120244685846), ((11, 'mc_cn_r.txt'), 0.030658569055592392), ((2, 'k.txt'), -0.026349798679265502), ((9, 'n_ci_l.txt'), 0.023106068656505503), ((14, 't_mc__cn.txt'), 0.014967706566936525), ((15, 't_mk__k.txt'), 0.003009078260167826)]
INFO:root:Max absolute value 1: (2, 4) - Value: 1.7534897627230046
Max absolute value 2: (2, 9) - Value: 1.4496600486317224
Max absolute value 3: (2, 3) - Value: 1.0615240255785334
Max absolute value 4: (2, 11) - Value: 0.8177877639112013
Max absolute value 5: (2, 10) - Value: 0.7704562089243684

INFO:root:Sobol's solving time: 376.5181477069855(s)
INFO:root:
########## Robust Query Optimization ############ 

INFO:root:Original optimal plan id is 3
INFO:root:Instance id = None, Error div = 2, bandwidth = 0.5, tolerance = 0.2, have 50 samples.
INFO:root:Cost of 10 plan: 	[(0, 111604.53), (1, 181407.49), (2, 186802.38), (3, 90726.91), (4, 97770.53), (5, 98455.98), (6, 95839.21), (7, 95745.09), (8, 95745.09), (9, 98008.12)]
INFO:root:Sensitive predicates: [5, 12]
INFO:root:The number of samples to calculate expected penalty = 50.
INFO:root:### Best plan by exp penalty: [9], overhead 28.78310203552246s
INFO:root:exp_penalty_w_tol: 	[(0, 477526), (1, 131602), (2, 137178), (3, 201793), (4, 207017), (5, 25467), (6, 25215), (7, 24702), (8, 24717), (9, 19489)]
INFO:root:### Best plan by std penalty: [9], overhead 28.78310203552246s
INFO:root:std_penalty: 	[(0, 512028.36905562476), (1, 79401.42087438211), (2, 79191.65696152403), (3, 239466.94926547483), (4, 240784.64305787918), (5, 65251.88631939801), (6, 64741.65492399162), (7, 63462.13248597455), (8, 63488.00134072042), (9, 52392.98100885992)]
INFO:root:### Best plan by prob of penalized: [9], overhead 28.78310203552246s
INFO:root:std_penalty: 	[(0, 1.0), (1, 0.9), (2, 0.92), (3, 0.76), (4, 0.76), (5, 0.16), (6, 0.16), (7, 0.16), (8, 0.16), (9, 0.14)]
