INFO:root:
########## Robust Query Optimization ############ 

INFO:root:Sobol: Sample size N = 256, b = 0.5
INFO:root:Recentered plan cost = 41171.37, plan is: /*+
SeqScan(k)
IndexScan(mk)
IndexScan(mc)
SeqScan(cn)
IndexScan(t)
NestLoop ( k mk )
NestLoop ( k mk mc )
HashJoin ( k mk mc cn )
NestLoop ( k mk mc cn t )
Leading ( ( ( ( ( k mk ) mc ) cn ) t ) ) */
INFO:root:Sobols samples size: 4096
INFO:root:[((6, 'mk_k_r.txt'), 0.08388128949898177), ((5, 'mc_cn_r.txt'), 0.08221999168455171), ((1, 'k.txt'), 0.05560266311377373), ((7, 'mk_mc__q2.txt'), 0.024683475967034924), ((0, 'cn.txt'), 0.011071031431997544), ((8, 't_mc__cn.txt'), -0.0004039711678833286), ((9, 't_mk__k.txt'), -1.0349830853839397e-05)]
INFO:root:Max absolute value 1: (1, 3) - Value: 0.13306862161750846
Max absolute value 2: (2, 3) - Value: -0.0848864129175475
Max absolute value 3: (1, 2) - Value: 0.07986073908332994
Max absolute value 4: (2, 6) - Value: -0.07622946615197362
Max absolute value 5: (2, 5) - Value: -0.07617223229721252

INFO:root:Sobols samples size: 2048
INFO:root:[((5, 'mc_cn_r.txt'), 0.6377724260483828), ((1, 'k.txt'), 0.5232757721653686), ((6, 'mk_k_r.txt'), 0.2859857014602648), ((0, 'cn.txt'), 0.013838677203260081), ((7, 'mk_mc__q2.txt'), 0.006529791727873624), ((9, 't_mk__k.txt'), 0.0006599006048168758), ((8, 't_mc__cn.txt'), -2.6347332561539485e-05)]
INFO:root:Max absolute value 1: (2, 3) - Value: -0.778214075754889
Max absolute value 2: (1, 3) - Value: 0.7318418451693364
Max absolute value 3: (2, 5) - Value: -0.6518979977987723
Max absolute value 4: (2, 6) - Value: -0.651659620545103
Max absolute value 5: (2, 4) - Value: -0.6401523782806315

INFO:root:Sobols samples size: 1024
INFO:root:[((1, 'k.txt'), 0.7372800439135487), ((5, 'mc_cn_r.txt'), 0.3063175223161409), ((6, 'mk_k_r.txt'), 0.09348322956924575), ((7, 'mk_mc__q2.txt'), 0.06468760928753595), ((9, 't_mk__k.txt'), 0.0016915449223358088), ((0, 'cn.txt'), -0.0005550672182472106), ((8, 't_mc__cn.txt'), 1.3064823837072865e-05)]
INFO:root:Max absolute value 1: (1, 4) - Value: -0.8626819549261399
Max absolute value 2: (1, 6) - Value: -0.7769502986483533
Max absolute value 3: (1, 5) - Value: -0.7764291271565721
Max absolute value 4: (1, 2) - Value: -0.7025778137241984
Max absolute value 5: (0, 1) - Value: 0.4219252161359963

INFO:root:Sobols samples size: 512
INFO:root:[((6, 'mk_k_r.txt'), 0.6045868914216714), ((1, 'k.txt'), 0.36605965642769056), ((5, 'mc_cn_r.txt'), 0.11996129586673995), ((0, 'cn.txt'), -0.04288693556340342), ((7, 'mk_mc__q2.txt'), 0.0309472058783575), ((9, 't_mk__k.txt'), 0.007652928463565748), ((8, 't_mc__cn.txt'), 0.0012247678982125222)]
INFO:root:Max absolute value 1: (1, 3) - Value: 3.7186992726759382
Max absolute value 2: (1, 4) - Value: -0.5156934292250503
Max absolute value 3: (3, 6) - Value: -0.35906879345108794
Max absolute value 4: (3, 5) - Value: -0.35688593374690336
Max absolute value 5: (3, 4) - Value: -0.34212748354720846

INFO:root:Sobols samples size: 256
INFO:root:[((1, 'k.txt'), 0.4283724169171371), ((6, 'mk_k_r.txt'), 0.29996455159667196), ((5, 'mc_cn_r.txt'), 0.07106391598350559), ((0, 'cn.txt'), -0.057027503040064036), ((7, 'mk_mc__q2.txt'), 0.0564779527254963), ((8, 't_mc__cn.txt'), 0.002479149653099509), ((9, 't_mk__k.txt'), 0.0017554481314418747)]
INFO:root:Max absolute value 1: (1, 6) - Value: -0.481367121318596
Max absolute value 2: (1, 5) - Value: -0.47986712171424356
Max absolute value 3: (1, 4) - Value: -0.4517793578470819
Max absolute value 4: (1, 2) - Value: -0.4503825132160064
Max absolute value 5: (1, 3) - Value: -0.35332477569641424

INFO:root:Sobols samples size: 128
INFO:root:[((1, 'k.txt'), 1.1283380141106139), ((5, 'mc_cn_r.txt'), 0.40779614448250345), ((0, 'cn.txt'), -0.24066535322943922), ((7, 'mk_mc__q2.txt'), 0.02945770766546435), ((6, 'mk_k_r.txt'), 0.027821339872433327), ((8, 't_mc__cn.txt'), 0.0009172648263330378), ((9, 't_mk__k.txt'), -0.00010429265369584004)]
INFO:root:Max absolute value 1: (1, 2) - Value: -1.43110440607296
Max absolute value 2: (1, 4) - Value: -1.1017436639663964
Max absolute value 3: (1, 5) - Value: -1.0824254388034789
Max absolute value 4: (1, 6) - Value: -1.081809854003457
Max absolute value 5: (0, 1) - Value: 0.8964503061957241

INFO:root:Sobol's solving time: 190.8294894695282(s)
INFO:root:
########## Robust Query Optimization ############ 

INFO:root:Original optimal plan id is 0
INFO:root:Instance id = None, Error div = 2, bandwidth = 0.5, tolerance = 0.2, have 50 samples.
INFO:root:Cost of 8 plan: 	[(0, 12534.41), (1, 18070.92), (2, 12635.37), (3, 18171.88), (4, 69058.21), (5, 84135.38), (6, 60896.32), (7, 48454.04)]
INFO:root:Sensitive predicates: [1, 5, 6]
INFO:root:The number of samples to calculate expected penalty = 50.
INFO:root:### Best plan by exp penalty: [7], overhead 18.918541193008423s
INFO:root:exp_penalty_w_tol: 	[(0, 268897), (1, 33077), (2, 288586), (3, 59010), (4, 35160), (5, 63413), (6, 24706), (7, 10552)]
INFO:root:### Best plan by std penalty: [7], overhead 18.918541193008423s
INFO:root:std_penalty: 	[(0, 375257.5967802096), (1, 67449.48488881893), (2, 399421.39608900476), (3, 99376.79460757365), (4, 30235.955620865236), (5, 52958.35300525707), (6, 23024.916725231495), (7, 12855.265000404208)]
INFO:root:### Best plan by prob of penalized: [1], overhead 18.918541193008423s
INFO:root:std_penalty: 	[(0, 0.9), (1, 0.4), (2, 0.9), (3, 0.7), (4, 0.86), (5, 0.98), (6, 0.78), (7, 0.44)]
