INFO:root:
########## Robust Query Optimization ############ 

INFO:root:Sobol: Sample size N = 256, b = 0.5
INFO:root:Recentered plan cost = 7105.42, plan is: /*+
SeqScan(k)
IndexScan(mk)
IndexScan(t)
IndexScan(mi)
NestLoop ( k mk )
NestLoop ( k mk t )
NestLoop ( k mk t mi )
Leading ( ( ( ( k mk ) t ) mi ) ) */
INFO:root:Sobols samples size: 4096
INFO:root:[((4, 'mk_k_r.txt'), 1.0927432664112144), ((0, 'k.txt'), -0.00787118159514407), ((7, 't_mk_l.txt'), 0.00015658066331980256), ((3, 't.txt'), 0.0001191704252803795), ((5, 'mk_mi_r.txt'), 8.666406197126629e-08), ((1, 'mi.txt'), -4.84851141338199e-08), ((6, 't_mi_both.txt'), 1.830491371768203e-09)]
INFO:root:Max absolute value 1: (0, 3) - Value: 3.362646653348577
Max absolute value 2: (3, 6) - Value: -0.7635314302508526
Max absolute value 3: (3, 4) - Value: -0.7612433015117012
Max absolute value 4: (3, 5) - Value: -0.7612429277320815
Max absolute value 5: (0, 2) - Value: 0.2941397693412697

INFO:root:Sobols samples size: 2048
INFO:root:[((4, 'mk_k_r.txt'), 2.1950354396916496), ((0, 'k.txt'), -0.010464756196588732), ((3, 't.txt'), 0.00011163351075747983), ((7, 't_mk_l.txt'), 7.395303525454142e-05), ((5, 'mk_mi_r.txt'), 1.8858321073184068e-07), ((1, 'mi.txt'), -1.2141658772645221e-07), ((6, 't_mi_both.txt'), 9.816660285503601e-08)]
INFO:root:Max absolute value 1: (0, 3) - Value: 4.0479094000669615
Max absolute value 2: (3, 6) - Value: -1.727491776236074
Max absolute value 3: (3, 4) - Value: -1.7268462211913567
Max absolute value 4: (3, 5) - Value: -1.7268461505090547
Max absolute value 5: (0, 2) - Value: 0.24775268400796227

INFO:root:Sobols samples size: 1024
INFO:root:[((4, 'mk_k_r.txt'), 0.08344026866123833), ((0, 'k.txt'), -0.026582576446300375), ((3, 't.txt'), -0.0018563250094841399), ((7, 't_mk_l.txt'), 0.00022485374678764104), ((5, 'mk_mi_r.txt'), 4.259961165090707e-07), ((6, 't_mi_both.txt'), 2.16608194849745e-07), ((1, 'mi.txt'), -5.776218528691755e-08)]
INFO:root:Max absolute value 1: (0, 3) - Value: 1.4608467252005675
Max absolute value 2: (3, 4) - Value: 1.063549748043894
Max absolute value 3: (3, 5) - Value: 1.0635497480438936
Max absolute value 4: (3, 6) - Value: 1.0616932262118983
Max absolute value 5: (0, 2) - Value: 0.8096213172712088

INFO:root:Sobols samples size: 512
INFO:root:[((4, 'mk_k_r.txt'), 0.25637810534133826), ((0, 'k.txt'), 0.06872432502115355), ((3, 't.txt'), -0.004159582557962853), ((7, 't_mk_l.txt'), 0.0005528409811759466), ((5, 'mk_mi_r.txt'), 9.878280303834477e-07), ((6, 't_mi_both.txt'), 4.031951144585988e-07), ((1, 'mi.txt'), 4.03195114555591e-08)]
INFO:root:Max absolute value 1: (0, 3) - Value: 4.457632419557781
Max absolute value 2: (0, 2) - Value: 2.392764818555308
Max absolute value 3: (0, 5) - Value: 2.3827945258346483
Max absolute value 4: (0, 1) - Value: 2.382785485765085
Max absolute value 5: (0, 4) - Value: 2.3827755416885674

INFO:root:Sobols samples size: 256
INFO:root:[((0, 'k.txt'), 0.034242558463957434), ((4, 'mk_k_r.txt'), 0.034242558463957434), ((3, 't.txt'), -0.010370830088078951), ((7, 't_mk_l.txt'), 0.0014410155354282177), ((5, 'mk_mi_r.txt'), 1.4868421340541886e-06), ((6, 't_mi_both.txt'), 1.0620300957816492e-06), ((1, 'mi.txt'), -4.248120383076447e-07)]
INFO:root:Max absolute value 1: (3, 5) - Value: 0.02797504095535089
Max absolute value 2: (0, 3) - Value: 0.02797504095535089
Max absolute value 3: (0, 5) - Value: 0.02797504095535089
Max absolute value 4: (3, 4) - Value: 0.027975040955350885
Max absolute value 5: (0, 1) - Value: 0.027975040955350885

INFO:root:Sobols samples size: 128
INFO:root:[((0, 'k.txt'), 0.07294792268513318), ((4, 'mk_k_r.txt'), 0.07294792268513318), ((3, 't.txt'), -0.022093282318321368), ((7, 't_mk_l.txt'), 0.0030698374940978258), ((5, 'mk_mi_r.txt'), 3.167463235969793e-06), ((6, 't_mi_both.txt'), 2.2624737400396157e-06), ((1, 'mi.txt'), -9.049894960114151e-07)]
INFO:root:Max absolute value 1: (0, 1) - Value: 0.05959604703230238
Max absolute value 2: (0, 2) - Value: 0.059596047032302375
Max absolute value 3: (0, 5) - Value: 0.05959604703230237
Max absolute value 4: (3, 5) - Value: 0.05959604703230237
Max absolute value 5: (0, 6) - Value: 0.05959604703230237

INFO:root:Sobol's solving time: 185.55180835723877(s)
INFO:root:
########## Robust Query Optimization ############ 

INFO:root:Original optimal plan id is 1
INFO:root:Instance id = None, Error div = 2, bandwidth = 0.5, tolerance = 0.2, have 50 samples.
INFO:root:Cost of 3 plan: 	[(0, 3984.19), (1, 3940.12), (2, 50665.17)]
INFO:root:Sensitive predicates: [0, 4]
INFO:root:The number of samples to calculate expected penalty = 50.
INFO:root:### Best plan by exp penalty: [1], overhead 7.0834760665893555s
INFO:root:exp_penalty_w_tol: 	[(0, 59544), (1, 7962), (2, 31009)]
INFO:root:### Best plan by std penalty: [2], overhead 7.0834760665893555s
INFO:root:std_penalty: 	[(0, 119160.75470927368), (1, 30988.345513004675), (2, 15761.936129154068)]
INFO:root:### Best plan by prob of penalized: [1], overhead 7.0834760665893555s
INFO:root:std_penalty: 	[(0, 0.82), (1, 0.1), (2, 0.86)]
