INFO:root:
########## Robust Query Optimization ############ 

INFO:root:Sobol: Sample size N = 256, b = 1.0
INFO:root:Recentered plan cost = 105505.73, plan is: /*+
SeqScan(an)
SeqScan(cn)
SeqScan(k)
IndexScan(mk)
IndexScan(t)
IndexScan(mc)
IndexScan(ci)
IndexOnlyScan(n)
NestLoop ( k mk )
NestLoop ( k mk t )
NestLoop ( k mk t mc )
MergeJoin ( cn k mk t mc )
NestLoop ( cn k mk t mc ci )
NestLoop ( cn k mk t mc ci n )
HashJoin ( an cn k mk t mc ci n )
Leading ( ( an ( ( ( cn ( ( ( k mk ) t ) mc ) ) ci ) n ) ) ) */
INFO:root:Sobols samples size: 7680
INFO:root:[((13, 't_ci_l.txt'), -0.02218428562537449), ((15, 'mk_k_r.txt'), 0.019492330206891912), ((10, 'mc_ci_pure.txt'), 0.01502516616634148), ((7, 't.txt'), 0.011798259068648093), ((14, 'mc_cn_r.txt'), 0.01072104710339234), ((11, 'mk_ci_pure.txt'), 0.009352796373377648), ((2, 'cn.txt'), -0.004309646940629842), ((12, 'n_ci_pure.txt'), 0.0007013611304154335), ((3, 'k.txt'), 0.0006533962673428849), ((18, 't_mk_l.txt'), -0.00015415524300743972), ((16, 'mk_mc__q2.txt'), 5.338267439502912e-05), ((8, 'ci_an_pure.txt'), -2.256505364939982e-05), ((9, 'n_an_pure.txt'), 7.996955501358115e-06), ((17, 't_mc_l.txt'), 3.4343041953579374e-07)]
INFO:root:Max absolute value 1: (1, 10) - Value: 0.2610866047332952
Max absolute value 2: (9, 10) - Value: 0.24759637599376924
Max absolute value 3: (1, 5) - Value: 0.15442242468040013
Max absolute value 4: (1, 2) - Value: 0.13378593282209245
Max absolute value 5: (1, 8) - Value: 0.12916414972242396

INFO:root:Sobols samples size: 3840
INFO:root:[((14, 'mc_cn_r.txt'), 0.026617975960549455), ((11, 'mk_ci_pure.txt'), 0.025390377475194188), ((10, 'mc_ci_pure.txt'), 0.017226865228399932), ((7, 't.txt'), 0.014730693805778985), ((3, 'k.txt'), 0.013256633509159918), ((13, 't_ci_l.txt'), -0.011534093201523429), ((15, 'mk_k_r.txt'), 0.00509156263893602), ((2, 'cn.txt'), -0.002601953314901876), ((12, 'n_ci_pure.txt'), 0.001360733805987529), ((16, 'mk_mc__q2.txt'), -0.00025232655306082086), ((17, 't_mc_l.txt'), 0.00021819251595242103), ((18, 't_mk_l.txt'), 0.00014585630856903112), ((8, 'ci_an_pure.txt'), -3.589405289738939e-05), ((9, 'n_an_pure.txt'), 4.18434198217788e-06)]
INFO:root:Max absolute value 1: (9, 10) - Value: 0.20196453163744815
Max absolute value 2: (9, 13) - Value: -0.022933507328061518
Max absolute value 3: (9, 11) - Value: -0.02292947884058174
Max absolute value 4: (9, 12) - Value: -0.02284201217161369
Max absolute value 5: (6, 7) - Value: -0.021730378277276762

INFO:root:Sobols samples size: 1920
INFO:root:[((14, 'mc_cn_r.txt'), 0.027725530544045144), ((10, 'mc_ci_pure.txt'), 0.025980061131065456), ((13, 't_ci_l.txt'), -0.025965222802472352), ((11, 'mk_ci_pure.txt'), 0.025236941960455082), ((3, 'k.txt'), 0.018892866441370747), ((7, 't.txt'), 0.012433955207374973), ((15, 'mk_k_r.txt'), 0.010471557306813128), ((2, 'cn.txt'), -0.0033133958224821946), ((12, 'n_ci_pure.txt'), 0.0016536629704217054), ((17, 't_mc_l.txt'), 0.00018142001677320485), ((18, 't_mk_l.txt'), 0.00016904634694690969), ((8, 'ci_an_pure.txt'), -4.951692630119137e-05), ((16, 'mk_mc__q2.txt'), -3.240710590700761e-05), ((9, 'n_an_pure.txt'), 1.7766627268448912e-06)]
INFO:root:Max absolute value 1: (5, 9) - Value: -0.02576139171482255
Max absolute value 2: (5, 6) - Value: -0.02558923818738658
Max absolute value 3: (6, 9) - Value: -0.024939181510678247
Max absolute value 4: (5, 10) - Value: -0.024874267050537007
Max absolute value 5: (5, 7) - Value: -0.024568076956420284

INFO:root:Sobols samples size: 960
INFO:root:[((14, 'mc_cn_r.txt'), 0.03826200311167341), ((13, 't_ci_l.txt'), -0.034748733259099836), ((10, 'mc_ci_pure.txt'), 0.0327155667853256), ((11, 'mk_ci_pure.txt'), 0.03175446835315131), ((3, 'k.txt'), 0.028528633227916562), ((7, 't.txt'), 0.014173514757093183), ((2, 'cn.txt'), 0.00776166610067866), ((15, 'mk_k_r.txt'), 0.007212571447775199), ((12, 'n_ci_pure.txt'), 0.002311294032427368), ((16, 'mk_mc__q2.txt'), -0.0004018311082437524), ((18, 't_mk_l.txt'), 0.00022343464459433548), ((17, 't_mc_l.txt'), 0.0002132899455801932), ((8, 'ci_an_pure.txt'), -7.319409770095067e-05), ((9, 'n_an_pure.txt'), 7.094107990688594e-06)]
INFO:root:Max absolute value 1: (8, 10) - Value: 0.03702369007669112
Max absolute value 2: (8, 11) - Value: 0.03438245294332036
Max absolute value 3: (8, 13) - Value: 0.03436937112443837
Max absolute value 4: (8, 12) - Value: 0.03435184000211128
Max absolute value 5: (8, 9) - Value: 0.03366578039956994

INFO:root:Sobols samples size: 480
INFO:root:[((13, 't_ci_l.txt'), 0.04406553264823564), ((11, 'mk_ci_pure.txt'), 0.03947850343670578), ((14, 'mc_cn_r.txt'), 0.03490146950511409), ((10, 'mc_ci_pure.txt'), 0.028692702447475713), ((3, 'k.txt'), 0.025779453627592295), ((15, 'mk_k_r.txt'), 0.023342172064377126), ((7, 't.txt'), 0.0009560007378886313), ((16, 'mk_mc__q2.txt'), -0.0008244458338005591), ((12, 'n_ci_pure.txt'), 0.0007337651684697944), ((2, 'cn.txt'), 0.00040699661334670775), ((17, 't_mc_l.txt'), 0.0003911101052192114), ((18, 't_mk_l.txt'), 5.8657680178667144e-05), ((9, 'n_an_pure.txt'), -1.3031211196955596e-05), ((8, 'ci_an_pure.txt'), 6.867694831666376e-06)]
INFO:root:Max absolute value 1: (8, 9) - Value: -0.04903945049910323
Max absolute value 2: (8, 12) - Value: -0.04202152849356773
Max absolute value 3: (8, 13) - Value: -0.04181062554955073
Max absolute value 4: (8, 11) - Value: -0.04179061326285972
Max absolute value 5: (8, 10) - Value: -0.03966717056339274

INFO:root:Sobols samples size: 240
INFO:root:[((11, 'mk_ci_pure.txt'), 2.430652891683102), ((15, 'mk_k_r.txt'), 2.1311184964366157), ((14, 'mc_cn_r.txt'), -0.6105827571817639), ((10, 'mc_ci_pure.txt'), 0.4994735132588908), ((2, 'cn.txt'), -0.20285086727589394), ((13, 't_ci_l.txt'), -0.15533992805726005), ((16, 'mk_mc__q2.txt'), -0.07837001837689568), ((7, 't.txt'), 0.05933224459504083), ((17, 't_mc_l.txt'), -0.01595311216099444), ((9, 'n_an_pure.txt'), 0.006999435776598161), ((8, 'ci_an_pure.txt'), 0.005791345713383852), ((18, 't_mk_l.txt'), 0.003879501635726468), ((12, 'n_ci_pure.txt'), 0.0008297646114823173), ((3, 'k.txt'), -1.454649993991814e-06)]
INFO:root:Max absolute value 1: (8, 10) - Value: 112.60101241461122
Max absolute value 2: (9, 10) - Value: 23.77162852784111
Max absolute value 3: (8, 9) - Value: -9.65465239643147
Max absolute value 4: (6, 10) - Value: -5.745623903813566
Max absolute value 5: (5, 6) - Value: -4.265383404086436

INFO:root:Sobols samples size: 120
INFO:root:[((2, 'cn.txt'), -0.38455129137334765), ((7, 't.txt'), 0.28324892953790615), ((16, 'mk_mc__q2.txt'), 0.2241848661953273), ((10, 'mc_ci_pure.txt'), -0.19303756517960333), ((17, 't_mc_l.txt'), 0.14967772496717646), ((13, 't_ci_l.txt'), -0.11403194064293967), ((14, 'mc_cn_r.txt'), 0.032217281301554636), ((15, 'mk_k_r.txt'), -0.031965248340429235), ((8, 'ci_an_pure.txt'), 0.026378246382103367), ((18, 't_mk_l.txt'), 0.023391162682356026), ((11, 'mk_ci_pure.txt'), -0.007409299963590537), ((12, 'n_ci_pure.txt'), 0.004620353688069906), ((9, 'n_an_pure.txt'), 0.00015417214857707659), ((3, 'k.txt'), 0.0)]
INFO:root:Max absolute value 1: (2, 10) - Value: 1.2038396079035483
Max absolute value 2: (2, 8) - Value: 1.0151767325675298
Max absolute value 3: (2, 5) - Value: 0.9047369216033546
Max absolute value 4: (2, 4) - Value: 0.782073581067212
Max absolute value 5: (2, 7) - Value: 0.7678907944547438

INFO:root:Sobol's solving time: 519.4882078170776(s)
INFO:root:
########## Robust Query Optimization ############ 

