INFO:root:
########## Robust Query Optimization ############ 

INFO:root:Sobol: Sample size N = 256, b = 0.5
INFO:root:Recentered plan cost = 33169.89, plan is: /*+
SeqScan(k)
IndexScan(mk)
IndexScan(t)
IndexScan(mi)
NestLoop ( k mk )
NestLoop ( k mk t )
NestLoop ( k mk t mi )
Leading ( ( ( ( k mk ) t ) mi ) ) */
INFO:root:Sobols samples size: 4096
INFO:root:[((7, 't_mk_l.txt'), 0.08392579634261516), ((4, 'mk_k_r.txt'), 0.016976897811232006), ((3, 't.txt'), 0.008182301290925646), ((0, 'k.txt'), 0.007627049325883657), ((1, 'mi.txt'), 7.96753376692111e-06), ((5, 'mk_mi_r.txt'), 4.529738039356814e-06), ((6, 't_mi_both.txt'), 3.567778724564323e-07)]
INFO:root:Max absolute value 1: (3, 6) - Value: 0.40857395159768467
Max absolute value 2: (0, 6) - Value: 0.055136421146590175
Max absolute value 3: (2, 6) - Value: 0.04733056250964374
Max absolute value 4: (2, 3) - Value: 0.025168132293250007
Max absolute value 5: (3, 5) - Value: 0.01162079919958125

INFO:root:Sobols samples size: 2048
INFO:root:[((7, 't_mk_l.txt'), 0.03356316091254007), ((4, 'mk_k_r.txt'), 0.012638506239194434), ((0, 'k.txt'), 0.012605674891539628), ((3, 't.txt'), 0.002755096030562922), ((1, 'mi.txt'), 6.65953136542611e-06), ((5, 'mk_mi_r.txt'), 2.5130059243574032e-06), ((6, 't_mi_both.txt'), 7.522175430375296e-10)]
INFO:root:Max absolute value 1: (2, 4) - Value: 0.028920314975104514
Max absolute value 2: (2, 5) - Value: 0.028915907614980974
Max absolute value 3: (0, 6) - Value: -0.02666322080879524
Max absolute value 4: (3, 6) - Value: -0.019246680164348565
Max absolute value 5: (2, 3) - Value: 0.01563809932277481

INFO:root:Sobols samples size: 1024
INFO:root:[((7, 't_mk_l.txt'), 0.08159657921710162), ((4, 'mk_k_r.txt'), 0.027951409431856873), ((0, 'k.txt'), 0.020302888009216327), ((3, 't.txt'), 0.008275401459119147), ((5, 'mk_mi_r.txt'), 3.557396085235706e-06), ((1, 'mi.txt'), -3.305745020068269e-06), ((6, 't_mi_both.txt'), 9.79281094927031e-07)]
INFO:root:Max absolute value 1: (3, 6) - Value: -0.05958774080799101
Max absolute value 2: (0, 6) - Value: -0.05372259852808083
Max absolute value 3: (2, 6) - Value: 0.018333360218718453
Max absolute value 4: (0, 3) - Value: -0.013275720507347877
Max absolute value 5: (2, 3) - Value: -0.010231364096222304

INFO:root:Sobols samples size: 512
INFO:root:[((7, 't_mk_l.txt'), 0.07923870403246551), ((4, 'mk_k_r.txt'), 0.027225021151114415), ((0, 'k.txt'), 0.019715626964506572), ((3, 't.txt'), 0.009228074069594814), ((1, 'mi.txt'), -6.483624022002169e-06), ((5, 'mk_mi_r.txt'), 3.7505514646077138e-06), ((6, 't_mi_both.txt'), 2.058110082499798e-06)]
INFO:root:Max absolute value 1: (3, 6) - Value: -0.047352908393804856
Max absolute value 2: (0, 6) - Value: -0.03834845775676282
Max absolute value 3: (0, 4) - Value: 0.019767086600387382
Max absolute value 4: (0, 5) - Value: 0.019767078008061333
Max absolute value 5: (0, 1) - Value: 0.01976707341094757

INFO:root:Sobols samples size: 256
INFO:root:[((4, 'mk_k_r.txt'), 0.31228157440208093), ((7, 't_mk_l.txt'), 0.2555453394729915), ((3, 't.txt'), 0.0802457960555713), ((0, 'k.txt'), 0.03437104306102638), ((1, 'mi.txt'), 0.0008539993103347806), ((5, 'mk_mi_r.txt'), 0.00018711818368469534), ((6, 't_mi_both.txt'), 0.0001067877043530722)]
INFO:root:Max absolute value 1: (2, 6) - Value: 0.25330876745425857
Max absolute value 2: (0, 5) - Value: 0.11067106740100498
Max absolute value 3: (0, 4) - Value: 0.11067106554064239
Max absolute value 4: (0, 1) - Value: 0.11067106022856323
Max absolute value 5: (0, 3) - Value: 0.10571915794296

INFO:root:Sobols samples size: 128
INFO:root:[((4, 'mk_k_r.txt'), 0.25058229035951257), ((7, 't_mk_l.txt'), -0.11409081247678014), ((0, 'k.txt'), 0.09827573465324264), ((3, 't.txt'), 0.017866739265594588), ((1, 'mi.txt'), 0.00048714789972536843), ((5, 'mk_mi_r.txt'), 0.00044531907600362875), ((6, 't_mi_both.txt'), 0.0003049683827919552)]
INFO:root:Max absolute value 1: (3, 6) - Value: 0.2603164066933023
Max absolute value 2: (0, 5) - Value: 0.12029162984241777
Max absolute value 3: (0, 4) - Value: 0.12029161212132175
Max absolute value 4: (0, 1) - Value: 0.12029158553967771
Max absolute value 5: (0, 6) - Value: 0.11964175885597822

INFO:root:Sobol's solving time: 185.34699940681458(s)
INFO:root:
########## Robust Query Optimization ############ 

INFO:root:Original optimal plan id is 1
INFO:root:Instance id = None, Error div = 2, bandwidth = 0.5, tolerance = 0.2, have 50 samples.
INFO:root:Cost of 3 plan: 	[(0, 9450.82), (1, 9328.97), (2, 332265.25)]
INFO:root:Sensitive predicates: [3, 4, 7]
INFO:root:The number of samples to calculate expected penalty = 50.
INFO:root:### Best plan by exp penalty: [1], overhead 7.078118562698364s
INFO:root:exp_penalty_w_tol: 	[(0, 149994), (1, 111458), (2, 912531)]
INFO:root:### Best plan by std penalty: [0], overhead 7.078118562698364s
INFO:root:std_penalty: 	[(0, 194097.79650334353), (1, 222649.1197499723), (2, 2583213.20189499)]
INFO:root:### Best plan by prob of penalized: [1], overhead 7.078118562698364s
INFO:root:std_penalty: 	[(0, 0.76), (1, 0.52), (2, 1.0)]
