INFO:root:
########## Robust Query Optimization ############ 

INFO:root:Sobol: Sample size N = 256, b = 0.5
INFO:root:Recentered plan cost = 17924.86, plan is: /*+
SeqScan(k)
IndexScan(mk)
IndexScan(t)
IndexScan(mc)
SeqScan(cn)
NestLoop ( k mk )
NestLoop ( k mk t )
NestLoop ( k mk t mc )
HashJoin ( k mk t mc cn )
Leading ( ( ( ( ( k mk ) t ) mc ) cn ) ) */
INFO:root:Sobols samples size: 4096
INFO:root:[((6, 'mk_k_r.txt'), 0.49361369723444204), ((1, 'k.txt'), 0.18421593773411066), ((5, 'mc_cn_r.txt'), 0.061859430220755456), ((9, 't_mk__k.txt'), 0.034638357017041106), ((0, 'cn.txt'), -0.0078528964223884), ((8, 't_mc__cn.txt'), 0.0026645869523222116), ((7, 'mk_mc__q2.txt'), 0.001474817814349639)]
INFO:root:Max absolute value 1: (1, 3) - Value: 0.34597421241284354
Max absolute value 2: (1, 2) - Value: -0.21386286476549787
Max absolute value 3: (1, 5) - Value: -0.178724364438335
Max absolute value 4: (2, 3) - Value: -0.16647376218223858
Max absolute value 5: (1, 6) - Value: -0.16589065153205787

INFO:root:Sobols samples size: 2048
INFO:root:[((6, 'mk_k_r.txt'), 0.4894609935896114), ((1, 'k.txt'), 0.1931712302878493), ((5, 'mc_cn_r.txt'), 0.07543558872870955), ((9, 't_mk__k.txt'), 0.01438821632585079), ((0, 'cn.txt'), -0.007387692426022035), ((7, 'mk_mc__q2.txt'), -0.006719825194636074), ((8, 't_mc__cn.txt'), 0.001173364709493293)]
INFO:root:Max absolute value 1: (2, 3) - Value: -0.3109894603189529
Max absolute value 2: (3, 4) - Value: -0.2726616881626529
Max absolute value 3: (3, 5) - Value: -0.2674467050847196
Max absolute value 4: (1, 2) - Value: -0.25263659584358183
Max absolute value 5: (1, 3) - Value: -0.24072380044193756

INFO:root:Sobols samples size: 1024
INFO:root:[((1, 'k.txt'), 0.643920910719888), ((6, 'mk_k_r.txt'), 0.28742308410925166), ((5, 'mc_cn_r.txt'), 0.09622774470338255), ((9, 't_mk__k.txt'), 0.046894556135686306), ((0, 'cn.txt'), -0.013229370494724611), ((8, 't_mc__cn.txt'), 0.0032973614717472016), ((7, 'mk_mc__q2.txt'), 0.0021122693797480767)]
INFO:root:Max absolute value 1: (1, 2) - Value: -0.7777450244770514
Max absolute value 2: (1, 5) - Value: -0.7175569437699532
Max absolute value 3: (1, 4) - Value: -0.7150367194146775
Max absolute value 4: (1, 6) - Value: -0.6927678826010069
Max absolute value 5: (3, 6) - Value: 0.4010063936377783

INFO:root:Sobols samples size: 512
INFO:root:[((6, 'mk_k_r.txt'), 0.2624586369422747), ((7, 'mk_mc__q2.txt'), 0.010277115912018103), ((0, 'cn.txt'), -0.007374056425262495), ((9, 't_mk__k.txt'), -0.005676290110294095), ((1, 'k.txt'), 0.0045910239889054485), ((5, 'mc_cn_r.txt'), -0.0022994073102151212), ((8, 't_mc__cn.txt'), -0.0008317928742733621)]
INFO:root:Max absolute value 1: (1, 3) - Value: 1.2016751212955987
Max absolute value 2: (2, 3) - Value: 0.17687647253850924
Max absolute value 3: (2, 6) - Value: 0.1366978553005528
Max absolute value 4: (2, 5) - Value: 0.11739548943849444
Max absolute value 5: (2, 4) - Value: 0.1033251408738061

INFO:root:Sobols samples size: 256
INFO:root:[((1, 'k.txt'), -0.2717236983909664), ((6, 'mk_k_r.txt'), 0.09132410178750953), ((9, 't_mk__k.txt'), -0.022467219886544574), ((5, 'mc_cn_r.txt'), -0.01115031758635923), ((0, 'cn.txt'), 0.011100341687717593), ((8, 't_mc__cn.txt'), 0.010985217416417297), ((7, 'mk_mc__q2.txt'), 0.0072561131283383476)]
INFO:root:Max absolute value 1: (1, 3) - Value: 2.6470493436284643
Max absolute value 2: (2, 6) - Value: 0.4507405276255066
Max absolute value 3: (2, 5) - Value: 0.3778430761279813
Max absolute value 4: (3, 6) - Value: 0.3636197739599921
Max absolute value 5: (1, 4) - Value: 0.33871859150954936

INFO:root:Sobols samples size: 128
INFO:root:[((6, 'mk_k_r.txt'), 0.6001521035558118), ((1, 'k.txt'), -0.2901137135328885), ((7, 'mk_mc__q2.txt'), 0.046575975361961106), ((5, 'mc_cn_r.txt'), -0.03839859292134684), ((0, 'cn.txt'), 0.03514501305206094), ((9, 't_mk__k.txt'), -0.02421458918511441), ((8, 't_mc__cn.txt'), 0.011355155935570098)]
INFO:root:Max absolute value 1: (2, 6) - Value: 0.5689871317684795
Max absolute value 2: (2, 5) - Value: 0.509379587936691
Max absolute value 3: (2, 4) - Value: 0.47165159230351816
Max absolute value 4: (3, 4) - Value: -0.3277236418556815
Max absolute value 5: (1, 3) - Value: 0.2913211125849259

INFO:root:Sobol's solving time: 190.5264003276825(s)
INFO:root:
########## Robust Query Optimization ############ 

INFO:root:Original optimal plan id is 2
INFO:root:Instance id = None, Error div = 2, bandwidth = 0.5, tolerance = 0.2, have 50 samples.
INFO:root:Cost of 11 plan: 	[(0, 4049.24), (1, 11018.29), (2, 4035.25), (3, 11004.29), (4, 43674.9), (5, 146317.31), (6, 40731.64), (7, 112983.71), (8, 148991.24), (9, 55021.85), (10, 92683.46)]
INFO:root:Sensitive predicates: [1, 6]
INFO:root:The number of samples to calculate expected penalty = 50.
INFO:root:### Best plan by exp penalty: [3], overhead 25.833019256591797s
INFO:root:exp_penalty_w_tol: 	[(0, 223550), (1, 85158), (2, 155484), (3, 19541), (4, 23918), (5, 103111), (6, 21375), (7, 78852), (8, 106710), (9, 34952), (10, 60661)]
INFO:root:### Best plan by std penalty: [9], overhead 25.833019256591797s
INFO:root:std_penalty: 	[(0, 425761.9994304412), (1, 174136.10981090786), (2, 307820.5439626888), (3, 64744.871831779215), (4, 22459.901124671964), (5, 36075.673635252664), (6, 22762.572855550367), (7, 22822.771668847345), (8, 36592.104241788984), (9, 21890.834465359647), (10, 29482.732586007576)]
INFO:root:### Best plan by prob of penalized: [3], overhead 25.833019256591797s
INFO:root:std_penalty: 	[(0, 0.8), (1, 1.0), (2, 0.8), (3, 0.34), (4, 0.76), (5, 0.96), (6, 0.72), (7, 1.0), (8, 0.96), (9, 0.8), (10, 0.9)]
