INFO:root:
########## Robust Query Optimization ############ 

INFO:root:Sobol: Sample size N = 256, b = 1.0
INFO:root:Recentered plan cost = 99656.55, plan is: /*+
SeqScan(an)
SeqScan(mc)
SeqScan(cn)
SeqScan(k)
IndexScan(mk)
IndexScan(t)
IndexScan(ci)
IndexOnlyScan(n)
HashJoin ( mc cn )
NestLoop ( k mk )
HashJoin ( mc cn k mk )
NestLoop ( mc cn k mk t )
NestLoop ( mc cn k mk t ci )
NestLoop ( mc cn k mk t ci n )
HashJoin ( an mc cn k mk t ci n )
Leading ( ( an ( ( ( ( ( mc cn ) ( k mk ) ) t ) ci ) n ) ) ) */
INFO:root:Sobols samples size: 7680
INFO:root:[((13, 't_ci_l.txt'), 0.19275577957574813), ((3, 'k.txt'), 0.09701927705539704), ((11, 'mk_ci_pure.txt'), 0.04534930237744237), ((10, 'mc_ci_pure.txt'), -0.013717581043433062), ((14, 'mc_cn_r.txt'), 0.010396988546786282), ((2, 'cn.txt'), -0.007863874430465332), ((17, 't_mc_l.txt'), 0.005995586707253016), ((12, 'n_ci_pure.txt'), 0.0027030324121835917), ((15, 'mk_k_r.txt'), 0.002063825095043957), ((16, 'mk_mc__q2.txt'), -0.001977142986263947), ((7, 't.txt'), 0.0007387096218342646), ((9, 'n_an_pure.txt'), 2.8810242899556375e-05), ((8, 'ci_an_pure.txt'), -2.1791348930529776e-05), ((18, 't_mk_l.txt'), -1.3140488224062452e-05)]
INFO:root:Max absolute value 1: (5, 8) - Value: 2.0853506376839936
Max absolute value 2: (5, 6) - Value: 0.5869275411321085
Max absolute value 3: (1, 8) - Value: -0.2684009835850467
Max absolute value 4: (5, 12) - Value: 0.245639561470081
Max absolute value 5: (5, 7) - Value: 0.2144501139794349

INFO:root:Sobols samples size: 3840
INFO:root:[((13, 't_ci_l.txt'), 0.008111806699433493), ((15, 'mk_k_r.txt'), -0.007913086954921657), ((11, 'mk_ci_pure.txt'), 0.006995459720084745), ((2, 'cn.txt'), -0.0044304994775101), ((3, 'k.txt'), 0.004400738260121105), ((7, 't.txt'), 0.0034613265646211452), ((14, 'mc_cn_r.txt'), -0.0011324874578427851), ((12, 'n_ci_pure.txt'), 0.001065859445858291), ((10, 'mc_ci_pure.txt'), 0.0006295877377410664), ((17, 't_mc_l.txt'), 0.0005427412693558351), ((16, 'mk_mc__q2.txt'), 0.00036731746533848365), ((8, 'ci_an_pure.txt'), -2.9526424101487274e-05), ((18, 't_mk_l.txt'), -1.4677505334008684e-05), ((9, 'n_an_pure.txt'), 1.3443377263003968e-05)]
INFO:root:Max absolute value 1: (9, 12) - Value: 0.5678404419667705
Max absolute value 2: (9, 11) - Value: 0.5675333661382934
Max absolute value 3: (9, 13) - Value: 0.5321121090414888
Max absolute value 4: (9, 10) - Value: 0.3268616533150939
Max absolute value 5: (5, 8) - Value: 0.06520801093782407

INFO:root:Sobols samples size: 1920
INFO:root:[((11, 'mk_ci_pure.txt'), 0.027395687001214863), ((14, 'mc_cn_r.txt'), 0.02598490208530856), ((10, 'mc_ci_pure.txt'), 0.02364024805675876), ((3, 'k.txt'), 0.011692332587229012), ((2, 'cn.txt'), -0.010261801286007835), ((15, 'mk_k_r.txt'), -0.008418527197651347), ((7, 't.txt'), 0.004972868913504933), ((13, 't_ci_l.txt'), 0.004567759172969656), ((12, 'n_ci_pure.txt'), 0.0010089746893740556), ((16, 'mk_mc__q2.txt'), -0.0004939686580851423), ((17, 't_mc_l.txt'), 0.0002764682361356746), ((18, 't_mk_l.txt'), -4.666553446559666e-05), ((9, 'n_an_pure.txt'), 3.468256100569521e-05), ((8, 'ci_an_pure.txt'), 1.2464674468853878e-05)]
INFO:root:Max absolute value 1: (6, 12) - Value: -0.027397351144303805
Max absolute value 2: (6, 11) - Value: -0.027394066810390333
Max absolute value 3: (6, 13) - Value: -0.027388895943906925
Max absolute value 4: (6, 7) - Value: -0.027388430935241858
Max absolute value 5: (6, 10) - Value: -0.027247169337145362

INFO:root:Sobols samples size: 960
INFO:root:[((11, 'mk_ci_pure.txt'), 0.03310901900583019), ((14, 'mc_cn_r.txt'), 0.03231213021515835), ((10, 'mc_ci_pure.txt'), 0.02704663851565337), ((3, 'k.txt'), 0.026822994079990697), ((15, 'mk_k_r.txt'), -0.02039011287223599), ((13, 't_ci_l.txt'), 0.015311667800718807), ((2, 'cn.txt'), 0.015197528943296028), ((7, 't.txt'), 0.0042784203472323165), ((12, 'n_ci_pure.txt'), 0.001139012751614006), ((16, 'mk_mc__q2.txt'), -0.0008326890653659664), ((17, 't_mc_l.txt'), 0.00028653216454911943), ((9, 'n_an_pure.txt'), 4.4782136941945765e-05), ((8, 'ci_an_pure.txt'), 3.029052392421157e-05), ((18, 't_mk_l.txt'), -2.4702662055710376e-05)]
INFO:root:Max absolute value 1: (6, 11) - Value: -0.03347095086355107
Max absolute value 2: (6, 13) - Value: -0.03346756650807908
Max absolute value 3: (6, 12) - Value: -0.03346578054313034
Max absolute value 4: (6, 7) - Value: -0.03346299797546254
Max absolute value 5: (6, 8) - Value: -0.03329310629768518

INFO:root:Sobols samples size: 480
INFO:root:[((15, 'mk_k_r.txt'), 0.042471588670313185), ((13, 't_ci_l.txt'), 0.0375864118751853), ((11, 'mk_ci_pure.txt'), 0.034504800038535795), ((14, 'mc_cn_r.txt'), 0.029886211550672438), ((3, 'k.txt'), 0.028337036713286745), ((10, 'mc_ci_pure.txt'), 0.025429299050387037), ((2, 'cn.txt'), 0.017524511240986466), ((16, 'mk_mc__q2.txt'), -0.000721781454334098), ((12, 'n_ci_pure.txt'), 0.0006347868580663087), ((17, 't_mc_l.txt'), 0.00027230612459343306), ((7, 't.txt'), 4.0901367947908246e-05), ((8, 'ci_an_pure.txt'), 1.5643694781768267e-05), ((18, 't_mk_l.txt'), -7.51746249172811e-06), ((9, 'n_an_pure.txt'), -2.5535846260379453e-06)]
INFO:root:Max absolute value 1: (10, 11) - Value: -0.04220924653940481
Max absolute value 2: (10, 13) - Value: -0.04220673970512596
Max absolute value 3: (10, 12) - Value: -0.04220559394923345
Max absolute value 4: (8, 11) - Value: -0.03829969588442639
Max absolute value 5: (8, 12) - Value: -0.03829428558908422

INFO:root:Sobols samples size: 240
INFO:root:[((11, 'mk_ci_pure.txt'), -6.0263880844218445), ((15, 'mk_k_r.txt'), -2.298780071762268), ((10, 'mc_ci_pure.txt'), -1.244766454974361), ((13, 't_ci_l.txt'), 1.1664348065496972), ((16, 'mk_mc__q2.txt'), 0.5462190280860313), ((14, 'mc_cn_r.txt'), 0.37728354647508294), ((2, 'cn.txt'), 0.35957603019513146), ((3, 'k.txt'), 0.14178953957218943), ((17, 't_mc_l.txt'), 0.11833485393702858), ((7, 't.txt'), -0.03445204775350093), ((18, 't_mk_l.txt'), 0.009171580768748744), ((8, 'ci_an_pure.txt'), 0.008839596603248017), ((9, 'n_an_pure.txt'), -0.00545261721351076), ((12, 'n_ci_pure.txt'), -0.004171849949185413)]
INFO:root:Max absolute value 1: (8, 10) - Value: 41.882185870764324
Max absolute value 2: (0, 6) - Value: 6.31645725608375
Max absolute value 3: (6, 10) - Value: 6.279322436586028
Max absolute value 4: (6, 7) - Value: 6.062619124346305
Max absolute value 5: (6, 13) - Value: 6.061463265472412

INFO:root:Sobols samples size: 120
INFO:root:[((13, 't_ci_l.txt'), 1.3173249373768499), ((16, 'mk_mc__q2.txt'), 0.6608511032285245), ((2, 'cn.txt'), 0.24104632837657067), ((14, 'mc_cn_r.txt'), 0.16772138475508902), ((7, 't.txt'), -0.11225402217177087), ((17, 't_mc_l.txt'), 0.10575304840296014), ((15, 'mk_k_r.txt'), 0.09598751496921043), ((3, 'k.txt'), 0.07131742666744018), ((11, 'mk_ci_pure.txt'), -0.04012829873045122), ((10, 'mc_ci_pure.txt'), -0.036323451670183506), ((9, 'n_an_pure.txt'), 0.032213594637889496), ((12, 'n_ci_pure.txt'), -0.012463790121740393), ((8, 'ci_an_pure.txt'), 0.011378643001891463), ((18, 't_mk_l.txt'), 0.0113502031216998)]
INFO:root:Max absolute value 1: (9, 13) - Value: -6.124415457916134
Max absolute value 2: (9, 10) - Value: -5.849848321549035
Max absolute value 3: (9, 12) - Value: -4.528005025758481
Max absolute value 4: (8, 11) - Value: -1.3278836000547374
Max absolute value 5: (8, 12) - Value: -1.2770642313498772

INFO:root:Sobol's solving time: 514.2485241889954(s)
INFO:root:
########## Robust Query Optimization ############ 

INFO:root:Original optimal plan id is 15
INFO:root:Instance id = None, Error div = 2, bandwidth = 1.0, tolerance = 0.2, have 50 samples.
INFO:root:Cost of 21 plan: 	[(0, 50284.03), (1, 100060.09), (2, 179037.9), (3, 70382.85), (4, 70159.36), (5, 71902.15), (6, 71678.66), (7, 69958.99), (8, 71478.29), (9, 148936.81), (10, 99466.07), (11, 178443.89), (12, 233654.17), (13, 25456.29), (14, 26176.4), (15, 24891.68), (16, 84772.11), (17, 55136.54), (18, 56655.83), (19, 54671.02), (20, 56190.31)]
INFO:root:Sensitive predicates: [3, 13]
INFO:root:The number of samples to calculate expected penalty = 50.
INFO:root:### Best plan by exp penalty: [9], overhead 69.99993300437927s
INFO:root:exp_penalty_w_tol: 	[(0, 561747), (1, 218415), (2, 88803), (3, 95022), (4, 95556), (5, 106208), (6, 107278), (7, 194760), (8, 205857), (9, 67981), (10, 215476), (11, 84739), (12, 150857), (13, 434976), (14, 930844), (15, 1435511), (16, 433747), (17, 138578), (18, 149251), (19, 410257), (20, 421654)]
INFO:root:### Best plan by std penalty: [9], overhead 69.99993300437927s
INFO:root:std_penalty: 	[(0, 1693907.4598263728), (1, 647753.9375622562), (2, 46977.76958225651), (3, 220318.79540982476), (4, 223020.78816332234), (5, 240276.13066576514), (6, 242779.51435760994), (7, 674370.2475083482), (8, 688546.2309035106), (9, 43505.039903738245), (10, 654198.7291835583), (11, 46631.73004724369), (12, 67469.37476017508), (13, 939776.966734137), (14, 2770469.0693910923), (15, 4456536.227399361), (16, 1355991.643480694), (17, 325706.3509832689), (18, 345955.5011657247), (19, 1383012.1490023623), (20, 1396857.4233439404)]
INFO:root:### Best plan by prob of penalized: [7], overhead 69.99993300437927s
INFO:root:std_penalty: 	[(0, 0.84), (1, 0.8), (2, 0.86), (3, 0.7), (4, 0.7), (5, 0.76), (6, 0.78), (7, 0.34), (8, 0.48), (9, 0.88), (10, 0.8), (11, 0.84), (12, 0.96), (13, 0.88), (14, 0.82), (15, 0.86), (16, 0.98), (17, 0.76), (18, 0.76), (19, 0.48), (20, 0.58)]
