INFO:root:
########## Robust Query Optimization ############ 

INFO:root:Sobol: Sample size N = 256, b = 0.5
INFO:root:Recentered plan cost = 19626.87, plan is: /*+
SeqScan(k)
IndexScan(mk)
IndexScan(mc)
SeqScan(cn)
IndexScan(ci)
IndexScan(n)
IndexOnlyScan(t)
NestLoop ( k mk )
NestLoop ( k mk mc )
HashJoin ( k mk mc cn )
NestLoop ( k mk mc cn ci )
NestLoop ( k mk mc cn ci n )
NestLoop ( k mk mc cn ci n t )
Leading ( ( ( ( ( ( ( k mk ) mc ) cn ) ci ) n ) t ) ) */
INFO:root:Sobols samples size: 6656
INFO:root:[((11, 'mc_cn_r.txt'), 1.8031925231572639), ((7, 'ci_mc__q17.txt'), -0.04753057754236754), ((12, 'mk_k_r.txt'), 0.03610055277714615), ((8, 'mk_ci__q17.txt'), -0.019575418299647936), ((2, 'k.txt'), 0.01341320284173179), ((1, 'cn.txt'), -0.006179468987779007), ((13, 'mk_mc__q2.txt'), 0.0021542477307890957), ((5, 'n.txt'), -0.0010023058960801513), ((9, 'n_ci_l.txt'), -0.00031748701467984873), ((10, 't_ci__n.txt'), 0.00029974302041911463), ((14, 't_mc__cn.txt'), 5.303074523364134e-05), ((15, 't_mk__k.txt'), -9.84732052239995e-06)]
INFO:root:Max absolute value 1: (4, 7) - Value: 3.339083077935356
Max absolute value 2: (3, 7) - Value: 2.034028803951898
Max absolute value 3: (7, 8) - Value: -1.6582443277877814
Max absolute value 4: (7, 10) - Value: -1.5572085388400807
Max absolute value 5: (7, 11) - Value: -1.5570204001537205

INFO:root:Sobols samples size: 3328
INFO:root:[((11, 'mc_cn_r.txt'), 2.4601971449759716), ((7, 'ci_mc__q17.txt'), -0.06527855938949376), ((12, 'mk_k_r.txt'), 0.038277542098811804), ((8, 'mk_ci__q17.txt'), -0.03109603792949529), ((1, 'cn.txt'), -0.02302391267553236), ((2, 'k.txt'), 0.014532264706869328), ((13, 'mk_mc__q2.txt'), 0.0037125017277060777), ((5, 'n.txt'), -0.001704291135182189), ((9, 'n_ci_l.txt'), -0.0004358911645741886), ((10, 't_ci__n.txt'), 0.0002459804909962293), ((14, 't_mc__cn.txt'), 0.00013667602042566725), ((15, 't_mk__k.txt'), -1.6902748009184423e-06)]
INFO:root:Max absolute value 1: (4, 7) - Value: 4.614837173144863
Max absolute value 2: (3, 7) - Value: 2.805033322058218
Max absolute value 3: (7, 8) - Value: -2.4017653601115994
Max absolute value 4: (7, 9) - Value: -2.3464057937148906
Max absolute value 5: (7, 10) - Value: -2.3345234408691047

INFO:root:Sobols samples size: 1664
INFO:root:[((11, 'mc_cn_r.txt'), 2.7301883984253688), ((7, 'ci_mc__q17.txt'), -0.0765749825326847), ((8, 'mk_ci__q17.txt'), -0.035856746262845074), ((12, 'mk_k_r.txt'), 0.03201350434244963), ((2, 'k.txt'), 0.019369547349291947), ((1, 'cn.txt'), -0.012433326391513434), ((13, 'mk_mc__q2.txt'), 0.0031174881734959974), ((5, 'n.txt'), -0.0024099458513542325), ((9, 'n_ci_l.txt'), -0.0005018103734545334), ((14, 't_mc__cn.txt'), 0.00020841346729029986), ((10, 't_ci__n.txt'), 0.00010386875684855922), ((15, 't_mk__k.txt'), -3.4789813476359707e-07)]
INFO:root:Max absolute value 1: (4, 7) - Value: 5.305329129684589
Max absolute value 2: (3, 7) - Value: 3.152041552559966
Max absolute value 3: (7, 8) - Value: -2.662782240265834
Max absolute value 4: (7, 9) - Value: -2.595786292769682
Max absolute value 5: (7, 10) - Value: -2.582972109567312

INFO:root:Sobols samples size: 832
INFO:root:[((11, 'mc_cn_r.txt'), 2.787453404395472), ((7, 'ci_mc__q17.txt'), -0.09910555880857454), ((12, 'mk_k_r.txt'), 0.04841394977609796), ((2, 'k.txt'), 0.034315123704393616), ((8, 'mk_ci__q17.txt'), -0.02689327133738174), ((1, 'cn.txt'), -0.01277097023053939), ((13, 'mk_mc__q2.txt'), 0.005081180616113165), ((5, 'n.txt'), -0.0029325048875015777), ((9, 'n_ci_l.txt'), -0.0005062127525384149), ((14, 't_mc__cn.txt'), 0.0003049742763167163), ((10, 't_ci__n.txt'), 0.00016604190938368564), ((15, 't_mk__k.txt'), 0.0)]
INFO:root:Max absolute value 1: (4, 7) - Value: 5.566752017654422
Max absolute value 2: (3, 7) - Value: 3.3284688325665286
Max absolute value 3: (7, 8) - Value: -2.7030698264141906
Max absolute value 4: (7, 9) - Value: -2.631619283311527
Max absolute value 5: (7, 10) - Value: -2.618198508293166

INFO:root:Sobols samples size: 416
INFO:root:[((11, 'mc_cn_r.txt'), 10.992592151828468), ((8, 'mk_ci__q17.txt'), -0.2695977748813287), ((7, 'ci_mc__q17.txt'), -0.17962449596204952), ((12, 'mk_k_r.txt'), 0.08800988400114912), ((1, 'cn.txt'), -0.022402908505531845), ((13, 'mk_mc__q2.txt'), -0.013735092036099185), ((5, 'n.txt'), -0.01286825143939005), ((9, 'n_ci_l.txt'), -0.0020436585207197497), ((2, 'k.txt'), 0.0017543307980987441), ((14, 't_mc__cn.txt'), 0.001303603486436885), ((10, 't_ci__n.txt'), 0.000980517309000405), ((15, 't_mk__k.txt'), 0.0)]
INFO:root:Max absolute value 1: (4, 7) - Value: 22.418119129778212
Max absolute value 2: (3, 7) - Value: 13.114847910075415
Max absolute value 3: (7, 8) - Value: -11.184893092177582
Max absolute value 4: (7, 10) - Value: -11.054314570684676
Max absolute value 5: (7, 11) - Value: -11.05315008994685

INFO:root:Sobols samples size: 208
INFO:root:[((11, 'mc_cn_r.txt'), 10.942801981020683), ((8, 'mk_ci__q17.txt'), -0.3089308510726833), ((7, 'ci_mc__q17.txt'), -0.15996148038577723), ((12, 'mk_k_r.txt'), 0.15106495085725183), ((1, 'cn.txt'), 0.040520487785223824), ((13, 'mk_mc__q2.txt'), -0.028213423690268358), ((5, 'n.txt'), -0.018307956117176345), ((9, 'n_ci_l.txt'), -0.002018264365038885), ((10, 't_ci__n.txt'), 0.0017732787597914922), ((14, 't_mc__cn.txt'), 0.0016620717681710988), ((2, 'k.txt'), 8.648948065523873e-05), ((15, 't_mk__k.txt'), 0.0)]
INFO:root:Max absolute value 1: (4, 7) - Value: 24.061092224320628
Max absolute value 2: (3, 7) - Value: 14.028512770316475
Max absolute value 3: (7, 8) - Value: -11.052178040426542
Max absolute value 4: (7, 10) - Value: -10.910091995380258
Max absolute value 5: (7, 11) - Value: -10.908960992618153

INFO:root:Sobols samples size: 104
INFO:root:[((8, 'mk_ci__q17.txt'), 3.6751191648116777), ((12, 'mk_k_r.txt'), 2.611439124233262), ((1, 'cn.txt'), -1.969079672853914), ((10, 't_ci__n.txt'), -0.8437394931706192), ((11, 'mc_cn_r.txt'), 0.7681071055553222), ((7, 'ci_mc__q17.txt'), -0.3540245230624962), ((13, 'mk_mc__q2.txt'), 0.3079881244602925), ((14, 't_mc__cn.txt'), -0.14781672636766952), ((2, 'k.txt'), -0.003098806421592874), ((5, 'n.txt'), -0.0007557276937576042), ((9, 'n_ci_l.txt'), -0.00016164341358194755), ((15, 't_mk__k.txt'), 0.0)]
INFO:root:Max absolute value 1: (0, 4) - Value: 33.818464657967
Max absolute value 2: (3, 4) - Value: 28.511844623444922
Max absolute value 3: (0, 8) - Value: 27.280991269546586
Max absolute value 4: (3, 8) - Value: 22.633372017991572
Max absolute value 5: (4, 8) - Value: -8.90145716827595

INFO:root:Sobol's solving time: 377.0873649120331(s)
INFO:root:
########## Robust Query Optimization ############ 

INFO:root:Original optimal plan id is 5
INFO:root:Instance id = None, Error div = 2, bandwidth = 0.5, tolerance = 0.2, have 50 samples.
INFO:root:Cost of 6 plan: 	[(0, 337919.66), (1, 138134.1), (2, 130368.3), (3, 130368.17), (4, 75788.74), (5, 49560.88)]
INFO:root:Sensitive predicates: [7, 11]
INFO:root:The number of samples to calculate expected penalty = 50.
INFO:root:### Best plan by exp penalty: [5], overhead 17.40401840209961s
INFO:root:exp_penalty_w_tol: 	[(0, 495636), (1, 188214), (2, 178442), (3, 178399), (4, 71126), (5, 32828)]
INFO:root:### Best plan by std penalty: [5], overhead 17.40401840209961s
INFO:root:std_penalty: 	[(0, 542907.5136447187), (1, 121519.67132149833), (2, 114086.18372391329), (3, 114110.58021734853), (4, 30414.498021995776), (5, 553.2972472776268)]
INFO:root:### Best plan by prob of penalized: [0, 1, 2, 3, 4, 5], overhead 17.40401840209961s
INFO:root:std_penalty: 	[(0, 1.0), (1, 1.0), (2, 1.0), (3, 1.0), (4, 1.0), (5, 1.0)]
