INFO:root:
########## Robust Query Optimization ############ 

INFO:root:Sobol: Sample size N = 256, b = 0.5
INFO:root:Recentered plan cost = 11038.84, plan is: /*+
SeqScan(cn)
IndexScan(mc)
IndexScan(mk)
IndexScan(k)
IndexScan(t)
NestLoop ( cn mc )
NestLoop ( cn mc mk )
NestLoop ( cn mc mk k )
NestLoop ( cn mc mk k t )
Leading ( ( ( ( ( cn mc ) mk ) k ) t ) ) */
INFO:root:Sobols samples size: 4096
INFO:root:[((5, 'mc_cn_r.txt'), 1.4183799694548491), ((0, 'cn.txt'), -0.012088311471259432), ((7, 'mk_mc__q2.txt'), 0.009280385943145274), ((8, 't_mc__cn.txt'), 0.00054731049009382), ((1, 'k.txt'), 0.0005025519502550896), ((6, 'mk_k_r.txt'), 0.00015196267833518667), ((9, 't_mk__k.txt'), -1.0648948047472545e-05)]
INFO:root:Max absolute value 1: (2, 4) - Value: -1.3158070226504792
Max absolute value 2: (2, 3) - Value: -1.1900402133517187
Max absolute value 3: (2, 5) - Value: -1.1877145516265382
Max absolute value 4: (2, 6) - Value: -1.1875837548743062
Max absolute value 5: (0, 2) - Value: 0.7239244855328435

INFO:root:Sobols samples size: 2048
INFO:root:[((5, 'mc_cn_r.txt'), 1.5938197659195168), ((0, 'cn.txt'), -0.002356133261099791), ((7, 'mk_mc__q2.txt'), 0.0016435558709007793), ((8, 't_mc__cn.txt'), 0.000712136531210168), ((1, 'k.txt'), 0.00014906191461239098), ((6, 'mk_k_r.txt'), -8.505796366846773e-05), ((9, 't_mk__k.txt'), -1.6708987214400932e-05)]
INFO:root:Max absolute value 1: (2, 4) - Value: -1.529532206404784
Max absolute value 2: (2, 5) - Value: -1.5236452723165854
Max absolute value 3: (2, 3) - Value: -1.523637251763948
Max absolute value 4: (2, 6) - Value: -1.523290872203392
Max absolute value 5: (0, 2) - Value: 0.23255057740055918

INFO:root:Sobols samples size: 1024
INFO:root:[((5, 'mc_cn_r.txt'), 1.0687760026384034), ((0, 'cn.txt'), -0.003798007068547806), ((7, 'mk_mc__q2.txt'), 0.002897257763847548), ((8, 't_mc__cn.txt'), 0.0005896758146811429), ((1, 'k.txt'), -0.0001188608073771399), ((6, 'mk_k_r.txt'), -2.557641391923215e-05), ((9, 't_mk__k.txt'), 0.0)]
INFO:root:Max absolute value 1: (2, 4) - Value: -1.0235152780917338
Max absolute value 2: (2, 5) - Value: -1.0075406152299498
Max absolute value 3: (2, 3) - Value: -1.007463246979928
Max absolute value 4: (2, 6) - Value: -1.0074307995182106
Max absolute value 5: (0, 2) - Value: -0.4453801147194407

INFO:root:Sobols samples size: 512
INFO:root:[((5, 'mc_cn_r.txt'), 1.078263311922758), ((0, 'cn.txt'), -0.0028788752086899997), ((7, 'mk_mc__q2.txt'), 0.0026287852150031483), ((8, 't_mc__cn.txt'), 0.0006394020327610256), ((1, 'k.txt'), -0.00011925383876307971), ((6, 'mk_k_r.txt'), 1.0065242283589509e-05), ((9, 't_mk__k.txt'), 0.0)]
INFO:root:Max absolute value 1: (2, 4) - Value: -1.0253121673651422
Max absolute value 2: (2, 5) - Value: -1.0213919450119713
Max absolute value 3: (2, 3) - Value: -1.020692330983554
Max absolute value 4: (2, 6) - Value: -1.0206907052870384
Max absolute value 5: (0, 2) - Value: -0.4490630857728114

INFO:root:Sobols samples size: 256
INFO:root:[((5, 'mc_cn_r.txt'), 2.5363495058757226), ((0, 'cn.txt'), -0.10722859345543066), ((7, 'mk_mc__q2.txt'), 0.058497679906083795), ((8, 't_mc__cn.txt'), -0.005166175639817616), ((1, 'k.txt'), 0.0005891042406577879), ((6, 'mk_k_r.txt'), 0.0005732132000173168), ((9, 't_mk__k.txt'), 0.0)]
INFO:root:Max absolute value 1: (2, 4) - Value: -2.3274884405138825
Max absolute value 2: (2, 6) - Value: -2.1197561204424056
Max absolute value 3: (2, 3) - Value: -2.119529329695939
Max absolute value 4: (2, 5) - Value: -2.1159453311731
Max absolute value 5: (0, 2) - Value: -0.343853633605645

INFO:root:Sobols samples size: 128
INFO:root:[((5, 'mc_cn_r.txt'), 9.937557617621417), ((7, 'mk_mc__q2.txt'), 0.0150407673745027), ((8, 't_mc__cn.txt'), -0.008019702247088058), ((0, 'cn.txt'), 0.0034401792318000716), ((1, 'k.txt'), 0.0013041442691355892), ((6, 'mk_k_r.txt'), 0.0011166140963001943), ((9, 't_mk__k.txt'), 0.0)]
INFO:root:Max absolute value 1: (2, 3) - Value: -9.624938746607867
Max absolute value 2: (2, 6) - Value: -9.62470207260044
Max absolute value 3: (2, 5) - Value: -9.624243686623831
Max absolute value 4: (2, 4) - Value: -9.60991134725616
Max absolute value 5: (1, 2) - Value: 2.7077103040196366

INFO:root:Sobol's solving time: 191.28278398513794(s)
INFO:root:
########## Robust Query Optimization ############ 

INFO:root:Original optimal plan id is 0
INFO:root:Instance id = None, Error div = 2, bandwidth = 0.5, tolerance = 0.2, have 50 samples.
INFO:root:Cost of 6 plan: 	[(0, 11145.45), (1, 14254.34), (2, 11222.43), (3, 14331.32), (4, 23441.08), (5, 36636.1)]
INFO:root:Sensitive predicates: [0, 5]
INFO:root:The number of samples to calculate expected penalty = 50.
INFO:root:### Best plan by exp penalty: [1], overhead 14.287671089172363s
INFO:root:exp_penalty_w_tol: 	[(0, 4888), (1, 2682), (2, 5117), (3, 3041), (4, 11179), (5, 27222)]
INFO:root:### Best plan by std penalty: [4], overhead 14.287671089172363s
INFO:root:std_penalty: 	[(0, 22553.42503537829), (1, 4485.75914480417), (2, 23506.65784525984), (3, 5837.007041235461), (4, 3086.991905662216), (5, 11568.99399676287)]
INFO:root:### Best plan by prob of penalized: [0, 2], overhead 14.287671089172363s
INFO:root:std_penalty: 	[(0, 0.12), (1, 0.64), (2, 0.12), (3, 0.66), (4, 0.96), (5, 1.0)]
