INFO:root:
########## Robust Query Optimization ############ 

INFO:root:Sobol: Sample size N = 256, b = 0.5
INFO:root:Recentered plan cost = 312457.7, plan is: /*+
IndexScan(t)
SeqScan(mi_idx)
SeqScan(it2)
IndexScan(ci)
IndexScan(n)
IndexScan(mi)
SeqScan(it1)
HashJoin ( mi_idx it2 )
MergeJoin ( t mi_idx it2 )
NestLoop ( t mi_idx it2 ci )
NestLoop ( t mi_idx it2 ci n )
NestLoop ( t mi_idx it2 ci n mi )
HashJoin ( t mi_idx it2 ci n mi it1 )
Leading ( ( ( ( ( ( t ( mi_idx it2 ) ) ci ) n ) mi ) it1 ) ) */
INFO:root:Sobols samples size: 6144
INFO:root:[((12, 'mi_idx_it_r.txt'), 0.4818980448992922), ((15, 't_mi_idx__it.txt'), 0.2552308232910309), ((9, 'n_ci_both.txt'), 0.00862137398016025), ((8, 'mi_idx_ci_r.txt'), 0.0062256594427990385), ((10, 't_ci_r.txt'), 0.004888314548661084), ((5, 'n.txt'), -0.004049634125441792), ((11, 'mi_it_r.txt'), 0.0017157977219318314), ((14, 't_mi__it.txt'), -0.0008809995444827076), ((13, 'mi_idx_mi__it.txt'), -0.0007120877319170985), ((0, 'ci.txt'), 0.0002647916839091367), ((7, 'mi_mc_pure.txt'), -4.5314627018465354e-05)]
INFO:root:Max absolute value 1: (7, 9) - Value: -0.10160611089045954
Max absolute value 2: (7, 8) - Value: -0.10089202258059983
Max absolute value 3: (7, 10) - Value: 0.07805216735900172
Max absolute value 4: (3, 4) - Value: -0.02774009159030578
Max absolute value 5: (5, 7) - Value: 0.027684570394811536

INFO:root:Sobols samples size: 3072
INFO:root:[((12, 'mi_idx_it_r.txt'), 0.5290998566085001), ((15, 't_mi_idx__it.txt'), 0.20605166060564545), ((8, 'mi_idx_ci_r.txt'), 0.012395733807460943), ((10, 't_ci_r.txt'), 0.012117955430082905), ((9, 'n_ci_both.txt'), 0.011584976431560777), ((5, 'n.txt'), -0.008566544986776028), ((11, 'mi_it_r.txt'), 0.00389867239030173), ((0, 'ci.txt'), -0.0009558352898234325), ((13, 'mi_idx_mi__it.txt'), -0.00045463132390911746), ((14, 't_mi__it.txt'), -0.00014398544630421162), ((7, 'mi_mc_pure.txt'), 3.663598895825917e-05)]
INFO:root:Max absolute value 1: (7, 9) - Value: -0.17461189759176718
Max absolute value 2: (7, 8) - Value: -0.17426472270229165
Max absolute value 3: (3, 4) - Value: -0.04207487140201875
Max absolute value 4: (3, 9) - Value: -0.038207537494155806
Max absolute value 5: (3, 8) - Value: -0.03818967325649534

INFO:root:Sobols samples size: 1536
INFO:root:[((12, 'mi_idx_it_r.txt'), 0.6210025260408637), ((15, 't_mi_idx__it.txt'), 0.25958059423347396), ((10, 't_ci_r.txt'), 0.03661152843112661), ((0, 'ci.txt'), -0.009771350060997734), ((8, 'mi_idx_ci_r.txt'), -0.006201680067988167), ((5, 'n.txt'), -0.004886007083541903), ((9, 'n_ci_both.txt'), 0.002217626198944681), ((11, 'mi_it_r.txt'), 0.00122494598722615), ((14, 't_mi__it.txt'), 0.0002632678578804071), ((13, 'mi_idx_mi__it.txt'), 0.0002243296889973488), ((7, 'mi_mc_pure.txt'), 4.4995453249793255e-06)]
INFO:root:Max absolute value 1: (7, 10) - Value: 0.3741499470951309
Max absolute value 2: (7, 9) - Value: -0.13281032668298073
Max absolute value 3: (7, 8) - Value: -0.1321615271483327
Max absolute value 4: (3, 7) - Value: 0.04452484707174864
Max absolute value 5: (5, 7) - Value: -0.03351174967921344

INFO:root:Sobols samples size: 768
INFO:root:[((12, 'mi_idx_it_r.txt'), 0.6369274069268479), ((15, 't_mi_idx__it.txt'), 0.2525056008103472), ((10, 't_ci_r.txt'), 0.007317673767005075), ((8, 'mi_idx_ci_r.txt'), -0.006265989239020601), ((0, 'ci.txt'), 0.005110833196236957), ((9, 'n_ci_both.txt'), 0.0039030231047101575), ((5, 'n.txt'), -0.0028490892439352023), ((11, 'mi_it_r.txt'), 0.0016164580187803114), ((13, 'mi_idx_mi__it.txt'), -0.00035505948739456434), ((7, 'mi_mc_pure.txt'), -0.00016404192519429723), ((14, 't_mi__it.txt'), -9.426254146163645e-06)]
INFO:root:Max absolute value 1: (7, 10) - Value: 0.2065493689169841
Max absolute value 2: (7, 8) - Value: 0.054565719915388285
Max absolute value 3: (7, 9) - Value: 0.053813598831359645
Max absolute value 4: (3, 7) - Value: 0.02428685919682194
Max absolute value 5: (3, 10) - Value: 0.017151756520973005

INFO:root:Sobols samples size: 384
INFO:root:[((12, 'mi_idx_it_r.txt'), 0.6495017212863059), ((15, 't_mi_idx__it.txt'), 0.2594734956748173), ((0, 'ci.txt'), 0.009680277068537177), ((5, 'n.txt'), -0.00711671400239796), ((9, 'n_ci_both.txt'), 0.0039006473608739762), ((10, 't_ci_r.txt'), 0.0026172836837243672), ((11, 'mi_it_r.txt'), 0.0012557101610013305), ((8, 'mi_idx_ci_r.txt'), 0.00047694587522690174), ((7, 'mi_mc_pure.txt'), 1.3379973907849435e-05), ((13, 'mi_idx_mi__it.txt'), -1.8215154552983097e-09), ((14, 't_mi__it.txt'), 0.0)]
INFO:root:Max absolute value 1: (7, 10) - Value: 0.10768314517160954
Max absolute value 2: (7, 9) - Value: -0.06234918885713603
Max absolute value 3: (7, 8) - Value: -0.06234918505301705
Max absolute value 4: (3, 7) - Value: 0.029333001123647673
Max absolute value 5: (5, 10) - Value: 0.02591112473463769

INFO:root:Sobols samples size: 192
INFO:root:[((12, 'mi_idx_it_r.txt'), 0.6086718293840662), ((15, 't_mi_idx__it.txt'), 0.3013152100294791), ((0, 'ci.txt'), 0.007100296714875143), ((8, 'mi_idx_ci_r.txt'), -0.00575115347362681), ((10, 't_ci_r.txt'), -0.0029861455511116766), ((9, 'n_ci_both.txt'), -0.000497453472256349), ((5, 'n.txt'), 0.0002986626783939168), ((7, 'mi_mc_pure.txt'), -1.5123755176513354e-05), ((11, 'mi_it_r.txt'), 7.75044527799563e-06), ((13, 'mi_idx_mi__it.txt'), -2.0284203194974262e-09), ((14, 't_mi__it.txt'), 0.0)]
INFO:root:Max absolute value 1: (7, 10) - Value: 0.16510816437709924
Max absolute value 2: (7, 8) - Value: 0.1332539732095006
Max absolute value 3: (7, 9) - Value: 0.1332539677416501
Max absolute value 4: (3, 7) - Value: 0.06027809972161624
Max absolute value 5: (5, 10) - Value: 0.04521882316501741

INFO:root:Sobol's solving time: 346.33969712257385(s)
INFO:root:
########## Robust Query Optimization ############ 

INFO:root:Original optimal plan id is 1
INFO:root:Instance id = None, Error div = 2, bandwidth = 0.5, tolerance = 0.2, have 50 samples.
INFO:root:Cost of 8 plan: 	[(0, 468307.86), (1, 468013.42), (2, 469454.86), (3, 508028.37), (4, 540102.72), (5, 2469852.55), (6, 2469409.68), (7, 2592034.08)]
INFO:root:Sensitive predicates: [12, 15]
INFO:root:The number of samples to calculate expected penalty = 50.
INFO:root:### Best plan by exp penalty: [3], overhead 22.674031257629395s
INFO:root:exp_penalty_w_tol: 	[(0, 189607), (1, 187907), (2, 212528), (3, 179129), (4, 217533), (5, 1914970), (6, 1912418), (7, 1940465)]
INFO:root:### Best plan by std penalty: [2], overhead 22.674031257629395s
INFO:root:std_penalty: 	[(0, 148262.17796991658), (1, 149134.5766809561), (2, 137463.6879015884), (3, 182212.01152542053), (4, 171766.02391709664), (5, 164852.29317938996), (6, 166366.19017231566), (7, 171764.22594894862)]
INFO:root:### Best plan by prob of penalized: [3], overhead 22.674031257629395s
INFO:root:std_penalty: 	[(0, 1.0), (1, 1.0), (2, 1.0), (3, 0.8), (4, 1.0), (5, 1.0), (6, 1.0), (7, 1.0)]
