INFO:root:
########## Robust Query Optimization ############ 

INFO:root:Sobol: Sample size N = 256, b = 1.0
INFO:root:Recentered plan cost = 6480.16, plan is: /*+
SeqScan(cn)
IndexScan(mc)
IndexScan(t)
IndexScan(mk)
IndexScan(ci)
IndexOnlyScan(n)
IndexScan(an)
IndexScan(k)
NestLoop ( cn mc )
NestLoop ( cn mc t )
NestLoop ( cn mc t mk )
NestLoop ( cn mc t mk ci )
NestLoop ( cn mc t mk ci n )
NestLoop ( cn mc t mk ci n an )
NestLoop ( cn mc t mk ci n an k )
Leading ( ( ( ( ( ( ( ( cn mc ) t ) mk ) ci ) n ) an ) k ) ) */
INFO:root:Sobols samples size: 7680
INFO:root:[((14, 'mc_cn_r.txt'), 0.39485902332940837), ((11, 'mk_ci_pure.txt'), 0.03446556411392406), ((15, 'mk_k_r.txt'), 0.026425276808097975), ((7, 't.txt'), 0.019647410529067277), ((13, 't_ci_l.txt'), 0.012955898313864574), ((3, 'k.txt'), 0.012114269894086437), ((12, 'n_ci_pure.txt'), 0.01093219724610375), ((2, 'cn.txt'), -0.006483015414271841), ((9, 'n_an_pure.txt'), -0.0033695198857087083), ((8, 'ci_an_pure.txt'), -0.002396378545977816), ((10, 'mc_ci_pure.txt'), 0.0009250211072188682), ((16, 'mk_mc__q2.txt'), -0.0005039063047230943), ((17, 't_mc_l.txt'), 0.00035954350218195697), ((18, 't_mk_l.txt'), 8.278261976236699e-07)]
INFO:root:Max absolute value 1: (8, 9) - Value: 2.057611265765814
Max absolute value 2: (0, 9) - Value: 0.8410230089346912
Max absolute value 3: (6, 9) - Value: -0.26503584955928516
Max absolute value 4: (9, 10) - Value: -0.2427588664979026
Max absolute value 5: (9, 12) - Value: -0.21649643066461105

INFO:root:Sobols samples size: 3840
INFO:root:[((14, 'mc_cn_r.txt'), 0.046735618238221276), ((15, 'mk_k_r.txt'), 0.0457879609373392), ((13, 't_ci_l.txt'), 0.03628631765622588), ((11, 'mk_ci_pure.txt'), 0.030630172478186727), ((7, 't.txt'), -0.02788353441898613), ((3, 'k.txt'), 0.0160434284768074), ((12, 'n_ci_pure.txt'), 0.012408220661985405), ((2, 'cn.txt'), -0.008730183070996614), ((8, 'ci_an_pure.txt'), -0.0053348500413669475), ((9, 'n_an_pure.txt'), -0.002787443625344508), ((10, 'mc_ci_pure.txt'), 0.0012787844267370051), ((17, 't_mc_l.txt'), -0.0001448659486959571), ((16, 'mk_mc__q2.txt'), -0.00014015250085428618), ((18, 't_mk_l.txt'), 1.5403965817560335e-06)]
INFO:root:Max absolute value 1: (2, 5) - Value: 0.2424530458364363
Max absolute value 2: (9, 10) - Value: 0.22405071254852324
Max absolute value 3: (9, 12) - Value: 0.21661098776499269
Max absolute value 4: (9, 11) - Value: 0.21602974556100196
Max absolute value 5: (9, 13) - Value: 0.2158605411186132

INFO:root:Sobols samples size: 1920
INFO:root:[((7, 't.txt'), -0.15154831289199713), ((3, 'k.txt'), 0.0605488916648827), ((15, 'mk_k_r.txt'), 0.05601203124483648), ((14, 'mc_cn_r.txt'), 0.037806100876979824), ((13, 't_ci_l.txt'), 0.03624776110649083), ((10, 'mc_ci_pure.txt'), 0.02529506670831846), ((12, 'n_ci_pure.txt'), 0.018206206366136835), ((8, 'ci_an_pure.txt'), -0.014977683428464528), ((2, 'cn.txt'), -0.005334644756146168), ((9, 'n_an_pure.txt'), 0.0030352015055528144), ((11, 'mk_ci_pure.txt'), -0.0016326221170020068), ((16, 'mk_mc__q2.txt'), -0.0003046674411068387), ((17, 't_mc_l.txt'), 1.654865829786336e-05), ((18, 't_mk_l.txt'), 4.5187459725589265e-06)]
INFO:root:Max absolute value 1: (2, 9) - Value: 0.1883394341538889
Max absolute value 2: (2, 4) - Value: 0.17481500919836643
Max absolute value 3: (2, 8) - Value: 0.1746121258907094
Max absolute value 4: (2, 11) - Value: 0.17442617019420978
Max absolute value 5: (2, 12) - Value: 0.17442249245549402

INFO:root:Sobols samples size: 960
INFO:root:[((7, 't.txt'), -0.23514940407248625), ((3, 'k.txt'), 0.09173664832220746), ((14, 'mc_cn_r.txt'), 0.06643261117602221), ((13, 't_ci_l.txt'), 0.05813058459044292), ((10, 'mc_ci_pure.txt'), 0.03855309134931458), ((12, 'n_ci_pure.txt'), 0.027487875378926413), ((8, 'ci_an_pure.txt'), -0.022184546886656383), ((15, 'mk_k_r.txt'), 0.011307723482268633), ((9, 'n_an_pure.txt'), 0.007448867506392104), ((2, 'cn.txt'), -0.007343900297569895), ((11, 'mk_ci_pure.txt'), -0.0040647730391835885), ((16, 'mk_mc__q2.txt'), -0.00043334841408255135), ((17, 't_mc_l.txt'), 0.00011683430709203908), ((18, 't_mk_l.txt'), 7.73127399452856e-06)]
INFO:root:Max absolute value 1: (2, 10) - Value: 0.25133720210857746
Max absolute value 2: (2, 4) - Value: 0.2494252943101464
Max absolute value 3: (2, 8) - Value: 0.24916959087761545
Max absolute value 4: (2, 11) - Value: 0.24901893337970218
Max absolute value 5: (2, 12) - Value: 0.24901420656217474

INFO:root:Sobols samples size: 480
INFO:root:[((3, 'k.txt'), 0.38317905259651586), ((7, 't.txt'), -0.1446493047214546), ((11, 'mk_ci_pure.txt'), -0.13456801564041623), ((8, 'ci_an_pure.txt'), -0.07441292578668367), ((14, 'mc_cn_r.txt'), 0.030277014077039786), ((10, 'mc_ci_pure.txt'), -0.02414673343344678), ((13, 't_ci_l.txt'), 0.02084007684397029), ((9, 'n_an_pure.txt'), 0.008247531629663235), ((2, 'cn.txt'), 0.00497014912419611), ((15, 'mk_k_r.txt'), 0.0029432555893278687), ((12, 'n_ci_pure.txt'), 0.0015747619619134305), ((17, 't_mc_l.txt'), 4.9183108009242615e-05), ((16, 'mk_mc__q2.txt'), 1.7351555777105744e-05), ((18, 't_mk_l.txt'), 1.9977677186362934e-06)]
INFO:root:Max absolute value 1: (4, 6) - Value: 0.6474669907490286
Max absolute value 2: (1, 5) - Value: -0.3195826369712597
Max absolute value 3: (1, 2) - Value: -0.3194141885555056
Max absolute value 4: (1, 4) - Value: -0.31940402850765953
Max absolute value 5: (1, 7) - Value: -0.3193939829829143

INFO:root:Sobols samples size: 240
INFO:root:[((11, 'mk_ci_pure.txt'), -2.1193177265385743), ((7, 't.txt'), -1.9847367750936773), ((8, 'ci_an_pure.txt'), -1.100392805104266), ((10, 'mc_ci_pure.txt'), -0.4516161624047782), ((13, 't_ci_l.txt'), 0.13861429116883267), ((9, 'n_an_pure.txt'), 0.1229326957148402), ((15, 'mk_k_r.txt'), 0.062376158237369285), ((14, 'mc_cn_r.txt'), 0.053063644875066554), ((2, 'cn.txt'), 0.02477729814660309), ((3, 'k.txt'), -0.019649927806943548), ((12, 'n_ci_pure.txt'), -0.0030659846127526454), ((16, 'mk_mc__q2.txt'), 0.0007344751140541891), ((17, 't_mc_l.txt'), 0.0007344751140541891), ((18, 't_mk_l.txt'), 3.75965168533935e-05)]
INFO:root:Max absolute value 1: (4, 6) - Value: 8.731734028623631
Max absolute value 2: (6, 10) - Value: 2.127037932831288
Max absolute value 3: (2, 10) - Value: 1.9072921274757475
Max absolute value 4: (6, 8) - Value: 1.8846517800538347
Max absolute value 5: (4, 5) - Value: 1.8627106410037277

INFO:root:Sobols samples size: 120
INFO:root:[((14, 'mc_cn_r.txt'), -0.1287003707638314), ((15, 'mk_k_r.txt'), 0.08961273538246811), ((2, 'cn.txt'), 0.03567422497925668), ((3, 'k.txt'), -0.021969837891172087), ((11, 'mk_ci_pure.txt'), -0.0016720547655202144), ((7, 't.txt'), -0.0001538015431799139), ((13, 't_ci_l.txt'), -0.0001222784243254953), ((18, 't_mk_l.txt'), 5.4131269387355244e-05), ((8, 'ci_an_pure.txt'), 3.866519241959255e-05), ((10, 'mc_ci_pure.txt'), 3.866519241959255e-05), ((9, 'n_an_pure.txt'), -3.780596592128128e-05), ((12, 'n_ci_pure.txt'), 0.0), ((16, 'mk_mc__q2.txt'), 0.0), ((17, 't_mc_l.txt'), 0.0)]
INFO:root:Max absolute value 1: (0, 9) - Value: 1.6626179587166188
Max absolute value 2: (1, 9) - Value: 1.4259083907175152
Max absolute value 3: (1, 8) - Value: 1.1512350209296118
Max absolute value 4: (1, 10) - Value: 1.1496272274131036
Max absolute value 5: (1, 6) - Value: 1.14878011039903

INFO:root:Sobol's solving time: 511.5821330547333(s)
INFO:root:
########## Robust Query Optimization ############ 

INFO:root:Original optimal plan id is 0
INFO:root:Instance id = None, Error div = 2, bandwidth = 1.0, tolerance = 0.2, have 50 samples.
INFO:root:Cost of 3 plan: 	[(0, 6478.07), (1, 6478.07), (2, 6478.07)]
INFO:root:Sensitive predicates: [11, 14]
INFO:root:The number of samples to calculate expected penalty = 50.
INFO:root:### Best plan by exp penalty: [0, 1, 2], overhead 10.627971410751343s
INFO:root:exp_penalty_w_tol: 	[(0, 0), (1, 0), (2, 0)]
INFO:root:### Best plan by std penalty: [0, 1, 2], overhead 10.627971410751343s
INFO:root:std_penalty: 	[(0, 0.0), (1, 0.0), (2, 0.0)]
INFO:root:### Best plan by prob of penalized: [0, 1, 2], overhead 10.627971410751343s
INFO:root:std_penalty: 	[(0, 0.0), (1, 0.0), (2, 0.0)]
