INFO:root:0
INFO:root:
    SELECT MIN(t.title) AS movie_title
    FROM keyword AS k,
        movie_info AS mi,
        movie_keyword AS mk,
        title AS t
    WHERE k.keyword IN ('sequel', 'revenge', 'based-on-novel')
    AND mi.info IN ('Horror', 'Thriller') AND mi.note IS NULL
    AND t.production_year = 1998 AND t.title LIKE '%Money%'
    AND t.id = mi.movie_id
    AND t.id = mk.movie_id
    AND mk.movie_id = mi.movie_id
    AND k.id = mk.keyword_id;
    
INFO:root:--- PQO: Need 0.9540826559413781 samples to be accurate, We have 50
INFO:root:Nearest query is 10
INFO:root:Current Query: ["k.keyword IN ('sequel', 'revenge', 'based-on-novel')", "mi.info IN ('Horror', 'Thriller') AND mi.note IS NULL", "t.production_year = 1998 AND t.title LIKE '%Money%'"]
INFO:root:Robust plan is 2: 117.1
INFO:root:Postgres plan: 176.0
INFO:root:1
INFO:root:
    SELECT MIN(t.title) AS movie_title
    FROM keyword AS k,
        movie_info AS mi,
        movie_keyword AS mk,
        title AS t
    WHERE k.keyword IN ('murder', 'murder-in-title', 'blood', 'violence')
    AND mi.info IN ('Sweden', 'Norway', 'Germany', 'Denmark', 'Swedish', 'Denish', 'Norwegian', 'German', 'English')
    AND t.production_year > 1990
    AND t.id = mi.movie_id
    AND t.id = mk.movie_id
    AND mk.movie_id = mi.movie_id
    AND k.id = mk.keyword_id;
    
INFO:root:--- PQO: Need 1.5636837717621859 samples to be accurate, We have 50
INFO:root:Nearest query is 5
INFO:root:Current Query: ["k.keyword IN ('murder', 'murder-in-title', 'blood', 'violence')", "mi.info IN ('Sweden', 'Norway', 'Germany', 'Denmark', 'Swedish', 'Denish', 'Norwegian', 'German', 'English')", 't.production_year > 1990']
INFO:root:Robust plan is 5: 604.8
INFO:root:Postgres plan: 800.6
INFO:root:2
INFO:root:
    SELECT MIN(t.title) AS movie_title
    FROM keyword AS k,
        movie_info AS mi,
        movie_keyword AS mk,
        title AS t
    WHERE k.keyword ='character-name-in-title'
    AND mi.info IN ('Sweden', 'Norway', 'Germany', 'Denmark', 'Swedish', 'Denish', 'Norwegian', 'German', 'USA', 'American')
    AND t.production_year BETWEEN 2000 AND 2010
    AND t.id = mi.movie_id
    AND t.id = mk.movie_id
    AND mk.movie_id = mi.movie_id
    AND k.id = mk.keyword_id;
    
INFO:root:--- PQO: Need 0.7202289756127378 samples to be accurate, We have 50
INFO:root:Nearest query is 2
INFO:root:Current Query: ["k.keyword ='character-name-in-title'", "mi.info IN ('Sweden', 'Norway', 'Germany', 'Denmark', 'Swedish', 'Denish', 'Norwegian', 'German', 'USA', 'American')", 't.production_year BETWEEN 2000 AND 2010']
INFO:root:Robust plan is 1: 559.8
INFO:root:Postgres plan: 293.2
INFO:root:3
INFO:root:
    SELECT MIN(t.title) AS movie_title
    FROM keyword AS k,
        movie_info AS mi,
        movie_keyword AS mk,
        title AS t
    WHERE k.keyword ='character-name-in-title'
    AND mi.info IN ('USA', 'America')
    AND t.production_year > 2014
    AND t.id = mi.movie_id
    AND t.id = mk.movie_id
    AND mk.movie_id = mi.movie_id
    AND k.id = mk.keyword_id;
    
INFO:root:--- PQO: Need 1.0904948042881646 samples to be accurate, We have 50
INFO:root:Nearest query is 4
INFO:root:Current Query: ["k.keyword ='character-name-in-title'", "mi.info IN ('USA', 'America')", 't.production_year > 2014']
INFO:root:Robust plan is 2: 100.7
INFO:root:Postgres plan: 144.3
INFO:root:4
INFO:root:
    SELECT MIN(t.title) AS movie_title
    FROM keyword AS k,
        movie_info AS mi,
        movie_keyword AS mk,
        title AS t
    WHERE k.keyword ='10,000-mile-club'
    AND mi.info IN ('Horror', 'Thriller')
    AND t.episode_nr < 100
    AND t.id = mi.movie_id
    AND t.id = mk.movie_id
    AND mk.movie_id = mi.movie_id
    AND k.id = mk.keyword_id;
    
INFO:root:--- PQO: Need 0.9736588431706616 samples to be accurate, We have 50
INFO:root:Nearest query is 1
INFO:root:Current Query: ["k.keyword ='10,000-mile-club'", "mi.info IN ('Horror', 'Thriller')", 't.episode_nr < 100']
INFO:root:Robust plan is 2: 486.6
INFO:root:Postgres plan: 22.0
INFO:root:5
INFO:root:
    SELECT MIN(t.title) AS movie_title
    FROM keyword AS k,
        movie_info AS mi,
        movie_keyword AS mk,
        title AS t
    WHERE k.keyword ='character-name-in-title'
    AND mi.info IN ('Horror', 'Thriller')
    AND t.production_year > 2000
    AND t.id = mi.movie_id
    AND t.id = mk.movie_id
    AND mk.movie_id = mi.movie_id
    AND k.id = mk.keyword_id;
    
INFO:root:--- PQO: Need 1.0 samples to be accurate, We have 50
INFO:root:Nearest query is 1
INFO:root:Current Query: ["k.keyword ='character-name-in-title'", "mi.info IN ('Horror', 'Thriller')", 't.production_year > 2000']
INFO:root:Robust plan is 2: 541.5
INFO:root:Postgres plan: 270.5
INFO:root:6
INFO:root:
    SELECT MIN(t.title) AS movie_title
    FROM keyword AS k,
        movie_info AS mi,
        movie_keyword AS mk,
        title AS t
    WHERE k.keyword IN ('murder', 'murder-in-title', 'blood', 'violence')
    AND mi.note LIKE '%internet%' AND mi.info IS NOT NULL AND (mi.info LIKE 'USA:% 199%' OR mi.info LIKE 'USA:% 200%')
    AND t.production_year >2010
    AND t.id = mi.movie_id
    AND t.id = mk.movie_id
    AND mk.movie_id = mi.movie_id
    AND k.id = mk.keyword_id;
    
INFO:root:--- PQO: Need 5.082107277432205 samples to be accurate, We have 50
INFO:root:Nearest query is 3
INFO:root:Current Query: ["k.keyword IN ('murder', 'murder-in-title', 'blood', 'violence')", "mi.note LIKE '%internet%' AND mi.info IS NOT NULL AND (mi.info LIKE 'USA:% 199%' OR mi.info LIKE 'USA:% 200%')", 't.production_year >2010']
INFO:root:Robust plan is 3: 490.8
INFO:root:Postgres plan: 204.1
INFO:root:7
INFO:root:
    SELECT MIN(t.title) AS movie_title
    FROM keyword AS k,
        movie_info AS mi,
        movie_keyword AS mk,
        title AS t
    WHERE k.keyword IN ('superhero', 'marvel-comics', 'based-on-comic', 'tv-special', 'fight', 'violence', 'magnet', 'web', 'claw', 'laser')
    AND mi.info IN ('Sweden', 'Norway', 'Germany', 'Denmark', 'Swedish', 'Denish', 'Norwegian', 'German', 'USA', 'American')
    AND t.production_year > 2000
    AND t.id = mi.movie_id
    AND t.id = mk.movie_id
    AND mk.movie_id = mi.movie_id
    AND k.id = mk.keyword_id;
    
INFO:root:--- PQO: Need 0.9999999999999997 samples to be accurate, We have 50
INFO:root:Nearest query is 5
INFO:root:Current Query: ["k.keyword IN ('superhero', 'marvel-comics', 'based-on-comic', 'tv-special', 'fight', 'violence', 'magnet', 'web', 'claw', 'laser')", "mi.info IN ('Sweden', 'Norway', 'Germany', 'Denmark', 'Swedish', 'Denish', 'Norwegian', 'German', 'USA', 'American')", 't.production_year > 2000']
INFO:root:Robust plan is 5: 481.1
INFO:root:Postgres plan: 409.5
INFO:root:8
INFO:root:
    SELECT MIN(t.title) AS movie_title
    FROM keyword AS k,
        movie_info AS mi,
        movie_keyword AS mk,
        title AS t
    WHERE k.keyword ='sequel'
    AND mi.info IS NOT NULL AND (mi.info LIKE 'Japan:%2007%' OR mi.info LIKE 'USA:%2008%')
    AND t.production_year > 2005
    AND t.id = mi.movie_id
    AND t.id = mk.movie_id
    AND mk.movie_id = mi.movie_id
    AND k.id = mk.keyword_id;
    
INFO:root:--- PQO: Need 1.1854816148434582 samples to be accurate, We have 50
INFO:root:Nearest query is 1
INFO:root:Current Query: ["k.keyword ='sequel'", "mi.info IS NOT NULL AND (mi.info LIKE 'Japan:%2007%' OR mi.info LIKE 'USA:%2008%')", 't.production_year > 2005']
INFO:root:Robust plan is 2: 539.8
INFO:root:Postgres plan: 86.9
INFO:root:9
INFO:root:
    SELECT MIN(t.title) AS movie_title
    FROM keyword AS k,
        movie_info AS mi,
        movie_keyword AS mk,
        title AS t
    WHERE k.keyword ='sequel'
    AND mi.info IS NOT NULL AND (mi.info LIKE 'Japan:%200%' OR mi.info LIKE 'USA:%200%')
    AND t.production_year BETWEEN 1950 AND 2010
    AND t.id = mi.movie_id
    AND t.id = mk.movie_id
    AND mk.movie_id = mi.movie_id
    AND k.id = mk.keyword_id;
    
INFO:root:--- PQO: Need 8.299116811902252 samples to be accurate, We have 50
INFO:root:Nearest query is 2
INFO:root:Current Query: ["k.keyword ='sequel'", "mi.info IS NOT NULL AND (mi.info LIKE 'Japan:%200%' OR mi.info LIKE 'USA:%200%')", 't.production_year BETWEEN 1950 AND 2010']
INFO:root:Robust plan is 1: 192.7
INFO:root:Postgres plan: 187.6
INFO:root:10
INFO:root:
    SELECT MIN(t.title) AS movie_title
    FROM keyword AS k,
        movie_info AS mi,
        movie_keyword AS mk,
        title AS t
    WHERE k.keyword ='character-name-in-title'
    AND mi.info IS NOT NULL AND (mi.info LIKE 'Japan:%200%' OR mi.info LIKE 'USA:%200%')
    AND t.production_year > 2000
    AND t.id = mi.movie_id
    AND t.id = mk.movie_id
    AND mk.movie_id = mi.movie_id
    AND k.id = mk.keyword_id;
    
INFO:root:--- PQO: Need 1.9313135661785465 samples to be accurate, We have 50
INFO:root:Nearest query is 2
INFO:root:Current Query: ["k.keyword ='character-name-in-title'", "mi.info IS NOT NULL AND (mi.info LIKE 'Japan:%200%' OR mi.info LIKE 'USA:%200%')", 't.production_year > 2000']
INFO:root:Robust plan is 1: 494.7
INFO:root:Postgres plan: 288.4
INFO:root:11
INFO:root:
    SELECT MIN(t.title) AS movie_title
    FROM keyword AS k,
        movie_info AS mi,
        movie_keyword AS mk,
        title AS t
    WHERE k.keyword IN ('murder', 'murder-in-title', 'blood', 'violence')
    AND mi.info IN ('Sweden', 'Germany', 'Swedish', 'German')
    AND t.production_year > 2005
    AND t.id = mi.movie_id
    AND t.id = mk.movie_id
    AND mk.movie_id = mi.movie_id
    AND k.id = mk.keyword_id;
    
INFO:root:--- PQO: Need 0.9157399219279477 samples to be accurate, We have 50
INFO:root:Nearest query is 2
INFO:root:Current Query: ["k.keyword IN ('murder', 'murder-in-title', 'blood', 'violence')", "mi.info IN ('Sweden', 'Germany', 'Swedish', 'German')", 't.production_year > 2005']
INFO:root:Robust plan is 1: 922.5
INFO:root:Postgres plan: 402.6
INFO:root:12
INFO:root:
    SELECT MIN(t.title) AS movie_title
    FROM keyword AS k,
        movie_info AS mi,
        movie_keyword AS mk,
        title AS t
    WHERE k.keyword IN ('murder', 'murder-in-title', 'blood', 'violence')
    AND mi.info IN ('Horror', 'Thriller')
    AND t.production_year > 2000
    AND t.id = mi.movie_id
    AND t.id = mk.movie_id
    AND mk.movie_id = mi.movie_id
    AND k.id = mk.keyword_id;
    
INFO:root:--- PQO: Need 17.702115076596197 samples to be accurate, We have 50
INFO:root:Nearest query is 1
INFO:root:Current Query: ["k.keyword IN ('murder', 'murder-in-title', 'blood', 'violence')", "mi.info IN ('Horror', 'Thriller')", 't.production_year > 2000']
INFO:root:Robust plan is 2: 598.4
INFO:root:Postgres plan: 510.4
INFO:root:13
INFO:root:
    SELECT MIN(t.title) AS movie_title
    FROM keyword AS k,
        movie_info AS mi,
        movie_keyword AS mk,
        title AS t
    WHERE k.keyword IN ('murder', 'violence', 'blood', 'gore', 'death', 'female-nudity', 'hospital')
    AND mi.note LIKE '%internet%' AND mi.info LIKE 'USA:% 200%'
    AND t.production_year > 2000
    AND t.id = mi.movie_id
    AND t.id = mk.movie_id
    AND mk.movie_id = mi.movie_id
    AND k.id = mk.keyword_id;
    
INFO:root:--- PQO: Need 1.0000000000000002 samples to be accurate, We have 50
INFO:root:Nearest query is 3
INFO:root:Current Query: ["k.keyword IN ('murder', 'violence', 'blood', 'gore', 'death', 'female-nudity', 'hospital')", "mi.note LIKE '%internet%' AND mi.info LIKE 'USA:% 200%'", 't.production_year > 2000']
INFO:root:Robust plan is 3: 633.6
INFO:root:Postgres plan: 969.4
INFO:root:14
INFO:root:
    SELECT MIN(t.title) AS movie_title
    FROM keyword AS k,
        movie_info AS mi,
        movie_keyword AS mk,
        title AS t
    WHERE k.keyword IN ('superhero', 'sequel', 'second-part', 'marvel-comics', 'based-on-comic', 'tv-special', 'fight', 'violence')
    AND mi.note LIKE '%internet%' AND mi.info IS NOT NULL AND (mi.info LIKE 'USA:% 199%' OR mi.info LIKE 'USA:% 200%')
    AND t.production_year > 1950
    AND t.id = mi.movie_id
    AND t.id = mk.movie_id
    AND mk.movie_id = mi.movie_id
    AND k.id = mk.keyword_id;
    
INFO:root:--- PQO: Need 2.338938178426577 samples to be accurate, We have 50
INFO:root:Nearest query is 3
INFO:root:Current Query: ["k.keyword IN ('superhero', 'sequel', 'second-part', 'marvel-comics', 'based-on-comic', 'tv-special', 'fight', 'violence')", "mi.note LIKE '%internet%' AND mi.info IS NOT NULL AND (mi.info LIKE 'USA:% 199%' OR mi.info LIKE 'USA:% 200%')", 't.production_year > 1950']
INFO:root:Robust plan is 3: 464.0
INFO:root:Postgres plan: 658.2
INFO:root:15
INFO:root:
    SELECT MIN(t.title) AS movie_title
    FROM keyword AS k,
        movie_info AS mi,
        movie_keyword AS mk,
        title AS t
    WHERE k.keyword IN ('murder', 'murder-in-title', 'blood', 'violence')
    AND mi.info IN ('Horror', 'Action', 'Sci-Fi', 'Thriller', 'Crime', 'War')
    AND t.production_year > 2000
  AND (t.title LIKE '%Freddy%'
       OR t.title LIKE '%Jason%'
       OR t.title LIKE 'Saw%')
    AND t.id = mi.movie_id
    AND t.id = mk.movie_id
    AND mk.movie_id = mi.movie_id
    AND k.id = mk.keyword_id;
    
INFO:root:--- PQO: Need 5.6197527170141415 samples to be accurate, We have 50
INFO:root:Nearest query is 11
INFO:root:Current Query: ["k.keyword IN ('murder', 'murder-in-title', 'blood', 'violence')", "mi.info IN ('Horror', 'Action', 'Sci-Fi', 'Thriller', 'Crime', 'War')", "t.production_year > 2000\n  AND (t.title LIKE '%Freddy%'\n       OR t.title LIKE '%Jason%'\n       OR t.title LIKE 'Saw%')"]
INFO:root:Robust plan is 2: 133.5
INFO:root:Postgres plan: 147.9
INFO:root:16
INFO:root:
    SELECT MIN(t.title) AS movie_title
    FROM keyword AS k,
        movie_info AS mi,
        movie_keyword AS mk,
        title AS t
    WHERE k.keyword ='sequel'
    AND mi.info IN ('Sweden', 'Norway', 'Germany', 'Denmark', 'Swedish', 'Denish', 'Norwegian', 'German', 'English')
    AND t.production_year > 2000
    AND t.id = mi.movie_id
    AND t.id = mk.movie_id
    AND mk.movie_id = mi.movie_id
    AND k.id = mk.keyword_id;
    
INFO:root:--- PQO: Need 0.41553275295653086 samples to be accurate, We have 50
INFO:root:Nearest query is 1
INFO:root:Current Query: ["k.keyword ='sequel'", "mi.info IN ('Sweden', 'Norway', 'Germany', 'Denmark', 'Swedish', 'Denish', 'Norwegian', 'German', 'English')", 't.production_year > 2000']
INFO:root:Robust plan is 2: 584.0
INFO:root:Postgres plan: 117.2
INFO:root:17
INFO:root:
    SELECT MIN(t.title) AS movie_title
    FROM keyword AS k,
        movie_info AS mi,
        movie_keyword AS mk,
        title AS t
    WHERE k.keyword LIKE '%sequel%'
    AND mi.info IN ('Horror', 'Thriller')
    AND t.production_year BETWEEN 2005 AND 2008
    AND t.id = mi.movie_id
    AND t.id = mk.movie_id
    AND mk.movie_id = mi.movie_id
    AND k.id = mk.keyword_id;
    
INFO:root:--- PQO: Need 7.171331866085826 samples to be accurate, We have 50
INFO:root:Nearest query is 0
INFO:root:Current Query: ["k.keyword LIKE '%sequel%'", "mi.info IN ('Horror', 'Thriller')", 't.production_year BETWEEN 2005 AND 2008']
INFO:root:Robust plan is 3: 518.2
INFO:root:Postgres plan: 101.0
INFO:root:18
INFO:root:
    SELECT MIN(t.title) AS movie_title
    FROM keyword AS k,
        movie_info AS mi,
        movie_keyword AS mk,
        title AS t
    WHERE k.keyword IN ('superhero', 'marvel-comics', 'based-on-comic', 'tv-special', 'fight', 'violence', 'magnet', 'web', 'claw', 'laser')
    AND mi.info IN ('Horror', 'Action', 'Sci-Fi', 'Thriller', 'Crime', 'War')
    AND t.episode_nr >= 5 AND t.episode_nr < 100
    AND t.id = mi.movie_id
    AND t.id = mk.movie_id
    AND mk.movie_id = mi.movie_id
    AND k.id = mk.keyword_id;
    
INFO:root:--- PQO: Need 0.7241246626590904 samples to be accurate, We have 50
INFO:root:Nearest query is 0
INFO:root:Current Query: ["k.keyword IN ('superhero', 'marvel-comics', 'based-on-comic', 'tv-special', 'fight', 'violence', 'magnet', 'web', 'claw', 'laser')", "mi.info IN ('Horror', 'Action', 'Sci-Fi', 'Thriller', 'Crime', 'War')", 't.episode_nr >= 5 AND t.episode_nr < 100']
INFO:root:Robust plan is 3: 731.2
INFO:root:Postgres plan: 123.2
INFO:root:19
INFO:root:
    SELECT MIN(t.title) AS movie_title
    FROM keyword AS k,
        movie_info AS mi,
        movie_keyword AS mk,
        title AS t
    WHERE k.keyword IN ('murder', 'murder-in-title', 'blood', 'violence')
    AND mi.info IN ('Horror', 'Thriller') AND mi.note IS NULL
    AND t.title = 'Shrek 2'
  AND t.production_year BETWEEN 2000 AND 2010
    AND t.id = mi.movie_id
    AND t.id = mk.movie_id
    AND mk.movie_id = mi.movie_id
    AND k.id = mk.keyword_id;
    
INFO:root:--- PQO: Need 7.023609007394432 samples to be accurate, We have 50
INFO:root:Nearest query is 10
INFO:root:Current Query: ["k.keyword IN ('murder', 'murder-in-title', 'blood', 'violence')", "mi.info IN ('Horror', 'Thriller') AND mi.note IS NULL", "t.title = 'Shrek 2'\n  AND t.production_year BETWEEN 2000 AND 2010"]
INFO:root:Robust plan is 2: 102.9
INFO:root:Postgres plan: 156.6
INFO:root:20
INFO:root:
    SELECT MIN(t.title) AS movie_title
    FROM keyword AS k,
        movie_info AS mi,
        movie_keyword AS mk,
        title AS t
    WHERE k.keyword LIKE '%sequel%'
    AND mi.info IN ('Bulgaria')
    AND t.production_year > 2005
    AND t.id = mi.movie_id
    AND t.id = mk.movie_id
    AND mk.movie_id = mi.movie_id
    AND k.id = mk.keyword_id;
    
INFO:root:--- PQO: Need 0.442939960467199 samples to be accurate, We have 50
INFO:root:Nearest query is 3
INFO:root:Current Query: ["k.keyword LIKE '%sequel%'", "mi.info IN ('Bulgaria')", 't.production_year > 2005']
INFO:root:Robust plan is 3: 306.8
INFO:root:Postgres plan: 111.0
INFO:root:21
INFO:root:
    SELECT MIN(t.title) AS movie_title
    FROM keyword AS k,
        movie_info AS mi,
        movie_keyword AS mk,
        title AS t
    WHERE k.keyword ='character-name-in-title'
    AND mi.info IN ('Sweden', 'Germany', 'Swedish', 'German')
    AND t.production_year > 2000
    AND t.id = mi.movie_id
    AND t.id = mk.movie_id
    AND mk.movie_id = mi.movie_id
    AND k.id = mk.keyword_id;
    
INFO:root:--- PQO: Need 0.04381250710719689 samples to be accurate, We have 50
INFO:root:Nearest query is 2
INFO:root:Current Query: ["k.keyword ='character-name-in-title'", "mi.info IN ('Sweden', 'Germany', 'Swedish', 'German')", 't.production_year > 2000']
INFO:root:Robust plan is 1: 477.3
INFO:root:Postgres plan: 287.4
INFO:root:22
INFO:root:
    SELECT MIN(t.title) AS movie_title
    FROM keyword AS k,
        movie_info AS mi,
        movie_keyword AS mk,
        title AS t
    WHERE k.keyword IN ('murder', 'violence', 'blood', 'gore', 'death', 'female-nudity', 'hospital')
    AND mi.info IS NOT NULL AND (mi.info LIKE 'Japan:%200%' OR mi.info LIKE 'USA:%200%')
    AND t.production_year > 2005
    AND t.id = mi.movie_id
    AND t.id = mk.movie_id
    AND mk.movie_id = mi.movie_id
    AND k.id = mk.keyword_id;
    
INFO:root:--- PQO: Need 0.6528380800376807 samples to be accurate, We have 50
INFO:root:Nearest query is 0
INFO:root:Current Query: ["k.keyword IN ('murder', 'violence', 'blood', 'gore', 'death', 'female-nudity', 'hospital')", "mi.info IS NOT NULL AND (mi.info LIKE 'Japan:%200%' OR mi.info LIKE 'USA:%200%')", 't.production_year > 2005']
INFO:root:Robust plan is 3: 730.3
INFO:root:Postgres plan: 754.9
INFO:root:23
INFO:root:
    SELECT MIN(t.title) AS movie_title
    FROM keyword AS k,
        movie_info AS mi,
        movie_keyword AS mk,
        title AS t
    WHERE k.keyword LIKE '%sequel%'
    AND mi.note LIKE '%internet%' AND mi.info LIKE 'USA:% 200%'
    AND t.production_year >2010
    AND t.id = mi.movie_id
    AND t.id = mk.movie_id
    AND mk.movie_id = mi.movie_id
    AND k.id = mk.keyword_id;
    
INFO:root:--- PQO: Need 3.8966600129000657 samples to be accurate, We have 50
INFO:root:Nearest query is 3
INFO:root:Current Query: ["k.keyword LIKE '%sequel%'", "mi.note LIKE '%internet%' AND mi.info LIKE 'USA:% 200%'", 't.production_year >2010']
INFO:root:Robust plan is 3: 307.0
INFO:root:Postgres plan: 79.3
INFO:root:24
INFO:root:
    SELECT MIN(t.title) AS movie_title
    FROM keyword AS k,
        movie_info AS mi,
        movie_keyword AS mk,
        title AS t
    WHERE k.keyword LIKE '%sequel%'
    AND mi.info IN ('Sweden', 'Norway', 'Germany', 'Denmark', 'Swedish', 'Denish', 'Norwegian', 'German', 'USA', 'American')
    AND t.title != '' AND (t.title LIKE '%Champion%' OR t.title LIKE '%Loser%')
    AND t.id = mi.movie_id
    AND t.id = mk.movie_id
    AND mk.movie_id = mi.movie_id
    AND k.id = mk.keyword_id;
    
INFO:root:--- PQO: Need 1.0 samples to be accurate, We have 50
INFO:root:Nearest query is 6
INFO:root:Current Query: ["k.keyword LIKE '%sequel%'", "mi.info IN ('Sweden', 'Norway', 'Germany', 'Denmark', 'Swedish', 'Denish', 'Norwegian', 'German', 'USA', 'American')", "t.title != '' AND (t.title LIKE '%Champion%' OR t.title LIKE '%Loser%')"]
INFO:root:Robust plan is 1: 146.6
INFO:root:Postgres plan: 69.9
INFO:root:25
INFO:root:
    SELECT MIN(t.title) AS movie_title
    FROM keyword AS k,
        movie_info AS mi,
        movie_keyword AS mk,
        title AS t
    WHERE k.keyword IN ('murder', 'murder-in-title', 'blood', 'violence')
    AND mi.info IN ('Horror', 'Thriller')
    AND t.production_year > 2010 AND (t.title LIKE '%murder%' OR t.title LIKE '%Murder%' OR t.title LIKE '%Mord%')
    AND t.id = mi.movie_id
    AND t.id = mk.movie_id
    AND mk.movie_id = mi.movie_id
    AND k.id = mk.keyword_id;
    
INFO:root:--- PQO: Need 39.53613291577142 samples to be accurate, We have 50
INFO:root:Nearest query is 7
INFO:root:Current Query: ["k.keyword IN ('murder', 'murder-in-title', 'blood', 'violence')", "mi.info IN ('Horror', 'Thriller')", "t.production_year > 2010 AND (t.title LIKE '%murder%' OR t.title LIKE '%Murder%' OR t.title LIKE '%Mord%')"]
INFO:root:Robust plan is 3: 232.3
INFO:root:Postgres plan: 149.1
INFO:root:26
INFO:root:
    SELECT MIN(t.title) AS movie_title
    FROM keyword AS k,
        movie_info AS mi,
        movie_keyword AS mk,
        title AS t
    WHERE k.keyword IN ('hero', 'martial-arts', 'hand-to-hand-combat')
    AND mi.info IN ('Drama', 'Horror')
    AND t.production_year >2000 AND (t.title LIKE 'Birdemic%' OR t.title LIKE '%Movie%')
    AND t.id = mi.movie_id
    AND t.id = mk.movie_id
    AND mk.movie_id = mi.movie_id
    AND k.id = mk.keyword_id;
    
INFO:root:--- PQO: Need 820.0626927707849 samples to be accurate, We have 50
INFO:root:Nearest query is 6
INFO:root:Current Query: ["k.keyword IN ('hero', 'martial-arts', 'hand-to-hand-combat')", "mi.info IN ('Drama', 'Horror')", "t.production_year >2000 AND (t.title LIKE 'Birdemic%' OR t.title LIKE '%Movie%')"]
INFO:root:Robust plan is 1: 134.3
INFO:root:Postgres plan: 62.8
INFO:root:27
INFO:root:
    SELECT MIN(t.title) AS movie_title
    FROM keyword AS k,
        movie_info AS mi,
        movie_keyword AS mk,
        title AS t
    WHERE k.keyword = 'computer-animation'
    AND mi.info IN ('Sweden', 'Norway', 'Germany', 'Denmark', 'Swedish', 'Denish', 'Norwegian', 'German', 'USA', 'American')
    AND t.production_year BETWEEN 1980 AND 2010
    AND t.id = mi.movie_id
    AND t.id = mk.movie_id
    AND mk.movie_id = mi.movie_id
    AND k.id = mk.keyword_id;
    
INFO:root:--- PQO: Need 0.2836877924696491 samples to be accurate, We have 50
INFO:root:Nearest query is 2
INFO:root:Current Query: ["k.keyword = 'computer-animation'", "mi.info IN ('Sweden', 'Norway', 'Germany', 'Denmark', 'Swedish', 'Denish', 'Norwegian', 'German', 'USA', 'American')", 't.production_year BETWEEN 1980 AND 2010']
INFO:root:Robust plan is 1: 36.6
INFO:root:Postgres plan: 36.1
INFO:root:28
INFO:root:
    SELECT MIN(t.title) AS movie_title
    FROM keyword AS k,
        movie_info AS mi,
        movie_keyword AS mk,
        title AS t
    WHERE k.keyword IN ('superhero', 'sequel', 'second-part', 'marvel-comics', 'based-on-comic', 'tv-special', 'fight', 'violence')
    AND mi.info IN ('Sweden', 'Norway', 'Germany', 'Denmark', 'Swedish', 'Denish', 'Norwegian', 'German', 'USA', 'American')
    AND t.production_year > 2000
  AND (t.title LIKE '%Freddy%'
       OR t.title LIKE '%Jason%'
       OR t.title LIKE 'Saw%')
    AND t.id = mi.movie_id
    AND t.id = mk.movie_id
    AND mk.movie_id = mi.movie_id
    AND k.id = mk.keyword_id;
    
INFO:root:--- PQO: Need 1.0730553051086718 samples to be accurate, We have 50
INFO:root:Nearest query is 6
INFO:root:Current Query: ["k.keyword IN ('superhero', 'sequel', 'second-part', 'marvel-comics', 'based-on-comic', 'tv-special', 'fight', 'violence')", "mi.info IN ('Sweden', 'Norway', 'Germany', 'Denmark', 'Swedish', 'Denish', 'Norwegian', 'German', 'USA', 'American')", "t.production_year > 2000\n  AND (t.title LIKE '%Freddy%'\n       OR t.title LIKE '%Jason%'\n       OR t.title LIKE 'Saw%')"]
INFO:root:Robust plan is 1: 134.5
INFO:root:Postgres plan: 161.9
INFO:root:29
INFO:root:
    SELECT MIN(t.title) AS movie_title
    FROM keyword AS k,
        movie_info AS mi,
        movie_keyword AS mk,
        title AS t
    WHERE k.keyword IN ('superhero', 'sequel', 'second-part', 'marvel-comics', 'based-on-comic', 'tv-special', 'fight', 'violence')
    AND mi.info IN ('Sweden', 'Norway', 'Germany', 'Denmark', 'Swedish', 'Denish', 'Norwegian', 'German', 'USA', 'American')
    AND t.production_year > 2014
    AND t.id = mi.movie_id
    AND t.id = mk.movie_id
    AND mk.movie_id = mi.movie_id
    AND k.id = mk.keyword_id;
    
INFO:root:--- PQO: Need 3.4136092596936702 samples to be accurate, We have 50
INFO:root:Nearest query is 6
INFO:root:Current Query: ["k.keyword IN ('superhero', 'sequel', 'second-part', 'marvel-comics', 'based-on-comic', 'tv-special', 'fight', 'violence')", "mi.info IN ('Sweden', 'Norway', 'Germany', 'Denmark', 'Swedish', 'Denish', 'Norwegian', 'German', 'USA', 'American')", 't.production_year > 2014']
INFO:root:Robust plan is 1: 100.3
INFO:root:Postgres plan: 166.9
INFO:root:30
INFO:root:
    SELECT MIN(t.title) AS movie_title
    FROM keyword AS k,
        movie_info AS mi,
        movie_keyword AS mk,
        title AS t
    WHERE k.keyword LIKE '%sequel%'
    AND mi.info IN ('Sweden', 'Germany', 'Swedish', 'German')
    AND t.production_year > 2000
    AND t.id = mi.movie_id
    AND t.id = mk.movie_id
    AND mk.movie_id = mi.movie_id
    AND k.id = mk.keyword_id;
    
INFO:root:--- PQO: Need 0.29169177627557247 samples to be accurate, We have 50
INFO:root:Nearest query is 5
INFO:root:Current Query: ["k.keyword LIKE '%sequel%'", "mi.info IN ('Sweden', 'Germany', 'Swedish', 'German')", 't.production_year > 2000']
INFO:root:Robust plan is 5: 318.6
INFO:root:Postgres plan: 149.6
INFO:root:31
INFO:root:
    SELECT MIN(t.title) AS movie_title
    FROM keyword AS k,
        movie_info AS mi,
        movie_keyword AS mk,
        title AS t
    WHERE k.keyword IN ('murder', 'murder-in-title', 'blood', 'violence')
    AND mi.info IN ('Horror', 'Thriller')
    AND t.production_year > 2010 AND (t.title LIKE '%murder%' OR t.title LIKE '%Murder%' OR t.title LIKE '%Mord%')
    AND t.id = mi.movie_id
    AND t.id = mk.movie_id
    AND mk.movie_id = mi.movie_id
    AND k.id = mk.keyword_id;
    
INFO:root:--- PQO: Need 41.59731719804403 samples to be accurate, We have 50
INFO:root:Nearest query is 7
INFO:root:Current Query: ["k.keyword IN ('murder', 'murder-in-title', 'blood', 'violence')", "mi.info IN ('Horror', 'Thriller')", "t.production_year > 2010 AND (t.title LIKE '%murder%' OR t.title LIKE '%Murder%' OR t.title LIKE '%Mord%')"]
INFO:root:Robust plan is 3: 233.0
INFO:root:Postgres plan: 156.3
INFO:root:32
INFO:root:
    SELECT MIN(t.title) AS movie_title
    FROM keyword AS k,
        movie_info AS mi,
        movie_keyword AS mk,
        title AS t
    WHERE k.keyword LIKE '%sequel%'
    AND mi.info IN ('Sweden', 'Norway', 'Germany', 'Denmark', 'Swedish', 'Denish', 'Norwegian', 'German')
    AND t.production_year > 2014
    AND t.id = mi.movie_id
    AND t.id = mk.movie_id
    AND mk.movie_id = mi.movie_id
    AND k.id = mk.keyword_id;
    
INFO:root:--- PQO: Need 1.309578091651065 samples to be accurate, We have 50
INFO:root:Nearest query is 6
INFO:root:Current Query: ["k.keyword LIKE '%sequel%'", "mi.info IN ('Sweden', 'Norway', 'Germany', 'Denmark', 'Swedish', 'Denish', 'Norwegian', 'German')", 't.production_year > 2014']
INFO:root:Robust plan is 1: 102.0
INFO:root:Postgres plan: 69.4
INFO:root:33
INFO:root:
    SELECT MIN(t.title) AS movie_title
    FROM keyword AS k,
        movie_info AS mi,
        movie_keyword AS mk,
        title AS t
    WHERE k.keyword ='sequel'
    AND mi.note LIKE '%internet%' AND mi.info LIKE 'USA:% 200%'
    AND t.production_year > 2008
    AND t.id = mi.movie_id
    AND t.id = mk.movie_id
    AND mk.movie_id = mi.movie_id
    AND k.id = mk.keyword_id;
    
INFO:root:--- PQO: Need 3.4415321692386955 samples to be accurate, We have 50
INFO:root:Nearest query is 9
INFO:root:Current Query: ["k.keyword ='sequel'", "mi.note LIKE '%internet%' AND mi.info LIKE 'USA:% 200%'", 't.production_year > 2008']
INFO:root:Robust plan is 0: 163.5
INFO:root:Postgres plan: 69.8
INFO:root:34
INFO:root:
    SELECT MIN(t.title) AS movie_title
    FROM keyword AS k,
        movie_info AS mi,
        movie_keyword AS mk,
        title AS t
    WHERE k.keyword IN ('superhero', 'marvel-comics', 'based-on-comic', 'tv-special', 'fight', 'violence', 'magnet', 'web', 'claw', 'laser')
    AND mi.info IN ('Horror', 'Thriller')
    AND t.production_year > 2005
    AND t.id = mi.movie_id
    AND t.id = mk.movie_id
    AND mk.movie_id = mi.movie_id
    AND k.id = mk.keyword_id;
    
INFO:root:--- PQO: Need 5.54812471051451 samples to be accurate, We have 50
INFO:root:Nearest query is 0
INFO:root:Current Query: ["k.keyword IN ('superhero', 'marvel-comics', 'based-on-comic', 'tv-special', 'fight', 'violence', 'magnet', 'web', 'claw', 'laser')", "mi.info IN ('Horror', 'Thriller')", 't.production_year > 2005']
INFO:root:Robust plan is 3: 564.2
INFO:root:Postgres plan: 253.4
INFO:root:35
INFO:root:
    SELECT MIN(t.title) AS movie_title
    FROM keyword AS k,
        movie_info AS mi,
        movie_keyword AS mk,
        title AS t
    WHERE k.keyword LIKE '%sequel%'
    AND mi.info IN ('Horror', 'Thriller') AND mi.note IS NULL
    AND t.production_year BETWEEN 1980 AND 2010
    AND t.id = mi.movie_id
    AND t.id = mk.movie_id
    AND mk.movie_id = mi.movie_id
    AND k.id = mk.keyword_id;
    
INFO:root:--- PQO: Need 14.196082463546746 samples to be accurate, We have 50
INFO:root:Nearest query is 5
INFO:root:Current Query: ["k.keyword LIKE '%sequel%'", "mi.info IN ('Horror', 'Thriller') AND mi.note IS NULL", 't.production_year BETWEEN 1980 AND 2010']
INFO:root:Robust plan is 5: 315.0
INFO:root:Postgres plan: 217.4
INFO:root:36
INFO:root:
    SELECT MIN(t.title) AS movie_title
    FROM keyword AS k,
        movie_info AS mi,
        movie_keyword AS mk,
        title AS t
    WHERE k.keyword IN ('nerd', 'loner', 'alienation', 'dignity')
    AND mi.info IN ('Sweden', 'Germany', 'Swedish', 'German')
    AND t.title != '' AND (t.title LIKE '%Champion%' OR t.title LIKE '%Loser%')
    AND t.id = mi.movie_id
    AND t.id = mk.movie_id
    AND mk.movie_id = mi.movie_id
    AND k.id = mk.keyword_id;
    
INFO:root:--- PQO: Need 6.908614721262339 samples to be accurate, We have 50
INFO:root:Nearest query is 7
INFO:root:Current Query: ["k.keyword IN ('nerd', 'loner', 'alienation', 'dignity')", "mi.info IN ('Sweden', 'Germany', 'Swedish', 'German')", "t.title != '' AND (t.title LIKE '%Champion%' OR t.title LIKE '%Loser%')"]
INFO:root:Robust plan is 3: 170.6
INFO:root:Postgres plan: 38.5
INFO:root:37
INFO:root:
    SELECT MIN(t.title) AS movie_title
    FROM keyword AS k,
        movie_info AS mi,
        movie_keyword AS mk,
        title AS t
    WHERE k.keyword IN ('murder', 'murder-in-title', 'blood', 'violence')
    AND mi.info IS NOT NULL AND (mi.info LIKE 'Japan:%200%' OR mi.info LIKE 'USA:%200%')
    AND t.production_year > 2000
    AND t.id = mi.movie_id
    AND t.id = mk.movie_id
    AND mk.movie_id = mi.movie_id
    AND k.id = mk.keyword_id;
    
INFO:root:--- PQO: Need 7.788754220885758 samples to be accurate, We have 50
INFO:root:Nearest query is 2
INFO:root:Current Query: ["k.keyword IN ('murder', 'murder-in-title', 'blood', 'violence')", "mi.info IS NOT NULL AND (mi.info LIKE 'Japan:%200%' OR mi.info LIKE 'USA:%200%')", 't.production_year > 2000']
INFO:root:Robust plan is 1: 931.9
INFO:root:Postgres plan: 550.5
INFO:root:38
INFO:root:
    SELECT MIN(t.title) AS movie_title
    FROM keyword AS k,
        movie_info AS mi,
        movie_keyword AS mk,
        title AS t
    WHERE k.keyword ='sequel'
    AND mi.info IN ('Drama', 'Horror', 'Western', 'Family')
    AND t.production_year > 1990
    AND t.id = mi.movie_id
    AND t.id = mk.movie_id
    AND mk.movie_id = mi.movie_id
    AND k.id = mk.keyword_id;
    
INFO:root:--- PQO: Need 0.4977389781065016 samples to be accurate, We have 50
INFO:root:Nearest query is 2
INFO:root:Current Query: ["k.keyword ='sequel'", "mi.info IN ('Drama', 'Horror', 'Western', 'Family')", 't.production_year > 1990']
INFO:root:Robust plan is 1: 188.3
INFO:root:Postgres plan: 148.7
INFO:root:39
INFO:root:
    SELECT MIN(t.title) AS movie_title
    FROM keyword AS k,
        movie_info AS mi,
        movie_keyword AS mk,
        title AS t
    WHERE k.keyword LIKE '%sequel%'
    AND mi.info IN ('Sweden', 'Germany', 'Swedish', 'German')
    AND t.production_year > 2000
    AND t.id = mi.movie_id
    AND t.id = mk.movie_id
    AND mk.movie_id = mi.movie_id
    AND k.id = mk.keyword_id;
    
INFO:root:--- PQO: Need 1.2598994599366289 samples to be accurate, We have 50
INFO:root:Nearest query is 0
INFO:root:Current Query: ["k.keyword LIKE '%sequel%'", "mi.info IN ('Sweden', 'Germany', 'Swedish', 'German')", 't.production_year > 2000']
INFO:root:Robust plan is 3: 584.5
INFO:root:Postgres plan: 149.9
INFO:root:40
INFO:root:
    SELECT MIN(t.title) AS movie_title
    FROM keyword AS k,
        movie_info AS mi,
        movie_keyword AS mk,
        title AS t
    WHERE k.keyword ='sequel'
    AND mi.note LIKE '%internet%' AND mi.info IS NOT NULL AND (mi.info LIKE 'USA:% 199%' OR mi.info LIKE 'USA:% 200%')
    AND t.production_year > 2000
    AND t.id = mi.movie_id
    AND t.id = mk.movie_id
    AND mk.movie_id = mi.movie_id
    AND k.id = mk.keyword_id;
    
INFO:root:--- PQO: Need 15.437055994103284 samples to be accurate, We have 50
INFO:root:Nearest query is 9
INFO:root:Current Query: ["k.keyword ='sequel'", "mi.note LIKE '%internet%' AND mi.info IS NOT NULL AND (mi.info LIKE 'USA:% 199%' OR mi.info LIKE 'USA:% 200%')", 't.production_year > 2000']
INFO:root:Robust plan is 0: 154.0
INFO:root:Postgres plan: 106.2
INFO:root:41
INFO:root:
    SELECT MIN(t.title) AS movie_title
    FROM keyword AS k,
        movie_info AS mi,
        movie_keyword AS mk,
        title AS t
    WHERE k.keyword ='character-name-in-title'
    AND mi.info IN ('Horror', 'Action', 'Sci-Fi', 'Thriller', 'Crime', 'War')
    AND t.production_year >2010
    AND t.id = mi.movie_id
    AND t.id = mk.movie_id
    AND mk.movie_id = mi.movie_id
    AND k.id = mk.keyword_id;
    
INFO:root:--- PQO: Need 21.307452739018057 samples to be accurate, We have 50
INFO:root:Nearest query is 2
INFO:root:Current Query: ["k.keyword ='character-name-in-title'", "mi.info IN ('Horror', 'Action', 'Sci-Fi', 'Thriller', 'Crime', 'War')", 't.production_year >2010']
INFO:root:Robust plan is 1: 517.7
INFO:root:Postgres plan: 157.7
INFO:root:42
INFO:root:
    SELECT MIN(t.title) AS movie_title
    FROM keyword AS k,
        movie_info AS mi,
        movie_keyword AS mk,
        title AS t
    WHERE k.keyword IN ('murder', 'murder-in-title', 'blood', 'violence')
    AND mi.note LIKE '%internet%'
    AND t.production_year >2010
    AND t.id = mi.movie_id
    AND t.id = mk.movie_id
    AND mk.movie_id = mi.movie_id
    AND k.id = mk.keyword_id;
    
INFO:root:--- PQO: Need 15.68018207996191 samples to be accurate, We have 50
INFO:root:Nearest query is 1
INFO:root:Current Query: ["k.keyword IN ('murder', 'murder-in-title', 'blood', 'violence')", "mi.note LIKE '%internet%'", 't.production_year >2010']
INFO:root:Robust plan is 2: 497.9
INFO:root:Postgres plan: 205.0
INFO:root:43
INFO:root:
    SELECT MIN(t.title) AS movie_title
    FROM keyword AS k,
        movie_info AS mi,
        movie_keyword AS mk,
        title AS t
    WHERE k.keyword IN ('murder', 'blood', 'gore', 'death', 'female-nudity')
    AND mi.info IN ('Horror', 'Action', 'Sci-Fi', 'Thriller', 'Crime', 'War')
    AND t.production_year BETWEEN 2007 AND 2010
    AND t.id = mi.movie_id
    AND t.id = mk.movie_id
    AND mk.movie_id = mi.movie_id
    AND k.id = mk.keyword_id;
    
INFO:root:--- PQO: Need 4.025980941031625 samples to be accurate, We have 50
INFO:root:Nearest query is 5
INFO:root:Current Query: ["k.keyword IN ('murder', 'blood', 'gore', 'death', 'female-nudity')", "mi.info IN ('Horror', 'Action', 'Sci-Fi', 'Thriller', 'Crime', 'War')", 't.production_year BETWEEN 2007 AND 2010']
INFO:root:Robust plan is 5: 693.7
INFO:root:Postgres plan: 481.0
INFO:root:44
INFO:root:
    SELECT MIN(t.title) AS movie_title
    FROM keyword AS k,
        movie_info AS mi,
        movie_keyword AS mk,
        title AS t
    WHERE k.keyword IN ('superhero', 'marvel-comics', 'based-on-comic', 'fight')
    AND mi.note LIKE '%internet%' AND mi.info IS NOT NULL AND (mi.info LIKE 'USA:% 199%' OR mi.info LIKE 'USA:% 200%')
    AND t.production_year BETWEEN 2000 AND 2010
    AND t.id = mi.movie_id
    AND t.id = mk.movie_id
    AND mk.movie_id = mi.movie_id
    AND k.id = mk.keyword_id;
    
INFO:root:--- PQO: Need 4.741158508349715 samples to be accurate, We have 50
INFO:root:Nearest query is 3
INFO:root:Current Query: ["k.keyword IN ('superhero', 'marvel-comics', 'based-on-comic', 'fight')", "mi.note LIKE '%internet%' AND mi.info IS NOT NULL AND (mi.info LIKE 'USA:% 199%' OR mi.info LIKE 'USA:% 200%')", 't.production_year BETWEEN 2000 AND 2010']
INFO:root:Robust plan is 3: 328.3
INFO:root:Postgres plan: 158.9
INFO:root:45
INFO:root:
    SELECT MIN(t.title) AS movie_title
    FROM keyword AS k,
        movie_info AS mi,
        movie_keyword AS mk,
        title AS t
    WHERE k.keyword ='character-name-in-title'
    AND mi.info IN ('Germany', 'German', 'USA', 'American')
    AND t.production_year > 2000
    AND t.id = mi.movie_id
    AND t.id = mk.movie_id
    AND mk.movie_id = mi.movie_id
    AND k.id = mk.keyword_id;
    
INFO:root:--- PQO: Need 0.9371012594054247 samples to be accurate, We have 50
INFO:root:Nearest query is 2
INFO:root:Current Query: ["k.keyword ='character-name-in-title'", "mi.info IN ('Germany', 'German', 'USA', 'American')", 't.production_year > 2000']
INFO:root:Robust plan is 1: 552.0
INFO:root:Postgres plan: 283.7
INFO:root:46
INFO:root:
    SELECT MIN(t.title) AS movie_title
    FROM keyword AS k,
        movie_info AS mi,
        movie_keyword AS mk,
        title AS t
    WHERE k.keyword ='sequel'
    AND mi.info IN ('Horror', 'Action', 'Sci-Fi', 'Thriller', 'Crime', 'War')
    AND t.production_year BETWEEN 1980 AND 1984
    AND t.id = mi.movie_id
    AND t.id = mk.movie_id
    AND mk.movie_id = mi.movie_id
    AND k.id = mk.keyword_id;
    
INFO:root:--- PQO: Need 0.6464512441791757 samples to be accurate, We have 50
INFO:root:Nearest query is 2
INFO:root:Current Query: ["k.keyword ='sequel'", "mi.info IN ('Horror', 'Action', 'Sci-Fi', 'Thriller', 'Crime', 'War')", 't.production_year BETWEEN 1980 AND 1984']
INFO:root:Robust plan is 1: 212.6
INFO:root:Postgres plan: 65.2
INFO:root:47
INFO:root:
    SELECT MIN(t.title) AS movie_title
    FROM keyword AS k,
        movie_info AS mi,
        movie_keyword AS mk,
        title AS t
    WHERE k.keyword IN ('superhero', 'marvel-comics', 'based-on-comic', 'fight')
    AND mi.info IN ('Sweden', 'Germany', 'Swedish', 'German')
    AND t.title = 'Shrek 2'
  AND t.production_year BETWEEN 2000 AND 2005
    AND t.id = mi.movie_id
    AND t.id = mk.movie_id
    AND mk.movie_id = mi.movie_id
    AND k.id = mk.keyword_id;
    
INFO:root:--- PQO: Need 1.0000000000000004 samples to be accurate, We have 50
INFO:root:Nearest query is 10
INFO:root:Current Query: ["k.keyword IN ('superhero', 'marvel-comics', 'based-on-comic', 'fight')", "mi.info IN ('Sweden', 'Germany', 'Swedish', 'German')", "t.title = 'Shrek 2'\n  AND t.production_year BETWEEN 2000 AND 2005"]
INFO:root:Robust plan is 2: 100.0
INFO:root:Postgres plan: 71.1
INFO:root:48
INFO:root:
    SELECT MIN(t.title) AS movie_title
    FROM keyword AS k,
        movie_info AS mi,
        movie_keyword AS mk,
        title AS t
    WHERE k.keyword LIKE '%sequel%'
    AND mi.info IN ('Horror', 'Thriller')
    AND t.production_year > 2014
    AND t.id = mi.movie_id
    AND t.id = mk.movie_id
    AND mk.movie_id = mi.movie_id
    AND k.id = mk.keyword_id;
    
INFO:root:--- PQO: Need 39.0714795384209 samples to be accurate, We have 50
INFO:root:Nearest query is 6
INFO:root:Current Query: ["k.keyword LIKE '%sequel%'", "mi.info IN ('Horror', 'Thriller')", 't.production_year > 2014']
INFO:root:Robust plan is 1: 101.2
INFO:root:Postgres plan: 71.1
INFO:root:49
INFO:root:
    SELECT MIN(t.title) AS movie_title
    FROM keyword AS k,
        movie_info AS mi,
        movie_keyword AS mk,
        title AS t
    WHERE k.keyword IN ('superhero', 'marvel-comics', 'based-on-comic', 'tv-special', 'fight', 'violence', 'magnet', 'web', 'claw', 'laser')
    AND mi.info IN ('Sweden', 'Norway', 'Germany', 'Denmark', 'Swedish', 'Denish', 'Norwegian', 'German', 'USA', 'American')
    AND t.production_year > 2000
    AND t.id = mi.movie_id
    AND t.id = mk.movie_id
    AND mk.movie_id = mi.movie_id
    AND k.id = mk.keyword_id;
    
INFO:root:--- PQO: Need 0.2660298223162435 samples to be accurate, We have 50
INFO:root:Nearest query is 0
INFO:root:Current Query: ["k.keyword IN ('superhero', 'marvel-comics', 'based-on-comic', 'tv-special', 'fight', 'violence', 'magnet', 'web', 'claw', 'laser')", "mi.info IN ('Sweden', 'Norway', 'Germany', 'Denmark', 'Swedish', 'Denish', 'Norwegian', 'German', 'USA', 'American')", 't.production_year > 2000']
INFO:root:Robust plan is 3: 898.3
INFO:root:Postgres plan: 414.3
INFO:root:50
INFO:root:
    SELECT MIN(t.title) AS movie_title
    FROM keyword AS k,
        movie_info AS mi,
        movie_keyword AS mk,
        title AS t
    WHERE k.keyword ='character-name-in-title'
    AND mi.info IN ('Sweden', 'Norway', 'Germany', 'Denmark', 'Swedish', 'Denish', 'Norwegian', 'German')
    AND t.production_year > 2000
    AND t.id = mi.movie_id
    AND t.id = mk.movie_id
    AND mk.movie_id = mi.movie_id
    AND k.id = mk.keyword_id;
    
INFO:root:--- PQO: Need 7.3844629412266425 samples to be accurate, We have 50
INFO:root:Nearest query is 2
INFO:root:Current Query: ["k.keyword ='character-name-in-title'", "mi.info IN ('Sweden', 'Norway', 'Germany', 'Denmark', 'Swedish', 'Denish', 'Norwegian', 'German')", 't.production_year > 2000']
INFO:root:Robust plan is 1: 529.5
INFO:root:Postgres plan: 306.1
INFO:root:51
INFO:root:
    SELECT MIN(t.title) AS movie_title
    FROM keyword AS k,
        movie_info AS mi,
        movie_keyword AS mk,
        title AS t
    WHERE k.keyword = 'computer-animation'
    AND mi.info IN ('Bulgaria')
    AND t.production_year BETWEEN 2005 AND 2008
    AND t.id = mi.movie_id
    AND t.id = mk.movie_id
    AND mk.movie_id = mi.movie_id
    AND k.id = mk.keyword_id;
    
INFO:root:--- PQO: Need 1.0 samples to be accurate, We have 50
INFO:root:Nearest query is 9
INFO:root:Current Query: ["k.keyword = 'computer-animation'", "mi.info IN ('Bulgaria')", 't.production_year BETWEEN 2005 AND 2008']
INFO:root:Robust plan is 0: 34.8
INFO:root:Postgres plan: 28.6
INFO:root:52
INFO:root:
    SELECT MIN(t.title) AS movie_title
    FROM keyword AS k,
        movie_info AS mi,
        movie_keyword AS mk,
        title AS t
    WHERE k.keyword = 'computer-animation'
    AND mi.info LIKE 'USA:%200%' 
    AND t.production_year BETWEEN 2000 AND 2010
    AND t.id = mi.movie_id
    AND t.id = mk.movie_id
    AND mk.movie_id = mi.movie_id
    AND k.id = mk.keyword_id;
    
INFO:root:--- PQO: Need 0.31117626208391613 samples to be accurate, We have 50
INFO:root:Nearest query is 1
INFO:root:Current Query: ["k.keyword = 'computer-animation'", "mi.info LIKE 'USA:%200%' ", 't.production_year BETWEEN 2000 AND 2010']
INFO:root:Robust plan is 2: 452.7
INFO:root:Postgres plan: 31.1
INFO:root:53
INFO:root:
    SELECT MIN(t.title) AS movie_title
    FROM keyword AS k,
        movie_info AS mi,
        movie_keyword AS mk,
        title AS t
    WHERE k.keyword IN ('murder', 'violence', 'blood', 'gore', 'death', 'female-nudity', 'hospital')
    AND mi.note LIKE '%internet%' AND mi.info LIKE 'USA:% 200%'
    AND t.production_year > 2000
    AND t.id = mi.movie_id
    AND t.id = mk.movie_id
    AND mk.movie_id = mi.movie_id
    AND k.id = mk.keyword_id;
    
INFO:root:--- PQO: Need 1.0 samples to be accurate, We have 50
INFO:root:Nearest query is 3
INFO:root:Current Query: ["k.keyword IN ('murder', 'violence', 'blood', 'gore', 'death', 'female-nudity', 'hospital')", "mi.note LIKE '%internet%' AND mi.info LIKE 'USA:% 200%'", 't.production_year > 2000']
INFO:root:Robust plan is 3: 637.5
INFO:root:Postgres plan: 1003.7
INFO:root:54
INFO:root:
    SELECT MIN(t.title) AS movie_title
    FROM keyword AS k,
        movie_info AS mi,
        movie_keyword AS mk,
        title AS t
    WHERE k.keyword LIKE '%sequel%'
    AND mi.info IS NOT NULL AND (mi.info LIKE 'Japan:%200%' OR mi.info LIKE 'USA:%200%')
    AND t.production_year BETWEEN 2000 AND 2010
    AND t.id = mi.movie_id
    AND t.id = mk.movie_id
    AND mk.movie_id = mi.movie_id
    AND k.id = mk.keyword_id;
    
INFO:root:--- PQO: Need 1.765600593975385 samples to be accurate, We have 50
INFO:root:Nearest query is 5
INFO:root:Current Query: ["k.keyword LIKE '%sequel%'", "mi.info IS NOT NULL AND (mi.info LIKE 'Japan:%200%' OR mi.info LIKE 'USA:%200%')", 't.production_year BETWEEN 2000 AND 2010']
INFO:root:Robust plan is 5: 318.2
INFO:root:Postgres plan: 145.3
INFO:root:55
INFO:root:
    SELECT MIN(t.title) AS movie_title
    FROM keyword AS k,
        movie_info AS mi,
        movie_keyword AS mk,
        title AS t
    WHERE k.keyword ='character-name-in-title'
    AND mi.info IS NOT NULL AND (mi.info LIKE 'Japan:%2007%' OR mi.info LIKE 'USA:%2008%')
    AND t.production_year BETWEEN 2008 AND 2014
    AND t.id = mi.movie_id
    AND t.id = mk.movie_id
    AND mk.movie_id = mi.movie_id
    AND k.id = mk.keyword_id;
    
INFO:root:--- PQO: Need 1.709427804488159 samples to be accurate, We have 50
INFO:root:Nearest query is 2
INFO:root:Current Query: ["k.keyword ='character-name-in-title'", "mi.info IS NOT NULL AND (mi.info LIKE 'Japan:%2007%' OR mi.info LIKE 'USA:%2008%')", 't.production_year BETWEEN 2008 AND 2014']
INFO:root:Robust plan is 1: 462.0
INFO:root:Postgres plan: 190.6
INFO:root:56
INFO:root:
    SELECT MIN(t.title) AS movie_title
    FROM keyword AS k,
        movie_info AS mi,
        movie_keyword AS mk,
        title AS t
    WHERE k.keyword IN ('murder', 'violence', 'blood', 'gore', 'death', 'female-nudity', 'hospital')
    AND mi.info IN ('Sweden', 'Norway', 'Germany', 'Denmark', 'Swedish', 'Denish', 'Norwegian', 'German', 'USA', 'American')
    AND t.production_year BETWEEN 2005 AND 2015
    AND t.id = mi.movie_id
    AND t.id = mk.movie_id
    AND mk.movie_id = mi.movie_id
    AND k.id = mk.keyword_id;
    
INFO:root:--- PQO: Need 0.6698592155212385 samples to be accurate, We have 50
INFO:root:Nearest query is 5
INFO:root:Current Query: ["k.keyword IN ('murder', 'violence', 'blood', 'gore', 'death', 'female-nudity', 'hospital')", "mi.info IN ('Sweden', 'Norway', 'Germany', 'Denmark', 'Swedish', 'Denish', 'Norwegian', 'German', 'USA', 'American')", 't.production_year BETWEEN 2005 AND 2015']
INFO:root:Robust plan is 5: 861.7
INFO:root:Postgres plan: 948.9
INFO:root:57
INFO:root:
    SELECT MIN(t.title) AS movie_title
    FROM keyword AS k,
        movie_info AS mi,
        movie_keyword AS mk,
        title AS t
    WHERE k.keyword IN ('superhero', 'marvel-comics', 'based-on-comic', 'tv-special', 'fight', 'violence', 'magnet', 'web', 'claw', 'laser')
    AND mi.info = 'Horror'
    AND t.production_year > 1990
    AND t.id = mi.movie_id
    AND t.id = mk.movie_id
    AND mk.movie_id = mi.movie_id
    AND k.id = mk.keyword_id;
    
INFO:root:--- PQO: Need 12.744385800748397 samples to be accurate, We have 50
INFO:root:Nearest query is 0
INFO:root:Current Query: ["k.keyword IN ('superhero', 'marvel-comics', 'based-on-comic', 'tv-special', 'fight', 'violence', 'magnet', 'web', 'claw', 'laser')", "mi.info = 'Horror'", 't.production_year > 1990']
INFO:root:Robust plan is 3: 494.3
INFO:root:Postgres plan: 513.7
INFO:root:58
INFO:root:
    SELECT MIN(t.title) AS movie_title
    FROM keyword AS k,
        movie_info AS mi,
        movie_keyword AS mk,
        title AS t
    WHERE k.keyword ='character-name-in-title'
    AND mi.info IN ('Drama', 'Horror', 'Western', 'Family')
    AND t.production_year > 1950
    AND t.id = mi.movie_id
    AND t.id = mk.movie_id
    AND mk.movie_id = mi.movie_id
    AND k.id = mk.keyword_id;
    
INFO:root:--- PQO: Need 1.0610779037070983 samples to be accurate, We have 50
INFO:root:Nearest query is 3
INFO:root:Current Query: ["k.keyword ='character-name-in-title'", "mi.info IN ('Drama', 'Horror', 'Western', 'Family')", 't.production_year > 1950']
INFO:root:Robust plan is 3: 447.4
INFO:root:Postgres plan: 508.7
INFO:root:59
INFO:root:
    SELECT MIN(t.title) AS movie_title
    FROM keyword AS k,
        movie_info AS mi,
        movie_keyword AS mk,
        title AS t
    WHERE k.keyword IN ('murder', 'violence', 'blood', 'gore', 'death', 'female-nudity', 'hospital')
    AND mi.info = 'Horror'
    AND t.production_year > 2000
    AND t.id = mi.movie_id
    AND t.id = mk.movie_id
    AND mk.movie_id = mi.movie_id
    AND k.id = mk.keyword_id;
    
INFO:root:--- PQO: Need 15.697369606695698 samples to be accurate, We have 50
INFO:root:Nearest query is 0
INFO:root:Current Query: ["k.keyword IN ('murder', 'violence', 'blood', 'gore', 'death', 'female-nudity', 'hospital')", "mi.info = 'Horror'", 't.production_year > 2000']
INFO:root:Robust plan is 3: 600.8
INFO:root:Postgres plan: 987.1
INFO:root:60
INFO:root:
    SELECT MIN(t.title) AS movie_title
    FROM keyword AS k,
        movie_info AS mi,
        movie_keyword AS mk,
        title AS t
    WHERE k.keyword = 'marvel-cinematic-universe'
    AND mi.info IN ('Sweden', 'Norway', 'Germany', 'Denmark', 'Swedish', 'Denish', 'Norwegian', 'German', 'USA', 'American')
    AND t.production_year > 2010
  AND t.title LIKE 'Kung Fu Panda%'
    AND t.id = mi.movie_id
    AND t.id = mk.movie_id
    AND mk.movie_id = mi.movie_id
    AND k.id = mk.keyword_id;
    
INFO:root:--- PQO: Need 0.5710799270476958 samples to be accurate, We have 50
INFO:root:Nearest query is 4
INFO:root:Current Query: ["k.keyword = 'marvel-cinematic-universe'", "mi.info IN ('Sweden', 'Norway', 'Germany', 'Denmark', 'Swedish', 'Denish', 'Norwegian', 'German', 'USA', 'American')", "t.production_year > 2010\n  AND t.title LIKE 'Kung Fu Panda%'"]
INFO:root:Robust plan is 2: 101.6
INFO:root:Postgres plan: 20.9
INFO:root:61
INFO:root:
    SELECT MIN(t.title) AS movie_title
    FROM keyword AS k,
        movie_info AS mi,
        movie_keyword AS mk,
        title AS t
    WHERE k.keyword LIKE '%sequel%'
    AND mi.info IN ('Horror', 'Thriller')
    AND t.production_year BETWEEN 2007 AND 2010
    AND t.id = mi.movie_id
    AND t.id = mk.movie_id
    AND mk.movie_id = mi.movie_id
    AND k.id = mk.keyword_id;
    
INFO:root:--- PQO: Need 2.5368489845330044 samples to be accurate, We have 50
INFO:root:Nearest query is 5
INFO:root:Current Query: ["k.keyword LIKE '%sequel%'", "mi.info IN ('Horror', 'Thriller')", 't.production_year BETWEEN 2007 AND 2010']
INFO:root:Robust plan is 5: 311.2
INFO:root:Postgres plan: 95.1
INFO:root:62
INFO:root:
    SELECT MIN(t.title) AS movie_title
    FROM keyword AS k,
        movie_info AS mi,
        movie_keyword AS mk,
        title AS t
    WHERE k.keyword IN ('murder', 'blood', 'gore', 'death', 'female-nudity')
    AND mi.info IN ('Sweden', 'Norway', 'Germany', 'Denmark', 'Swedish', 'Denish', 'Norwegian', 'German', 'USA', 'American')
    AND t.episode_nr < 100
    AND t.id = mi.movie_id
    AND t.id = mk.movie_id
    AND mk.movie_id = mi.movie_id
    AND k.id = mk.keyword_id;
    
INFO:root:--- PQO: Need 0.9519292874921014 samples to be accurate, We have 50
INFO:root:Nearest query is 5
INFO:root:Current Query: ["k.keyword IN ('murder', 'blood', 'gore', 'death', 'female-nudity')", "mi.info IN ('Sweden', 'Norway', 'Germany', 'Denmark', 'Swedish', 'Denish', 'Norwegian', 'German', 'USA', 'American')", 't.episode_nr < 100']
INFO:root:Robust plan is 5: 732.3
INFO:root:Postgres plan: 277.9
INFO:root:63
INFO:root:
    SELECT MIN(t.title) AS movie_title
    FROM keyword AS k,
        movie_info AS mi,
        movie_keyword AS mk,
        title AS t
    WHERE k.keyword IN ('superhero', 'marvel-comics', 'based-on-comic', 'tv-special', 'fight', 'violence', 'magnet', 'web', 'claw', 'laser')
    AND mi.note LIKE '%internet%' AND mi.info LIKE 'USA:% 200%'
    AND t.production_year BETWEEN 1980 AND 1984
    AND t.id = mi.movie_id
    AND t.id = mk.movie_id
    AND mk.movie_id = mi.movie_id
    AND k.id = mk.keyword_id;
    
INFO:root:--- PQO: Need 23.4714202818623 samples to be accurate, We have 50
INFO:root:Nearest query is 3
INFO:root:Current Query: ["k.keyword IN ('superhero', 'marvel-comics', 'based-on-comic', 'tv-special', 'fight', 'violence', 'magnet', 'web', 'claw', 'laser')", "mi.note LIKE '%internet%' AND mi.info LIKE 'USA:% 200%'", 't.production_year BETWEEN 1980 AND 1984']
INFO:root:Robust plan is 3: 407.2
INFO:root:Postgres plan: 146.0
INFO:root:64
INFO:root:
    SELECT MIN(t.title) AS movie_title
    FROM keyword AS k,
        movie_info AS mi,
        movie_keyword AS mk,
        title AS t
    WHERE k.keyword IN ('superhero', 'marvel-comics', 'based-on-comic', 'tv-special', 'fight', 'violence', 'magnet', 'web', 'claw', 'laser')
    AND mi.note LIKE '%internet%'
    AND t.production_year > 2005
    AND t.id = mi.movie_id
    AND t.id = mk.movie_id
    AND mk.movie_id = mi.movie_id
    AND k.id = mk.keyword_id;
    
INFO:root:--- PQO: Need 0.29010383235967124 samples to be accurate, We have 50
INFO:root:Nearest query is 3
INFO:root:Current Query: ["k.keyword IN ('superhero', 'marvel-comics', 'based-on-comic', 'tv-special', 'fight', 'violence', 'magnet', 'web', 'claw', 'laser')", "mi.note LIKE '%internet%'", 't.production_year > 2005']
INFO:root:Robust plan is 3: 407.9
INFO:root:Postgres plan: 245.1
INFO:root:65
INFO:root:
    SELECT MIN(t.title) AS movie_title
    FROM keyword AS k,
        movie_info AS mi,
        movie_keyword AS mk,
        title AS t
    WHERE k.keyword ='character-name-in-title'
    AND mi.info IN ('Sweden', 'Norway', 'Germany', 'Denmark', 'Swedish', 'Denish', 'Norwegian', 'German', 'USA', 'American')
    AND t.production_year BETWEEN 2007 AND 2010
    AND t.id = mi.movie_id
    AND t.id = mk.movie_id
    AND mk.movie_id = mi.movie_id
    AND k.id = mk.keyword_id;
    
INFO:root:--- PQO: Need 0.25289757624568476 samples to be accurate, We have 50
INFO:root:Nearest query is 2
INFO:root:Current Query: ["k.keyword ='character-name-in-title'", "mi.info IN ('Sweden', 'Norway', 'Germany', 'Denmark', 'Swedish', 'Denish', 'Norwegian', 'German', 'USA', 'American')", 't.production_year BETWEEN 2007 AND 2010']
INFO:root:Robust plan is 1: 558.9
INFO:root:Postgres plan: 211.2
INFO:root:66
INFO:root:
    SELECT MIN(t.title) AS movie_title
    FROM keyword AS k,
        movie_info AS mi,
        movie_keyword AS mk,
        title AS t
    WHERE k.keyword = 'computer-animation'
    AND mi.info = 'Horror'
    AND t.production_year BETWEEN 1980 AND 1995
    AND t.id = mi.movie_id
    AND t.id = mk.movie_id
    AND mk.movie_id = mi.movie_id
    AND k.id = mk.keyword_id;
    
INFO:root:--- PQO: Need 17.43309832383112 samples to be accurate, We have 50
INFO:root:Nearest query is 1
INFO:root:Current Query: ["k.keyword = 'computer-animation'", "mi.info = 'Horror'", 't.production_year BETWEEN 1980 AND 1995']
INFO:root:Robust plan is 2: 410.6
INFO:root:Postgres plan: 26.0
INFO:root:67
INFO:root:
    SELECT MIN(t.title) AS movie_title
    FROM keyword AS k,
        movie_info AS mi,
        movie_keyword AS mk,
        title AS t
    WHERE k.keyword IN ('murder', 'murder-in-title', 'blood', 'violence')
    AND mi.info IN ('Horror', 'Thriller') AND mi.note IS NULL
    AND t.production_year > 2000
    AND t.id = mi.movie_id
    AND t.id = mk.movie_id
    AND mk.movie_id = mi.movie_id
    AND k.id = mk.keyword_id;
    
INFO:root:--- PQO: Need 9.421555275274173 samples to be accurate, We have 50
INFO:root:Nearest query is 2
INFO:root:Current Query: ["k.keyword IN ('murder', 'murder-in-title', 'blood', 'violence')", "mi.info IN ('Horror', 'Thriller') AND mi.note IS NULL", 't.production_year > 2000']
INFO:root:Robust plan is 1: 915.3
INFO:root:Postgres plan: 506.1
INFO:root:68
INFO:root:
    SELECT MIN(t.title) AS movie_title
    FROM keyword AS k,
        movie_info AS mi,
        movie_keyword AS mk,
        title AS t
    WHERE k.keyword IN ('hero', 'martial-arts', 'hand-to-hand-combat', 'computer-animated-movie')
    AND mi.info IN ('Horror', 'Thriller')
    AND t.production_year >2010
    AND t.id = mi.movie_id
    AND t.id = mk.movie_id
    AND mk.movie_id = mi.movie_id
    AND k.id = mk.keyword_id;
    
INFO:root:--- PQO: Need 2.6303451282457435 samples to be accurate, We have 50
INFO:root:Nearest query is 0
INFO:root:Current Query: ["k.keyword IN ('hero', 'martial-arts', 'hand-to-hand-combat', 'computer-animated-movie')", "mi.info IN ('Horror', 'Thriller')", 't.production_year >2010']
INFO:root:Robust plan is 3: 508.5
INFO:root:Postgres plan: 79.6
INFO:root:69
INFO:root:
    SELECT MIN(t.title) AS movie_title
    FROM keyword AS k,
        movie_info AS mi,
        movie_keyword AS mk,
        title AS t
    WHERE k.keyword LIKE '%sequel%'
    AND mi.note LIKE '%internet%' AND mi.info IS NOT NULL AND (mi.info LIKE 'USA:% 199%' OR mi.info LIKE 'USA:% 200%')
    AND t.title != '' AND (t.title LIKE '%Champion%' OR t.title LIKE '%Loser%')
    AND t.id = mi.movie_id
    AND t.id = mk.movie_id
    AND mk.movie_id = mi.movie_id
    AND k.id = mk.keyword_id;
    
INFO:root:--- PQO: Need 1.0000000000000004 samples to be accurate, We have 50
INFO:root:Nearest query is 8
INFO:root:Current Query: ["k.keyword LIKE '%sequel%'", "mi.note LIKE '%internet%' AND mi.info IS NOT NULL AND (mi.info LIKE 'USA:% 199%' OR mi.info LIKE 'USA:% 200%')", "t.title != '' AND (t.title LIKE '%Champion%' OR t.title LIKE '%Loser%')"]
INFO:root:Robust plan is 1: 146.3
INFO:root:Postgres plan: 73.0
INFO:root:70
INFO:root:
    SELECT MIN(t.title) AS movie_title
    FROM keyword AS k,
        movie_info AS mi,
        movie_keyword AS mk,
        title AS t
    WHERE k.keyword ='sequel'
    AND mi.info IN ('Drama', 'Horror')
    AND t.production_year > 2000
  AND (t.title LIKE '%Freddy%'
       OR t.title LIKE '%Jason%'
       OR t.title LIKE 'Saw%')
    AND t.id = mi.movie_id
    AND t.id = mk.movie_id
    AND mk.movie_id = mi.movie_id
    AND k.id = mk.keyword_id;
    
INFO:root:--- PQO: Need 1.763867566039039 samples to be accurate, We have 50
INFO:root:Nearest query is 4
INFO:root:Current Query: ["k.keyword ='sequel'", "mi.info IN ('Drama', 'Horror')", "t.production_year > 2000\n  AND (t.title LIKE '%Freddy%'\n       OR t.title LIKE '%Jason%'\n       OR t.title LIKE 'Saw%')"]
INFO:root:Robust plan is 2: 137.0
INFO:root:Postgres plan: 57.4
INFO:root:71
INFO:root:
    SELECT MIN(t.title) AS movie_title
    FROM keyword AS k,
        movie_info AS mi,
        movie_keyword AS mk,
        title AS t
    WHERE k.keyword IN ('murder', 'blood', 'gore', 'death', 'female-nudity')
    AND mi.info IN ('Drama', 'Horror')
    AND t.production_year > 2009
    AND t.id = mi.movie_id
    AND t.id = mk.movie_id
    AND mk.movie_id = mi.movie_id
    AND k.id = mk.keyword_id;
    
INFO:root:--- PQO: Need 0.2088410703104268 samples to be accurate, We have 50
INFO:root:Nearest query is 2
INFO:root:Current Query: ["k.keyword IN ('murder', 'blood', 'gore', 'death', 'female-nudity')", "mi.info IN ('Drama', 'Horror')", 't.production_year > 2009']
INFO:root:Robust plan is 1: 1355.8
INFO:root:Postgres plan: 333.2
INFO:root:72
INFO:root:
    SELECT MIN(t.title) AS movie_title
    FROM keyword AS k,
        movie_info AS mi,
        movie_keyword AS mk,
        title AS t
    WHERE k.keyword LIKE '%sequel%'
    AND mi.info = 'Horror'
    AND t.production_year > 1950
    AND t.id = mi.movie_id
    AND t.id = mk.movie_id
    AND mk.movie_id = mi.movie_id
    AND k.id = mk.keyword_id;
    
INFO:root:--- PQO: Need 11.486893114480079 samples to be accurate, We have 50
INFO:root:Nearest query is 0
INFO:root:Current Query: ["k.keyword LIKE '%sequel%'", "mi.info = 'Horror'", 't.production_year > 1950']
INFO:root:Robust plan is 3: 442.2
INFO:root:Postgres plan: 220.1
INFO:root:73
INFO:root:
    SELECT MIN(t.title) AS movie_title
    FROM keyword AS k,
        movie_info AS mi,
        movie_keyword AS mk,
        title AS t
    WHERE k.keyword IN ('superhero', 'marvel-comics', 'based-on-comic', 'tv-special', 'fight', 'violence', 'magnet', 'web', 'claw', 'laser')
    AND mi.info IN ('Sweden', 'Norway', 'Germany', 'Denmark', 'Swedish', 'Denish', 'Norwegian', 'German', 'USA', 'American')
    AND t.production_year > 2000
    AND t.id = mi.movie_id
    AND t.id = mk.movie_id
    AND mk.movie_id = mi.movie_id
    AND k.id = mk.keyword_id;
    
INFO:root:--- PQO: Need 0.9448542297937638 samples to be accurate, We have 50
INFO:root:Nearest query is 5
INFO:root:Current Query: ["k.keyword IN ('superhero', 'marvel-comics', 'based-on-comic', 'tv-special', 'fight', 'violence', 'magnet', 'web', 'claw', 'laser')", "mi.info IN ('Sweden', 'Norway', 'Germany', 'Denmark', 'Swedish', 'Denish', 'Norwegian', 'German', 'USA', 'American')", 't.production_year > 2000']
INFO:root:Robust plan is 5: 487.6
INFO:root:Postgres plan: 407.1
INFO:root:74
INFO:root:
    SELECT MIN(t.title) AS movie_title
    FROM keyword AS k,
        movie_info AS mi,
        movie_keyword AS mk,
        title AS t
    WHERE k.keyword ='sequel'
    AND mi.info IN ('Sweden', 'Norway', 'Germany', 'Denmark', 'Swedish', 'Denish', 'Norwegian', 'German', 'USA', 'American')
    AND t.production_year BETWEEN 2005 AND 2015
    AND t.id = mi.movie_id
    AND t.id = mk.movie_id
    AND mk.movie_id = mi.movie_id
    AND k.id = mk.keyword_id;
    
INFO:root:--- PQO: Need 0.4503413195582249 samples to be accurate, We have 50
INFO:root:Nearest query is 2
INFO:root:Current Query: ["k.keyword ='sequel'", "mi.info IN ('Sweden', 'Norway', 'Germany', 'Denmark', 'Swedish', 'Denish', 'Norwegian', 'German', 'USA', 'American')", 't.production_year BETWEEN 2005 AND 2015']
INFO:root:Robust plan is 1: 211.5
INFO:root:Postgres plan: 96.8
INFO:root:75
INFO:root:
    SELECT MIN(t.title) AS movie_title
    FROM keyword AS k,
        movie_info AS mi,
        movie_keyword AS mk,
        title AS t
    WHERE k.keyword IN ('murder', 'murder-in-title', 'blood', 'violence')
    AND mi.info IN ('Drama', 'Horror', 'Western', 'Family')
    AND t.production_year BETWEEN 1950 AND 2010
    AND t.id = mi.movie_id
    AND t.id = mk.movie_id
    AND mk.movie_id = mi.movie_id
    AND k.id = mk.keyword_id;
    
INFO:root:--- PQO: Need 0.27765452422910747 samples to be accurate, We have 50
INFO:root:Nearest query is 0
INFO:root:Current Query: ["k.keyword IN ('murder', 'murder-in-title', 'blood', 'violence')", "mi.info IN ('Drama', 'Horror', 'Western', 'Family')", 't.production_year BETWEEN 1950 AND 2010']
INFO:root:Robust plan is 3: 689.2
INFO:root:Postgres plan: 972.7
INFO:root:76
INFO:root:
    SELECT MIN(t.title) AS movie_title
    FROM keyword AS k,
        movie_info AS mi,
        movie_keyword AS mk,
        title AS t
    WHERE k.keyword LIKE '%sequel%'
    AND mi.info IN ('Drama', 'Horror')
    AND t.production_year > 2000
    AND t.id = mi.movie_id
    AND t.id = mk.movie_id
    AND mk.movie_id = mi.movie_id
    AND k.id = mk.keyword_id;
    
INFO:root:--- PQO: Need 1.0950955212804236 samples to be accurate, We have 50
INFO:root:Nearest query is 0
INFO:root:Current Query: ["k.keyword LIKE '%sequel%'", "mi.info IN ('Drama', 'Horror')", 't.production_year > 2000']
INFO:root:Robust plan is 3: 532.2
INFO:root:Postgres plan: 146.4
INFO:root:77
INFO:root:
    SELECT MIN(t.title) AS movie_title
    FROM keyword AS k,
        movie_info AS mi,
        movie_keyword AS mk,
        title AS t
    WHERE k.keyword = 'computer-animation'
    AND mi.info IN ('Sweden', 'Norway', 'Germany', 'Denmark', 'Swedish', 'Denish', 'Norwegian', 'German')
    AND t.production_year BETWEEN 2005 AND 2010
    AND t.id = mi.movie_id
    AND t.id = mk.movie_id
    AND mk.movie_id = mi.movie_id
    AND k.id = mk.keyword_id;
    
INFO:root:--- PQO: Need 0.511732097995525 samples to be accurate, We have 50
INFO:root:Nearest query is 1
INFO:root:Current Query: ["k.keyword = 'computer-animation'", "mi.info IN ('Sweden', 'Norway', 'Germany', 'Denmark', 'Swedish', 'Denish', 'Norwegian', 'German')", 't.production_year BETWEEN 2005 AND 2010']
INFO:root:Robust plan is 2: 704.6
INFO:root:Postgres plan: 31.9
INFO:root:78
INFO:root:
    SELECT MIN(t.title) AS movie_title
    FROM keyword AS k,
        movie_info AS mi,
        movie_keyword AS mk,
        title AS t
    WHERE k.keyword IN ('murder', 'blood', 'gore', 'death', 'female-nudity')
    AND mi.info IN ('Sweden', 'Norway', 'Germany', 'Denmark', 'Swedish', 'Denish', 'Norwegian', 'German', 'USA', 'American')
    AND t.production_year > 2000
    AND t.id = mi.movie_id
    AND t.id = mk.movie_id
    AND mk.movie_id = mi.movie_id
    AND k.id = mk.keyword_id;
    
INFO:root:--- PQO: Need 50.55657372655978 samples to be accurate, We have 50
INFO:root:Nearest query is 5
INFO:root:Current Query: ["k.keyword IN ('murder', 'blood', 'gore', 'death', 'female-nudity')", "mi.info IN ('Sweden', 'Norway', 'Germany', 'Denmark', 'Swedish', 'Denish', 'Norwegian', 'German', 'USA', 'American')", 't.production_year > 2000']
INFO:root:Robust plan is 5: 740.7
INFO:root:Postgres plan: 953.3
INFO:root:79
INFO:root:
    SELECT MIN(t.title) AS movie_title
    FROM keyword AS k,
        movie_info AS mi,
        movie_keyword AS mk,
        title AS t
    WHERE k.keyword IN ('murder', 'murder-in-title', 'blood', 'violence')
    AND mi.info IN ('Sweden', 'Germany', 'Swedish', 'German')
    AND t.production_year > 2000
    AND t.id = mi.movie_id
    AND t.id = mk.movie_id
    AND mk.movie_id = mi.movie_id
    AND k.id = mk.keyword_id;
    
INFO:root:--- PQO: Need 12.90288094826865 samples to be accurate, We have 50
INFO:root:Nearest query is 5
INFO:root:Current Query: ["k.keyword IN ('murder', 'murder-in-title', 'blood', 'violence')", "mi.info IN ('Sweden', 'Germany', 'Swedish', 'German')", 't.production_year > 2000']
INFO:root:Robust plan is 5: 528.5
INFO:root:Postgres plan: 547.9
INFO:root:80
INFO:root:
    SELECT MIN(t.title) AS movie_title
    FROM keyword AS k,
        movie_info AS mi,
        movie_keyword AS mk,
        title AS t
    WHERE k.keyword ='sequel'
    AND mi.info IN ('Sweden', 'Norway', 'Germany', 'Denmark', 'Swedish', 'Denish', 'Norwegian', 'German', 'USA', 'American')
    AND t.production_year > 2014
    AND t.id = mi.movie_id
    AND t.id = mk.movie_id
    AND mk.movie_id = mi.movie_id
    AND k.id = mk.keyword_id;
    
INFO:root:--- PQO: Need 1.0 samples to be accurate, We have 50
INFO:root:Nearest query is 4
INFO:root:Current Query: ["k.keyword ='sequel'", "mi.info IN ('Sweden', 'Norway', 'Germany', 'Denmark', 'Swedish', 'Denish', 'Norwegian', 'German', 'USA', 'American')", 't.production_year > 2014']
INFO:root:Robust plan is 2: 98.4
INFO:root:Postgres plan: 57.8
INFO:root:81
INFO:root:
    SELECT MIN(t.title) AS movie_title
    FROM keyword AS k,
        movie_info AS mi,
        movie_keyword AS mk,
        title AS t
    WHERE k.keyword IN ('superhero', 'sequel', 'second-part', 'marvel-comics', 'based-on-comic', 'tv-special', 'fight', 'violence')
    AND mi.note LIKE '%internet%' AND mi.info LIKE 'USA:% 200%'
    AND t.production_year BETWEEN 1980 AND 2010
    AND t.id = mi.movie_id
    AND t.id = mk.movie_id
    AND mk.movie_id = mi.movie_id
    AND k.id = mk.keyword_id;
    
INFO:root:--- PQO: Need 3.870924472949543 samples to be accurate, We have 50
INFO:root:Nearest query is 3
INFO:root:Current Query: ["k.keyword IN ('superhero', 'sequel', 'second-part', 'marvel-comics', 'based-on-comic', 'tv-special', 'fight', 'violence')", "mi.note LIKE '%internet%' AND mi.info LIKE 'USA:% 200%'", 't.production_year BETWEEN 1980 AND 2010']
INFO:root:Robust plan is 3: 458.8
INFO:root:Postgres plan: 604.6
INFO:root:82
INFO:root:
    SELECT MIN(t.title) AS movie_title
    FROM keyword AS k,
        movie_info AS mi,
        movie_keyword AS mk,
        title AS t
    WHERE k.keyword IN ('nerd', 'loner', 'alienation', 'dignity')
    AND mi.info IN ('Sweden', 'Norway', 'Germany', 'Denmark', 'Swedish', 'Denish', 'Norwegian', 'German', 'USA', 'American')
    AND t.production_year = 1998
    AND t.id = mi.movie_id
    AND t.id = mk.movie_id
    AND mk.movie_id = mi.movie_id
    AND k.id = mk.keyword_id;
    
INFO:root:--- PQO: Need 0.2257702963406011 samples to be accurate, We have 50
INFO:root:Nearest query is 0
INFO:root:Current Query: ["k.keyword IN ('nerd', 'loner', 'alienation', 'dignity')", "mi.info IN ('Sweden', 'Norway', 'Germany', 'Denmark', 'Swedish', 'Denish', 'Norwegian', 'German', 'USA', 'American')", 't.production_year = 1998']
INFO:root:Robust plan is 3: 801.1
INFO:root:Postgres plan: 37.7
INFO:root:83
INFO:root:
    SELECT MIN(t.title) AS movie_title
    FROM keyword AS k,
        movie_info AS mi,
        movie_keyword AS mk,
        title AS t
    WHERE k.keyword ='character-name-in-title'
    AND mi.info IN ('Sweden', 'Norway', 'Germany', 'Denmark', 'Swedish', 'Denish', 'Norwegian', 'German', 'USA', 'American')
    AND t.production_year > 2000
    AND t.id = mi.movie_id
    AND t.id = mk.movie_id
    AND mk.movie_id = mi.movie_id
    AND k.id = mk.keyword_id;
    
INFO:root:--- PQO: Need 1.9326778875462114 samples to be accurate, We have 50
INFO:root:Nearest query is 2
INFO:root:Current Query: ["k.keyword ='character-name-in-title'", "mi.info IN ('Sweden', 'Norway', 'Germany', 'Denmark', 'Swedish', 'Denish', 'Norwegian', 'German', 'USA', 'American')", 't.production_year > 2000']
INFO:root:Robust plan is 1: 563.3
INFO:root:Postgres plan: 296.3
INFO:root:84
INFO:root:
    SELECT MIN(t.title) AS movie_title
    FROM keyword AS k,
        movie_info AS mi,
        movie_keyword AS mk,
        title AS t
    WHERE k.keyword IN ('sequel', 'revenge', 'based-on-novel')
    AND mi.note LIKE '%internet%' AND mi.info IS NOT NULL AND (mi.info LIKE 'USA:% 199%' OR mi.info LIKE 'USA:% 200%')
    AND t.production_year > 2005
    AND t.id = mi.movie_id
    AND t.id = mk.movie_id
    AND mk.movie_id = mi.movie_id
    AND k.id = mk.keyword_id;
    
INFO:root:--- PQO: Need 2.446083810728167 samples to be accurate, We have 50
INFO:root:Nearest query is 3
INFO:root:Current Query: ["k.keyword IN ('sequel', 'revenge', 'based-on-novel')", "mi.note LIKE '%internet%' AND mi.info IS NOT NULL AND (mi.info LIKE 'USA:% 199%' OR mi.info LIKE 'USA:% 200%')", 't.production_year > 2005']
INFO:root:Robust plan is 3: 473.4
INFO:root:Postgres plan: 284.6
INFO:root:85
INFO:root:
    SELECT MIN(t.title) AS movie_title
    FROM keyword AS k,
        movie_info AS mi,
        movie_keyword AS mk,
        title AS t
    WHERE k.keyword ='sequel'
    AND mi.info IN ('Sweden', 'Norway', 'Germany', 'Denmark', 'Swedish', 'Denish', 'Norwegian', 'German', 'USA', 'American')
    AND t.production_year > 2005
    AND t.id = mi.movie_id
    AND t.id = mk.movie_id
    AND mk.movie_id = mi.movie_id
    AND k.id = mk.keyword_id;
    
INFO:root:--- PQO: Need 0.9911275784835454 samples to be accurate, We have 50
INFO:root:Nearest query is 2
INFO:root:Current Query: ["k.keyword ='sequel'", "mi.info IN ('Sweden', 'Norway', 'Germany', 'Denmark', 'Swedish', 'Denish', 'Norwegian', 'German', 'USA', 'American')", 't.production_year > 2005']
INFO:root:Robust plan is 1: 223.0
INFO:root:Postgres plan: 81.0
INFO:root:86
INFO:root:
    SELECT MIN(t.title) AS movie_title
    FROM keyword AS k,
        movie_info AS mi,
        movie_keyword AS mk,
        title AS t
    WHERE k.keyword ='character-name-in-title'
    AND mi.info IN ('Sweden', 'Norway', 'Germany', 'Denmark', 'Swedish', 'Denish', 'Norwegian', 'German', 'English')
    AND t.production_year BETWEEN 2006 AND 2007 AND (t.title LIKE 'One Piece%' OR t.title LIKE 'Dragon Ball Z%')
    AND t.id = mi.movie_id
    AND t.id = mk.movie_id
    AND mk.movie_id = mi.movie_id
    AND k.id = mk.keyword_id;
    
INFO:root:--- PQO: Need 0.5815156880091452 samples to be accurate, We have 50
INFO:root:Nearest query is 11
INFO:root:Current Query: ["k.keyword ='character-name-in-title'", "mi.info IN ('Sweden', 'Norway', 'Germany', 'Denmark', 'Swedish', 'Denish', 'Norwegian', 'German', 'English')", "t.production_year BETWEEN 2006 AND 2007 AND (t.title LIKE 'One Piece%' OR t.title LIKE 'Dragon Ball Z%')"]
INFO:root:Robust plan is 2: 102.1
INFO:root:Postgres plan: 139.4
INFO:root:87
INFO:root:
    SELECT MIN(t.title) AS movie_title
    FROM keyword AS k,
        movie_info AS mi,
        movie_keyword AS mk,
        title AS t
    WHERE k.keyword LIKE '%sequel%'
    AND mi.info IN ('Sweden', 'Norway', 'Germany', 'Denmark', 'Swedish', 'Denish', 'Norwegian', 'German', 'USA', 'American')
    AND t.production_year > 2005
    AND t.id = mi.movie_id
    AND t.id = mk.movie_id
    AND mk.movie_id = mi.movie_id
    AND k.id = mk.keyword_id;
    
INFO:root:--- PQO: Need 2.6850091876413615 samples to be accurate, We have 50
INFO:root:Nearest query is 5
INFO:root:Current Query: ["k.keyword LIKE '%sequel%'", "mi.info IN ('Sweden', 'Norway', 'Germany', 'Denmark', 'Swedish', 'Denish', 'Norwegian', 'German', 'USA', 'American')", 't.production_year > 2005']
INFO:root:Robust plan is 5: 330.7
INFO:root:Postgres plan: 123.2
INFO:root:88
INFO:root:
    SELECT MIN(t.title) AS movie_title
    FROM keyword AS k,
        movie_info AS mi,
        movie_keyword AS mk,
        title AS t
    WHERE k.keyword IN ('murder', 'murder-in-title', 'blood', 'violence')
    AND mi.info = 'Horror'
    AND t.production_year > 2000
    AND t.id = mi.movie_id
    AND t.id = mk.movie_id
    AND mk.movie_id = mi.movie_id
    AND k.id = mk.keyword_id;
    
INFO:root:--- PQO: Need 1.506647538244549 samples to be accurate, We have 50
INFO:root:Nearest query is 0
INFO:root:Current Query: ["k.keyword IN ('murder', 'murder-in-title', 'blood', 'violence')", "mi.info = 'Horror'", 't.production_year > 2000']
INFO:root:Robust plan is 3: 526.4
INFO:root:Postgres plan: 492.1
INFO:root:89
INFO:root:
    SELECT MIN(t.title) AS movie_title
    FROM keyword AS k,
        movie_info AS mi,
        movie_keyword AS mk,
        title AS t
    WHERE k.keyword LIKE '%sequel%'
    AND mi.info IN ('Sweden', 'Germany', 'Swedish', 'German')
    AND t.production_year > 2010
  AND t.title LIKE 'Vampire%'
    AND t.id = mi.movie_id
    AND t.id = mk.movie_id
    AND mk.movie_id = mi.movie_id
    AND k.id = mk.keyword_id;
    
INFO:root:--- PQO: Need 32.38868439519112 samples to be accurate, We have 50
INFO:root:Nearest query is 6
INFO:root:Current Query: ["k.keyword LIKE '%sequel%'", "mi.info IN ('Sweden', 'Germany', 'Swedish', 'German')", "t.production_year > 2010\n  AND t.title LIKE 'Vampire%'"]
INFO:root:Robust plan is 1: 96.1
INFO:root:Postgres plan: 69.4
INFO:root:90
INFO:root:
    SELECT MIN(t.title) AS movie_title
    FROM keyword AS k,
        movie_info AS mi,
        movie_keyword AS mk,
        title AS t
    WHERE k.keyword IN ('superhero', 'sequel', 'second-part', 'marvel-comics', 'based-on-comic', 'tv-special', 'fight', 'violence')
    AND mi.info IS NOT NULL AND (mi.info LIKE 'Japan:%2007%' OR mi.info LIKE 'USA:%2008%')
    AND t.production_year > 2000
    AND t.id = mi.movie_id
    AND t.id = mk.movie_id
    AND mk.movie_id = mi.movie_id
    AND k.id = mk.keyword_id;
    
INFO:root:--- PQO: Need 0.2777905785755993 samples to be accurate, We have 50
INFO:root:Nearest query is 0
INFO:root:Current Query: ["k.keyword IN ('superhero', 'sequel', 'second-part', 'marvel-comics', 'based-on-comic', 'tv-special', 'fight', 'violence')", "mi.info IS NOT NULL AND (mi.info LIKE 'Japan:%2007%' OR mi.info LIKE 'USA:%2008%')", 't.production_year > 2000']
INFO:root:Robust plan is 3: 635.0
INFO:root:Postgres plan: 472.5
INFO:root:91
INFO:root:
    SELECT MIN(t.title) AS movie_title
    FROM keyword AS k,
        movie_info AS mi,
        movie_keyword AS mk,
        title AS t
    WHERE k.keyword IS NOT NULL AND k.keyword IN ('murder', 'murder-in-title', 'blood', 'violence')
    AND mi.info IN ('Drama', 'Horror')
    AND t.production_year = 1998 AND t.title LIKE '%Money%'
    AND t.id = mi.movie_id
    AND t.id = mk.movie_id
    AND mk.movie_id = mi.movie_id
    AND k.id = mk.keyword_id;
    
INFO:root:--- PQO: Need 0.9999999999999996 samples to be accurate, We have 50
INFO:root:Nearest query is 11
INFO:root:Current Query: ["k.keyword IS NOT NULL AND k.keyword IN ('murder', 'murder-in-title', 'blood', 'violence')", "mi.info IN ('Drama', 'Horror')", "t.production_year = 1998 AND t.title LIKE '%Money%'"]
INFO:root:Robust plan is 2: 115.2
INFO:root:Postgres plan: 160.0
INFO:root:92
INFO:root:
    SELECT MIN(t.title) AS movie_title
    FROM keyword AS k,
        movie_info AS mi,
        movie_keyword AS mk,
        title AS t
    WHERE k.keyword IN ('murder', 'blood', 'gore', 'death', 'female-nudity')
    AND mi.note LIKE '%internet%'
    AND t.production_year >2010
    AND t.id = mi.movie_id
    AND t.id = mk.movie_id
    AND mk.movie_id = mi.movie_id
    AND k.id = mk.keyword_id;
    
INFO:root:--- PQO: Need 110.66630057705258 samples to be accurate, We have 50
INFO:root:Nearest query is 0
INFO:root:Current Query: ["k.keyword IN ('murder', 'blood', 'gore', 'death', 'female-nudity')", "mi.note LIKE '%internet%'", 't.production_year >2010']
INFO:root:Robust plan is 3: 534.4
INFO:root:Postgres plan: 303.4
INFO:root:93
INFO:root:
    SELECT MIN(t.title) AS movie_title
    FROM keyword AS k,
        movie_info AS mi,
        movie_keyword AS mk,
        title AS t
    WHERE k.keyword = 'marvel-cinematic-universe'
    AND mi.info IN ('Bulgaria')
    AND t.episode_nr < 100
    AND t.id = mi.movie_id
    AND t.id = mk.movie_id
    AND mk.movie_id = mi.movie_id
    AND k.id = mk.keyword_id;
    
INFO:root:--- PQO: Need 2.237121063992047 samples to be accurate, We have 50
INFO:root:Nearest query is 9
INFO:root:Current Query: ["k.keyword = 'marvel-cinematic-universe'", "mi.info IN ('Bulgaria')", 't.episode_nr < 100']
INFO:root:Robust plan is 0: 22.8
INFO:root:Postgres plan: 23.8
INFO:root:94
INFO:root:
    SELECT MIN(t.title) AS movie_title
    FROM keyword AS k,
        movie_info AS mi,
        movie_keyword AS mk,
        title AS t
    WHERE k.keyword ='character-name-in-title'
    AND mi.note LIKE '%internet%' AND mi.info IS NOT NULL AND (mi.info LIKE 'USA:% 199%' OR mi.info LIKE 'USA:% 200%')
    AND t.production_year > 1990
    AND t.id = mi.movie_id
    AND t.id = mk.movie_id
    AND mk.movie_id = mi.movie_id
    AND k.id = mk.keyword_id;
    
INFO:root:--- PQO: Need 1.890505310996938 samples to be accurate, We have 50
INFO:root:Nearest query is 9
INFO:root:Current Query: ["k.keyword ='character-name-in-title'", "mi.note LIKE '%internet%' AND mi.info IS NOT NULL AND (mi.info LIKE 'USA:% 199%' OR mi.info LIKE 'USA:% 200%')", 't.production_year > 1990']
INFO:root:Robust plan is 0: 414.8
INFO:root:Postgres plan: 410.1
INFO:root:95
INFO:root:
    SELECT MIN(t.title) AS movie_title
    FROM keyword AS k,
        movie_info AS mi,
        movie_keyword AS mk,
        title AS t
    WHERE k.keyword IN ('murder', 'murder-in-title', 'blood', 'violence')
    AND mi.info IN ('Horror', 'Thriller')
    AND t.production_year = 1998
    AND t.id = mi.movie_id
    AND t.id = mk.movie_id
    AND mk.movie_id = mi.movie_id
    AND k.id = mk.keyword_id;
    
INFO:root:--- PQO: Need 61.98323109098567 samples to be accurate, We have 50
INFO:root:Nearest query is 2
INFO:root:Current Query: ["k.keyword IN ('murder', 'murder-in-title', 'blood', 'violence')", "mi.info IN ('Horror', 'Thriller')", 't.production_year = 1998']
INFO:root:Robust plan is 1: 908.0
INFO:root:Postgres plan: 181.6
INFO:root:96
INFO:root:
    SELECT MIN(t.title) AS movie_title
    FROM keyword AS k,
        movie_info AS mi,
        movie_keyword AS mk,
        title AS t
    WHERE k.keyword IN ('superhero', 'marvel-comics', 'based-on-comic', 'tv-special', 'fight', 'violence', 'magnet', 'web', 'claw', 'laser')
    AND mi.info IN ('Sweden', 'Norway', 'Germany', 'Denmark', 'Swedish', 'Denish', 'Norwegian', 'German')
    AND t.production_year > 2005
    AND t.id = mi.movie_id
    AND t.id = mk.movie_id
    AND mk.movie_id = mi.movie_id
    AND k.id = mk.keyword_id;
    
INFO:root:--- PQO: Need 0.9243173988651971 samples to be accurate, We have 50
INFO:root:Nearest query is 0
INFO:root:Current Query: ["k.keyword IN ('superhero', 'marvel-comics', 'based-on-comic', 'tv-special', 'fight', 'violence', 'magnet', 'web', 'claw', 'laser')", "mi.info IN ('Sweden', 'Norway', 'Germany', 'Denmark', 'Swedish', 'Denish', 'Norwegian', 'German')", 't.production_year > 2005']
INFO:root:Robust plan is 3: 792.0
INFO:root:Postgres plan: 279.6
INFO:root:97
INFO:root:
    SELECT MIN(t.title) AS movie_title
    FROM keyword AS k,
        movie_info AS mi,
        movie_keyword AS mk,
        title AS t
    WHERE k.keyword IN ('sequel', 'revenge', 'based-on-novel')
    AND mi.info IN ('Sweden', 'Germany', 'Swedish', 'German')
    AND t.episode_nr < 100
    AND t.id = mi.movie_id
    AND t.id = mk.movie_id
    AND mk.movie_id = mi.movie_id
    AND k.id = mk.keyword_id;
    
INFO:root:--- PQO: Need 76.6771519427178 samples to be accurate, We have 50
INFO:root:Nearest query is 2
INFO:root:Current Query: ["k.keyword IN ('sequel', 'revenge', 'based-on-novel')", "mi.info IN ('Sweden', 'Germany', 'Swedish', 'German')", 't.episode_nr < 100']
INFO:root:Robust plan is 1: 765.1
INFO:root:Postgres plan: 190.0
INFO:root:98
INFO:root:
    SELECT MIN(t.title) AS movie_title
    FROM keyword AS k,
        movie_info AS mi,
        movie_keyword AS mk,
        title AS t
    WHERE k.keyword IN ('murder', 'murder-in-title', 'blood', 'violence')
    AND mi.info IN ('Horror', 'Action', 'Sci-Fi', 'Thriller', 'Crime', 'War')
    AND t.title != '' AND (t.title LIKE '%Champion%' OR t.title LIKE '%Loser%')
    AND t.id = mi.movie_id
    AND t.id = mk.movie_id
    AND mk.movie_id = mi.movie_id
    AND k.id = mk.keyword_id;
    
INFO:root:--- PQO: Need 17.109280458460056 samples to be accurate, We have 50
INFO:root:Nearest query is 6
INFO:root:Current Query: ["k.keyword IN ('murder', 'murder-in-title', 'blood', 'violence')", "mi.info IN ('Horror', 'Action', 'Sci-Fi', 'Thriller', 'Crime', 'War')", "t.title != '' AND (t.title LIKE '%Champion%' OR t.title LIKE '%Loser%')"]
INFO:root:Robust plan is 1: 146.2
INFO:root:Postgres plan: 167.5
INFO:root:99
INFO:root:
    SELECT MIN(t.title) AS movie_title
    FROM keyword AS k,
        movie_info AS mi,
        movie_keyword AS mk,
        title AS t
    WHERE k.keyword ='character-name-in-title'
    AND mi.info IN ('Sweden', 'Norway', 'Germany', 'Denmark', 'Swedish', 'Denish', 'Norwegian', 'German', 'English')
    AND t.production_year > 2010 AND (t.title LIKE '%murder%' OR t.title LIKE '%Murder%' OR t.title LIKE '%Mord%')
    AND t.id = mi.movie_id
    AND t.id = mk.movie_id
    AND mk.movie_id = mi.movie_id
    AND k.id = mk.keyword_id;
    
INFO:root:--- PQO: Need 0.9999999999999991 samples to be accurate, We have 50
INFO:root:Nearest query is 7
INFO:root:Current Query: ["k.keyword ='character-name-in-title'", "mi.info IN ('Sweden', 'Norway', 'Germany', 'Denmark', 'Swedish', 'Denish', 'Norwegian', 'German', 'English')", "t.production_year > 2010 AND (t.title LIKE '%murder%' OR t.title LIKE '%Murder%' OR t.title LIKE '%Mord%')"]
INFO:root:Robust plan is 3: 191.6
INFO:root:Postgres plan: 137.3
