INFO:root:0
INFO:root:
    SELECT MIN(mc.note) AS production_note,
       MIN(t.title) AS movie_title,
       MIN(t.production_year) AS movie_year
    FROM company_type AS ct,
        info_type AS it,
        movie_companies AS mc,
        movie_info_idx AS mi_idx,
        title AS t
    WHERE ct.kind = 'production companies'
    AND it.info = 'rating'
    AND mc.note IS NULL
    AND ct.id = mc.company_type_id
    AND t.id = mc.movie_id
    AND t.id = mi_idx.movie_id
    AND mc.movie_id = mi_idx.movie_id
    AND it.id = mi_idx.info_type_id;
    
INFO:root:--- PQO: Need 1.0 samples to be accurate, We have 50
INFO:root:Nearest query is 1
INFO:root:Current Query: ["ct.kind = 'production companies'", 'rating', 'mc.note IS NULL']
INFO:root:Robust plan is 3: 611.249
INFO:root:Postgres plan: 1005.417
INFO:root:1
INFO:root:
    SELECT MIN(mc.note) AS production_note,
       MIN(t.title) AS movie_title,
       MIN(t.production_year) AS movie_year
    FROM company_type AS ct,
        info_type AS it,
        movie_companies AS mc,
        movie_info_idx AS mi_idx,
        title AS t
    WHERE ct.kind = 'production companies'
    AND it.info = 'rating'
    AND mc.note LIKE '%(Japan)%' AND mc.note NOT LIKE '%(USA)%' AND (mc.note LIKE '%(2006)%' OR mc.note LIKE '%(2007)%')
    AND ct.id = mc.company_type_id
    AND t.id = mc.movie_id
    AND t.id = mi_idx.movie_id
    AND mc.movie_id = mi_idx.movie_id
    AND it.id = mi_idx.info_type_id;
    
INFO:root:--- PQO: Need 3.6470086997803555 samples to be accurate, We have 50
INFO:root:Nearest query is 0
INFO:root:Current Query: ["ct.kind = 'production companies'", 'rating', "mc.note LIKE '%(Japan)%' AND mc.note NOT LIKE '%(USA)%' AND (mc.note LIKE '%(2006)%' OR mc.note LIKE '%(2007)%')"]
INFO:root:Robust plan is 0: 108.292
INFO:root:Postgres plan: 524.518
INFO:root:2
INFO:root:
    SELECT MIN(mc.note) AS production_note,
       MIN(t.title) AS movie_title,
       MIN(t.production_year) AS movie_year
    FROM company_type AS ct,
        info_type AS it,
        movie_companies AS mc,
        movie_info_idx AS mi_idx,
        title AS t
    WHERE ct.kind = 'production companies'
    AND it.info = 'rating'
    AND mc.note LIKE '%(Blu-ray)%'
    AND ct.id = mc.company_type_id
    AND t.id = mc.movie_id
    AND t.id = mi_idx.movie_id
    AND mc.movie_id = mi_idx.movie_id
    AND it.id = mi_idx.info_type_id;
    
INFO:root:--- PQO: Need 1.0 samples to be accurate, We have 50
INFO:root:Nearest query is 2
INFO:root:Current Query: ["ct.kind = 'production companies'", 'rating', "mc.note LIKE '%(Blu-ray)%'"]
INFO:root:Robust plan is 1: 103.526
INFO:root:Postgres plan: 524.27
INFO:root:3
INFO:root:
    SELECT MIN(mc.note) AS production_note,
       MIN(t.title) AS movie_title,
       MIN(t.production_year) AS movie_year
    FROM company_type AS ct,
        info_type AS it,
        movie_companies AS mc,
        movie_info_idx AS mi_idx,
        title AS t
    WHERE ct.kind = 'production companies'
    AND it.info = 'rating'
    AND mc.note IS NOT NULL AND (mc.note LIKE '%(USA)%' OR mc.note LIKE '%(worldwide)%')
    AND ct.id = mc.company_type_id
    AND t.id = mc.movie_id
    AND t.id = mi_idx.movie_id
    AND mc.movie_id = mi_idx.movie_id
    AND it.id = mi_idx.info_type_id;
    
INFO:root:--- PQO: Need 4.608806320376638 samples to be accurate, We have 50
INFO:root:Nearest query is 1
INFO:root:Current Query: ["ct.kind = 'production companies'", 'rating', "mc.note IS NOT NULL AND (mc.note LIKE '%(USA)%' OR mc.note LIKE '%(worldwide)%')"]
INFO:root:Robust plan is 3: 570.017
INFO:root:Postgres plan: 562.72
INFO:root:4
INFO:root:
    SELECT MIN(mc.note) AS production_note,
       MIN(t.title) AS movie_title,
       MIN(t.production_year) AS movie_year
    FROM company_type AS ct,
        info_type AS it,
        movie_companies AS mc,
        movie_info_idx AS mi_idx,
        title AS t
    WHERE ct.kind = 'production companies'
    AND it.info = 'rating'
    AND mc.note LIKE '%(200%)%' AND mc.note LIKE '%(worldwide)%'
    AND ct.id = mc.company_type_id
    AND t.id = mc.movie_id
    AND t.id = mi_idx.movie_id
    AND mc.movie_id = mi_idx.movie_id
    AND it.id = mi_idx.info_type_id;
    
INFO:root:--- PQO: Need 1.028474002377601 samples to be accurate, We have 50
INFO:root:Nearest query is 0
INFO:root:Current Query: ["ct.kind = 'production companies'", 'rating', "mc.note LIKE '%(200%)%' AND mc.note LIKE '%(worldwide)%'"]
INFO:root:Robust plan is 0: 111.739
INFO:root:Postgres plan: 542.94
INFO:root:5
INFO:root:
    SELECT MIN(mc.note) AS production_note,
       MIN(t.title) AS movie_title,
       MIN(t.production_year) AS movie_year
    FROM company_type AS ct,
        info_type AS it,
        movie_companies AS mc,
        movie_info_idx AS mi_idx,
        title AS t
    WHERE ct.kind = 'production companies'
    AND it.info = 'votes'
    AND mc.note IS NULL
    AND ct.id = mc.company_type_id
    AND t.id = mc.movie_id
    AND t.id = mi_idx.movie_id
    AND mc.movie_id = mi_idx.movie_id
    AND it.id = mi_idx.info_type_id;
    
INFO:root:--- PQO: Need 1.0 samples to be accurate, We have 50
INFO:root:Nearest query is 1
INFO:root:Current Query: ["ct.kind = 'production companies'", 'votes', 'mc.note IS NULL']
INFO:root:Robust plan is 3: 592.85
INFO:root:Postgres plan: 1001.397
INFO:root:6
INFO:root:
    SELECT MIN(mc.note) AS production_note,
       MIN(t.title) AS movie_title,
       MIN(t.production_year) AS movie_year
    FROM company_type AS ct,
        info_type AS it,
        movie_companies AS mc,
        movie_info_idx AS mi_idx,
        title AS t
    WHERE ct.kind = 'production companies'
    AND it.info = 'votes'
    AND mc.note NOT LIKE '%(as Metro-Goldwyn-Mayer Pictures)%'
    AND ct.id = mc.company_type_id
    AND t.id = mc.movie_id
    AND t.id = mi_idx.movie_id
    AND mc.movie_id = mi_idx.movie_id
    AND it.id = mi_idx.info_type_id;
    
INFO:root:--- PQO: Need 0.003814783163039972 samples to be accurate, We have 50
INFO:root:Nearest query is 1
INFO:root:Current Query: ["ct.kind = 'production companies'", 'votes', "mc.note NOT LIKE '%(as Metro-Goldwyn-Mayer Pictures)%'"]
INFO:root:Robust plan is 3: 607.777
INFO:root:Postgres plan: 681.836
INFO:root:7
INFO:root:
    SELECT MIN(mc.note) AS production_note,
       MIN(t.title) AS movie_title,
       MIN(t.production_year) AS movie_year
    FROM company_type AS ct,
        info_type AS it,
        movie_companies AS mc,
        movie_info_idx AS mi_idx,
        title AS t
    WHERE ct.kind = 'production companies'
    AND it.info = 'rating'
    AND mc.note IS NULL
    AND ct.id = mc.company_type_id
    AND t.id = mc.movie_id
    AND t.id = mi_idx.movie_id
    AND mc.movie_id = mi_idx.movie_id
    AND it.id = mi_idx.info_type_id;
    
INFO:root:--- PQO: Need 1.000000000000001 samples to be accurate, We have 50
INFO:root:Nearest query is 1
INFO:root:Current Query: ["ct.kind = 'production companies'", 'rating', 'mc.note IS NULL']
INFO:root:Robust plan is 3: 595.627
INFO:root:Postgres plan: 1014.795
INFO:root:8
INFO:root:
    SELECT MIN(mc.note) AS production_note,
       MIN(t.title) AS movie_title,
       MIN(t.production_year) AS movie_year
    FROM company_type AS ct,
        info_type AS it,
        movie_companies AS mc,
        movie_info_idx AS mi_idx,
        title AS t
    WHERE ct.kind = 'production companies'
    AND it.info = 'rating'
    AND mc.note LIKE '%(VHS)%' AND mc.note LIKE '%(USA)%' AND mc.note LIKE '%(1994)%'
    AND ct.id = mc.company_type_id
    AND t.id = mc.movie_id
    AND t.id = mi_idx.movie_id
    AND mc.movie_id = mi_idx.movie_id
    AND it.id = mi_idx.info_type_id;
    
INFO:root:--- PQO: Need 3.2682709528554885 samples to be accurate, We have 50
INFO:root:Nearest query is 2
INFO:root:Current Query: ["ct.kind = 'production companies'", 'rating', "mc.note LIKE '%(VHS)%' AND mc.note LIKE '%(USA)%' AND mc.note LIKE '%(1994)%'"]
INFO:root:Robust plan is 1: 103.997
INFO:root:Postgres plan: 525.82
INFO:root:9
INFO:root:
    SELECT MIN(mc.note) AS production_note,
       MIN(t.title) AS movie_title,
       MIN(t.production_year) AS movie_year
    FROM company_type AS ct,
        info_type AS it,
        movie_companies AS mc,
        movie_info_idx AS mi_idx,
        title AS t
    WHERE ct.kind = 'production companies'
    AND it.info = 'votes'
    AND mc.note NOT LIKE '%(USA)%'
  AND mc.note LIKE '%(200%)%'
    AND ct.id = mc.company_type_id
    AND t.id = mc.movie_id
    AND t.id = mi_idx.movie_id
    AND mc.movie_id = mi_idx.movie_id
    AND it.id = mi_idx.info_type_id;
    
INFO:root:--- PQO: Need 9.628498981361638 samples to be accurate, We have 50
INFO:root:Nearest query is 1
INFO:root:Current Query: ["ct.kind = 'production companies'", 'votes', "mc.note NOT LIKE '%(USA)%'\n  AND mc.note LIKE '%(200%)%'"]
INFO:root:Robust plan is 3: 542.388
INFO:root:Postgres plan: 546.608
INFO:root:10
INFO:root:
    SELECT MIN(mc.note) AS production_note,
       MIN(t.title) AS movie_title,
       MIN(t.production_year) AS movie_year
    FROM company_type AS ct,
        info_type AS it,
        movie_companies AS mc,
        movie_info_idx AS mi_idx,
        title AS t
    WHERE ct.kind = 'production companies'
    AND it.info = 'rating'
    AND mc.note IS NULL
    AND ct.id = mc.company_type_id
    AND t.id = mc.movie_id
    AND t.id = mi_idx.movie_id
    AND mc.movie_id = mi_idx.movie_id
    AND it.id = mi_idx.info_type_id;
    
INFO:root:--- PQO: Need 0.9999999999999996 samples to be accurate, We have 50
INFO:root:Nearest query is 1
INFO:root:Current Query: ["ct.kind = 'production companies'", 'rating', 'mc.note IS NULL']
INFO:root:Robust plan is 3: 596.038
INFO:root:Postgres plan: 1017.048
INFO:root:11
INFO:root:
    SELECT MIN(mc.note) AS production_note,
       MIN(t.title) AS movie_title,
       MIN(t.production_year) AS movie_year
    FROM company_type AS ct,
        info_type AS it,
        movie_companies AS mc,
        movie_info_idx AS mi_idx,
        title AS t
    WHERE ct.kind = 'production companies'
    AND it.info = 'rating'
    AND mc.note LIKE '%(theatrical)%' AND mc.note LIKE '%(France)%'
    AND ct.id = mc.company_type_id
    AND t.id = mc.movie_id
    AND t.id = mi_idx.movie_id
    AND mc.movie_id = mi_idx.movie_id
    AND it.id = mi_idx.info_type_id;
    
INFO:root:--- PQO: Need 1.4217351942551981 samples to be accurate, We have 50
INFO:root:Nearest query is 0
INFO:root:Current Query: ["ct.kind = 'production companies'", 'rating', "mc.note LIKE '%(theatrical)%' AND mc.note LIKE '%(France)%'"]
INFO:root:Robust plan is 0: 108.053
INFO:root:Postgres plan: 525.301
INFO:root:12
INFO:root:
    SELECT MIN(mc.note) AS production_note,
       MIN(t.title) AS movie_title,
       MIN(t.production_year) AS movie_year
    FROM company_type AS ct,
        info_type AS it,
        movie_companies AS mc,
        movie_info_idx AS mi_idx,
        title AS t
    WHERE ct.kind = 'production companies'
    AND it.info = 'rating'
    AND mc.note LIKE '%(200%)%' AND (mc.note LIKE '%(USA)%' OR mc.note LIKE '%(worldwide)%')
    AND ct.id = mc.company_type_id
    AND t.id = mc.movie_id
    AND t.id = mi_idx.movie_id
    AND mc.movie_id = mi_idx.movie_id
    AND it.id = mi_idx.info_type_id;
    
INFO:root:--- PQO: Need 7.176148308127293 samples to be accurate, We have 50
INFO:root:Nearest query is 0
INFO:root:Current Query: ["ct.kind = 'production companies'", 'rating', "mc.note LIKE '%(200%)%' AND (mc.note LIKE '%(USA)%' OR mc.note LIKE '%(worldwide)%')"]
INFO:root:Robust plan is 0: 118.689
INFO:root:Postgres plan: 550.656
INFO:root:13
INFO:root:
    SELECT MIN(mc.note) AS production_note,
       MIN(t.title) AS movie_title,
       MIN(t.production_year) AS movie_year
    FROM company_type AS ct,
        info_type AS it,
        movie_companies AS mc,
        movie_info_idx AS mi_idx,
        title AS t
    WHERE ct.kind IS NOT NULL AND (ct.kind ='production companies' OR ct.kind = 'distributors')
    AND it.info = 'rating'
    AND mc.note LIKE '%(200%)%' AND (mc.note LIKE '%(USA)%' OR mc.note LIKE '%(worldwide)%')
    AND ct.id = mc.company_type_id
    AND t.id = mc.movie_id
    AND t.id = mi_idx.movie_id
    AND mc.movie_id = mi_idx.movie_id
    AND it.id = mi_idx.info_type_id;
    
INFO:root:--- PQO: Need 25.737201304038845 samples to be accurate, We have 50
INFO:root:Nearest query is 1
INFO:root:Current Query: ["ct.kind IS NOT NULL AND (ct.kind ='production companies' OR ct.kind = 'distributors')", 'rating', "mc.note LIKE '%(200%)%' AND (mc.note LIKE '%(USA)%' OR mc.note LIKE '%(worldwide)%')"]
INFO:root:Robust plan is 3: 547.537
INFO:root:Postgres plan: 707.865
INFO:root:14
INFO:root:
    SELECT MIN(mc.note) AS production_note,
       MIN(t.title) AS movie_title,
       MIN(t.production_year) AS movie_year
    FROM company_type AS ct,
        info_type AS it,
        movie_companies AS mc,
        movie_info_idx AS mi_idx,
        title AS t
    WHERE ct.kind = 'production companies'
    AND it.info = 'votes'
    AND mc.note IS NULL
    AND ct.id = mc.company_type_id
    AND t.id = mc.movie_id
    AND t.id = mi_idx.movie_id
    AND mc.movie_id = mi_idx.movie_id
    AND it.id = mi_idx.info_type_id;
    
INFO:root:--- PQO: Need 1.0 samples to be accurate, We have 50
INFO:root:Nearest query is 1
INFO:root:Current Query: ["ct.kind = 'production companies'", 'votes', 'mc.note IS NULL']
INFO:root:Robust plan is 3: 590.101
INFO:root:Postgres plan: 1007.002
INFO:root:15
INFO:root:
    SELECT MIN(mc.note) AS production_note,
       MIN(t.title) AS movie_title,
       MIN(t.production_year) AS movie_year
    FROM company_type AS ct,
        info_type AS it,
        movie_companies AS mc,
        movie_info_idx AS mi_idx,
        title AS t
    WHERE ct.kind = 'production companies'
    AND it.info = 'rating'
    AND mc.note NOT LIKE '%(USA)%'
  AND mc.note LIKE '%(200%)%'
    AND ct.id = mc.company_type_id
    AND t.id = mc.movie_id
    AND t.id = mi_idx.movie_id
    AND mc.movie_id = mi_idx.movie_id
    AND it.id = mi_idx.info_type_id;
    
INFO:root:--- PQO: Need 3.701144297666944 samples to be accurate, We have 50
INFO:root:Nearest query is 1
INFO:root:Current Query: ["ct.kind = 'production companies'", 'rating', "mc.note NOT LIKE '%(USA)%'\n  AND mc.note LIKE '%(200%)%'"]
INFO:root:Robust plan is 3: 535.082
INFO:root:Postgres plan: 548.343
INFO:root:16
INFO:root:
    SELECT MIN(mc.note) AS production_note,
       MIN(t.title) AS movie_title,
       MIN(t.production_year) AS movie_year
    FROM company_type AS ct,
        info_type AS it,
        movie_companies AS mc,
        movie_info_idx AS mi_idx,
        title AS t
    WHERE ct.kind = 'production companies'
    AND it.info = 'votes'
    AND mc.note LIKE '%(200%)%' AND (mc.note LIKE '%(USA)%' OR mc.note LIKE '%(worldwide)%')
    AND ct.id = mc.company_type_id
    AND t.id = mc.movie_id
    AND t.id = mi_idx.movie_id
    AND mc.movie_id = mi_idx.movie_id
    AND it.id = mi_idx.info_type_id;
    
INFO:root:--- PQO: Need 4.321047433817801 samples to be accurate, We have 50
INFO:root:Nearest query is 0
INFO:root:Current Query: ["ct.kind = 'production companies'", 'votes', "mc.note LIKE '%(200%)%' AND (mc.note LIKE '%(USA)%' OR mc.note LIKE '%(worldwide)%')"]
INFO:root:Robust plan is 0: 119.131
INFO:root:Postgres plan: 544.766
INFO:root:17
INFO:root:
    SELECT MIN(mc.note) AS production_note,
       MIN(t.title) AS movie_title,
       MIN(t.production_year) AS movie_year
    FROM company_type AS ct,
        info_type AS it,
        movie_companies AS mc,
        movie_info_idx AS mi_idx,
        title AS t
    WHERE ct.kind = 'production companies'
    AND it.info = 'rating'
    AND mc.note IS NOT NULL
    AND ct.id = mc.company_type_id
    AND t.id = mc.movie_id
    AND t.id = mi_idx.movie_id
    AND mc.movie_id = mi_idx.movie_id
    AND it.id = mi_idx.info_type_id;
    
INFO:root:--- PQO: Need 1.1090503984409568 samples to be accurate, We have 50
INFO:root:Nearest query is 1
INFO:root:Current Query: ["ct.kind = 'production companies'", 'rating', 'mc.note IS NOT NULL']
INFO:root:Robust plan is 3: 589.253
INFO:root:Postgres plan: 668.058
INFO:root:18
INFO:root:
    SELECT MIN(mc.note) AS production_note,
       MIN(t.title) AS movie_title,
       MIN(t.production_year) AS movie_year
    FROM company_type AS ct,
        info_type AS it,
        movie_companies AS mc,
        movie_info_idx AS mi_idx,
        title AS t
    WHERE ct.kind = 'production companies'
    AND it.info = 'votes'
    AND mc.note NOT LIKE '%(USA)%'
  AND mc.note LIKE '%(200%)%'
    AND ct.id = mc.company_type_id
    AND t.id = mc.movie_id
    AND t.id = mi_idx.movie_id
    AND mc.movie_id = mi_idx.movie_id
    AND it.id = mi_idx.info_type_id;
    
INFO:root:--- PQO: Need 7.168574194649177 samples to be accurate, We have 50
INFO:root:Nearest query is 1
INFO:root:Current Query: ["ct.kind = 'production companies'", 'votes', "mc.note NOT LIKE '%(USA)%'\n  AND mc.note LIKE '%(200%)%'"]
INFO:root:Robust plan is 3: 536.178
INFO:root:Postgres plan: 545.127
INFO:root:19
INFO:root:
    SELECT MIN(mc.note) AS production_note,
       MIN(t.title) AS movie_title,
       MIN(t.production_year) AS movie_year
    FROM company_type AS ct,
        info_type AS it,
        movie_companies AS mc,
        movie_info_idx AS mi_idx,
        title AS t
    WHERE ct.kind = 'production companies'
    AND it.info = 'votes'
    AND mc.note NOT LIKE '%(USA)%'
  AND mc.note LIKE '%(200%)%'
    AND ct.id = mc.company_type_id
    AND t.id = mc.movie_id
    AND t.id = mi_idx.movie_id
    AND mc.movie_id = mi_idx.movie_id
    AND it.id = mi_idx.info_type_id;
    
INFO:root:--- PQO: Need 5.650394054804995 samples to be accurate, We have 50
INFO:root:Nearest query is 1
INFO:root:Current Query: ["ct.kind = 'production companies'", 'votes', "mc.note NOT LIKE '%(USA)%'\n  AND mc.note LIKE '%(200%)%'"]
INFO:root:Robust plan is 3: 539.622
INFO:root:Postgres plan: 551.727
INFO:root:20
INFO:root:
    SELECT MIN(mc.note) AS production_note,
       MIN(t.title) AS movie_title,
       MIN(t.production_year) AS movie_year
    FROM company_type AS ct,
        info_type AS it,
        movie_companies AS mc,
        movie_info_idx AS mi_idx,
        title AS t
    WHERE ct.kind = 'production companies'
    AND it.info = 'rating'
    AND mc.note NOT LIKE '%(as Metro-Goldwyn-Mayer Pictures)%' AND (mc.note LIKE '%(co-production)%')
    AND ct.id = mc.company_type_id
    AND t.id = mc.movie_id
    AND t.id = mi_idx.movie_id
    AND mc.movie_id = mi_idx.movie_id
    AND it.id = mi_idx.info_type_id;
    
INFO:root:--- PQO: Need 1.3337578217163917 samples to be accurate, We have 50
INFO:root:Nearest query is 0
INFO:root:Current Query: ["ct.kind = 'production companies'", 'rating', "mc.note NOT LIKE '%(as Metro-Goldwyn-Mayer Pictures)%' AND (mc.note LIKE '%(co-production)%')"]
INFO:root:Robust plan is 0: 167.494
INFO:root:Postgres plan: 571.897
INFO:root:21
INFO:root:
    SELECT MIN(mc.note) AS production_note,
       MIN(t.title) AS movie_title,
       MIN(t.production_year) AS movie_year
    FROM company_type AS ct,
        info_type AS it,
        movie_companies AS mc,
        movie_info_idx AS mi_idx,
        title AS t
    WHERE ct.kind = 'production companies'
    AND it.info = 'votes'
    AND mc.note IS NULL
    AND ct.id = mc.company_type_id
    AND t.id = mc.movie_id
    AND t.id = mi_idx.movie_id
    AND mc.movie_id = mi_idx.movie_id
    AND it.id = mi_idx.info_type_id;
    
INFO:root:--- PQO: Need 1.0 samples to be accurate, We have 50
INFO:root:Nearest query is 1
INFO:root:Current Query: ["ct.kind = 'production companies'", 'votes', 'mc.note IS NULL']
INFO:root:Robust plan is 3: 591.442
INFO:root:Postgres plan: 1006.634
INFO:root:22
INFO:root:
    SELECT MIN(mc.note) AS production_note,
       MIN(t.title) AS movie_title,
       MIN(t.production_year) AS movie_year
    FROM company_type AS ct,
        info_type AS it,
        movie_companies AS mc,
        movie_info_idx AS mi_idx,
        title AS t
    WHERE ct.kind IS NOT NULL AND (ct.kind ='production companies' OR ct.kind = 'distributors')
    AND it.info = 'votes'
    AND mc.note LIKE '%(VHS)%' AND mc.note LIKE '%(USA)%' AND mc.note LIKE '%(1994)%'
    AND ct.id = mc.company_type_id
    AND t.id = mc.movie_id
    AND t.id = mi_idx.movie_id
    AND mc.movie_id = mi_idx.movie_id
    AND it.id = mi_idx.info_type_id;
    
INFO:root:--- PQO: Need 3.299933553215207 samples to be accurate, We have 50
INFO:root:Nearest query is 2
INFO:root:Current Query: ["ct.kind IS NOT NULL AND (ct.kind ='production companies' OR ct.kind = 'distributors')", 'votes', "mc.note LIKE '%(VHS)%' AND mc.note LIKE '%(USA)%' AND mc.note LIKE '%(1994)%'"]
INFO:root:Robust plan is 1: 113.745
INFO:root:Postgres plan: 524.253
INFO:root:23
INFO:root:
    SELECT MIN(mc.note) AS production_note,
       MIN(t.title) AS movie_title,
       MIN(t.production_year) AS movie_year
    FROM company_type AS ct,
        info_type AS it,
        movie_companies AS mc,
        movie_info_idx AS mi_idx,
        title AS t
    WHERE ct.kind = 'production companies'
    AND it.info = 'votes'
    AND mc.note NOT LIKE '%(as Metro-Goldwyn-Mayer Pictures)%'
    AND ct.id = mc.company_type_id
    AND t.id = mc.movie_id
    AND t.id = mi_idx.movie_id
    AND mc.movie_id = mi_idx.movie_id
    AND it.id = mi_idx.info_type_id;
    
INFO:root:--- PQO: Need 1.0777981103209693 samples to be accurate, We have 50
INFO:root:Nearest query is 1
INFO:root:Current Query: ["ct.kind = 'production companies'", 'votes', "mc.note NOT LIKE '%(as Metro-Goldwyn-Mayer Pictures)%'"]
INFO:root:Robust plan is 3: 629.68
INFO:root:Postgres plan: 672.111
INFO:root:24
INFO:root:
    SELECT MIN(mc.note) AS production_note,
       MIN(t.title) AS movie_title,
       MIN(t.production_year) AS movie_year
    FROM company_type AS ct,
        info_type AS it,
        movie_companies AS mc,
        movie_info_idx AS mi_idx,
        title AS t
    WHERE ct.kind = 'production companies'
    AND it.info = 'rating'
    AND mc.note LIKE '%(Blu-ray)%'
    AND ct.id = mc.company_type_id
    AND t.id = mc.movie_id
    AND t.id = mi_idx.movie_id
    AND mc.movie_id = mi_idx.movie_id
    AND it.id = mi_idx.info_type_id;
    
INFO:root:--- PQO: Need 0.5634539848617238 samples to be accurate, We have 50
INFO:root:Nearest query is 2
INFO:root:Current Query: ["ct.kind = 'production companies'", 'rating', "mc.note LIKE '%(Blu-ray)%'"]
INFO:root:Robust plan is 1: 106.501
INFO:root:Postgres plan: 525.367
INFO:root:25
INFO:root:
    SELECT MIN(mc.note) AS production_note,
       MIN(t.title) AS movie_title,
       MIN(t.production_year) AS movie_year
    FROM company_type AS ct,
        info_type AS it,
        movie_companies AS mc,
        movie_info_idx AS mi_idx,
        title AS t
    WHERE ct.kind = 'production companies'
    AND it.info = 'rating'
    AND mc.note LIKE '%(200%)%' AND mc.note LIKE '%(worldwide)%'
    AND ct.id = mc.company_type_id
    AND t.id = mc.movie_id
    AND t.id = mi_idx.movie_id
    AND mc.movie_id = mi_idx.movie_id
    AND it.id = mi_idx.info_type_id;
    
INFO:root:--- PQO: Need 1.7013486250853809 samples to be accurate, We have 50
INFO:root:Nearest query is 0
INFO:root:Current Query: ["ct.kind = 'production companies'", 'rating', "mc.note LIKE '%(200%)%' AND mc.note LIKE '%(worldwide)%'"]
INFO:root:Robust plan is 0: 111.258
INFO:root:Postgres plan: 526.504
INFO:root:26
INFO:root:
    SELECT MIN(mc.note) AS production_note,
       MIN(t.title) AS movie_title,
       MIN(t.production_year) AS movie_year
    FROM company_type AS ct,
        info_type AS it,
        movie_companies AS mc,
        movie_info_idx AS mi_idx,
        title AS t
    WHERE ct.kind = 'production companies'
    AND it.info = 'votes'
    AND mc.note IS NOT NULL
    AND ct.id = mc.company_type_id
    AND t.id = mc.movie_id
    AND t.id = mi_idx.movie_id
    AND mc.movie_id = mi_idx.movie_id
    AND it.id = mi_idx.info_type_id;
    
INFO:root:--- PQO: Need 1.1291663686457531 samples to be accurate, We have 50
INFO:root:Nearest query is 1
INFO:root:Current Query: ["ct.kind = 'production companies'", 'votes', 'mc.note IS NOT NULL']
INFO:root:Robust plan is 3: 577.692
INFO:root:Postgres plan: 652.382
INFO:root:27
INFO:root:
    SELECT MIN(mc.note) AS production_note,
       MIN(t.title) AS movie_title,
       MIN(t.production_year) AS movie_year
    FROM company_type AS ct,
        info_type AS it,
        movie_companies AS mc,
        movie_info_idx AS mi_idx,
        title AS t
    WHERE ct.kind = 'production companies'
    AND it.info = 'rating'
    AND mc.note IS NULL
    AND ct.id = mc.company_type_id
    AND t.id = mc.movie_id
    AND t.id = mi_idx.movie_id
    AND mc.movie_id = mi_idx.movie_id
    AND it.id = mi_idx.info_type_id;
    
INFO:root:--- PQO: Need 1.0 samples to be accurate, We have 50
INFO:root:Nearest query is 1
INFO:root:Current Query: ["ct.kind = 'production companies'", 'rating', 'mc.note IS NULL']
INFO:root:Robust plan is 3: 594.277
INFO:root:Postgres plan: 1014.976
INFO:root:28
INFO:root:
    SELECT MIN(mc.note) AS production_note,
       MIN(t.title) AS movie_title,
       MIN(t.production_year) AS movie_year
    FROM company_type AS ct,
        info_type AS it,
        movie_companies AS mc,
        movie_info_idx AS mi_idx,
        title AS t
    WHERE ct.kind = 'production companies'
    AND it.info = 'votes'
    AND mc.note NOT LIKE '%(USA)%'
  AND mc.note LIKE '%(200%)%'
    AND ct.id = mc.company_type_id
    AND t.id = mc.movie_id
    AND t.id = mi_idx.movie_id
    AND mc.movie_id = mi_idx.movie_id
    AND it.id = mi_idx.info_type_id;
    
INFO:root:--- PQO: Need 8.732891038058582 samples to be accurate, We have 50
INFO:root:Nearest query is 1
INFO:root:Current Query: ["ct.kind = 'production companies'", 'votes', "mc.note NOT LIKE '%(USA)%'\n  AND mc.note LIKE '%(200%)%'"]
INFO:root:Robust plan is 3: 537.631
INFO:root:Postgres plan: 542.972
INFO:root:29
INFO:root:
    SELECT MIN(mc.note) AS production_note,
       MIN(t.title) AS movie_title,
       MIN(t.production_year) AS movie_year
    FROM company_type AS ct,
        info_type AS it,
        movie_companies AS mc,
        movie_info_idx AS mi_idx,
        title AS t
    WHERE ct.kind = 'production companies'
    AND it.info = 'votes'
    AND mc.note IS NOT NULL AND (mc.note LIKE '%(USA)%' OR mc.note LIKE '%(worldwide)%')
    AND ct.id = mc.company_type_id
    AND t.id = mc.movie_id
    AND t.id = mi_idx.movie_id
    AND mc.movie_id = mi_idx.movie_id
    AND it.id = mi_idx.info_type_id;
    
INFO:root:--- PQO: Need 5.611542260441285 samples to be accurate, We have 50
INFO:root:Nearest query is 1
INFO:root:Current Query: ["ct.kind = 'production companies'", 'votes', "mc.note IS NOT NULL AND (mc.note LIKE '%(USA)%' OR mc.note LIKE '%(worldwide)%')"]
INFO:root:Robust plan is 3: 579.003
INFO:root:Postgres plan: 557.91
INFO:root:30
INFO:root:
    SELECT MIN(mc.note) AS production_note,
       MIN(t.title) AS movie_title,
       MIN(t.production_year) AS movie_year
    FROM company_type AS ct,
        info_type AS it,
        movie_companies AS mc,
        movie_info_idx AS mi_idx,
        title AS t
    WHERE ct.kind = 'production companies'
    AND it.info = 'rating'
    AND mc.note LIKE '%(200%)%' AND (mc.note LIKE '%(USA)%' OR mc.note LIKE '%(worldwide)%')
    AND ct.id = mc.company_type_id
    AND t.id = mc.movie_id
    AND t.id = mi_idx.movie_id
    AND mc.movie_id = mi_idx.movie_id
    AND it.id = mi_idx.info_type_id;
    
INFO:root:--- PQO: Need 26.105861706024093 samples to be accurate, We have 50
INFO:root:Nearest query is 1
INFO:root:Current Query: ["ct.kind = 'production companies'", 'rating', "mc.note LIKE '%(200%)%' AND (mc.note LIKE '%(USA)%' OR mc.note LIKE '%(worldwide)%')"]
INFO:root:Robust plan is 3: 543.696
INFO:root:Postgres plan: 553.427
INFO:root:31
INFO:root:
    SELECT MIN(mc.note) AS production_note,
       MIN(t.title) AS movie_title,
       MIN(t.production_year) AS movie_year
    FROM company_type AS ct,
        info_type AS it,
        movie_companies AS mc,
        movie_info_idx AS mi_idx,
        title AS t
    WHERE ct.kind = 'production companies'
    AND it.info = 'votes'
    AND mc.note LIKE '%(200%)%' AND mc.note LIKE '%(worldwide)%'
    AND ct.id = mc.company_type_id
    AND t.id = mc.movie_id
    AND t.id = mi_idx.movie_id
    AND mc.movie_id = mi_idx.movie_id
    AND it.id = mi_idx.info_type_id;
    
INFO:root:--- PQO: Need 1.4101803595593183 samples to be accurate, We have 50
INFO:root:Nearest query is 0
INFO:root:Current Query: ["ct.kind = 'production companies'", 'votes', "mc.note LIKE '%(200%)%' AND mc.note LIKE '%(worldwide)%'"]
INFO:root:Robust plan is 0: 109.988
INFO:root:Postgres plan: 529.904
INFO:root:32
INFO:root:
    SELECT MIN(mc.note) AS production_note,
       MIN(t.title) AS movie_title,
       MIN(t.production_year) AS movie_year
    FROM company_type AS ct,
        info_type AS it,
        movie_companies AS mc,
        movie_info_idx AS mi_idx,
        title AS t
    WHERE ct.kind = 'production companies'
    AND it.info = 'votes'
    AND mc.note IS NOT NULL AND (mc.note LIKE '%(USA)%' OR mc.note LIKE '%(worldwide)%')
    AND ct.id = mc.company_type_id
    AND t.id = mc.movie_id
    AND t.id = mi_idx.movie_id
    AND mc.movie_id = mi_idx.movie_id
    AND it.id = mi_idx.info_type_id;
    
INFO:root:--- PQO: Need 5.677390891766228 samples to be accurate, We have 50
INFO:root:Nearest query is 1
INFO:root:Current Query: ["ct.kind = 'production companies'", 'votes', "mc.note IS NOT NULL AND (mc.note LIKE '%(USA)%' OR mc.note LIKE '%(worldwide)%')"]
INFO:root:Robust plan is 3: 565.648
INFO:root:Postgres plan: 557.759
INFO:root:33
INFO:root:
    SELECT MIN(mc.note) AS production_note,
       MIN(t.title) AS movie_title,
       MIN(t.production_year) AS movie_year
    FROM company_type AS ct,
        info_type AS it,
        movie_companies AS mc,
        movie_info_idx AS mi_idx,
        title AS t
    WHERE ct.kind = 'production companies'
    AND it.info = 'rating'
    AND mc.note NOT LIKE '%(USA)%'
  AND mc.note LIKE '%(200%)%'
    AND ct.id = mc.company_type_id
    AND t.id = mc.movie_id
    AND t.id = mi_idx.movie_id
    AND mc.movie_id = mi_idx.movie_id
    AND it.id = mi_idx.info_type_id;
    
INFO:root:--- PQO: Need 9.642833754289112 samples to be accurate, We have 50
INFO:root:Nearest query is 1
INFO:root:Current Query: ["ct.kind = 'production companies'", 'rating', "mc.note NOT LIKE '%(USA)%'\n  AND mc.note LIKE '%(200%)%'"]
INFO:root:Robust plan is 3: 553.253
INFO:root:Postgres plan: 554.087
INFO:root:34
INFO:root:
    SELECT MIN(mc.note) AS production_note,
       MIN(t.title) AS movie_title,
       MIN(t.production_year) AS movie_year
    FROM company_type AS ct,
        info_type AS it,
        movie_companies AS mc,
        movie_info_idx AS mi_idx,
        title AS t
    WHERE ct.kind != 'production companies' AND ct.kind IS NOT NULL
    AND it.info = 'votes'
    AND mc.note NOT LIKE '%(as Metro-Goldwyn-Mayer Pictures)%' AND (mc.note LIKE '%(co-production)%')
    AND ct.id = mc.company_type_id
    AND t.id = mc.movie_id
    AND t.id = mi_idx.movie_id
    AND mc.movie_id = mi_idx.movie_id
    AND it.id = mi_idx.info_type_id;
    
INFO:root:--- PQO: Need 0.32344781833558683 samples to be accurate, We have 50
INFO:root:Nearest query is 0
INFO:root:Current Query: ["ct.kind != 'production companies' AND ct.kind IS NOT NULL", 'votes', "mc.note NOT LIKE '%(as Metro-Goldwyn-Mayer Pictures)%' AND (mc.note LIKE '%(co-production)%')"]
INFO:root:Robust plan is 0: 124.295
INFO:root:Postgres plan: 540.253
INFO:root:35
INFO:root:
    SELECT MIN(mc.note) AS production_note,
       MIN(t.title) AS movie_title,
       MIN(t.production_year) AS movie_year
    FROM company_type AS ct,
        info_type AS it,
        movie_companies AS mc,
        movie_info_idx AS mi_idx,
        title AS t
    WHERE ct.kind = 'production companies'
    AND it.info = 'rating'
    AND mc.note IS NULL
    AND ct.id = mc.company_type_id
    AND t.id = mc.movie_id
    AND t.id = mi_idx.movie_id
    AND mc.movie_id = mi_idx.movie_id
    AND it.id = mi_idx.info_type_id;
    
INFO:root:--- PQO: Need 0.9999999999999992 samples to be accurate, We have 50
INFO:root:Nearest query is 1
INFO:root:Current Query: ["ct.kind = 'production companies'", 'rating', 'mc.note IS NULL']
INFO:root:Robust plan is 3: 601.561
INFO:root:Postgres plan: 1000.446
INFO:root:36
INFO:root:
    SELECT MIN(mc.note) AS production_note,
       MIN(t.title) AS movie_title,
       MIN(t.production_year) AS movie_year
    FROM company_type AS ct,
        info_type AS it,
        movie_companies AS mc,
        movie_info_idx AS mi_idx,
        title AS t
    WHERE ct.kind = 'production companies'
    AND it.info = 'bottom 10 rank'
    AND mc.note LIKE '%(Blu-ray)%'
    AND ct.id = mc.company_type_id
    AND t.id = mc.movie_id
    AND t.id = mi_idx.movie_id
    AND mc.movie_id = mi_idx.movie_id
    AND it.id = mi_idx.info_type_id;
    
INFO:root:--- PQO: Need 1.0 samples to be accurate, We have 50
INFO:root:Nearest query is 2
INFO:root:Current Query: ["ct.kind = 'production companies'", 'bottom 10 rank', "mc.note LIKE '%(Blu-ray)%'"]
INFO:root:Robust plan is 1: 108.408
INFO:root:Postgres plan: 90.094
INFO:root:37
INFO:root:
    SELECT MIN(mc.note) AS production_note,
       MIN(t.title) AS movie_title,
       MIN(t.production_year) AS movie_year
    FROM company_type AS ct,
        info_type AS it,
        movie_companies AS mc,
        movie_info_idx AS mi_idx,
        title AS t
    WHERE ct.kind = 'production companies'
    AND it.info = 'bottom 10 rank'
    AND mc.note IS NULL
    AND ct.id = mc.company_type_id
    AND t.id = mc.movie_id
    AND t.id = mi_idx.movie_id
    AND mc.movie_id = mi_idx.movie_id
    AND it.id = mi_idx.info_type_id;
    
INFO:root:--- PQO: Need 0.9999999999999991 samples to be accurate, We have 50
INFO:root:Nearest query is 1
INFO:root:Current Query: ["ct.kind = 'production companies'", 'bottom 10 rank', 'mc.note IS NULL']
INFO:root:Robust plan is 3: 289.36
INFO:root:Postgres plan: 91.908
INFO:root:38
INFO:root:
    SELECT MIN(mc.note) AS production_note,
       MIN(t.title) AS movie_title,
       MIN(t.production_year) AS movie_year
    FROM company_type AS ct,
        info_type AS it,
        movie_companies AS mc,
        movie_info_idx AS mi_idx,
        title AS t
    WHERE ct.kind = 'production companies'
    AND it.info = 'rating'
    AND mc.note IS NOT NULL AND (mc.note LIKE '%(USA)%' OR mc.note LIKE '%(worldwide)%')
    AND ct.id = mc.company_type_id
    AND t.id = mc.movie_id
    AND t.id = mi_idx.movie_id
    AND mc.movie_id = mi_idx.movie_id
    AND it.id = mi_idx.info_type_id;
    
INFO:root:--- PQO: Need 5.621248596575824 samples to be accurate, We have 50
INFO:root:Nearest query is 1
INFO:root:Current Query: ["ct.kind = 'production companies'", 'rating', "mc.note IS NOT NULL AND (mc.note LIKE '%(USA)%' OR mc.note LIKE '%(worldwide)%')"]
INFO:root:Robust plan is 3: 565.113
INFO:root:Postgres plan: 560.422
INFO:root:39
INFO:root:
    SELECT MIN(mc.note) AS production_note,
       MIN(t.title) AS movie_title,
       MIN(t.production_year) AS movie_year
    FROM company_type AS ct,
        info_type AS it,
        movie_companies AS mc,
        movie_info_idx AS mi_idx,
        title AS t
    WHERE ct.kind = 'production companies'
    AND it.info = 'votes'
    AND mc.note IS NULL
    AND ct.id = mc.company_type_id
    AND t.id = mc.movie_id
    AND t.id = mi_idx.movie_id
    AND mc.movie_id = mi_idx.movie_id
    AND it.id = mi_idx.info_type_id;
    
INFO:root:--- PQO: Need 0.9999999999999993 samples to be accurate, We have 50
INFO:root:Nearest query is 1
INFO:root:Current Query: ["ct.kind = 'production companies'", 'votes', 'mc.note IS NULL']
INFO:root:Robust plan is 3: 593.675
INFO:root:Postgres plan: 1002.081
INFO:root:40
INFO:root:
    SELECT MIN(mc.note) AS production_note,
       MIN(t.title) AS movie_title,
       MIN(t.production_year) AS movie_year
    FROM company_type AS ct,
        info_type AS it,
        movie_companies AS mc,
        movie_info_idx AS mi_idx,
        title AS t
    WHERE ct.kind = 'production companies'
    AND it.info = 'votes'
    AND mc.note LIKE '%(200%)%' AND (mc.note LIKE '%(USA)%' OR mc.note LIKE '%(worldwide)%')
    AND ct.id = mc.company_type_id
    AND t.id = mc.movie_id
    AND t.id = mi_idx.movie_id
    AND mc.movie_id = mi_idx.movie_id
    AND it.id = mi_idx.info_type_id;
    
INFO:root:--- PQO: Need 2.0075879261319796 samples to be accurate, We have 50
INFO:root:Nearest query is 0
INFO:root:Current Query: ["ct.kind = 'production companies'", 'votes', "mc.note LIKE '%(200%)%' AND (mc.note LIKE '%(USA)%' OR mc.note LIKE '%(worldwide)%')"]
INFO:root:Robust plan is 0: 118.761
INFO:root:Postgres plan: 541.771
INFO:root:41
INFO:root:
    SELECT MIN(mc.note) AS production_note,
       MIN(t.title) AS movie_title,
       MIN(t.production_year) AS movie_year
    FROM company_type AS ct,
        info_type AS it,
        movie_companies AS mc,
        movie_info_idx AS mi_idx,
        title AS t
    WHERE ct.kind = 'production companies'
    AND it.info = 'bottom 10 rank'
    AND mc.note NOT LIKE '%(as Metro-Goldwyn-Mayer Pictures)%' AND (mc.note LIKE '%(co-production)%' OR mc.note LIKE '%(presents)%')
    AND ct.id = mc.company_type_id
    AND t.id = mc.movie_id
    AND t.id = mi_idx.movie_id
    AND mc.movie_id = mi_idx.movie_id
    AND it.id = mi_idx.info_type_id;
    
INFO:root:--- PQO: Need 1.0 samples to be accurate, We have 50
INFO:root:Nearest query is 0
INFO:root:Current Query: ["ct.kind = 'production companies'", 'bottom 10 rank', "mc.note NOT LIKE '%(as Metro-Goldwyn-Mayer Pictures)%' AND (mc.note LIKE '%(co-production)%' OR mc.note LIKE '%(presents)%')"]
INFO:root:Robust plan is 0: 186.149
INFO:root:Postgres plan: 92.034
INFO:root:42
INFO:root:
    SELECT MIN(mc.note) AS production_note,
       MIN(t.title) AS movie_title,
       MIN(t.production_year) AS movie_year
    FROM company_type AS ct,
        info_type AS it,
        movie_companies AS mc,
        movie_info_idx AS mi_idx,
        title AS t
    WHERE ct.kind = 'production companies'
    AND it.info = 'rating'
    AND mc.note NOT LIKE '%(as Metro-Goldwyn-Mayer Pictures)%'
    AND ct.id = mc.company_type_id
    AND t.id = mc.movie_id
    AND t.id = mi_idx.movie_id
    AND mc.movie_id = mi_idx.movie_id
    AND it.id = mi_idx.info_type_id;
    
INFO:root:--- PQO: Need 0.9501689716644215 samples to be accurate, We have 50
INFO:root:Nearest query is 1
INFO:root:Current Query: ["ct.kind = 'production companies'", 'rating', "mc.note NOT LIKE '%(as Metro-Goldwyn-Mayer Pictures)%'"]
INFO:root:Robust plan is 3: 608.041
INFO:root:Postgres plan: 679.165
INFO:root:43
INFO:root:
    SELECT MIN(mc.note) AS production_note,
       MIN(t.title) AS movie_title,
       MIN(t.production_year) AS movie_year
    FROM company_type AS ct,
        info_type AS it,
        movie_companies AS mc,
        movie_info_idx AS mi_idx,
        title AS t
    WHERE ct.kind = 'production companies'
    AND it.info = 'votes'
    AND mc.note IS NULL
    AND ct.id = mc.company_type_id
    AND t.id = mc.movie_id
    AND t.id = mi_idx.movie_id
    AND mc.movie_id = mi_idx.movie_id
    AND it.id = mi_idx.info_type_id;
    
INFO:root:--- PQO: Need 1.0 samples to be accurate, We have 50
INFO:root:Nearest query is 1
INFO:root:Current Query: ["ct.kind = 'production companies'", 'votes', 'mc.note IS NULL']
INFO:root:Robust plan is 3: 591.875
INFO:root:Postgres plan: 1007.401
INFO:root:44
INFO:root:
    SELECT MIN(mc.note) AS production_note,
       MIN(t.title) AS movie_title,
       MIN(t.production_year) AS movie_year
    FROM company_type AS ct,
        info_type AS it,
        movie_companies AS mc,
        movie_info_idx AS mi_idx,
        title AS t
    WHERE ct.kind != 'production companies' AND ct.kind IS NOT NULL
    AND it.info = 'rating'
    AND mc.note IS NOT NULL
    AND ct.id = mc.company_type_id
    AND t.id = mc.movie_id
    AND t.id = mi_idx.movie_id
    AND mc.movie_id = mi_idx.movie_id
    AND it.id = mi_idx.info_type_id;
    
INFO:root:--- PQO: Need 0.9508995557436388 samples to be accurate, We have 50
INFO:root:Nearest query is 1
INFO:root:Current Query: ["ct.kind != 'production companies' AND ct.kind IS NOT NULL", 'rating', 'mc.note IS NOT NULL']
INFO:root:Robust plan is 3: 612.088
INFO:root:Postgres plan: 1042.671
INFO:root:45
INFO:root:
    SELECT MIN(mc.note) AS production_note,
       MIN(t.title) AS movie_title,
       MIN(t.production_year) AS movie_year
    FROM company_type AS ct,
        info_type AS it,
        movie_companies AS mc,
        movie_info_idx AS mi_idx,
        title AS t
    WHERE ct.kind = 'production companies'
    AND it.info = 'rating'
    AND mc.note IS NULL
    AND ct.id = mc.company_type_id
    AND t.id = mc.movie_id
    AND t.id = mi_idx.movie_id
    AND mc.movie_id = mi_idx.movie_id
    AND it.id = mi_idx.info_type_id;
    
INFO:root:--- PQO: Need 1.0 samples to be accurate, We have 50
INFO:root:Nearest query is 1
INFO:root:Current Query: ["ct.kind = 'production companies'", 'rating', 'mc.note IS NULL']
INFO:root:Robust plan is 3: 595.348
INFO:root:Postgres plan: 1003.542
INFO:root:46
INFO:root:
    SELECT MIN(mc.note) AS production_note,
       MIN(t.title) AS movie_title,
       MIN(t.production_year) AS movie_year
    FROM company_type AS ct,
        info_type AS it,
        movie_companies AS mc,
        movie_info_idx AS mi_idx,
        title AS t
    WHERE ct.kind = 'production companies'
    AND it.info = 'rating'
    AND mc.note IS NULL
    AND ct.id = mc.company_type_id
    AND t.id = mc.movie_id
    AND t.id = mi_idx.movie_id
    AND mc.movie_id = mi_idx.movie_id
    AND it.id = mi_idx.info_type_id;
    
INFO:root:--- PQO: Need 1.0000000000000004 samples to be accurate, We have 50
INFO:root:Nearest query is 1
INFO:root:Current Query: ["ct.kind = 'production companies'", 'rating', 'mc.note IS NULL']
INFO:root:Robust plan is 3: 599.968
INFO:root:Postgres plan: 1004.894
INFO:root:47
INFO:root:
    SELECT MIN(mc.note) AS production_note,
       MIN(t.title) AS movie_title,
       MIN(t.production_year) AS movie_year
    FROM company_type AS ct,
        info_type AS it,
        movie_companies AS mc,
        movie_info_idx AS mi_idx,
        title AS t
    WHERE ct.kind != 'production companies' AND ct.kind IS NOT NULL
    AND it.info = 'votes'
    AND mc.note NOT LIKE '%(USA)%'
  AND mc.note LIKE '%(200%)%'
    AND ct.id = mc.company_type_id
    AND t.id = mc.movie_id
    AND t.id = mi_idx.movie_id
    AND mc.movie_id = mi_idx.movie_id
    AND it.id = mi_idx.info_type_id;
    
INFO:root:--- PQO: Need 8.900704823730967 samples to be accurate, We have 50
INFO:root:Nearest query is 1
INFO:root:Current Query: ["ct.kind != 'production companies' AND ct.kind IS NOT NULL", 'votes', "mc.note NOT LIKE '%(USA)%'\n  AND mc.note LIKE '%(200%)%'"]
INFO:root:Robust plan is 3: 551.381
INFO:root:Postgres plan: 774.542
INFO:root:48
INFO:root:
    SELECT MIN(mc.note) AS production_note,
       MIN(t.title) AS movie_title,
       MIN(t.production_year) AS movie_year
    FROM company_type AS ct,
        info_type AS it,
        movie_companies AS mc,
        movie_info_idx AS mi_idx,
        title AS t
    WHERE ct.kind = 'production companies'
    AND it.info = 'rating'
    AND mc.note IS NOT NULL AND (mc.note LIKE '%(USA)%' OR mc.note LIKE '%(worldwide)%')
    AND ct.id = mc.company_type_id
    AND t.id = mc.movie_id
    AND t.id = mi_idx.movie_id
    AND mc.movie_id = mi_idx.movie_id
    AND it.id = mi_idx.info_type_id;
    
INFO:root:--- PQO: Need 1.2469977988641991 samples to be accurate, We have 50
INFO:root:Nearest query is 0
INFO:root:Current Query: ["ct.kind = 'production companies'", 'rating', "mc.note IS NOT NULL AND (mc.note LIKE '%(USA)%' OR mc.note LIKE '%(worldwide)%')"]
INFO:root:Robust plan is 0: 136.654
INFO:root:Postgres plan: 559.155
INFO:root:49
INFO:root:
    SELECT MIN(mc.note) AS production_note,
       MIN(t.title) AS movie_title,
       MIN(t.production_year) AS movie_year
    FROM company_type AS ct,
        info_type AS it,
        movie_companies AS mc,
        movie_info_idx AS mi_idx,
        title AS t
    WHERE ct.kind = 'production companies'
    AND it.info = 'votes'
    AND mc.note IS NULL
    AND ct.id = mc.company_type_id
    AND t.id = mc.movie_id
    AND t.id = mi_idx.movie_id
    AND mc.movie_id = mi_idx.movie_id
    AND it.id = mi_idx.info_type_id;
    
INFO:root:--- PQO: Need 0.8897401639532387 samples to be accurate, We have 50
INFO:root:Nearest query is 1
INFO:root:Current Query: ["ct.kind = 'production companies'", 'votes', 'mc.note IS NULL']
INFO:root:Robust plan is 3: 594.95
INFO:root:Postgres plan: 997.994
INFO:root:50
INFO:root:
    SELECT MIN(mc.note) AS production_note,
       MIN(t.title) AS movie_title,
       MIN(t.production_year) AS movie_year
    FROM company_type AS ct,
        info_type AS it,
        movie_companies AS mc,
        movie_info_idx AS mi_idx,
        title AS t
    WHERE ct.kind = 'production companies'
    AND it.info = 'bottom 10 rank'
    AND mc.note IS NULL
    AND ct.id = mc.company_type_id
    AND t.id = mc.movie_id
    AND t.id = mi_idx.movie_id
    AND mc.movie_id = mi_idx.movie_id
    AND it.id = mi_idx.info_type_id;
    
INFO:root:--- PQO: Need 1.0 samples to be accurate, We have 50
INFO:root:Nearest query is 1
INFO:root:Current Query: ["ct.kind = 'production companies'", 'bottom 10 rank', 'mc.note IS NULL']
INFO:root:Robust plan is 3: 286.431
INFO:root:Postgres plan: 94.138
INFO:root:51
INFO:root:
    SELECT MIN(mc.note) AS production_note,
       MIN(t.title) AS movie_title,
       MIN(t.production_year) AS movie_year
    FROM company_type AS ct,
        info_type AS it,
        movie_companies AS mc,
        movie_info_idx AS mi_idx,
        title AS t
    WHERE ct.kind = 'production companies'
    AND it.info = 'votes'
    AND mc.note IS NOT NULL
    AND ct.id = mc.company_type_id
    AND t.id = mc.movie_id
    AND t.id = mi_idx.movie_id
    AND mc.movie_id = mi_idx.movie_id
    AND it.id = mi_idx.info_type_id;
    
INFO:root:--- PQO: Need 1.0029841470549323 samples to be accurate, We have 50
INFO:root:Nearest query is 1
INFO:root:Current Query: ["ct.kind = 'production companies'", 'votes', 'mc.note IS NOT NULL']
INFO:root:Robust plan is 3: 583.312
INFO:root:Postgres plan: 648.318
INFO:root:52
INFO:root:
    SELECT MIN(mc.note) AS production_note,
       MIN(t.title) AS movie_title,
       MIN(t.production_year) AS movie_year
    FROM company_type AS ct,
        info_type AS it,
        movie_companies AS mc,
        movie_info_idx AS mi_idx,
        title AS t
    WHERE ct.kind = 'production companies'
    AND it.info = 'rating'
    AND mc.note IS NOT NULL
    AND ct.id = mc.company_type_id
    AND t.id = mc.movie_id
    AND t.id = mi_idx.movie_id
    AND mc.movie_id = mi_idx.movie_id
    AND it.id = mi_idx.info_type_id;
    
INFO:root:--- PQO: Need 0.4044359308784574 samples to be accurate, We have 50
INFO:root:Nearest query is 1
INFO:root:Current Query: ["ct.kind = 'production companies'", 'rating', 'mc.note IS NOT NULL']
INFO:root:Robust plan is 3: 581.445
INFO:root:Postgres plan: 658.965
INFO:root:53
INFO:root:
    SELECT MIN(mc.note) AS production_note,
       MIN(t.title) AS movie_title,
       MIN(t.production_year) AS movie_year
    FROM company_type AS ct,
        info_type AS it,
        movie_companies AS mc,
        movie_info_idx AS mi_idx,
        title AS t
    WHERE ct.kind != 'production companies' AND ct.kind IS NOT NULL
    AND it.info = 'votes'
    AND mc.note IS NULL
    AND ct.id = mc.company_type_id
    AND t.id = mc.movie_id
    AND t.id = mi_idx.movie_id
    AND mc.movie_id = mi_idx.movie_id
    AND it.id = mi_idx.info_type_id;
    
INFO:root:--- PQO: Need 1.0000000000000004 samples to be accurate, We have 50
INFO:root:Nearest query is 1
INFO:root:Current Query: ["ct.kind != 'production companies' AND ct.kind IS NOT NULL", 'votes', 'mc.note IS NULL']
INFO:root:Robust plan is 3: 576.165
INFO:root:Postgres plan: 965.048
INFO:root:54
INFO:root:
    SELECT MIN(mc.note) AS production_note,
       MIN(t.title) AS movie_title,
       MIN(t.production_year) AS movie_year
    FROM company_type AS ct,
        info_type AS it,
        movie_companies AS mc,
        movie_info_idx AS mi_idx,
        title AS t
    WHERE ct.kind = 'production companies'
    AND it.info = 'top 250 rank'
    AND mc.note LIKE '%(Blu-ray)%'
    AND ct.id = mc.company_type_id
    AND t.id = mc.movie_id
    AND t.id = mi_idx.movie_id
    AND mc.movie_id = mi_idx.movie_id
    AND it.id = mi_idx.info_type_id;
    
INFO:root:--- PQO: Need 1.0000000000000007 samples to be accurate, We have 50
INFO:root:Nearest query is 2
INFO:root:Current Query: ["ct.kind = 'production companies'", 'top 250 rank', "mc.note LIKE '%(Blu-ray)%'"]
INFO:root:Robust plan is 1: 101.967
INFO:root:Postgres plan: 93.091
INFO:root:55
INFO:root:
    SELECT MIN(mc.note) AS production_note,
       MIN(t.title) AS movie_title,
       MIN(t.production_year) AS movie_year
    FROM company_type AS ct,
        info_type AS it,
        movie_companies AS mc,
        movie_info_idx AS mi_idx,
        title AS t
    WHERE ct.kind = 'production companies'
    AND it.info = 'rating'
    AND mc.note NOT LIKE '%(USA)%'
  AND mc.note LIKE '%(200%)%'
    AND ct.id = mc.company_type_id
    AND t.id = mc.movie_id
    AND t.id = mi_idx.movie_id
    AND mc.movie_id = mi_idx.movie_id
    AND it.id = mi_idx.info_type_id;
    
INFO:root:--- PQO: Need 0.9882366411028742 samples to be accurate, We have 50
INFO:root:Nearest query is 1
INFO:root:Current Query: ["ct.kind = 'production companies'", 'rating', "mc.note NOT LIKE '%(USA)%'\n  AND mc.note LIKE '%(200%)%'"]
INFO:root:Robust plan is 3: 539.886
INFO:root:Postgres plan: 551.19
INFO:root:56
INFO:root:
    SELECT MIN(mc.note) AS production_note,
       MIN(t.title) AS movie_title,
       MIN(t.production_year) AS movie_year
    FROM company_type AS ct,
        info_type AS it,
        movie_companies AS mc,
        movie_info_idx AS mi_idx,
        title AS t
    WHERE ct.kind != 'production companies' AND ct.kind IS NOT NULL
    AND it.info = 'rating'
    AND mc.note IS NULL
    AND ct.id = mc.company_type_id
    AND t.id = mc.movie_id
    AND t.id = mi_idx.movie_id
    AND mc.movie_id = mi_idx.movie_id
    AND it.id = mi_idx.info_type_id;
    
INFO:root:--- PQO: Need 1.0000000000000007 samples to be accurate, We have 50
INFO:root:Nearest query is 1
INFO:root:Current Query: ["ct.kind != 'production companies' AND ct.kind IS NOT NULL", 'rating', 'mc.note IS NULL']
INFO:root:Robust plan is 3: 575.17
INFO:root:Postgres plan: 964.395
INFO:root:57
INFO:root:
    SELECT MIN(mc.note) AS production_note,
       MIN(t.title) AS movie_title,
       MIN(t.production_year) AS movie_year
    FROM company_type AS ct,
        info_type AS it,
        movie_companies AS mc,
        movie_info_idx AS mi_idx,
        title AS t
    WHERE ct.kind = 'production companies'
    AND it.info = 'votes'
    AND mc.note LIKE '%(Japan)%' AND mc.note NOT LIKE '%(USA)%'
    AND ct.id = mc.company_type_id
    AND t.id = mc.movie_id
    AND t.id = mi_idx.movie_id
    AND mc.movie_id = mi_idx.movie_id
    AND it.id = mi_idx.info_type_id;
    
INFO:root:--- PQO: Need 0.6100009438720143 samples to be accurate, We have 50
INFO:root:Nearest query is 0
INFO:root:Current Query: ["ct.kind = 'production companies'", 'votes', "mc.note LIKE '%(Japan)%' AND mc.note NOT LIKE '%(USA)%'"]
INFO:root:Robust plan is 0: 107.063
INFO:root:Postgres plan: 526.979
INFO:root:58
INFO:root:
    SELECT MIN(mc.note) AS production_note,
       MIN(t.title) AS movie_title,
       MIN(t.production_year) AS movie_year
    FROM company_type AS ct,
        info_type AS it,
        movie_companies AS mc,
        movie_info_idx AS mi_idx,
        title AS t
    WHERE ct.kind = 'production companies'
    AND it.info = 'top 250 rank'
    AND mc.note IS NULL
    AND ct.id = mc.company_type_id
    AND t.id = mc.movie_id
    AND t.id = mi_idx.movie_id
    AND mc.movie_id = mi_idx.movie_id
    AND it.id = mi_idx.info_type_id;
    
INFO:root:--- PQO: Need 1.0 samples to be accurate, We have 50
INFO:root:Nearest query is 1
INFO:root:Current Query: ["ct.kind = 'production companies'", 'top 250 rank', 'mc.note IS NULL']
INFO:root:Robust plan is 3: 290.299
INFO:root:Postgres plan: 97.945
INFO:root:59
INFO:root:
    SELECT MIN(mc.note) AS production_note,
       MIN(t.title) AS movie_title,
       MIN(t.production_year) AS movie_year
    FROM company_type AS ct,
        info_type AS it,
        movie_companies AS mc,
        movie_info_idx AS mi_idx,
        title AS t
    WHERE ct.kind IS NOT NULL AND (ct.kind ='production companies' OR ct.kind = 'distributors')
    AND it.info = 'votes'
    AND mc.note IS NULL
    AND ct.id = mc.company_type_id
    AND t.id = mc.movie_id
    AND t.id = mi_idx.movie_id
    AND mc.movie_id = mi_idx.movie_id
    AND it.id = mi_idx.info_type_id;
    
INFO:root:--- PQO: Need 1.0 samples to be accurate, We have 50
INFO:root:Nearest query is 1
INFO:root:Current Query: ["ct.kind IS NOT NULL AND (ct.kind ='production companies' OR ct.kind = 'distributors')", 'votes', 'mc.note IS NULL']
INFO:root:Robust plan is 3: 595.108
INFO:root:Postgres plan: 994.652
INFO:root:60
INFO:root:
    SELECT MIN(mc.note) AS production_note,
       MIN(t.title) AS movie_title,
       MIN(t.production_year) AS movie_year
    FROM company_type AS ct,
        info_type AS it,
        movie_companies AS mc,
        movie_info_idx AS mi_idx,
        title AS t
    WHERE ct.kind = 'production companies'
    AND it.info = 'rating'
    AND mc.note NOT LIKE '%(USA)%'
  AND mc.note LIKE '%(200%)%'
    AND ct.id = mc.company_type_id
    AND t.id = mc.movie_id
    AND t.id = mi_idx.movie_id
    AND mc.movie_id = mi_idx.movie_id
    AND it.id = mi_idx.info_type_id;
    
INFO:root:--- PQO: Need 1.3772356463606181 samples to be accurate, We have 50
INFO:root:Nearest query is 1
INFO:root:Current Query: ["ct.kind = 'production companies'", 'rating', "mc.note NOT LIKE '%(USA)%'\n  AND mc.note LIKE '%(200%)%'"]
INFO:root:Robust plan is 3: 570.822
INFO:root:Postgres plan: 547.578
INFO:root:61
INFO:root:
    SELECT MIN(mc.note) AS production_note,
       MIN(t.title) AS movie_title,
       MIN(t.production_year) AS movie_year
    FROM company_type AS ct,
        info_type AS it,
        movie_companies AS mc,
        movie_info_idx AS mi_idx,
        title AS t
    WHERE ct.kind = 'production companies'
    AND it.info = 'rating'
    AND mc.note IS NULL
    AND ct.id = mc.company_type_id
    AND t.id = mc.movie_id
    AND t.id = mi_idx.movie_id
    AND mc.movie_id = mi_idx.movie_id
    AND it.id = mi_idx.info_type_id;
    
INFO:root:--- PQO: Need 0.999999999999999 samples to be accurate, We have 50
INFO:root:Nearest query is 1
INFO:root:Current Query: ["ct.kind = 'production companies'", 'rating', 'mc.note IS NULL']
INFO:root:Robust plan is 3: 591.498
INFO:root:Postgres plan: 1010.512
INFO:root:62
INFO:root:
    SELECT MIN(mc.note) AS production_note,
       MIN(t.title) AS movie_title,
       MIN(t.production_year) AS movie_year
    FROM company_type AS ct,
        info_type AS it,
        movie_companies AS mc,
        movie_info_idx AS mi_idx,
        title AS t
    WHERE ct.kind = 'production companies'
    AND it.info = 'rating'
    AND mc.note NOT LIKE '%(USA)%'
  AND mc.note LIKE '%(200%)%'
    AND ct.id = mc.company_type_id
    AND t.id = mc.movie_id
    AND t.id = mi_idx.movie_id
    AND mc.movie_id = mi_idx.movie_id
    AND it.id = mi_idx.info_type_id;
    
INFO:root:--- PQO: Need 4.101185627108269 samples to be accurate, We have 50
INFO:root:Nearest query is 1
INFO:root:Current Query: ["ct.kind = 'production companies'", 'rating', "mc.note NOT LIKE '%(USA)%'\n  AND mc.note LIKE '%(200%)%'"]
INFO:root:Robust plan is 3: 537.265
INFO:root:Postgres plan: 548.321
INFO:root:63
INFO:root:
    SELECT MIN(mc.note) AS production_note,
       MIN(t.title) AS movie_title,
       MIN(t.production_year) AS movie_year
    FROM company_type AS ct,
        info_type AS it,
        movie_companies AS mc,
        movie_info_idx AS mi_idx,
        title AS t
    WHERE ct.kind != 'production companies' AND ct.kind IS NOT NULL
    AND it.info = 'votes'
    AND mc.note IS NULL
    AND ct.id = mc.company_type_id
    AND t.id = mc.movie_id
    AND t.id = mi_idx.movie_id
    AND mc.movie_id = mi_idx.movie_id
    AND it.id = mi_idx.info_type_id;
    
INFO:root:--- PQO: Need 1.0 samples to be accurate, We have 50
INFO:root:Nearest query is 1
INFO:root:Current Query: ["ct.kind != 'production companies' AND ct.kind IS NOT NULL", 'votes', 'mc.note IS NULL']
INFO:root:Robust plan is 3: 577.025
INFO:root:Postgres plan: 972.935
INFO:root:64
INFO:root:
    SELECT MIN(mc.note) AS production_note,
       MIN(t.title) AS movie_title,
       MIN(t.production_year) AS movie_year
    FROM company_type AS ct,
        info_type AS it,
        movie_companies AS mc,
        movie_info_idx AS mi_idx,
        title AS t
    WHERE ct.kind = 'production companies'
    AND it.info = 'votes'
    AND mc.note LIKE '%(VHS)%' AND mc.note LIKE '%(USA)%' AND mc.note LIKE '%(1994)%'
    AND ct.id = mc.company_type_id
    AND t.id = mc.movie_id
    AND t.id = mi_idx.movie_id
    AND mc.movie_id = mi_idx.movie_id
    AND it.id = mi_idx.info_type_id;
    
INFO:root:--- PQO: Need 1.7824936048295905 samples to be accurate, We have 50
INFO:root:Nearest query is 2
INFO:root:Current Query: ["ct.kind = 'production companies'", 'votes', "mc.note LIKE '%(VHS)%' AND mc.note LIKE '%(USA)%' AND mc.note LIKE '%(1994)%'"]
INFO:root:Robust plan is 1: 105.644
INFO:root:Postgres plan: 532.479
INFO:root:65
INFO:root:
    SELECT MIN(mc.note) AS production_note,
       MIN(t.title) AS movie_title,
       MIN(t.production_year) AS movie_year
    FROM company_type AS ct,
        info_type AS it,
        movie_companies AS mc,
        movie_info_idx AS mi_idx,
        title AS t
    WHERE ct.kind = 'production companies'
    AND it.info = 'rating'
    AND mc.note IS NULL
    AND ct.id = mc.company_type_id
    AND t.id = mc.movie_id
    AND t.id = mi_idx.movie_id
    AND mc.movie_id = mi_idx.movie_id
    AND it.id = mi_idx.info_type_id;
    
INFO:root:--- PQO: Need 0.9999999999999989 samples to be accurate, We have 50
INFO:root:Nearest query is 1
INFO:root:Current Query: ["ct.kind = 'production companies'", 'rating', 'mc.note IS NULL']
INFO:root:Robust plan is 3: 593.215
INFO:root:Postgres plan: 998.923
INFO:root:66
INFO:root:
    SELECT MIN(mc.note) AS production_note,
       MIN(t.title) AS movie_title,
       MIN(t.production_year) AS movie_year
    FROM company_type AS ct,
        info_type AS it,
        movie_companies AS mc,
        movie_info_idx AS mi_idx,
        title AS t
    WHERE ct.kind = 'production companies'
    AND it.info = 'rating'
    AND mc.note IS NULL
    AND ct.id = mc.company_type_id
    AND t.id = mc.movie_id
    AND t.id = mi_idx.movie_id
    AND mc.movie_id = mi_idx.movie_id
    AND it.id = mi_idx.info_type_id;
    
INFO:root:--- PQO: Need 1.0 samples to be accurate, We have 50
INFO:root:Nearest query is 1
INFO:root:Current Query: ["ct.kind = 'production companies'", 'rating', 'mc.note IS NULL']
INFO:root:Robust plan is 3: 641.482
INFO:root:Postgres plan: 1003.298
INFO:root:67
INFO:root:
    SELECT MIN(mc.note) AS production_note,
       MIN(t.title) AS movie_title,
       MIN(t.production_year) AS movie_year
    FROM company_type AS ct,
        info_type AS it,
        movie_companies AS mc,
        movie_info_idx AS mi_idx,
        title AS t
    WHERE ct.kind = 'production companies'
    AND it.info = 'votes'
    AND mc.note LIKE '%(200%)%' AND (mc.note LIKE '%(USA)%' OR mc.note LIKE '%(worldwide)%')
    AND ct.id = mc.company_type_id
    AND t.id = mc.movie_id
    AND t.id = mi_idx.movie_id
    AND mc.movie_id = mi_idx.movie_id
    AND it.id = mi_idx.info_type_id;
    
INFO:root:--- PQO: Need 3.4237394423511422 samples to be accurate, We have 50
INFO:root:Nearest query is 0
INFO:root:Current Query: ["ct.kind = 'production companies'", 'votes', "mc.note LIKE '%(200%)%' AND (mc.note LIKE '%(USA)%' OR mc.note LIKE '%(worldwide)%')"]
INFO:root:Robust plan is 0: 119.961
INFO:root:Postgres plan: 576.094
INFO:root:68
INFO:root:
    SELECT MIN(mc.note) AS production_note,
       MIN(t.title) AS movie_title,
       MIN(t.production_year) AS movie_year
    FROM company_type AS ct,
        info_type AS it,
        movie_companies AS mc,
        movie_info_idx AS mi_idx,
        title AS t
    WHERE ct.kind = 'production companies'
    AND it.info = 'rating'
    AND mc.note NOT LIKE '%(as Metro-Goldwyn-Mayer Pictures)%' AND (mc.note LIKE '%(co-production)%' OR mc.note LIKE '%(presents)%')
    AND ct.id = mc.company_type_id
    AND t.id = mc.movie_id
    AND t.id = mi_idx.movie_id
    AND mc.movie_id = mi_idx.movie_id
    AND it.id = mi_idx.info_type_id;
    
INFO:root:--- PQO: Need 1.0 samples to be accurate, We have 50
INFO:root:Nearest query is 0
INFO:root:Current Query: ["ct.kind = 'production companies'", 'rating', "mc.note NOT LIKE '%(as Metro-Goldwyn-Mayer Pictures)%' AND (mc.note LIKE '%(co-production)%' OR mc.note LIKE '%(presents)%')"]
INFO:root:Robust plan is 0: 215.776
INFO:root:Postgres plan: 605.005
INFO:root:69
INFO:root:
    SELECT MIN(mc.note) AS production_note,
       MIN(t.title) AS movie_title,
       MIN(t.production_year) AS movie_year
    FROM company_type AS ct,
        info_type AS it,
        movie_companies AS mc,
        movie_info_idx AS mi_idx,
        title AS t
    WHERE ct.kind = 'production companies'
    AND it.info = 'rating'
    AND mc.note LIKE '%(Blu-ray)%'
    AND ct.id = mc.company_type_id
    AND t.id = mc.movie_id
    AND t.id = mi_idx.movie_id
    AND mc.movie_id = mi_idx.movie_id
    AND it.id = mi_idx.info_type_id;
    
INFO:root:--- PQO: Need 1.0 samples to be accurate, We have 50
INFO:root:Nearest query is 2
INFO:root:Current Query: ["ct.kind = 'production companies'", 'rating', "mc.note LIKE '%(Blu-ray)%'"]
INFO:root:Robust plan is 1: 104.098
INFO:root:Postgres plan: 535.026
INFO:root:70
INFO:root:
    SELECT MIN(mc.note) AS production_note,
       MIN(t.title) AS movie_title,
       MIN(t.production_year) AS movie_year
    FROM company_type AS ct,
        info_type AS it,
        movie_companies AS mc,
        movie_info_idx AS mi_idx,
        title AS t
    WHERE ct.kind = 'production companies'
    AND it.info = 'votes'
    AND mc.note NOT LIKE '%(USA)%'
  AND mc.note LIKE '%(200%)%'
    AND ct.id = mc.company_type_id
    AND t.id = mc.movie_id
    AND t.id = mi_idx.movie_id
    AND mc.movie_id = mi_idx.movie_id
    AND it.id = mi_idx.info_type_id;
    
INFO:root:--- PQO: Need 9.294677374969408 samples to be accurate, We have 50
INFO:root:Nearest query is 1
INFO:root:Current Query: ["ct.kind = 'production companies'", 'votes', "mc.note NOT LIKE '%(USA)%'\n  AND mc.note LIKE '%(200%)%'"]
INFO:root:Robust plan is 3: 550.07
INFO:root:Postgres plan: 552.296
INFO:root:71
INFO:root:
    SELECT MIN(mc.note) AS production_note,
       MIN(t.title) AS movie_title,
       MIN(t.production_year) AS movie_year
    FROM company_type AS ct,
        info_type AS it,
        movie_companies AS mc,
        movie_info_idx AS mi_idx,
        title AS t
    WHERE ct.kind = 'production companies'
    AND it.info = 'rating'
    AND mc.note NOT LIKE '%(USA)%'
  AND mc.note LIKE '%(200%)%'
    AND ct.id = mc.company_type_id
    AND t.id = mc.movie_id
    AND t.id = mi_idx.movie_id
    AND mc.movie_id = mi_idx.movie_id
    AND it.id = mi_idx.info_type_id;
    
INFO:root:--- PQO: Need 6.404722274181528 samples to be accurate, We have 50
INFO:root:Nearest query is 0
INFO:root:Current Query: ["ct.kind = 'production companies'", 'rating', "mc.note NOT LIKE '%(USA)%'\n  AND mc.note LIKE '%(200%)%'"]
INFO:root:Robust plan is 0: 124.027
INFO:root:Postgres plan: 547.74
INFO:root:72
INFO:root:
    SELECT MIN(mc.note) AS production_note,
       MIN(t.title) AS movie_title,
       MIN(t.production_year) AS movie_year
    FROM company_type AS ct,
        info_type AS it,
        movie_companies AS mc,
        movie_info_idx AS mi_idx,
        title AS t
    WHERE ct.kind = 'production companies'
    AND it.info = 'rating'
    AND mc.note IS NULL
    AND ct.id = mc.company_type_id
    AND t.id = mc.movie_id
    AND t.id = mi_idx.movie_id
    AND mc.movie_id = mi_idx.movie_id
    AND it.id = mi_idx.info_type_id;
    
INFO:root:--- PQO: Need 1.0 samples to be accurate, We have 50
INFO:root:Nearest query is 1
INFO:root:Current Query: ["ct.kind = 'production companies'", 'rating', 'mc.note IS NULL']
INFO:root:Robust plan is 3: 588.738
INFO:root:Postgres plan: 998.966
INFO:root:73
INFO:root:
    SELECT MIN(mc.note) AS production_note,
       MIN(t.title) AS movie_title,
       MIN(t.production_year) AS movie_year
    FROM company_type AS ct,
        info_type AS it,
        movie_companies AS mc,
        movie_info_idx AS mi_idx,
        title AS t
    WHERE ct.kind = 'production companies'
    AND it.info = 'votes'
    AND mc.note IS NULL
    AND ct.id = mc.company_type_id
    AND t.id = mc.movie_id
    AND t.id = mi_idx.movie_id
    AND mc.movie_id = mi_idx.movie_id
    AND it.id = mi_idx.info_type_id;
    
INFO:root:--- PQO: Need 1.0 samples to be accurate, We have 50
INFO:root:Nearest query is 1
INFO:root:Current Query: ["ct.kind = 'production companies'", 'votes', 'mc.note IS NULL']
INFO:root:Robust plan is 3: 608.691
INFO:root:Postgres plan: 996.639
INFO:root:74
INFO:root:
    SELECT MIN(mc.note) AS production_note,
       MIN(t.title) AS movie_title,
       MIN(t.production_year) AS movie_year
    FROM company_type AS ct,
        info_type AS it,
        movie_companies AS mc,
        movie_info_idx AS mi_idx,
        title AS t
    WHERE ct.kind = 'production companies'
    AND it.info = 'bottom 10 rank'
    AND mc.note IS NULL
    AND ct.id = mc.company_type_id
    AND t.id = mc.movie_id
    AND t.id = mi_idx.movie_id
    AND mc.movie_id = mi_idx.movie_id
    AND it.id = mi_idx.info_type_id;
    
INFO:root:--- PQO: Need 1.0 samples to be accurate, We have 50
INFO:root:Nearest query is 1
INFO:root:Current Query: ["ct.kind = 'production companies'", 'bottom 10 rank', 'mc.note IS NULL']
INFO:root:Robust plan is 3: 282.003
INFO:root:Postgres plan: 91.488
INFO:root:75
INFO:root:
    SELECT MIN(mc.note) AS production_note,
       MIN(t.title) AS movie_title,
       MIN(t.production_year) AS movie_year
    FROM company_type AS ct,
        info_type AS it,
        movie_companies AS mc,
        movie_info_idx AS mi_idx,
        title AS t
    WHERE ct.kind = 'production companies'
    AND it.info = 'votes'
    AND mc.note NOT LIKE '%(USA)%'
  AND mc.note LIKE '%(200%)%'
    AND ct.id = mc.company_type_id
    AND t.id = mc.movie_id
    AND t.id = mi_idx.movie_id
    AND mc.movie_id = mi_idx.movie_id
    AND it.id = mi_idx.info_type_id;
    
INFO:root:--- PQO: Need 1.939812646505142 samples to be accurate, We have 50
INFO:root:Nearest query is 1
INFO:root:Current Query: ["ct.kind = 'production companies'", 'votes', "mc.note NOT LIKE '%(USA)%'\n  AND mc.note LIKE '%(200%)%'"]
INFO:root:Robust plan is 3: 536.773
INFO:root:Postgres plan: 550.927
INFO:root:76
INFO:root:
    SELECT MIN(mc.note) AS production_note,
       MIN(t.title) AS movie_title,
       MIN(t.production_year) AS movie_year
    FROM company_type AS ct,
        info_type AS it,
        movie_companies AS mc,
        movie_info_idx AS mi_idx,
        title AS t
    WHERE ct.kind = 'production companies'
    AND it.info = 'votes'
    AND mc.note LIKE '%(200%)%' AND (mc.note LIKE '%(USA)%' OR mc.note LIKE '%(worldwide)%')
    AND ct.id = mc.company_type_id
    AND t.id = mc.movie_id
    AND t.id = mi_idx.movie_id
    AND mc.movie_id = mi_idx.movie_id
    AND it.id = mi_idx.info_type_id;
    
INFO:root:--- PQO: Need 10.278157105240629 samples to be accurate, We have 50
INFO:root:Nearest query is 1
INFO:root:Current Query: ["ct.kind = 'production companies'", 'votes', "mc.note LIKE '%(200%)%' AND (mc.note LIKE '%(USA)%' OR mc.note LIKE '%(worldwide)%')"]
INFO:root:Robust plan is 3: 527.182
INFO:root:Postgres plan: 546.414
INFO:root:77
INFO:root:
    SELECT MIN(mc.note) AS production_note,
       MIN(t.title) AS movie_title,
       MIN(t.production_year) AS movie_year
    FROM company_type AS ct,
        info_type AS it,
        movie_companies AS mc,
        movie_info_idx AS mi_idx,
        title AS t
    WHERE ct.kind = 'production companies'
    AND it.info = 'rating'
    AND mc.note LIKE '%(200%)%' AND mc.note LIKE '%(worldwide)%'
    AND ct.id = mc.company_type_id
    AND t.id = mc.movie_id
    AND t.id = mi_idx.movie_id
    AND mc.movie_id = mi_idx.movie_id
    AND it.id = mi_idx.info_type_id;
    
INFO:root:--- PQO: Need 0.8113822960993341 samples to be accurate, We have 50
INFO:root:Nearest query is 0
INFO:root:Current Query: ["ct.kind = 'production companies'", 'rating', "mc.note LIKE '%(200%)%' AND mc.note LIKE '%(worldwide)%'"]
INFO:root:Robust plan is 0: 113.258
INFO:root:Postgres plan: 527.664
INFO:root:78
INFO:root:
    SELECT MIN(mc.note) AS production_note,
       MIN(t.title) AS movie_title,
       MIN(t.production_year) AS movie_year
    FROM company_type AS ct,
        info_type AS it,
        movie_companies AS mc,
        movie_info_idx AS mi_idx,
        title AS t
    WHERE ct.kind = 'production companies'
    AND it.info = 'rating'
    AND mc.note IS NULL
    AND ct.id = mc.company_type_id
    AND t.id = mc.movie_id
    AND t.id = mi_idx.movie_id
    AND mc.movie_id = mi_idx.movie_id
    AND it.id = mi_idx.info_type_id;
    
INFO:root:--- PQO: Need 1.0 samples to be accurate, We have 50
INFO:root:Nearest query is 1
INFO:root:Current Query: ["ct.kind = 'production companies'", 'rating', 'mc.note IS NULL']
INFO:root:Robust plan is 3: 587.398
INFO:root:Postgres plan: 1002.191
INFO:root:79
INFO:root:
    SELECT MIN(mc.note) AS production_note,
       MIN(t.title) AS movie_title,
       MIN(t.production_year) AS movie_year
    FROM company_type AS ct,
        info_type AS it,
        movie_companies AS mc,
        movie_info_idx AS mi_idx,
        title AS t
    WHERE ct.kind = 'production companies'
    AND it.info = 'rating'
    AND mc.note IS NULL
    AND ct.id = mc.company_type_id
    AND t.id = mc.movie_id
    AND t.id = mi_idx.movie_id
    AND mc.movie_id = mi_idx.movie_id
    AND it.id = mi_idx.info_type_id;
    
INFO:root:--- PQO: Need 1.0 samples to be accurate, We have 50
INFO:root:Nearest query is 1
INFO:root:Current Query: ["ct.kind = 'production companies'", 'rating', 'mc.note IS NULL']
INFO:root:Robust plan is 3: 587.257
INFO:root:Postgres plan: 997.989
INFO:root:80
INFO:root:
    SELECT MIN(mc.note) AS production_note,
       MIN(t.title) AS movie_title,
       MIN(t.production_year) AS movie_year
    FROM company_type AS ct,
        info_type AS it,
        movie_companies AS mc,
        movie_info_idx AS mi_idx,
        title AS t
    WHERE ct.kind = 'production companies'
    AND it.info = 'top 250 rank'
    AND mc.note IS NOT NULL AND (mc.note LIKE '%(USA)%' OR mc.note LIKE '%(worldwide)%')
    AND ct.id = mc.company_type_id
    AND t.id = mc.movie_id
    AND t.id = mi_idx.movie_id
    AND mc.movie_id = mi_idx.movie_id
    AND it.id = mi_idx.info_type_id;
    
INFO:root:--- PQO: Need 4.290547707525262 samples to be accurate, We have 50
INFO:root:Nearest query is 1
INFO:root:Current Query: ["ct.kind = 'production companies'", 'top 250 rank', "mc.note IS NOT NULL AND (mc.note LIKE '%(USA)%' OR mc.note LIKE '%(worldwide)%')"]
INFO:root:Robust plan is 3: 310.646
INFO:root:Postgres plan: 93.695
INFO:root:81
INFO:root:
    SELECT MIN(mc.note) AS production_note,
       MIN(t.title) AS movie_title,
       MIN(t.production_year) AS movie_year
    FROM company_type AS ct,
        info_type AS it,
        movie_companies AS mc,
        movie_info_idx AS mi_idx,
        title AS t
    WHERE ct.kind = 'production companies'
    AND it.info = 'votes'
    AND mc.note IS NULL
    AND ct.id = mc.company_type_id
    AND t.id = mc.movie_id
    AND t.id = mi_idx.movie_id
    AND mc.movie_id = mi_idx.movie_id
    AND it.id = mi_idx.info_type_id;
    
INFO:root:--- PQO: Need 1.0 samples to be accurate, We have 50
INFO:root:Nearest query is 1
INFO:root:Current Query: ["ct.kind = 'production companies'", 'votes', 'mc.note IS NULL']
INFO:root:Robust plan is 3: 635.213
INFO:root:Postgres plan: 1006.631
INFO:root:82
INFO:root:
    SELECT MIN(mc.note) AS production_note,
       MIN(t.title) AS movie_title,
       MIN(t.production_year) AS movie_year
    FROM company_type AS ct,
        info_type AS it,
        movie_companies AS mc,
        movie_info_idx AS mi_idx,
        title AS t
    WHERE ct.kind = 'production companies'
    AND it.info = 'votes'
    AND mc.note NOT LIKE '%(USA)%'
  AND mc.note LIKE '%(200%)%'
    AND ct.id = mc.company_type_id
    AND t.id = mc.movie_id
    AND t.id = mi_idx.movie_id
    AND mc.movie_id = mi_idx.movie_id
    AND it.id = mi_idx.info_type_id;
    
INFO:root:--- PQO: Need 9.63979456615579 samples to be accurate, We have 50
INFO:root:Nearest query is 1
INFO:root:Current Query: ["ct.kind = 'production companies'", 'votes', "mc.note NOT LIKE '%(USA)%'\n  AND mc.note LIKE '%(200%)%'"]
INFO:root:Robust plan is 3: 536.097
INFO:root:Postgres plan: 551.396
INFO:root:83
INFO:root:
    SELECT MIN(mc.note) AS production_note,
       MIN(t.title) AS movie_title,
       MIN(t.production_year) AS movie_year
    FROM company_type AS ct,
        info_type AS it,
        movie_companies AS mc,
        movie_info_idx AS mi_idx,
        title AS t
    WHERE ct.kind = 'production companies'
    AND it.info = 'rating'
    AND mc.note IS NULL
    AND ct.id = mc.company_type_id
    AND t.id = mc.movie_id
    AND t.id = mi_idx.movie_id
    AND mc.movie_id = mi_idx.movie_id
    AND it.id = mi_idx.info_type_id;
    
INFO:root:--- PQO: Need 0.9684422772688517 samples to be accurate, We have 50
INFO:root:Nearest query is 1
INFO:root:Current Query: ["ct.kind = 'production companies'", 'rating', 'mc.note IS NULL']
INFO:root:Robust plan is 3: 594.234
INFO:root:Postgres plan: 1000.445
INFO:root:84
INFO:root:
    SELECT MIN(mc.note) AS production_note,
       MIN(t.title) AS movie_title,
       MIN(t.production_year) AS movie_year
    FROM company_type AS ct,
        info_type AS it,
        movie_companies AS mc,
        movie_info_idx AS mi_idx,
        title AS t
    WHERE ct.kind = 'production companies'
    AND it.info = 'rating'
    AND mc.note NOT LIKE '%(as Metro-Goldwyn-Mayer Pictures)%' AND (mc.note LIKE '%(co-production)%')
    AND ct.id = mc.company_type_id
    AND t.id = mc.movie_id
    AND t.id = mi_idx.movie_id
    AND mc.movie_id = mi_idx.movie_id
    AND it.id = mi_idx.info_type_id;
    
INFO:root:--- PQO: Need 0.44942257595157536 samples to be accurate, We have 50
INFO:root:Nearest query is 0
INFO:root:Current Query: ["ct.kind = 'production companies'", 'rating', "mc.note NOT LIKE '%(as Metro-Goldwyn-Mayer Pictures)%' AND (mc.note LIKE '%(co-production)%')"]
INFO:root:Robust plan is 0: 166.25
INFO:root:Postgres plan: 561.528
INFO:root:85
INFO:root:
    SELECT MIN(mc.note) AS production_note,
       MIN(t.title) AS movie_title,
       MIN(t.production_year) AS movie_year
    FROM company_type AS ct,
        info_type AS it,
        movie_companies AS mc,
        movie_info_idx AS mi_idx,
        title AS t
    WHERE ct.kind = 'production companies'
    AND it.info = 'rating'
    AND mc.note NOT LIKE '%(as Metro-Goldwyn-Mayer Pictures)%' AND (mc.note LIKE '%(co-production)%')
    AND ct.id = mc.company_type_id
    AND t.id = mc.movie_id
    AND t.id = mi_idx.movie_id
    AND mc.movie_id = mi_idx.movie_id
    AND it.id = mi_idx.info_type_id;
    
INFO:root:--- PQO: Need 1.1916214948365327 samples to be accurate, We have 50
INFO:root:Nearest query is 0
INFO:root:Current Query: ["ct.kind = 'production companies'", 'rating', "mc.note NOT LIKE '%(as Metro-Goldwyn-Mayer Pictures)%' AND (mc.note LIKE '%(co-production)%')"]
INFO:root:Robust plan is 0: 164.729
INFO:root:Postgres plan: 567.067
INFO:root:86
INFO:root:
    SELECT MIN(mc.note) AS production_note,
       MIN(t.title) AS movie_title,
       MIN(t.production_year) AS movie_year
    FROM company_type AS ct,
        info_type AS it,
        movie_companies AS mc,
        movie_info_idx AS mi_idx,
        title AS t
    WHERE ct.kind = 'production companies'
    AND it.info = 'votes'
    AND mc.note IS NULL
    AND ct.id = mc.company_type_id
    AND t.id = mc.movie_id
    AND t.id = mi_idx.movie_id
    AND mc.movie_id = mi_idx.movie_id
    AND it.id = mi_idx.info_type_id;
    
INFO:root:--- PQO: Need 0.9999999999999996 samples to be accurate, We have 50
INFO:root:Nearest query is 1
INFO:root:Current Query: ["ct.kind = 'production companies'", 'votes', 'mc.note IS NULL']
INFO:root:Robust plan is 3: 594.431
INFO:root:Postgres plan: 999.334
INFO:root:87
INFO:root:
    SELECT MIN(mc.note) AS production_note,
       MIN(t.title) AS movie_title,
       MIN(t.production_year) AS movie_year
    FROM company_type AS ct,
        info_type AS it,
        movie_companies AS mc,
        movie_info_idx AS mi_idx,
        title AS t
    WHERE ct.kind = 'production companies'
    AND it.info = 'rating'
    AND mc.note LIKE '%(VHS)%' AND mc.note LIKE '%(USA)%' AND mc.note LIKE '%(1994)%'
    AND ct.id = mc.company_type_id
    AND t.id = mc.movie_id
    AND t.id = mi_idx.movie_id
    AND mc.movie_id = mi_idx.movie_id
    AND it.id = mi_idx.info_type_id;
    
INFO:root:--- PQO: Need 2.1245699782112992 samples to be accurate, We have 50
INFO:root:Nearest query is 2
INFO:root:Current Query: ["ct.kind = 'production companies'", 'rating', "mc.note LIKE '%(VHS)%' AND mc.note LIKE '%(USA)%' AND mc.note LIKE '%(1994)%'"]
INFO:root:Robust plan is 1: 105.645
INFO:root:Postgres plan: 523.224
INFO:root:88
INFO:root:
    SELECT MIN(mc.note) AS production_note,
       MIN(t.title) AS movie_title,
       MIN(t.production_year) AS movie_year
    FROM company_type AS ct,
        info_type AS it,
        movie_companies AS mc,
        movie_info_idx AS mi_idx,
        title AS t
    WHERE ct.kind = 'production companies'
    AND it.info = 'votes'
    AND mc.note LIKE '%(200%)%' AND (mc.note LIKE '%(USA)%' OR mc.note LIKE '%(worldwide)%')
    AND ct.id = mc.company_type_id
    AND t.id = mc.movie_id
    AND t.id = mi_idx.movie_id
    AND mc.movie_id = mi_idx.movie_id
    AND it.id = mi_idx.info_type_id;
    
INFO:root:--- PQO: Need 5.2414096676867565 samples to be accurate, We have 50
INFO:root:Nearest query is 1
INFO:root:Current Query: ["ct.kind = 'production companies'", 'votes', "mc.note LIKE '%(200%)%' AND (mc.note LIKE '%(USA)%' OR mc.note LIKE '%(worldwide)%')"]
INFO:root:Robust plan is 3: 532.634
INFO:root:Postgres plan: 544.073
INFO:root:89
INFO:root:
    SELECT MIN(mc.note) AS production_note,
       MIN(t.title) AS movie_title,
       MIN(t.production_year) AS movie_year
    FROM company_type AS ct,
        info_type AS it,
        movie_companies AS mc,
        movie_info_idx AS mi_idx,
        title AS t
    WHERE ct.kind = 'production companies'
    AND it.info = 'rating'
    AND mc.note NOT LIKE '%(USA)%'
  AND mc.note LIKE '%(200%)%'
    AND ct.id = mc.company_type_id
    AND t.id = mc.movie_id
    AND t.id = mi_idx.movie_id
    AND mc.movie_id = mi_idx.movie_id
    AND it.id = mi_idx.info_type_id;
    
INFO:root:--- PQO: Need 0.38859602316509845 samples to be accurate, We have 50
INFO:root:Nearest query is 0
INFO:root:Current Query: ["ct.kind = 'production companies'", 'rating', "mc.note NOT LIKE '%(USA)%'\n  AND mc.note LIKE '%(200%)%'"]
INFO:root:Robust plan is 0: 123.368
INFO:root:Postgres plan: 550.493
INFO:root:90
INFO:root:
    SELECT MIN(mc.note) AS production_note,
       MIN(t.title) AS movie_title,
       MIN(t.production_year) AS movie_year
    FROM company_type AS ct,
        info_type AS it,
        movie_companies AS mc,
        movie_info_idx AS mi_idx,
        title AS t
    WHERE ct.kind = 'production companies'
    AND it.info = 'votes'
    AND mc.note IS NULL
    AND ct.id = mc.company_type_id
    AND t.id = mc.movie_id
    AND t.id = mi_idx.movie_id
    AND mc.movie_id = mi_idx.movie_id
    AND it.id = mi_idx.info_type_id;
    
INFO:root:--- PQO: Need 0.22047060793301457 samples to be accurate, We have 50
INFO:root:Nearest query is 1
INFO:root:Current Query: ["ct.kind = 'production companies'", 'votes', 'mc.note IS NULL']
INFO:root:Robust plan is 3: 600.341
INFO:root:Postgres plan: 1000.43
INFO:root:91
INFO:root:
    SELECT MIN(mc.note) AS production_note,
       MIN(t.title) AS movie_title,
       MIN(t.production_year) AS movie_year
    FROM company_type AS ct,
        info_type AS it,
        movie_companies AS mc,
        movie_info_idx AS mi_idx,
        title AS t
    WHERE ct.kind = 'production companies'
    AND it.info = 'rating'
    AND mc.note IS NULL
    AND ct.id = mc.company_type_id
    AND t.id = mc.movie_id
    AND t.id = mi_idx.movie_id
    AND mc.movie_id = mi_idx.movie_id
    AND it.id = mi_idx.info_type_id;
    
INFO:root:--- PQO: Need 1.0 samples to be accurate, We have 50
INFO:root:Nearest query is 1
INFO:root:Current Query: ["ct.kind = 'production companies'", 'rating', 'mc.note IS NULL']
INFO:root:Robust plan is 3: 594.434
INFO:root:Postgres plan: 998.233
INFO:root:92
INFO:root:
    SELECT MIN(mc.note) AS production_note,
       MIN(t.title) AS movie_title,
       MIN(t.production_year) AS movie_year
    FROM company_type AS ct,
        info_type AS it,
        movie_companies AS mc,
        movie_info_idx AS mi_idx,
        title AS t
    WHERE ct.kind = 'production companies'
    AND it.info = 'rating'
    AND mc.note NOT LIKE '%(as Metro-Goldwyn-Mayer Pictures)%' AND (mc.note LIKE '%(co-production)%' OR mc.note LIKE '%(presents)%')
    AND ct.id = mc.company_type_id
    AND t.id = mc.movie_id
    AND t.id = mi_idx.movie_id
    AND mc.movie_id = mi_idx.movie_id
    AND it.id = mi_idx.info_type_id;
    
INFO:root:--- PQO: Need 1.0 samples to be accurate, We have 50
INFO:root:Nearest query is 0
INFO:root:Current Query: ["ct.kind = 'production companies'", 'rating', "mc.note NOT LIKE '%(as Metro-Goldwyn-Mayer Pictures)%' AND (mc.note LIKE '%(co-production)%' OR mc.note LIKE '%(presents)%')"]
INFO:root:Robust plan is 0: 214.565
INFO:root:Postgres plan: 597.767
INFO:root:93
INFO:root:
    SELECT MIN(mc.note) AS production_note,
       MIN(t.title) AS movie_title,
       MIN(t.production_year) AS movie_year
    FROM company_type AS ct,
        info_type AS it,
        movie_companies AS mc,
        movie_info_idx AS mi_idx,
        title AS t
    WHERE ct.kind = 'production companies'
    AND it.info = 'top 250 rank'
    AND mc.note NOT LIKE '%(USA)%'
  AND mc.note LIKE '%(200%)%'
    AND ct.id = mc.company_type_id
    AND t.id = mc.movie_id
    AND t.id = mi_idx.movie_id
    AND mc.movie_id = mi_idx.movie_id
    AND it.id = mi_idx.info_type_id;
    
INFO:root:--- PQO: Need 3.4796128874486962 samples to be accurate, We have 50
INFO:root:Nearest query is 0
INFO:root:Current Query: ["ct.kind = 'production companies'", 'top 250 rank', "mc.note NOT LIKE '%(USA)%'\n  AND mc.note LIKE '%(200%)%'"]
INFO:root:Robust plan is 0: 127.834
INFO:root:Postgres plan: 97.114
INFO:root:94
INFO:root:
    SELECT MIN(mc.note) AS production_note,
       MIN(t.title) AS movie_title,
       MIN(t.production_year) AS movie_year
    FROM company_type AS ct,
        info_type AS it,
        movie_companies AS mc,
        movie_info_idx AS mi_idx,
        title AS t
    WHERE ct.kind = 'production companies'
    AND it.info = 'votes'
    AND mc.note LIKE '%(Japan)%' AND mc.note NOT LIKE '%(USA)%' AND (mc.note LIKE '%(2006)%' OR mc.note LIKE '%(2007)%')
    AND ct.id = mc.company_type_id
    AND t.id = mc.movie_id
    AND t.id = mi_idx.movie_id
    AND mc.movie_id = mi_idx.movie_id
    AND it.id = mi_idx.info_type_id;
    
INFO:root:--- PQO: Need 0.1605318756014817 samples to be accurate, We have 50
INFO:root:Nearest query is 0
INFO:root:Current Query: ["ct.kind = 'production companies'", 'votes', "mc.note LIKE '%(Japan)%' AND mc.note NOT LIKE '%(USA)%' AND (mc.note LIKE '%(2006)%' OR mc.note LIKE '%(2007)%')"]
INFO:root:Robust plan is 0: 104.27
INFO:root:Postgres plan: 534.349
INFO:root:95
INFO:root:
    SELECT MIN(mc.note) AS production_note,
       MIN(t.title) AS movie_title,
       MIN(t.production_year) AS movie_year
    FROM company_type AS ct,
        info_type AS it,
        movie_companies AS mc,
        movie_info_idx AS mi_idx,
        title AS t
    WHERE ct.kind = 'production companies'
    AND it.info = 'rating'
    AND mc.note NOT LIKE '%(USA)%'
  AND mc.note LIKE '%(200%)%'
    AND ct.id = mc.company_type_id
    AND t.id = mc.movie_id
    AND t.id = mi_idx.movie_id
    AND mc.movie_id = mi_idx.movie_id
    AND it.id = mi_idx.info_type_id;
    
INFO:root:--- PQO: Need 0.4146830113743765 samples to be accurate, We have 50
INFO:root:Nearest query is 1
INFO:root:Current Query: ["ct.kind = 'production companies'", 'rating', "mc.note NOT LIKE '%(USA)%'\n  AND mc.note LIKE '%(200%)%'"]
INFO:root:Robust plan is 3: 540.804
INFO:root:Postgres plan: 547.104
INFO:root:96
INFO:root:
    SELECT MIN(mc.note) AS production_note,
       MIN(t.title) AS movie_title,
       MIN(t.production_year) AS movie_year
    FROM company_type AS ct,
        info_type AS it,
        movie_companies AS mc,
        movie_info_idx AS mi_idx,
        title AS t
    WHERE ct.kind = 'production companies'
    AND it.info = 'rating'
    AND mc.note LIKE '%(VHS)%' AND mc.note LIKE '%(USA)%' AND mc.note LIKE '%(1994)%'
    AND ct.id = mc.company_type_id
    AND t.id = mc.movie_id
    AND t.id = mi_idx.movie_id
    AND mc.movie_id = mi_idx.movie_id
    AND it.id = mi_idx.info_type_id;
    
INFO:root:--- PQO: Need 2.5755814429535007 samples to be accurate, We have 50
INFO:root:Nearest query is 2
INFO:root:Current Query: ["ct.kind = 'production companies'", 'rating', "mc.note LIKE '%(VHS)%' AND mc.note LIKE '%(USA)%' AND mc.note LIKE '%(1994)%'"]
INFO:root:Robust plan is 1: 104.705
INFO:root:Postgres plan: 526.715
INFO:root:97
INFO:root:
    SELECT MIN(mc.note) AS production_note,
       MIN(t.title) AS movie_title,
       MIN(t.production_year) AS movie_year
    FROM company_type AS ct,
        info_type AS it,
        movie_companies AS mc,
        movie_info_idx AS mi_idx,
        title AS t
    WHERE ct.kind = 'production companies'
    AND it.info = 'rating'
    AND mc.note NOT LIKE '%(USA)%'
  AND mc.note LIKE '%(200%)%'
    AND ct.id = mc.company_type_id
    AND t.id = mc.movie_id
    AND t.id = mi_idx.movie_id
    AND mc.movie_id = mi_idx.movie_id
    AND it.id = mi_idx.info_type_id;
    
INFO:root:--- PQO: Need 5.947251942588073 samples to be accurate, We have 50
INFO:root:Nearest query is 0
INFO:root:Current Query: ["ct.kind = 'production companies'", 'rating', "mc.note NOT LIKE '%(USA)%'\n  AND mc.note LIKE '%(200%)%'"]
INFO:root:Robust plan is 0: 123.327
INFO:root:Postgres plan: 557.883
INFO:root:98
INFO:root:
    SELECT MIN(mc.note) AS production_note,
       MIN(t.title) AS movie_title,
       MIN(t.production_year) AS movie_year
    FROM company_type AS ct,
        info_type AS it,
        movie_companies AS mc,
        movie_info_idx AS mi_idx,
        title AS t
    WHERE ct.kind = 'production companies'
    AND it.info = 'rating'
    AND mc.note LIKE '%(Blu-ray)%'
    AND ct.id = mc.company_type_id
    AND t.id = mc.movie_id
    AND t.id = mi_idx.movie_id
    AND mc.movie_id = mi_idx.movie_id
    AND it.id = mi_idx.info_type_id;
    
INFO:root:--- PQO: Need 1.0 samples to be accurate, We have 50
INFO:root:Nearest query is 2
INFO:root:Current Query: ["ct.kind = 'production companies'", 'rating', "mc.note LIKE '%(Blu-ray)%'"]
INFO:root:Robust plan is 1: 101.446
INFO:root:Postgres plan: 525.335
INFO:root:99
INFO:root:
    SELECT MIN(mc.note) AS production_note,
       MIN(t.title) AS movie_title,
       MIN(t.production_year) AS movie_year
    FROM company_type AS ct,
        info_type AS it,
        movie_companies AS mc,
        movie_info_idx AS mi_idx,
        title AS t
    WHERE ct.kind = 'production companies'
    AND it.info = 'rating'
    AND mc.note LIKE '%(200%)%' AND mc.note LIKE '%(worldwide)%'
    AND ct.id = mc.company_type_id
    AND t.id = mc.movie_id
    AND t.id = mi_idx.movie_id
    AND mc.movie_id = mi_idx.movie_id
    AND it.id = mi_idx.info_type_id;
    
INFO:root:--- PQO: Need 1.6914680061950254 samples to be accurate, We have 50
INFO:root:Nearest query is 0
INFO:root:Current Query: ["ct.kind = 'production companies'", 'rating', "mc.note LIKE '%(200%)%' AND mc.note LIKE '%(worldwide)%'"]
INFO:root:Robust plan is 0: 111.8
INFO:root:Postgres plan: 531.706
